                                 Started job on |	Dec 22 17:28:29
                             Started mapping on |	Dec 22 17:32:20
                                    Finished on |	Dec 22 17:41:32
       Mapping speed, Million of reads per hour |	132.38

                          Number of input reads |	20298946
                      Average input read length |	150
                                    UNIQUE READS:
                   Uniquely mapped reads number |	17603102
                        Uniquely mapped reads % |	86.72%
                          Average mapped length |	149.99
                       Number of splices: Total |	9814665
            Number of splices: Annotated (sjdb) |	9738756
                       Number of splices: GT/AG |	9724973
                       Number of splices: GC/AG |	66834
                       Number of splices: AT/AC |	9022
               Number of splices: Non-canonical |	13836
                      Mismatch rate per base, % |	0.32%
                         Deletion rate per base |	0.01%
                        Deletion average length |	1.84
                        Insertion rate per base |	0.00%
                       Insertion average length |	1.48
                             MULTI-MAPPING READS:
        Number of reads mapped to multiple loci |	914258
             % of reads mapped to multiple loci |	4.50%
        Number of reads mapped to too many loci |	2737
             % of reads mapped to too many loci |	0.01%
                                  UNMAPPED READS:
       % of reads unmapped: too many mismatches |	6.09%
                 % of reads unmapped: too short |	2.37%
                     % of reads unmapped: other |	0.30%
                                  CHIMERIC READS:
                       Number of chimeric reads |	63873
                            % of chimeric reads |	0.31%
