                                 Started job on |	Dec 22 16:16:27
                             Started mapping on |	Dec 22 16:19:11
                                    Finished on |	Dec 22 16:33:50
       Mapping speed, Million of reads per hour |	118.67

                          Number of input reads |	28975739
                      Average input read length |	150
                                    UNIQUE READS:
                   Uniquely mapped reads number |	24207351
                        Uniquely mapped reads % |	83.54%
                          Average mapped length |	149.99
                       Number of splices: Total |	13489023
            Number of splices: Annotated (sjdb) |	13355443
                       Number of splices: GT/AG |	13366422
                       Number of splices: GC/AG |	91765
                       Number of splices: AT/AC |	12006
               Number of splices: Non-canonical |	18830
                      Mismatch rate per base, % |	0.34%
                         Deletion rate per base |	0.01%
                        Deletion average length |	1.56
                        Insertion rate per base |	0.01%
                       Insertion average length |	1.30
                             MULTI-MAPPING READS:
        Number of reads mapped to multiple loci |	1367020
             % of reads mapped to multiple loci |	4.72%
        Number of reads mapped to too many loci |	3841
             % of reads mapped to too many loci |	0.01%
                                  UNMAPPED READS:
       % of reads unmapped: too many mismatches |	8.54%
                 % of reads unmapped: too short |	2.92%
                     % of reads unmapped: other |	0.27%
                                  CHIMERIC READS:
                       Number of chimeric reads |	86366
                            % of chimeric reads |	0.30%
