                                 Started job on |	Dec 22 17:02:35
                             Started mapping on |	Dec 22 17:07:14
                                    Finished on |	Dec 22 17:22:36
       Mapping speed, Million of reads per hour |	105.31

                          Number of input reads |	26971208
                      Average input read length |	150
                                    UNIQUE READS:
                   Uniquely mapped reads number |	22257981
                        Uniquely mapped reads % |	82.52%
                          Average mapped length |	149.99
                       Number of splices: Total |	11328137
            Number of splices: Annotated (sjdb) |	11242257
                       Number of splices: GT/AG |	11222267
                       Number of splices: GC/AG |	79383
                       Number of splices: AT/AC |	10737
               Number of splices: Non-canonical |	15750
                      Mismatch rate per base, % |	0.44%
                         Deletion rate per base |	0.01%
                        Deletion average length |	1.73
                        Insertion rate per base |	0.01%
                       Insertion average length |	1.47
                             MULTI-MAPPING READS:
        Number of reads mapped to multiple loci |	1888160
             % of reads mapped to multiple loci |	7.00%
        Number of reads mapped to too many loci |	4537
             % of reads mapped to too many loci |	0.02%
                                  UNMAPPED READS:
       % of reads unmapped: too many mismatches |	8.07%
                 % of reads unmapped: too short |	2.16%
                     % of reads unmapped: other |	0.22%
                                  CHIMERIC READS:
                       Number of chimeric reads |	68007
                            % of chimeric reads |	0.25%
