                                 Started job on |	Dec 22 17:02:24
                             Started mapping on |	Dec 22 17:06:31
                                    Finished on |	Dec 22 17:19:19
       Mapping speed, Million of reads per hour |	133.97

                          Number of input reads |	28580317
                      Average input read length |	150
                                    UNIQUE READS:
                   Uniquely mapped reads number |	24614915
                        Uniquely mapped reads % |	86.13%
                          Average mapped length |	149.99
                       Number of splices: Total |	12283172
            Number of splices: Annotated (sjdb) |	12182032
                       Number of splices: GT/AG |	12170364
                       Number of splices: GC/AG |	78564
                       Number of splices: AT/AC |	10742
               Number of splices: Non-canonical |	23502
                      Mismatch rate per base, % |	0.30%
                         Deletion rate per base |	0.01%
                        Deletion average length |	1.74
                        Insertion rate per base |	0.01%
                       Insertion average length |	1.56
                             MULTI-MAPPING READS:
        Number of reads mapped to multiple loci |	1664864
             % of reads mapped to multiple loci |	5.83%
        Number of reads mapped to too many loci |	6856
             % of reads mapped to too many loci |	0.02%
                                  UNMAPPED READS:
       % of reads unmapped: too many mismatches |	5.54%
                 % of reads unmapped: too short |	2.15%
                     % of reads unmapped: other |	0.33%
                                  CHIMERIC READS:
                       Number of chimeric reads |	75728
                            % of chimeric reads |	0.26%
