                                 Started job on |	Dec 22 17:16:24
                             Started mapping on |	Dec 22 17:19:39
                                    Finished on |	Dec 22 17:30:42
       Mapping speed, Million of reads per hour |	125.68

                          Number of input reads |	23146161
                      Average input read length |	150
                                    UNIQUE READS:
                   Uniquely mapped reads number |	20078168
                        Uniquely mapped reads % |	86.75%
                          Average mapped length |	149.99
                       Number of splices: Total |	10924267
            Number of splices: Annotated (sjdb) |	10846614
                       Number of splices: GT/AG |	10826262
                       Number of splices: GC/AG |	76237
                       Number of splices: AT/AC |	10766
               Number of splices: Non-canonical |	11002
                      Mismatch rate per base, % |	0.32%
                         Deletion rate per base |	0.01%
                        Deletion average length |	1.59
                        Insertion rate per base |	0.01%
                       Insertion average length |	1.32
                             MULTI-MAPPING READS:
        Number of reads mapped to multiple loci |	1020984
             % of reads mapped to multiple loci |	4.41%
        Number of reads mapped to too many loci |	3259
             % of reads mapped to too many loci |	0.01%
                                  UNMAPPED READS:
       % of reads unmapped: too many mismatches |	6.27%
                 % of reads unmapped: too short |	2.30%
                     % of reads unmapped: other |	0.26%
                                  CHIMERIC READS:
                       Number of chimeric reads |	62967
                            % of chimeric reads |	0.27%
