                                 Started job on |	Dec 22 17:02:33
                             Started mapping on |	Dec 22 17:06:29
                                    Finished on |	Dec 22 17:16:18
       Mapping speed, Million of reads per hour |	135.07

                          Number of input reads |	22098584
                      Average input read length |	150
                                    UNIQUE READS:
                   Uniquely mapped reads number |	18802914
                        Uniquely mapped reads % |	85.09%
                          Average mapped length |	149.99
                       Number of splices: Total |	10389953
            Number of splices: Annotated (sjdb) |	10322063
                       Number of splices: GT/AG |	10300696
                       Number of splices: GC/AG |	68176
                       Number of splices: AT/AC |	7987
               Number of splices: Non-canonical |	13094
                      Mismatch rate per base, % |	0.36%
                         Deletion rate per base |	0.01%
                        Deletion average length |	1.64
                        Insertion rate per base |	0.00%
                       Insertion average length |	1.50
                             MULTI-MAPPING READS:
        Number of reads mapped to multiple loci |	1171812
             % of reads mapped to multiple loci |	5.30%
        Number of reads mapped to too many loci |	2810
             % of reads mapped to too many loci |	0.01%
                                  UNMAPPED READS:
       % of reads unmapped: too many mismatches |	6.73%
                 % of reads unmapped: too short |	2.47%
                     % of reads unmapped: other |	0.40%
                                  CHIMERIC READS:
                       Number of chimeric reads |	72640
                            % of chimeric reads |	0.33%
