                                 Started job on |	Dec 22 17:16:33
                             Started mapping on |	Dec 22 17:20:05
                                    Finished on |	Dec 22 17:30:19
       Mapping speed, Million of reads per hour |	118.74

                          Number of input reads |	20252254
                      Average input read length |	150
                                    UNIQUE READS:
                   Uniquely mapped reads number |	15639257
                        Uniquely mapped reads % |	77.22%
                          Average mapped length |	149.99
                       Number of splices: Total |	8034841
            Number of splices: Annotated (sjdb) |	7981870
                       Number of splices: GT/AG |	7963991
                       Number of splices: GC/AG |	54782
                       Number of splices: AT/AC |	6409
               Number of splices: Non-canonical |	9659
                      Mismatch rate per base, % |	0.40%
                         Deletion rate per base |	0.01%
                        Deletion average length |	1.69
                        Insertion rate per base |	0.01%
                       Insertion average length |	1.30
                             MULTI-MAPPING READS:
        Number of reads mapped to multiple loci |	1870242
             % of reads mapped to multiple loci |	9.23%
        Number of reads mapped to too many loci |	2019
             % of reads mapped to too many loci |	0.01%
                                  UNMAPPED READS:
       % of reads unmapped: too many mismatches |	8.47%
                 % of reads unmapped: too short |	4.54%
                     % of reads unmapped: other |	0.53%
                                  CHIMERIC READS:
                       Number of chimeric reads |	46526
                            % of chimeric reads |	0.23%
