                                 Started job on |	Dec 22 16:45:24
                             Started mapping on |	Dec 22 16:49:57
                                    Finished on |	Dec 22 17:09:14
       Mapping speed, Million of reads per hour |	104.59

                          Number of input reads |	33615477
                      Average input read length |	150
                                    UNIQUE READS:
                   Uniquely mapped reads number |	27675999
                        Uniquely mapped reads % |	82.33%
                          Average mapped length |	149.99
                       Number of splices: Total |	13940653
            Number of splices: Annotated (sjdb) |	13836693
                       Number of splices: GT/AG |	13811113
                       Number of splices: GC/AG |	97878
                       Number of splices: AT/AC |	12314
               Number of splices: Non-canonical |	19348
                      Mismatch rate per base, % |	0.40%
                         Deletion rate per base |	0.01%
                        Deletion average length |	1.67
                        Insertion rate per base |	0.00%
                       Insertion average length |	1.50
                             MULTI-MAPPING READS:
        Number of reads mapped to multiple loci |	2754303
             % of reads mapped to multiple loci |	8.19%
        Number of reads mapped to too many loci |	4578
             % of reads mapped to too many loci |	0.01%
                                  UNMAPPED READS:
       % of reads unmapped: too many mismatches |	7.09%
                 % of reads unmapped: too short |	2.09%
                     % of reads unmapped: other |	0.29%
                                  CHIMERIC READS:
                       Number of chimeric reads |	136859
                            % of chimeric reads |	0.41%
