                                 Started job on |	Dec 22 16:30:14
                             Started mapping on |	Dec 22 16:33:10
                                    Finished on |	Dec 22 16:45:13
       Mapping speed, Million of reads per hour |	117.19

                          Number of input reads |	23536288
                      Average input read length |	150
                                    UNIQUE READS:
                   Uniquely mapped reads number |	12361911
                        Uniquely mapped reads % |	52.52%
                          Average mapped length |	149.99
                       Number of splices: Total |	5441553
            Number of splices: Annotated (sjdb) |	5391202
                       Number of splices: GT/AG |	5386545
                       Number of splices: GC/AG |	41100
                       Number of splices: AT/AC |	4990
               Number of splices: Non-canonical |	8918
                      Mismatch rate per base, % |	0.31%
                         Deletion rate per base |	0.01%
                        Deletion average length |	1.38
                        Insertion rate per base |	0.01%
                       Insertion average length |	1.29
                             MULTI-MAPPING READS:
        Number of reads mapped to multiple loci |	9114085
             % of reads mapped to multiple loci |	38.72%
        Number of reads mapped to too many loci |	3119
             % of reads mapped to too many loci |	0.01%
                                  UNMAPPED READS:
       % of reads unmapped: too many mismatches |	5.65%
                 % of reads unmapped: too short |	2.82%
                     % of reads unmapped: other |	0.28%
                                  CHIMERIC READS:
                       Number of chimeric reads |	77194
                            % of chimeric reads |	0.33%
