                                 Started job on |	Dec 22 16:45:30
                             Started mapping on |	Dec 22 16:50:08
                                    Finished on |	Dec 22 17:00:53
       Mapping speed, Million of reads per hour |	104.12

                          Number of input reads |	18654323
                      Average input read length |	150
                                    UNIQUE READS:
                   Uniquely mapped reads number |	15779511
                        Uniquely mapped reads % |	84.59%
                          Average mapped length |	149.99
                       Number of splices: Total |	8050763
            Number of splices: Annotated (sjdb) |	7992601
                       Number of splices: GT/AG |	7972525
                       Number of splices: GC/AG |	58056
                       Number of splices: AT/AC |	6813
               Number of splices: Non-canonical |	13369
                      Mismatch rate per base, % |	0.33%
                         Deletion rate per base |	0.01%
                        Deletion average length |	1.51
                        Insertion rate per base |	0.01%
                       Insertion average length |	1.30
                             MULTI-MAPPING READS:
        Number of reads mapped to multiple loci |	911543
             % of reads mapped to multiple loci |	4.89%
        Number of reads mapped to too many loci |	3065
             % of reads mapped to too many loci |	0.02%
                                  UNMAPPED READS:
       % of reads unmapped: too many mismatches |	6.62%
                 % of reads unmapped: too short |	2.90%
                     % of reads unmapped: other |	0.98%
                                  CHIMERIC READS:
                       Number of chimeric reads |	35151
                            % of chimeric reads |	0.19%
