                                 Started job on |	Dec 22 16:45:42
                             Started mapping on |	Dec 22 17:04:41
                                    Finished on |	Dec 22 17:27:46
       Mapping speed, Million of reads per hour |	80.28

                          Number of input reads |	30885905
                      Average input read length |	150
                                    UNIQUE READS:
                   Uniquely mapped reads number |	26253200
                        Uniquely mapped reads % |	85.00%
                          Average mapped length |	149.99
                       Number of splices: Total |	14073269
            Number of splices: Annotated (sjdb) |	13962442
                       Number of splices: GT/AG |	13946644
                       Number of splices: GC/AG |	91762
                       Number of splices: AT/AC |	11597
               Number of splices: Non-canonical |	23266
                      Mismatch rate per base, % |	0.33%
                         Deletion rate per base |	0.01%
                        Deletion average length |	1.66
                        Insertion rate per base |	0.00%
                       Insertion average length |	1.49
                             MULTI-MAPPING READS:
        Number of reads mapped to multiple loci |	1727337
             % of reads mapped to multiple loci |	5.59%
        Number of reads mapped to too many loci |	4854
             % of reads mapped to too many loci |	0.02%
                                  UNMAPPED READS:
       % of reads unmapped: too many mismatches |	6.10%
                 % of reads unmapped: too short |	2.61%
                     % of reads unmapped: other |	0.68%
                                  CHIMERIC READS:
                       Number of chimeric reads |	84730
                            % of chimeric reads |	0.27%
