                                 Started job on |	Dec 22 17:18:15
                             Started mapping on |	Dec 22 17:21:42
                                    Finished on |	Dec 22 17:36:21
       Mapping speed, Million of reads per hour |	110.12

                          Number of input reads |	26887497
                      Average input read length |	150
                                    UNIQUE READS:
                   Uniquely mapped reads number |	22773765
                        Uniquely mapped reads % |	84.70%
                          Average mapped length |	149.99
                       Number of splices: Total |	12499461
            Number of splices: Annotated (sjdb) |	12412461
                       Number of splices: GT/AG |	12386759
                       Number of splices: GC/AG |	86842
                       Number of splices: AT/AC |	10032
               Number of splices: Non-canonical |	15828
                      Mismatch rate per base, % |	0.34%
                         Deletion rate per base |	0.01%
                        Deletion average length |	1.61
                        Insertion rate per base |	0.01%
                       Insertion average length |	1.34
                             MULTI-MAPPING READS:
        Number of reads mapped to multiple loci |	1324434
             % of reads mapped to multiple loci |	4.93%
        Number of reads mapped to too many loci |	2669
             % of reads mapped to too many loci |	0.01%
                                  UNMAPPED READS:
       % of reads unmapped: too many mismatches |	7.46%
                 % of reads unmapped: too short |	2.63%
                     % of reads unmapped: other |	0.28%
                                  CHIMERIC READS:
                       Number of chimeric reads |	90663
                            % of chimeric reads |	0.34%
