                                 Started job on |	Dec 22 16:33:34
                             Started mapping on |	Dec 22 16:37:03
                                    Finished on |	Dec 22 16:49:34
       Mapping speed, Million of reads per hour |	129.99

                          Number of input reads |	27117437
                      Average input read length |	150
                                    UNIQUE READS:
                   Uniquely mapped reads number |	21932215
                        Uniquely mapped reads % |	80.88%
                          Average mapped length |	149.99
                       Number of splices: Total |	11526961
            Number of splices: Annotated (sjdb) |	11441708
                       Number of splices: GT/AG |	11419424
                       Number of splices: GC/AG |	80145
                       Number of splices: AT/AC |	10276
               Number of splices: Non-canonical |	17116
                      Mismatch rate per base, % |	0.32%
                         Deletion rate per base |	0.01%
                        Deletion average length |	1.65
                        Insertion rate per base |	0.01%
                       Insertion average length |	1.31
                             MULTI-MAPPING READS:
        Number of reads mapped to multiple loci |	2319437
             % of reads mapped to multiple loci |	8.55%
        Number of reads mapped to too many loci |	3538
             % of reads mapped to too many loci |	0.01%
                                  UNMAPPED READS:
       % of reads unmapped: too many mismatches |	7.63%
                 % of reads unmapped: too short |	2.61%
                     % of reads unmapped: other |	0.32%
                                  CHIMERIC READS:
                       Number of chimeric reads |	74894
                            % of chimeric reads |	0.28%
