                                 Started job on |	Dec 22 16:04:33
                             Started mapping on |	Dec 22 16:09:26
                                    Finished on |	Dec 22 16:27:21
       Mapping speed, Million of reads per hour |	123.64

                          Number of input reads |	36920645
                      Average input read length |	150
                                    UNIQUE READS:
                   Uniquely mapped reads number |	30315716
                        Uniquely mapped reads % |	82.11%
                          Average mapped length |	149.99
                       Number of splices: Total |	14558554
            Number of splices: Annotated (sjdb) |	14454023
                       Number of splices: GT/AG |	14424137
                       Number of splices: GC/AG |	98830
                       Number of splices: AT/AC |	12825
               Number of splices: Non-canonical |	22762
                      Mismatch rate per base, % |	0.30%
                         Deletion rate per base |	0.01%
                        Deletion average length |	1.65
                        Insertion rate per base |	0.00%
                       Insertion average length |	1.46
                             MULTI-MAPPING READS:
        Number of reads mapped to multiple loci |	3017822
             % of reads mapped to multiple loci |	8.17%
        Number of reads mapped to too many loci |	5330
             % of reads mapped to too many loci |	0.01%
                                  UNMAPPED READS:
       % of reads unmapped: too many mismatches |	7.28%
                 % of reads unmapped: too short |	2.25%
                     % of reads unmapped: other |	0.17%
                                  CHIMERIC READS:
                       Number of chimeric reads |	89882
                            % of chimeric reads |	0.24%
