                                 Started job on |	Dec 22 16:38:41
                             Started mapping on |	Dec 22 16:42:04
                                    Finished on |	Dec 22 16:50:46
       Mapping speed, Million of reads per hour |	106.94

                          Number of input reads |	15506380
                      Average input read length |	150
                                    UNIQUE READS:
                   Uniquely mapped reads number |	12909796
                        Uniquely mapped reads % |	83.25%
                          Average mapped length |	149.99
                       Number of splices: Total |	6534682
            Number of splices: Annotated (sjdb) |	6480617
                       Number of splices: GT/AG |	6475685
                       Number of splices: GC/AG |	45220
                       Number of splices: AT/AC |	5213
               Number of splices: Non-canonical |	8564
                      Mismatch rate per base, % |	0.39%
                         Deletion rate per base |	0.01%
                        Deletion average length |	1.54
                        Insertion rate per base |	0.01%
                       Insertion average length |	1.31
                             MULTI-MAPPING READS:
        Number of reads mapped to multiple loci |	770717
             % of reads mapped to multiple loci |	4.97%
        Number of reads mapped to too many loci |	2222
             % of reads mapped to too many loci |	0.01%
                                  UNMAPPED READS:
       % of reads unmapped: too many mismatches |	8.20%
                 % of reads unmapped: too short |	2.77%
                     % of reads unmapped: other |	0.79%
                                  CHIMERIC READS:
                       Number of chimeric reads |	29912
                            % of chimeric reads |	0.19%
