                                 Started job on |	Dec 22 17:28:36
                             Started mapping on |	Dec 22 17:31:27
                                    Finished on |	Dec 22 17:45:25
       Mapping speed, Million of reads per hour |	128.96

                          Number of input reads |	30019566
                      Average input read length |	150
                                    UNIQUE READS:
                   Uniquely mapped reads number |	23429862
                        Uniquely mapped reads % |	78.05%
                          Average mapped length |	149.99
                       Number of splices: Total |	12236333
            Number of splices: Annotated (sjdb) |	12138277
                       Number of splices: GT/AG |	12122609
                       Number of splices: GC/AG |	87801
                       Number of splices: AT/AC |	10464
               Number of splices: Non-canonical |	15459
                      Mismatch rate per base, % |	0.29%
                         Deletion rate per base |	0.01%
                        Deletion average length |	1.62
                        Insertion rate per base |	0.01%
                       Insertion average length |	1.33
                             MULTI-MAPPING READS:
        Number of reads mapped to multiple loci |	3944926
             % of reads mapped to multiple loci |	13.14%
        Number of reads mapped to too many loci |	4486
             % of reads mapped to too many loci |	0.01%
                                  UNMAPPED READS:
       % of reads unmapped: too many mismatches |	5.98%
                 % of reads unmapped: too short |	2.62%
                     % of reads unmapped: other |	0.19%
                                  CHIMERIC READS:
                       Number of chimeric reads |	102858
                            % of chimeric reads |	0.34%
