                                 Started job on |	Dec 22 17:02:30
                             Started mapping on |	Dec 22 17:06:15
                                    Finished on |	Dec 22 17:14:57
       Mapping speed, Million of reads per hour |	128.30

                          Number of input reads |	18604014
                      Average input read length |	150
                                    UNIQUE READS:
                   Uniquely mapped reads number |	15439071
                        Uniquely mapped reads % |	82.99%
                          Average mapped length |	149.99
                       Number of splices: Total |	7835514
            Number of splices: Annotated (sjdb) |	7760683
                       Number of splices: GT/AG |	7764491
                       Number of splices: GC/AG |	53550
                       Number of splices: AT/AC |	7548
               Number of splices: Non-canonical |	9925
                      Mismatch rate per base, % |	0.32%
                         Deletion rate per base |	0.01%
                        Deletion average length |	1.77
                        Insertion rate per base |	0.01%
                       Insertion average length |	1.43
                             MULTI-MAPPING READS:
        Number of reads mapped to multiple loci |	1265940
             % of reads mapped to multiple loci |	6.80%
        Number of reads mapped to too many loci |	2655
             % of reads mapped to too many loci |	0.01%
                                  UNMAPPED READS:
       % of reads unmapped: too many mismatches |	7.27%
                 % of reads unmapped: too short |	2.60%
                     % of reads unmapped: other |	0.32%
                                  CHIMERIC READS:
                       Number of chimeric reads |	62090
                            % of chimeric reads |	0.33%
