                                 Started job on |	Dec 22 16:45:26
                             Started mapping on |	Dec 22 16:49:17
                                    Finished on |	Dec 22 16:56:12
       Mapping speed, Million of reads per hour |	127.75

                          Number of input reads |	14726734
                      Average input read length |	150
                                    UNIQUE READS:
                   Uniquely mapped reads number |	10351254
                        Uniquely mapped reads % |	70.29%
                          Average mapped length |	149.99
                       Number of splices: Total |	5093293
            Number of splices: Annotated (sjdb) |	5058566
                       Number of splices: GT/AG |	5044730
                       Number of splices: GC/AG |	36107
                       Number of splices: AT/AC |	4350
               Number of splices: Non-canonical |	8106
                      Mismatch rate per base, % |	0.30%
                         Deletion rate per base |	0.01%
                        Deletion average length |	1.67
                        Insertion rate per base |	0.01%
                       Insertion average length |	1.44
                             MULTI-MAPPING READS:
        Number of reads mapped to multiple loci |	2874858
             % of reads mapped to multiple loci |	19.52%
        Number of reads mapped to too many loci |	2074
             % of reads mapped to too many loci |	0.01%
                                  UNMAPPED READS:
       % of reads unmapped: too many mismatches |	7.06%
                 % of reads unmapped: too short |	2.61%
                     % of reads unmapped: other |	0.51%
                                  CHIMERIC READS:
                       Number of chimeric reads |	34700
                            % of chimeric reads |	0.24%
