                                 Started job on |	Dec 22 17:16:33
                             Started mapping on |	Dec 22 17:20:46
                                    Finished on |	Dec 22 17:35:06
       Mapping speed, Million of reads per hour |	120.56

                          Number of input reads |	28800692
                      Average input read length |	150
                                    UNIQUE READS:
                   Uniquely mapped reads number |	24566267
                        Uniquely mapped reads % |	85.30%
                          Average mapped length |	149.99
                       Number of splices: Total |	13825263
            Number of splices: Annotated (sjdb) |	13713557
                       Number of splices: GT/AG |	13698506
                       Number of splices: GC/AG |	93289
                       Number of splices: AT/AC |	12350
               Number of splices: Non-canonical |	21118
                      Mismatch rate per base, % |	0.31%
                         Deletion rate per base |	0.01%
                        Deletion average length |	1.68
                        Insertion rate per base |	0.00%
                       Insertion average length |	1.56
                             MULTI-MAPPING READS:
        Number of reads mapped to multiple loci |	1372567
             % of reads mapped to multiple loci |	4.77%
        Number of reads mapped to too many loci |	3656
             % of reads mapped to too many loci |	0.01%
                                  UNMAPPED READS:
       % of reads unmapped: too many mismatches |	6.90%
                 % of reads unmapped: too short |	2.59%
                     % of reads unmapped: other |	0.43%
                                  CHIMERIC READS:
                       Number of chimeric reads |	56704
                            % of chimeric reads |	0.20%
