                                 Started job on |	Dec 22 16:24:25
                             Started mapping on |	Dec 22 16:27:30
                                    Finished on |	Dec 22 16:42:19
       Mapping speed, Million of reads per hour |	122.19

                          Number of input reads |	30174260
                      Average input read length |	150
                                    UNIQUE READS:
                   Uniquely mapped reads number |	25953441
                        Uniquely mapped reads % |	86.01%
                          Average mapped length |	149.99
                       Number of splices: Total |	13196382
            Number of splices: Annotated (sjdb) |	13062160
                       Number of splices: GT/AG |	13081410
                       Number of splices: GC/AG |	88740
                       Number of splices: AT/AC |	12136
               Number of splices: Non-canonical |	14096
                      Mismatch rate per base, % |	0.34%
                         Deletion rate per base |	0.01%
                        Deletion average length |	1.64
                        Insertion rate per base |	0.01%
                       Insertion average length |	1.51
                             MULTI-MAPPING READS:
        Number of reads mapped to multiple loci |	1394595
             % of reads mapped to multiple loci |	4.62%
        Number of reads mapped to too many loci |	6146
             % of reads mapped to too many loci |	0.02%
                                  UNMAPPED READS:
       % of reads unmapped: too many mismatches |	6.32%
                 % of reads unmapped: too short |	2.56%
                     % of reads unmapped: other |	0.46%
                                  CHIMERIC READS:
                       Number of chimeric reads |	93311
                            % of chimeric reads |	0.31%
