                                 Started job on |	Dec 22 17:02:41
                             Started mapping on |	Dec 22 17:07:07
                                    Finished on |	Dec 22 17:36:47
       Mapping speed, Million of reads per hour |	115.02

                          Number of input reads |	56870036
                      Average input read length |	150
                                    UNIQUE READS:
                   Uniquely mapped reads number |	45526206
                        Uniquely mapped reads % |	80.05%
                          Average mapped length |	149.99
                       Number of splices: Total |	25994197
            Number of splices: Annotated (sjdb) |	25835109
                       Number of splices: GT/AG |	25751537
                       Number of splices: GC/AG |	177389
                       Number of splices: AT/AC |	24523
               Number of splices: Non-canonical |	40748
                      Mismatch rate per base, % |	0.37%
                         Deletion rate per base |	0.01%
                        Deletion average length |	1.71
                        Insertion rate per base |	0.01%
                       Insertion average length |	1.36
                             MULTI-MAPPING READS:
        Number of reads mapped to multiple loci |	4298935
             % of reads mapped to multiple loci |	7.56%
        Number of reads mapped to too many loci |	5340
             % of reads mapped to too many loci |	0.01%
                                  UNMAPPED READS:
       % of reads unmapped: too many mismatches |	8.51%
                 % of reads unmapped: too short |	3.51%
                     % of reads unmapped: other |	0.36%
                                  CHIMERIC READS:
                       Number of chimeric reads |	135786
                            % of chimeric reads |	0.24%
