                                 Started job on |	Dec 22 17:28:34
                             Started mapping on |	Dec 22 17:32:28
                                    Finished on |	Dec 22 18:02:08
       Mapping speed, Million of reads per hour |	113.43

                          Number of input reads |	56084494
                      Average input read length |	150
                                    UNIQUE READS:
                   Uniquely mapped reads number |	43545041
                        Uniquely mapped reads % |	77.64%
                          Average mapped length |	149.99
                       Number of splices: Total |	24055689
            Number of splices: Annotated (sjdb) |	23901067
                       Number of splices: GT/AG |	23841201
                       Number of splices: GC/AG |	166152
                       Number of splices: AT/AC |	21757
               Number of splices: Non-canonical |	26579
                      Mismatch rate per base, % |	0.40%
                         Deletion rate per base |	0.01%
                        Deletion average length |	1.70
                        Insertion rate per base |	0.01%
                       Insertion average length |	1.32
                             MULTI-MAPPING READS:
        Number of reads mapped to multiple loci |	4429117
             % of reads mapped to multiple loci |	7.90%
        Number of reads mapped to too many loci |	4513
             % of reads mapped to too many loci |	0.01%
                                  UNMAPPED READS:
       % of reads unmapped: too many mismatches |	9.85%
                 % of reads unmapped: too short |	4.48%
                     % of reads unmapped: other |	0.13%
                                  CHIMERIC READS:
                       Number of chimeric reads |	133768
                            % of chimeric reads |	0.24%
