                                 Started job on |	Dec 22 17:02:21
                             Started mapping on |	Dec 22 17:06:42
                                    Finished on |	Dec 22 17:22:48
       Mapping speed, Million of reads per hour |	115.72

                          Number of input reads |	31050195
                      Average input read length |	150
                                    UNIQUE READS:
                   Uniquely mapped reads number |	25419552
                        Uniquely mapped reads % |	81.87%
                          Average mapped length |	149.99
                       Number of splices: Total |	15164436
            Number of splices: Annotated (sjdb) |	15063247
                       Number of splices: GT/AG |	15016842
                       Number of splices: GC/AG |	108969
                       Number of splices: AT/AC |	13458
               Number of splices: Non-canonical |	25167
                      Mismatch rate per base, % |	0.39%
                         Deletion rate per base |	0.01%
                        Deletion average length |	1.64
                        Insertion rate per base |	0.01%
                       Insertion average length |	1.35
                             MULTI-MAPPING READS:
        Number of reads mapped to multiple loci |	1344013
             % of reads mapped to multiple loci |	4.33%
        Number of reads mapped to too many loci |	3271
             % of reads mapped to too many loci |	0.01%
                                  UNMAPPED READS:
       % of reads unmapped: too many mismatches |	9.69%
                 % of reads unmapped: too short |	3.85%
                     % of reads unmapped: other |	0.26%
                                  CHIMERIC READS:
                       Number of chimeric reads |	82337
                            % of chimeric reads |	0.27%
