                                 Started job on |	Dec 22 16:43:54
                             Started mapping on |	Dec 22 16:46:46
                                    Finished on |	Dec 22 16:59:20
       Mapping speed, Million of reads per hour |	125.37

                          Number of input reads |	26258389
                      Average input read length |	150
                                    UNIQUE READS:
                   Uniquely mapped reads number |	23166825
                        Uniquely mapped reads % |	88.23%
                          Average mapped length |	149.99
                       Number of splices: Total |	12087703
            Number of splices: Annotated (sjdb) |	11993419
                       Number of splices: GT/AG |	11975177
                       Number of splices: GC/AG |	86155
                       Number of splices: AT/AC |	11181
               Number of splices: Non-canonical |	15190
                      Mismatch rate per base, % |	0.37%
                         Deletion rate per base |	0.01%
                        Deletion average length |	1.60
                        Insertion rate per base |	0.00%
                       Insertion average length |	1.50
                             MULTI-MAPPING READS:
        Number of reads mapped to multiple loci |	1084067
             % of reads mapped to multiple loci |	4.13%
        Number of reads mapped to too many loci |	3882
             % of reads mapped to too many loci |	0.01%
                                  UNMAPPED READS:
       % of reads unmapped: too many mismatches |	5.89%
                 % of reads unmapped: too short |	1.57%
                     % of reads unmapped: other |	0.16%
                                  CHIMERIC READS:
                       Number of chimeric reads |	55214
                            % of chimeric reads |	0.21%
