                                 Started job on |	Dec 22 16:31:59
                             Started mapping on |	Dec 22 16:35:34
                                    Finished on |	Dec 22 16:49:50
       Mapping speed, Million of reads per hour |	109.94

                          Number of input reads |	26142053
                      Average input read length |	150
                                    UNIQUE READS:
                   Uniquely mapped reads number |	22582097
                        Uniquely mapped reads % |	86.38%
                          Average mapped length |	149.99
                       Number of splices: Total |	11862782
            Number of splices: Annotated (sjdb) |	11735903
                       Number of splices: GT/AG |	11752109
                       Number of splices: GC/AG |	82360
                       Number of splices: AT/AC |	8655
               Number of splices: Non-canonical |	19658
                      Mismatch rate per base, % |	0.27%
                         Deletion rate per base |	0.01%
                        Deletion average length |	1.98
                        Insertion rate per base |	0.01%
                       Insertion average length |	1.52
                             MULTI-MAPPING READS:
        Number of reads mapped to multiple loci |	1287085
             % of reads mapped to multiple loci |	4.92%
        Number of reads mapped to too many loci |	5620
             % of reads mapped to too many loci |	0.02%
                                  UNMAPPED READS:
       % of reads unmapped: too many mismatches |	5.55%
                 % of reads unmapped: too short |	2.64%
                     % of reads unmapped: other |	0.49%
                                  CHIMERIC READS:
                       Number of chimeric reads |	82869
                            % of chimeric reads |	0.32%
