                                 Started job on |	Dec 22 16:04:25
                             Started mapping on |	Dec 22 16:08:47
                                    Finished on |	Dec 22 16:19:52
       Mapping speed, Million of reads per hour |	112.64

                          Number of input reads |	20807043
                      Average input read length |	150
                                    UNIQUE READS:
                   Uniquely mapped reads number |	17220743
                        Uniquely mapped reads % |	82.76%
                          Average mapped length |	149.99
                       Number of splices: Total |	9189688
            Number of splices: Annotated (sjdb) |	9119845
                       Number of splices: GT/AG |	9099643
                       Number of splices: GC/AG |	67004
                       Number of splices: AT/AC |	8247
               Number of splices: Non-canonical |	14794
                      Mismatch rate per base, % |	0.32%
                         Deletion rate per base |	0.01%
                        Deletion average length |	1.55
                        Insertion rate per base |	0.01%
                       Insertion average length |	1.32
                             MULTI-MAPPING READS:
        Number of reads mapped to multiple loci |	1019758
             % of reads mapped to multiple loci |	4.90%
        Number of reads mapped to too many loci |	2840
             % of reads mapped to too many loci |	0.01%
                                  UNMAPPED READS:
       % of reads unmapped: too many mismatches |	6.60%
                 % of reads unmapped: too short |	4.05%
                     % of reads unmapped: other |	1.67%
                                  CHIMERIC READS:
                       Number of chimeric reads |	40374
                            % of chimeric reads |	0.19%
