                                 Started job on |	Dec 22 16:18:34
                             Started mapping on |	Dec 22 16:21:48
                                    Finished on |	Dec 22 16:47:54
       Mapping speed, Million of reads per hour |	113.67

                          Number of input reads |	49445045
                      Average input read length |	150
                                    UNIQUE READS:
                   Uniquely mapped reads number |	41553839
                        Uniquely mapped reads % |	84.04%
                          Average mapped length |	149.99
                       Number of splices: Total |	20626367
            Number of splices: Annotated (sjdb) |	20448927
                       Number of splices: GT/AG |	20436352
                       Number of splices: GC/AG |	147368
                       Number of splices: AT/AC |	19473
               Number of splices: Non-canonical |	23174
                      Mismatch rate per base, % |	0.33%
                         Deletion rate per base |	0.01%
                        Deletion average length |	1.60
                        Insertion rate per base |	0.01%
                       Insertion average length |	1.32
                             MULTI-MAPPING READS:
        Number of reads mapped to multiple loci |	3090542
             % of reads mapped to multiple loci |	6.25%
        Number of reads mapped to too many loci |	10150
             % of reads mapped to too many loci |	0.02%
                                  UNMAPPED READS:
       % of reads unmapped: too many mismatches |	6.99%
                 % of reads unmapped: too short |	2.50%
                     % of reads unmapped: other |	0.20%
                                  CHIMERIC READS:
                       Number of chimeric reads |	150729
                            % of chimeric reads |	0.30%
