                                 Started job on |	Dec 22 16:04:23
                             Started mapping on |	Dec 22 16:10:07
                                    Finished on |	Dec 22 16:24:28
       Mapping speed, Million of reads per hour |	136.18

                          Number of input reads |	32570516
                      Average input read length |	150
                                    UNIQUE READS:
                   Uniquely mapped reads number |	28099104
                        Uniquely mapped reads % |	86.27%
                          Average mapped length |	149.99
                       Number of splices: Total |	14750507
            Number of splices: Annotated (sjdb) |	14633188
                       Number of splices: GT/AG |	14615537
                       Number of splices: GC/AG |	109736
                       Number of splices: AT/AC |	12527
               Number of splices: Non-canonical |	12707
                      Mismatch rate per base, % |	0.32%
                         Deletion rate per base |	0.01%
                        Deletion average length |	1.57
                        Insertion rate per base |	0.01%
                       Insertion average length |	1.30
                             MULTI-MAPPING READS:
        Number of reads mapped to multiple loci |	1567896
             % of reads mapped to multiple loci |	4.81%
        Number of reads mapped to too many loci |	4910
             % of reads mapped to too many loci |	0.02%
                                  UNMAPPED READS:
       % of reads unmapped: too many mismatches |	6.26%
                 % of reads unmapped: too short |	2.42%
                     % of reads unmapped: other |	0.23%
                                  CHIMERIC READS:
                       Number of chimeric reads |	85228
                            % of chimeric reads |	0.26%
