                                 Started job on |	Dec 22 16:25:50
                             Started mapping on |	Dec 22 16:28:38
                                    Finished on |	Dec 22 16:38:47
       Mapping speed, Million of reads per hour |	130.13

                          Number of input reads |	22014319
                      Average input read length |	150
                                    UNIQUE READS:
                   Uniquely mapped reads number |	19128703
                        Uniquely mapped reads % |	86.89%
                          Average mapped length |	149.99
                       Number of splices: Total |	9800443
            Number of splices: Annotated (sjdb) |	9723212
                       Number of splices: GT/AG |	9703692
                       Number of splices: GC/AG |	72611
                       Number of splices: AT/AC |	8889
               Number of splices: Non-canonical |	15251
                      Mismatch rate per base, % |	0.29%
                         Deletion rate per base |	0.01%
                        Deletion average length |	1.55
                        Insertion rate per base |	0.01%
                       Insertion average length |	1.35
                             MULTI-MAPPING READS:
        Number of reads mapped to multiple loci |	1034734
             % of reads mapped to multiple loci |	4.70%
        Number of reads mapped to too many loci |	3806
             % of reads mapped to too many loci |	0.02%
                                  UNMAPPED READS:
       % of reads unmapped: too many mismatches |	5.58%
                 % of reads unmapped: too short |	2.37%
                     % of reads unmapped: other |	0.44%
                                  CHIMERIC READS:
                       Number of chimeric reads |	62889
                            % of chimeric reads |	0.29%
