                                 Started job on |	Dec 22 16:45:40
                             Started mapping on |	Dec 22 17:06:09
                                    Finished on |	Dec 22 17:24:49
       Mapping speed, Million of reads per hour |	112.48

                          Number of input reads |	34993381
                      Average input read length |	150
                                    UNIQUE READS:
                   Uniquely mapped reads number |	27981279
                        Uniquely mapped reads % |	79.96%
                          Average mapped length |	149.98
                       Number of splices: Total |	14295516
            Number of splices: Annotated (sjdb) |	14183009
                       Number of splices: GT/AG |	14162575
                       Number of splices: GC/AG |	101873
                       Number of splices: AT/AC |	12676
               Number of splices: Non-canonical |	18392
                      Mismatch rate per base, % |	0.33%
                         Deletion rate per base |	0.01%
                        Deletion average length |	1.70
                        Insertion rate per base |	0.01%
                       Insertion average length |	1.30
                             MULTI-MAPPING READS:
        Number of reads mapped to multiple loci |	3754578
             % of reads mapped to multiple loci |	10.73%
        Number of reads mapped to too many loci |	4239
             % of reads mapped to too many loci |	0.01%
                                  UNMAPPED READS:
       % of reads unmapped: too many mismatches |	6.50%
                 % of reads unmapped: too short |	2.60%
                     % of reads unmapped: other |	0.20%
                                  CHIMERIC READS:
                       Number of chimeric reads |	122335
                            % of chimeric reads |	0.35%
