                                 Started job on |	Dec 22 16:45:23
                             Started mapping on |	Dec 22 17:04:19
                                    Finished on |	Dec 22 17:29:00
       Mapping speed, Million of reads per hour |	76.56

                          Number of input reads |	31495270
                      Average input read length |	150
                                    UNIQUE READS:
                   Uniquely mapped reads number |	26268508
                        Uniquely mapped reads % |	83.40%
                          Average mapped length |	149.99
                       Number of splices: Total |	15308331
            Number of splices: Annotated (sjdb) |	15203317
                       Number of splices: GT/AG |	15166855
                       Number of splices: GC/AG |	108624
                       Number of splices: AT/AC |	12885
               Number of splices: Non-canonical |	19967
                      Mismatch rate per base, % |	0.31%
                         Deletion rate per base |	0.01%
                        Deletion average length |	1.61
                        Insertion rate per base |	0.01%
                       Insertion average length |	1.35
                             MULTI-MAPPING READS:
        Number of reads mapped to multiple loci |	1518919
             % of reads mapped to multiple loci |	4.82%
        Number of reads mapped to too many loci |	3580
             % of reads mapped to too many loci |	0.01%
                                  UNMAPPED READS:
       % of reads unmapped: too many mismatches |	7.65%
                 % of reads unmapped: too short |	3.26%
                     % of reads unmapped: other |	0.85%
                                  CHIMERIC READS:
                       Number of chimeric reads |	85208
                            % of chimeric reads |	0.27%
