                                 Started job on |	Dec 22 17:28:32
                             Started mapping on |	Dec 22 17:31:55
                                    Finished on |	Dec 22 17:53:58
       Mapping speed, Million of reads per hour |	141.06

                          Number of input reads |	51838616
                      Average input read length |	150
                                    UNIQUE READS:
                   Uniquely mapped reads number |	41705794
                        Uniquely mapped reads % |	80.45%
                          Average mapped length |	149.99
                       Number of splices: Total |	21124028
            Number of splices: Annotated (sjdb) |	20963810
                       Number of splices: GT/AG |	20929147
                       Number of splices: GC/AG |	153848
                       Number of splices: AT/AC |	19962
               Number of splices: Non-canonical |	21071
                      Mismatch rate per base, % |	0.30%
                         Deletion rate per base |	0.01%
                        Deletion average length |	1.66
                        Insertion rate per base |	0.01%
                       Insertion average length |	1.30
                             MULTI-MAPPING READS:
        Number of reads mapped to multiple loci |	4855309
             % of reads mapped to multiple loci |	9.37%
        Number of reads mapped to too many loci |	6614
             % of reads mapped to too many loci |	0.01%
                                  UNMAPPED READS:
       % of reads unmapped: too many mismatches |	7.63%
                 % of reads unmapped: too short |	2.41%
                     % of reads unmapped: other |	0.13%
                                  CHIMERIC READS:
                       Number of chimeric reads |	166945
                            % of chimeric reads |	0.32%
