                                 Started job on |	Dec 22 16:29:23
                             Started mapping on |	Dec 22 16:32:41
                                    Finished on |	Dec 22 16:51:20
       Mapping speed, Million of reads per hour |	114.44

                          Number of input reads |	35571689
                      Average input read length |	150
                                    UNIQUE READS:
                   Uniquely mapped reads number |	30839522
                        Uniquely mapped reads % |	86.70%
                          Average mapped length |	149.98
                       Number of splices: Total |	15124618
            Number of splices: Annotated (sjdb) |	14993766
                       Number of splices: GT/AG |	14974889
                       Number of splices: GC/AG |	110570
                       Number of splices: AT/AC |	13262
               Number of splices: Non-canonical |	25897
                      Mismatch rate per base, % |	0.30%
                         Deletion rate per base |	0.01%
                        Deletion average length |	1.63
                        Insertion rate per base |	0.01%
                       Insertion average length |	1.31
                             MULTI-MAPPING READS:
        Number of reads mapped to multiple loci |	1541546
             % of reads mapped to multiple loci |	4.33%
        Number of reads mapped to too many loci |	7119
             % of reads mapped to too many loci |	0.02%
                                  UNMAPPED READS:
       % of reads unmapped: too many mismatches |	5.95%
                 % of reads unmapped: too short |	2.64%
                     % of reads unmapped: other |	0.36%
                                  CHIMERIC READS:
                       Number of chimeric reads |	107910
                            % of chimeric reads |	0.30%
