                                 Started job on |	Dec 22 16:29:00
                             Started mapping on |	Dec 22 16:32:09
                                    Finished on |	Dec 22 16:44:13
       Mapping speed, Million of reads per hour |	108.48

                          Number of input reads |	21815539
                      Average input read length |	150
                                    UNIQUE READS:
                   Uniquely mapped reads number |	18122896
                        Uniquely mapped reads % |	83.07%
                          Average mapped length |	149.99
                       Number of splices: Total |	8869635
            Number of splices: Annotated (sjdb) |	8789438
                       Number of splices: GT/AG |	8784482
                       Number of splices: GC/AG |	63857
                       Number of splices: AT/AC |	8078
               Number of splices: Non-canonical |	13218
                      Mismatch rate per base, % |	0.38%
                         Deletion rate per base |	0.01%
                        Deletion average length |	1.62
                        Insertion rate per base |	0.01%
                       Insertion average length |	1.43
                             MULTI-MAPPING READS:
        Number of reads mapped to multiple loci |	1555958
             % of reads mapped to multiple loci |	7.13%
        Number of reads mapped to too many loci |	3756
             % of reads mapped to too many loci |	0.02%
                                  UNMAPPED READS:
       % of reads unmapped: too many mismatches |	7.27%
                 % of reads unmapped: too short |	2.19%
                     % of reads unmapped: other |	0.32%
                                  CHIMERIC READS:
                       Number of chimeric reads |	51100
                            % of chimeric reads |	0.23%
