                                 Started job on |	Dec 22 16:03:57
                             Started mapping on |	Dec 22 16:08:49
                                    Finished on |	Dec 22 16:29:01
       Mapping speed, Million of reads per hour |	114.76

                          Number of input reads |	38636518
                      Average input read length |	150
                                    UNIQUE READS:
                   Uniquely mapped reads number |	32059648
                        Uniquely mapped reads % |	82.98%
                          Average mapped length |	149.99
                       Number of splices: Total |	17993278
            Number of splices: Annotated (sjdb) |	17852982
                       Number of splices: GT/AG |	17818586
                       Number of splices: GC/AG |	129832
                       Number of splices: AT/AC |	15735
               Number of splices: Non-canonical |	29125
                      Mismatch rate per base, % |	0.32%
                         Deletion rate per base |	0.01%
                        Deletion average length |	1.57
                        Insertion rate per base |	0.01%
                       Insertion average length |	1.31
                             MULTI-MAPPING READS:
        Number of reads mapped to multiple loci |	1784225
             % of reads mapped to multiple loci |	4.62%
        Number of reads mapped to too many loci |	4233
             % of reads mapped to too many loci |	0.01%
                                  UNMAPPED READS:
       % of reads unmapped: too many mismatches |	8.51%
                 % of reads unmapped: too short |	3.27%
                     % of reads unmapped: other |	0.61%
                                  CHIMERIC READS:
                       Number of chimeric reads |	122568
                            % of chimeric reads |	0.32%
