                                 Started job on |	Dec 22 17:02:29
                             Started mapping on |	Dec 22 17:06:49
                                    Finished on |	Dec 22 17:20:28
       Mapping speed, Million of reads per hour |	107.40

                          Number of input reads |	24433702
                      Average input read length |	150
                                    UNIQUE READS:
                   Uniquely mapped reads number |	20852903
                        Uniquely mapped reads % |	85.34%
                          Average mapped length |	149.98
                       Number of splices: Total |	10984134
            Number of splices: Annotated (sjdb) |	10906949
                       Number of splices: GT/AG |	10876926
                       Number of splices: GC/AG |	80867
                       Number of splices: AT/AC |	9825
               Number of splices: Non-canonical |	16516
                      Mismatch rate per base, % |	0.32%
                         Deletion rate per base |	0.01%
                        Deletion average length |	1.70
                        Insertion rate per base |	0.01%
                       Insertion average length |	1.28
                             MULTI-MAPPING READS:
        Number of reads mapped to multiple loci |	1277998
             % of reads mapped to multiple loci |	5.23%
        Number of reads mapped to too many loci |	3666
             % of reads mapped to too many loci |	0.02%
                                  UNMAPPED READS:
       % of reads unmapped: too many mismatches |	6.37%
                 % of reads unmapped: too short |	2.83%
                     % of reads unmapped: other |	0.20%
                                  CHIMERIC READS:
                       Number of chimeric reads |	48972
                            % of chimeric reads |	0.20%
