                                 Started job on |	Dec 22 16:45:43
                             Started mapping on |	Dec 22 17:07:27
                                    Finished on |	Dec 22 17:22:13
       Mapping speed, Million of reads per hour |	97.89

                          Number of input reads |	24091296
                      Average input read length |	150
                                    UNIQUE READS:
                   Uniquely mapped reads number |	20815600
                        Uniquely mapped reads % |	86.40%
                          Average mapped length |	149.99
                       Number of splices: Total |	11077285
            Number of splices: Annotated (sjdb) |	11001897
                       Number of splices: GT/AG |	10973863
                       Number of splices: GC/AG |	77539
                       Number of splices: AT/AC |	9937
               Number of splices: Non-canonical |	15946
                      Mismatch rate per base, % |	0.40%
                         Deletion rate per base |	0.01%
                        Deletion average length |	1.61
                        Insertion rate per base |	0.00%
                       Insertion average length |	1.64
                             MULTI-MAPPING READS:
        Number of reads mapped to multiple loci |	1078299
             % of reads mapped to multiple loci |	4.48%
        Number of reads mapped to too many loci |	3390
             % of reads mapped to too many loci |	0.01%
                                  UNMAPPED READS:
       % of reads unmapped: too many mismatches |	7.24%
                 % of reads unmapped: too short |	1.56%
                     % of reads unmapped: other |	0.31%
                                  CHIMERIC READS:
                       Number of chimeric reads |	34211
                            % of chimeric reads |	0.14%
