                                 Started job on |	Dec 22 16:04:10
                             Started mapping on |	Dec 22 16:09:30
                                    Finished on |	Dec 22 16:27:05
       Mapping speed, Million of reads per hour |	124.90

                          Number of input reads |	36602796
                      Average input read length |	150
                                    UNIQUE READS:
                   Uniquely mapped reads number |	30422766
                        Uniquely mapped reads % |	83.12%
                          Average mapped length |	149.99
                       Number of splices: Total |	14542349
            Number of splices: Annotated (sjdb) |	14420527
                       Number of splices: GT/AG |	14406599
                       Number of splices: GC/AG |	102061
                       Number of splices: AT/AC |	14127
               Number of splices: Non-canonical |	19562
                      Mismatch rate per base, % |	0.30%
                         Deletion rate per base |	0.01%
                        Deletion average length |	1.57
                        Insertion rate per base |	0.01%
                       Insertion average length |	1.47
                             MULTI-MAPPING READS:
        Number of reads mapped to multiple loci |	3143375
             % of reads mapped to multiple loci |	8.59%
        Number of reads mapped to too many loci |	5142
             % of reads mapped to too many loci |	0.01%
                                  UNMAPPED READS:
       % of reads unmapped: too many mismatches |	6.37%
                 % of reads unmapped: too short |	1.80%
                     % of reads unmapped: other |	0.11%
                                  CHIMERIC READS:
                       Number of chimeric reads |	96099
                            % of chimeric reads |	0.26%
