                                 Started job on |	Dec 22 16:04:13
                             Started mapping on |	Dec 22 16:09:31
                                    Finished on |	Dec 22 16:22:52
       Mapping speed, Million of reads per hour |	132.43

                          Number of input reads |	29466093
                      Average input read length |	150
                                    UNIQUE READS:
                   Uniquely mapped reads number |	25933942
                        Uniquely mapped reads % |	88.01%
                          Average mapped length |	149.99
                       Number of splices: Total |	13307952
            Number of splices: Annotated (sjdb) |	13193348
                       Number of splices: GT/AG |	13186256
                       Number of splices: GC/AG |	92201
                       Number of splices: AT/AC |	11573
               Number of splices: Non-canonical |	17922
                      Mismatch rate per base, % |	0.29%
                         Deletion rate per base |	0.01%
                        Deletion average length |	1.73
                        Insertion rate per base |	0.00%
                       Insertion average length |	1.51
                             MULTI-MAPPING READS:
        Number of reads mapped to multiple loci |	1423453
             % of reads mapped to multiple loci |	4.83%
        Number of reads mapped to too many loci |	4036
             % of reads mapped to too many loci |	0.01%
                                  UNMAPPED READS:
       % of reads unmapped: too many mismatches |	5.32%
                 % of reads unmapped: too short |	1.64%
                     % of reads unmapped: other |	0.19%
                                  CHIMERIC READS:
                       Number of chimeric reads |	57145
                            % of chimeric reads |	0.19%
