                                 Started job on |	Dec 22 17:02:27
                             Started mapping on |	Dec 22 17:06:39
                                    Finished on |	Dec 22 17:20:30
       Mapping speed, Million of reads per hour |	126.15

                          Number of input reads |	29120126
                      Average input read length |	150
                                    UNIQUE READS:
                   Uniquely mapped reads number |	24678596
                        Uniquely mapped reads % |	84.75%
                          Average mapped length |	149.99
                       Number of splices: Total |	13526729
            Number of splices: Annotated (sjdb) |	13434801
                       Number of splices: GT/AG |	13405343
                       Number of splices: GC/AG |	87636
                       Number of splices: AT/AC |	11425
               Number of splices: Non-canonical |	22325
                      Mismatch rate per base, % |	0.30%
                         Deletion rate per base |	0.01%
                        Deletion average length |	1.67
                        Insertion rate per base |	0.01%
                       Insertion average length |	1.33
                             MULTI-MAPPING READS:
        Number of reads mapped to multiple loci |	1486603
             % of reads mapped to multiple loci |	5.11%
        Number of reads mapped to too many loci |	3274
             % of reads mapped to too many loci |	0.01%
                                  UNMAPPED READS:
       % of reads unmapped: too many mismatches |	7.05%
                 % of reads unmapped: too short |	2.60%
                     % of reads unmapped: other |	0.49%
                                  CHIMERIC READS:
                       Number of chimeric reads |	69491
                            % of chimeric reads |	0.24%
