                                 Started job on |	Dec 22 16:23:21
                             Started mapping on |	Dec 22 16:26:52
                                    Finished on |	Dec 22 16:43:00
       Mapping speed, Million of reads per hour |	128.68

                          Number of input reads |	34599469
                      Average input read length |	150
                                    UNIQUE READS:
                   Uniquely mapped reads number |	29960343
                        Uniquely mapped reads % |	86.59%
                          Average mapped length |	149.99
                       Number of splices: Total |	15641065
            Number of splices: Annotated (sjdb) |	15540740
                       Number of splices: GT/AG |	15487550
                       Number of splices: GC/AG |	113534
                       Number of splices: AT/AC |	13519
               Number of splices: Non-canonical |	26462
                      Mismatch rate per base, % |	0.31%
                         Deletion rate per base |	0.01%
                        Deletion average length |	1.48
                        Insertion rate per base |	0.01%
                       Insertion average length |	1.28
                             MULTI-MAPPING READS:
        Number of reads mapped to multiple loci |	1735393
             % of reads mapped to multiple loci |	5.02%
        Number of reads mapped to too many loci |	3264
             % of reads mapped to too many loci |	0.01%
                                  UNMAPPED READS:
       % of reads unmapped: too many mismatches |	5.78%
                 % of reads unmapped: too short |	2.43%
                     % of reads unmapped: other |	0.17%
                                  CHIMERIC READS:
                       Number of chimeric reads |	151875
                            % of chimeric reads |	0.44%
