                                 Started job on |	Dec 22 16:30:33
                             Started mapping on |	Dec 22 16:33:12
                                    Finished on |	Dec 22 16:51:38
       Mapping speed, Million of reads per hour |	119.78

                          Number of input reads |	36800255
                      Average input read length |	150
                                    UNIQUE READS:
                   Uniquely mapped reads number |	29209065
                        Uniquely mapped reads % |	79.37%
                          Average mapped length |	149.99
                       Number of splices: Total |	15162072
            Number of splices: Annotated (sjdb) |	15017536
                       Number of splices: GT/AG |	15025871
                       Number of splices: GC/AG |	102264
                       Number of splices: AT/AC |	11104
               Number of splices: Non-canonical |	22833
                      Mismatch rate per base, % |	0.37%
                         Deletion rate per base |	0.01%
                        Deletion average length |	1.62
                        Insertion rate per base |	0.01%
                       Insertion average length |	1.32
                             MULTI-MAPPING READS:
        Number of reads mapped to multiple loci |	2815804
             % of reads mapped to multiple loci |	7.65%
        Number of reads mapped to too many loci |	4770
             % of reads mapped to too many loci |	0.01%
                                  UNMAPPED READS:
       % of reads unmapped: too many mismatches |	8.90%
                 % of reads unmapped: too short |	3.71%
                     % of reads unmapped: other |	0.35%
                                  CHIMERIC READS:
                       Number of chimeric reads |	83934
                            % of chimeric reads |	0.23%
