                                 Started job on |	Dec 22 16:45:42
                             Started mapping on |	Dec 22 16:57:26
                                    Finished on |	Dec 22 17:17:14
       Mapping speed, Million of reads per hour |	77.69

                          Number of input reads |	25636904
                      Average input read length |	150
                                    UNIQUE READS:
                   Uniquely mapped reads number |	22253621
                        Uniquely mapped reads % |	86.80%
                          Average mapped length |	149.99
                       Number of splices: Total |	11751947
            Number of splices: Annotated (sjdb) |	11665396
                       Number of splices: GT/AG |	11649221
                       Number of splices: GC/AG |	75336
                       Number of splices: AT/AC |	8285
               Number of splices: Non-canonical |	19105
                      Mismatch rate per base, % |	0.36%
                         Deletion rate per base |	0.01%
                        Deletion average length |	1.53
                        Insertion rate per base |	0.00%
                       Insertion average length |	1.56
                             MULTI-MAPPING READS:
        Number of reads mapped to multiple loci |	1414421
             % of reads mapped to multiple loci |	5.52%
        Number of reads mapped to too many loci |	3148
             % of reads mapped to too many loci |	0.01%
                                  UNMAPPED READS:
       % of reads unmapped: too many mismatches |	6.05%
                 % of reads unmapped: too short |	1.45%
                     % of reads unmapped: other |	0.17%
                                  CHIMERIC READS:
                       Number of chimeric reads |	37428
                            % of chimeric reads |	0.15%
