                                 Started job on |	Dec 22 17:28:36
                             Started mapping on |	Dec 22 17:32:43
                                    Finished on |	Dec 22 17:58:26
       Mapping speed, Million of reads per hour |	92.41

                          Number of input reads |	39609079
                      Average input read length |	150
                                    UNIQUE READS:
                   Uniquely mapped reads number |	28841345
                        Uniquely mapped reads % |	72.81%
                          Average mapped length |	149.99
                       Number of splices: Total |	14926774
            Number of splices: Annotated (sjdb) |	14804514
                       Number of splices: GT/AG |	14791892
                       Number of splices: GC/AG |	95613
                       Number of splices: AT/AC |	9951
               Number of splices: Non-canonical |	29318
                      Mismatch rate per base, % |	0.44%
                         Deletion rate per base |	0.01%
                        Deletion average length |	1.57
                        Insertion rate per base |	0.01%
                       Insertion average length |	1.31
                             MULTI-MAPPING READS:
        Number of reads mapped to multiple loci |	2003657
             % of reads mapped to multiple loci |	5.06%
        Number of reads mapped to too many loci |	7093
             % of reads mapped to too many loci |	0.02%
                                  UNMAPPED READS:
       % of reads unmapped: too many mismatches |	9.36%
                 % of reads unmapped: too short |	8.53%
                     % of reads unmapped: other |	4.22%
                                  CHIMERIC READS:
                       Number of chimeric reads |	81484
                            % of chimeric reads |	0.21%
