                                 Started job on |	Dec 22 17:28:29
                             Started mapping on |	Dec 22 17:31:53
                                    Finished on |	Dec 22 17:47:08
       Mapping speed, Million of reads per hour |	119.62

                          Number of input reads |	30403539
                      Average input read length |	150
                                    UNIQUE READS:
                   Uniquely mapped reads number |	24615546
                        Uniquely mapped reads % |	80.96%
                          Average mapped length |	149.99
                       Number of splices: Total |	12768733
            Number of splices: Annotated (sjdb) |	12673050
                       Number of splices: GT/AG |	12654253
                       Number of splices: GC/AG |	88491
                       Number of splices: AT/AC |	11621
               Number of splices: Non-canonical |	14368
                      Mismatch rate per base, % |	0.35%
                         Deletion rate per base |	0.01%
                        Deletion average length |	1.61
                        Insertion rate per base |	0.01%
                       Insertion average length |	1.45
                             MULTI-MAPPING READS:
        Number of reads mapped to multiple loci |	2576255
             % of reads mapped to multiple loci |	8.47%
        Number of reads mapped to too many loci |	3224
             % of reads mapped to too many loci |	0.01%
                                  UNMAPPED READS:
       % of reads unmapped: too many mismatches |	7.26%
                 % of reads unmapped: too short |	3.04%
                     % of reads unmapped: other |	0.26%
                                  CHIMERIC READS:
                       Number of chimeric reads |	90851
                            % of chimeric reads |	0.30%
