                                 Started job on |	Dec 22 17:02:28
                             Started mapping on |	Dec 22 17:06:46
                                    Finished on |	Dec 22 17:18:53
       Mapping speed, Million of reads per hour |	113.91

                          Number of input reads |	23003754
                      Average input read length |	150
                                    UNIQUE READS:
                   Uniquely mapped reads number |	19154605
                        Uniquely mapped reads % |	83.27%
                          Average mapped length |	149.99
                       Number of splices: Total |	10223892
            Number of splices: Annotated (sjdb) |	10142296
                       Number of splices: GT/AG |	10131645
                       Number of splices: GC/AG |	67188
                       Number of splices: AT/AC |	9393
               Number of splices: Non-canonical |	15666
                      Mismatch rate per base, % |	0.39%
                         Deletion rate per base |	0.01%
                        Deletion average length |	1.73
                        Insertion rate per base |	0.01%
                       Insertion average length |	1.53
                             MULTI-MAPPING READS:
        Number of reads mapped to multiple loci |	1342177
             % of reads mapped to multiple loci |	5.83%
        Number of reads mapped to too many loci |	3778
             % of reads mapped to too many loci |	0.02%
                                  UNMAPPED READS:
       % of reads unmapped: too many mismatches |	7.97%
                 % of reads unmapped: too short |	2.59%
                     % of reads unmapped: other |	0.32%
                                  CHIMERIC READS:
                       Number of chimeric reads |	73443
                            % of chimeric reads |	0.32%
