                                 Started job on |	Dec 22 16:37:48
                             Started mapping on |	Dec 22 16:41:04
                                    Finished on |	Dec 22 16:55:41
       Mapping speed, Million of reads per hour |	109.63

                          Number of input reads |	26707482
                      Average input read length |	150
                                    UNIQUE READS:
                   Uniquely mapped reads number |	23188698
                        Uniquely mapped reads % |	86.82%
                          Average mapped length |	149.99
                       Number of splices: Total |	11703847
            Number of splices: Annotated (sjdb) |	11592993
                       Number of splices: GT/AG |	11594659
                       Number of splices: GC/AG |	81061
                       Number of splices: AT/AC |	8612
               Number of splices: Non-canonical |	19515
                      Mismatch rate per base, % |	0.32%
                         Deletion rate per base |	0.01%
                        Deletion average length |	1.80
                        Insertion rate per base |	0.00%
                       Insertion average length |	1.59
                             MULTI-MAPPING READS:
        Number of reads mapped to multiple loci |	1324028
             % of reads mapped to multiple loci |	4.96%
        Number of reads mapped to too many loci |	5333
             % of reads mapped to too many loci |	0.02%
                                  UNMAPPED READS:
       % of reads unmapped: too many mismatches |	5.34%
                 % of reads unmapped: too short |	2.26%
                     % of reads unmapped: other |	0.60%
                                  CHIMERIC READS:
                       Number of chimeric reads |	56810
                            % of chimeric reads |	0.21%
