                                 Started job on |	Dec 22 17:02:32
                             Started mapping on |	Dec 22 17:06:18
                                    Finished on |	Dec 22 17:19:24
       Mapping speed, Million of reads per hour |	128.54

                          Number of input reads |	28065259
                      Average input read length |	150
                                    UNIQUE READS:
                   Uniquely mapped reads number |	24267075
                        Uniquely mapped reads % |	86.47%
                          Average mapped length |	150.00
                       Number of splices: Total |	14278978
            Number of splices: Annotated (sjdb) |	14156333
                       Number of splices: GT/AG |	14139698
                       Number of splices: GC/AG |	98724
                       Number of splices: AT/AC |	13202
               Number of splices: Non-canonical |	27354
                      Mismatch rate per base, % |	0.31%
                         Deletion rate per base |	0.01%
                        Deletion average length |	1.71
                        Insertion rate per base |	0.00%
                       Insertion average length |	1.82
                             MULTI-MAPPING READS:
        Number of reads mapped to multiple loci |	1411955
             % of reads mapped to multiple loci |	5.03%
        Number of reads mapped to too many loci |	4666
             % of reads mapped to too many loci |	0.02%
                                  UNMAPPED READS:
       % of reads unmapped: too many mismatches |	6.14%
                 % of reads unmapped: too short |	1.88%
                     % of reads unmapped: other |	0.47%
                                  CHIMERIC READS:
                       Number of chimeric reads |	34707
                            % of chimeric reads |	0.12%
