                                 Started job on |	Dec 22 16:19:13
                             Started mapping on |	Dec 22 16:21:54
                                    Finished on |	Dec 22 16:37:38
       Mapping speed, Million of reads per hour |	131.75

                          Number of input reads |	34548283
                      Average input read length |	150
                                    UNIQUE READS:
                   Uniquely mapped reads number |	30193135
                        Uniquely mapped reads % |	87.39%
                          Average mapped length |	149.98
                       Number of splices: Total |	15393015
            Number of splices: Annotated (sjdb) |	15267811
                       Number of splices: GT/AG |	15238076
                       Number of splices: GC/AG |	115017
                       Number of splices: AT/AC |	13820
               Number of splices: Non-canonical |	26102
                      Mismatch rate per base, % |	0.31%
                         Deletion rate per base |	0.01%
                        Deletion average length |	1.58
                        Insertion rate per base |	0.01%
                       Insertion average length |	1.29
                             MULTI-MAPPING READS:
        Number of reads mapped to multiple loci |	1539035
             % of reads mapped to multiple loci |	4.45%
        Number of reads mapped to too many loci |	6621
             % of reads mapped to too many loci |	0.02%
                                  UNMAPPED READS:
       % of reads unmapped: too many mismatches |	5.51%
                 % of reads unmapped: too short |	2.43%
                     % of reads unmapped: other |	0.20%
                                  CHIMERIC READS:
                       Number of chimeric reads |	104243
                            % of chimeric reads |	0.30%
