                                 Started job on |	Dec 22 16:45:24
                             Started mapping on |	Dec 22 16:49:31
                                    Finished on |	Dec 22 17:04:23
       Mapping speed, Million of reads per hour |	120.24

                          Number of input reads |	29793823
                      Average input read length |	150
                                    UNIQUE READS:
                   Uniquely mapped reads number |	25786178
                        Uniquely mapped reads % |	86.55%
                          Average mapped length |	149.99
                       Number of splices: Total |	14224392
            Number of splices: Annotated (sjdb) |	14132487
                       Number of splices: GT/AG |	14100440
                       Number of splices: GC/AG |	95406
                       Number of splices: AT/AC |	11238
               Number of splices: Non-canonical |	17308
                      Mismatch rate per base, % |	0.37%
                         Deletion rate per base |	0.01%
                        Deletion average length |	1.93
                        Insertion rate per base |	0.00%
                       Insertion average length |	1.48
                             MULTI-MAPPING READS:
        Number of reads mapped to multiple loci |	1559816
             % of reads mapped to multiple loci |	5.24%
        Number of reads mapped to too many loci |	4066
             % of reads mapped to too many loci |	0.01%
                                  UNMAPPED READS:
       % of reads unmapped: too many mismatches |	6.23%
                 % of reads unmapped: too short |	1.68%
                     % of reads unmapped: other |	0.29%
                                  CHIMERIC READS:
                       Number of chimeric reads |	59775
                            % of chimeric reads |	0.20%
