                                 Started job on |	Dec 22 17:17:26
                             Started mapping on |	Dec 22 17:20:36
                                    Finished on |	Dec 22 17:32:33
       Mapping speed, Million of reads per hour |	116.90

                          Number of input reads |	23282559
                      Average input read length |	150
                                    UNIQUE READS:
                   Uniquely mapped reads number |	19099846
                        Uniquely mapped reads % |	82.03%
                          Average mapped length |	149.99
                       Number of splices: Total |	9957364
            Number of splices: Annotated (sjdb) |	9886500
                       Number of splices: GT/AG |	9864923
                       Number of splices: GC/AG |	70148
                       Number of splices: AT/AC |	9739
               Number of splices: Non-canonical |	12554
                      Mismatch rate per base, % |	0.41%
                         Deletion rate per base |	0.01%
                        Deletion average length |	1.70
                        Insertion rate per base |	0.01%
                       Insertion average length |	1.31
                             MULTI-MAPPING READS:
        Number of reads mapped to multiple loci |	1709535
             % of reads mapped to multiple loci |	7.34%
        Number of reads mapped to too many loci |	2876
             % of reads mapped to too many loci |	0.01%
                                  UNMAPPED READS:
       % of reads unmapped: too many mismatches |	7.95%
                 % of reads unmapped: too short |	2.55%
                     % of reads unmapped: other |	0.10%
                                  CHIMERIC READS:
                       Number of chimeric reads |	108832
                            % of chimeric reads |	0.47%
