                                 Started job on |	Dec 22 17:16:26
                             Started mapping on |	Dec 22 17:20:39
                                    Finished on |	Dec 22 17:33:34
       Mapping speed, Million of reads per hour |	94.22

                          Number of input reads |	20282671
                      Average input read length |	150
                                    UNIQUE READS:
                   Uniquely mapped reads number |	16553011
                        Uniquely mapped reads % |	81.61%
                          Average mapped length |	149.98
                       Number of splices: Total |	8276291
            Number of splices: Annotated (sjdb) |	8211088
                       Number of splices: GT/AG |	8203870
                       Number of splices: GC/AG |	59382
                       Number of splices: AT/AC |	7310
               Number of splices: Non-canonical |	5729
                      Mismatch rate per base, % |	0.36%
                         Deletion rate per base |	0.01%
                        Deletion average length |	1.62
                        Insertion rate per base |	0.01%
                       Insertion average length |	1.28
                             MULTI-MAPPING READS:
        Number of reads mapped to multiple loci |	1152308
             % of reads mapped to multiple loci |	5.68%
        Number of reads mapped to too many loci |	4324
             % of reads mapped to too many loci |	0.02%
                                  UNMAPPED READS:
       % of reads unmapped: too many mismatches |	5.82%
                 % of reads unmapped: too short |	5.14%
                     % of reads unmapped: other |	1.73%
                                  CHIMERIC READS:
                       Number of chimeric reads |	53730
                            % of chimeric reads |	0.26%
