                                 Started job on |	Dec 22 17:02:27
                             Started mapping on |	Dec 22 17:06:24
                                    Finished on |	Dec 22 17:15:13
       Mapping speed, Million of reads per hour |	106.18

                          Number of input reads |	15601850
                      Average input read length |	150
                                    UNIQUE READS:
                   Uniquely mapped reads number |	12809934
                        Uniquely mapped reads % |	82.11%
                          Average mapped length |	149.99
                       Number of splices: Total |	6990657
            Number of splices: Annotated (sjdb) |	6945079
                       Number of splices: GT/AG |	6925355
                       Number of splices: GC/AG |	48637
                       Number of splices: AT/AC |	6104
               Number of splices: Non-canonical |	10561
                      Mismatch rate per base, % |	0.37%
                         Deletion rate per base |	0.01%
                        Deletion average length |	1.57
                        Insertion rate per base |	0.01%
                       Insertion average length |	1.34
                             MULTI-MAPPING READS:
        Number of reads mapped to multiple loci |	682829
             % of reads mapped to multiple loci |	4.38%
        Number of reads mapped to too many loci |	1996
             % of reads mapped to too many loci |	0.01%
                                  UNMAPPED READS:
       % of reads unmapped: too many mismatches |	7.31%
                 % of reads unmapped: too short |	4.48%
                     % of reads unmapped: other |	1.72%
                                  CHIMERIC READS:
                       Number of chimeric reads |	35774
                            % of chimeric reads |	0.23%
