                                 Started job on |	Dec 22 17:02:21
                             Started mapping on |	Dec 22 17:06:43
                                    Finished on |	Dec 22 17:20:34
       Mapping speed, Million of reads per hour |	112.99

                          Number of input reads |	26081339
                      Average input read length |	150
                                    UNIQUE READS:
                   Uniquely mapped reads number |	21849902
                        Uniquely mapped reads % |	83.78%
                          Average mapped length |	149.99
                       Number of splices: Total |	12875119
            Number of splices: Annotated (sjdb) |	12779876
                       Number of splices: GT/AG |	12754061
                       Number of splices: GC/AG |	91757
                       Number of splices: AT/AC |	11178
               Number of splices: Non-canonical |	18123
                      Mismatch rate per base, % |	0.37%
                         Deletion rate per base |	0.01%
                        Deletion average length |	1.71
                        Insertion rate per base |	0.01%
                       Insertion average length |	1.31
                             MULTI-MAPPING READS:
        Number of reads mapped to multiple loci |	1235755
             % of reads mapped to multiple loci |	4.74%
        Number of reads mapped to too many loci |	3854
             % of reads mapped to too many loci |	0.01%
                                  UNMAPPED READS:
       % of reads unmapped: too many mismatches |	8.56%
                 % of reads unmapped: too short |	2.64%
                     % of reads unmapped: other |	0.27%
                                  CHIMERIC READS:
                       Number of chimeric reads |	71795
                            % of chimeric reads |	0.28%
