                                 Started job on |	Dec 22 17:02:41
                             Started mapping on |	Dec 22 17:07:07
                                    Finished on |	Dec 22 17:33:04
       Mapping speed, Million of reads per hour |	110.53

                          Number of input reads |	47805136
                      Average input read length |	150
                                    UNIQUE READS:
                   Uniquely mapped reads number |	38332891
                        Uniquely mapped reads % |	80.19%
                          Average mapped length |	149.99
                       Number of splices: Total |	20015757
            Number of splices: Annotated (sjdb) |	19865889
                       Number of splices: GT/AG |	19827993
                       Number of splices: GC/AG |	137304
                       Number of splices: AT/AC |	18210
               Number of splices: Non-canonical |	32250
                      Mismatch rate per base, % |	0.38%
                         Deletion rate per base |	0.01%
                        Deletion average length |	1.69
                        Insertion rate per base |	0.01%
                       Insertion average length |	1.37
                             MULTI-MAPPING READS:
        Number of reads mapped to multiple loci |	3069559
             % of reads mapped to multiple loci |	6.42%
        Number of reads mapped to too many loci |	6606
             % of reads mapped to too many loci |	0.01%
                                  UNMAPPED READS:
       % of reads unmapped: too many mismatches |	9.28%
                 % of reads unmapped: too short |	3.81%
                     % of reads unmapped: other |	0.29%
                                  CHIMERIC READS:
                       Number of chimeric reads |	142392
                            % of chimeric reads |	0.30%
