                                 Started job on |	Dec 22 16:27:35
                             Started mapping on |	Dec 22 16:30:34
                                    Finished on |	Dec 22 16:42:02
       Mapping speed, Million of reads per hour |	134.45

                          Number of input reads |	25694313
                      Average input read length |	150
                                    UNIQUE READS:
                   Uniquely mapped reads number |	22341028
                        Uniquely mapped reads % |	86.95%
                          Average mapped length |	149.99
                       Number of splices: Total |	11741474
            Number of splices: Annotated (sjdb) |	11644838
                       Number of splices: GT/AG |	11634832
                       Number of splices: GC/AG |	79088
                       Number of splices: AT/AC |	10587
               Number of splices: Non-canonical |	16967
                      Mismatch rate per base, % |	0.36%
                         Deletion rate per base |	0.01%
                        Deletion average length |	1.59
                        Insertion rate per base |	0.00%
                       Insertion average length |	1.56
                             MULTI-MAPPING READS:
        Number of reads mapped to multiple loci |	1319228
             % of reads mapped to multiple loci |	5.13%
        Number of reads mapped to too many loci |	3787
             % of reads mapped to too many loci |	0.01%
                                  UNMAPPED READS:
       % of reads unmapped: too many mismatches |	6.09%
                 % of reads unmapped: too short |	1.58%
                     % of reads unmapped: other |	0.23%
                                  CHIMERIC READS:
                       Number of chimeric reads |	40510
                            % of chimeric reads |	0.16%
