                                 Started job on |	Dec 22 17:16:23
                             Started mapping on |	Dec 22 17:20:17
                                    Finished on |	Dec 22 17:34:34
       Mapping speed, Million of reads per hour |	107.23

                          Number of input reads |	25527306
                      Average input read length |	150
                                    UNIQUE READS:
                   Uniquely mapped reads number |	21912100
                        Uniquely mapped reads % |	85.84%
                          Average mapped length |	149.99
                       Number of splices: Total |	11742611
            Number of splices: Annotated (sjdb) |	11662071
                       Number of splices: GT/AG |	11631931
                       Number of splices: GC/AG |	82759
                       Number of splices: AT/AC |	10480
               Number of splices: Non-canonical |	17441
                      Mismatch rate per base, % |	0.36%
                         Deletion rate per base |	0.01%
                        Deletion average length |	1.53
                        Insertion rate per base |	0.01%
                       Insertion average length |	1.31
                             MULTI-MAPPING READS:
        Number of reads mapped to multiple loci |	1228660
             % of reads mapped to multiple loci |	4.81%
        Number of reads mapped to too many loci |	3521
             % of reads mapped to too many loci |	0.01%
                                  UNMAPPED READS:
       % of reads unmapped: too many mismatches |	6.79%
                 % of reads unmapped: too short |	2.33%
                     % of reads unmapped: other |	0.21%
                                  CHIMERIC READS:
                       Number of chimeric reads |	64609
                            % of chimeric reads |	0.25%
