                                 Started job on |	Dec 22 17:02:24
                             Started mapping on |	Dec 22 17:07:09
                                    Finished on |	Dec 22 17:18:30
       Mapping speed, Million of reads per hour |	109.15

                          Number of input reads |	20647289
                      Average input read length |	150
                                    UNIQUE READS:
                   Uniquely mapped reads number |	17858749
                        Uniquely mapped reads % |	86.49%
                          Average mapped length |	149.99
                       Number of splices: Total |	9436364
            Number of splices: Annotated (sjdb) |	9359948
                       Number of splices: GT/AG |	9345748
                       Number of splices: GC/AG |	67216
                       Number of splices: AT/AC |	8032
               Number of splices: Non-canonical |	15368
                      Mismatch rate per base, % |	0.38%
                         Deletion rate per base |	0.01%
                        Deletion average length |	1.65
                        Insertion rate per base |	0.01%
                       Insertion average length |	1.30
                             MULTI-MAPPING READS:
        Number of reads mapped to multiple loci |	987561
             % of reads mapped to multiple loci |	4.78%
        Number of reads mapped to too many loci |	3501
             % of reads mapped to too many loci |	0.02%
                                  UNMAPPED READS:
       % of reads unmapped: too many mismatches |	6.25%
                 % of reads unmapped: too short |	2.21%
                     % of reads unmapped: other |	0.24%
                                  CHIMERIC READS:
                       Number of chimeric reads |	51503
                            % of chimeric reads |	0.25%
