                                 Started job on |	Dec 22 17:16:31
                             Started mapping on |	Dec 22 17:20:48
                                    Finished on |	Dec 22 17:36:14
       Mapping speed, Million of reads per hour |	121.93

                          Number of input reads |	31362988
                      Average input read length |	150
                                    UNIQUE READS:
                   Uniquely mapped reads number |	25792429
                        Uniquely mapped reads % |	82.24%
                          Average mapped length |	149.99
                       Number of splices: Total |	14349369
            Number of splices: Annotated (sjdb) |	14264439
                       Number of splices: GT/AG |	14218304
                       Number of splices: GC/AG |	94301
                       Number of splices: AT/AC |	11378
               Number of splices: Non-canonical |	25386
                      Mismatch rate per base, % |	0.33%
                         Deletion rate per base |	0.01%
                        Deletion average length |	1.56
                        Insertion rate per base |	0.01%
                       Insertion average length |	1.37
                             MULTI-MAPPING READS:
        Number of reads mapped to multiple loci |	1716290
             % of reads mapped to multiple loci |	5.47%
        Number of reads mapped to too many loci |	3127
             % of reads mapped to too many loci |	0.01%
                                  UNMAPPED READS:
       % of reads unmapped: too many mismatches |	7.96%
                 % of reads unmapped: too short |	3.51%
                     % of reads unmapped: other |	0.80%
                                  CHIMERIC READS:
                       Number of chimeric reads |	109148
                            % of chimeric reads |	0.35%
