                                 Started job on |	Dec 22 16:45:33
                             Started mapping on |	Dec 22 16:49:24
                                    Finished on |	Dec 22 17:05:21
       Mapping speed, Million of reads per hour |	129.63

                          Number of input reads |	34460628
                      Average input read length |	150
                                    UNIQUE READS:
                   Uniquely mapped reads number |	28556784
                        Uniquely mapped reads % |	82.87%
                          Average mapped length |	149.99
                       Number of splices: Total |	14986880
            Number of splices: Annotated (sjdb) |	14882129
                       Number of splices: GT/AG |	14854090
                       Number of splices: GC/AG |	103534
                       Number of splices: AT/AC |	12732
               Number of splices: Non-canonical |	16524
                      Mismatch rate per base, % |	0.35%
                         Deletion rate per base |	0.01%
                        Deletion average length |	1.69
                        Insertion rate per base |	0.01%
                       Insertion average length |	1.32
                             MULTI-MAPPING READS:
        Number of reads mapped to multiple loci |	2492345
             % of reads mapped to multiple loci |	7.23%
        Number of reads mapped to too many loci |	3584
             % of reads mapped to too many loci |	0.01%
                                  UNMAPPED READS:
       % of reads unmapped: too many mismatches |	7.41%
                 % of reads unmapped: too short |	2.35%
                     % of reads unmapped: other |	0.13%
                                  CHIMERIC READS:
                       Number of chimeric reads |	80204
                            % of chimeric reads |	0.23%
