                                 Started job on |	Dec 22 17:02:32
                             Started mapping on |	Dec 22 17:06:20
                                    Finished on |	Dec 22 17:22:55
       Mapping speed, Million of reads per hour |	123.62

                          Number of input reads |	34167784
                      Average input read length |	150
                                    UNIQUE READS:
                   Uniquely mapped reads number |	29696362
                        Uniquely mapped reads % |	86.91%
                          Average mapped length |	149.99
                       Number of splices: Total |	15589667
            Number of splices: Annotated (sjdb) |	15473020
                       Number of splices: GT/AG |	15433059
                       Number of splices: GC/AG |	119119
                       Number of splices: AT/AC |	14896
               Number of splices: Non-canonical |	22593
                      Mismatch rate per base, % |	0.31%
                         Deletion rate per base |	0.01%
                        Deletion average length |	1.61
                        Insertion rate per base |	0.01%
                       Insertion average length |	1.31
                             MULTI-MAPPING READS:
        Number of reads mapped to multiple loci |	1551288
             % of reads mapped to multiple loci |	4.54%
        Number of reads mapped to too many loci |	4880
             % of reads mapped to too many loci |	0.01%
                                  UNMAPPED READS:
       % of reads unmapped: too many mismatches |	5.99%
                 % of reads unmapped: too short |	2.39%
                     % of reads unmapped: other |	0.16%
                                  CHIMERIC READS:
                       Number of chimeric reads |	111885
                            % of chimeric reads |	0.33%
