                                 Started job on |	Dec 22 17:02:39
                             Started mapping on |	Dec 22 17:06:24
                                    Finished on |	Dec 22 17:18:36
       Mapping speed, Million of reads per hour |	121.07

                          Number of input reads |	24617731
                      Average input read length |	150
                                    UNIQUE READS:
                   Uniquely mapped reads number |	20688605
                        Uniquely mapped reads % |	84.04%
                          Average mapped length |	149.99
                       Number of splices: Total |	9770438
            Number of splices: Annotated (sjdb) |	9693296
                       Number of splices: GT/AG |	9679317
                       Number of splices: GC/AG |	68072
                       Number of splices: AT/AC |	9711
               Number of splices: Non-canonical |	13338
                      Mismatch rate per base, % |	0.35%
                         Deletion rate per base |	0.01%
                        Deletion average length |	1.65
                        Insertion rate per base |	0.01%
                       Insertion average length |	1.48
                             MULTI-MAPPING READS:
        Number of reads mapped to multiple loci |	1686625
             % of reads mapped to multiple loci |	6.85%
        Number of reads mapped to too many loci |	4400
             % of reads mapped to too many loci |	0.02%
                                  UNMAPPED READS:
       % of reads unmapped: too many mismatches |	6.29%
                 % of reads unmapped: too short |	2.54%
                     % of reads unmapped: other |	0.26%
                                  CHIMERIC READS:
                       Number of chimeric reads |	56028
                            % of chimeric reads |	0.23%
