                                 Started job on |	Dec 22 16:04:26
                             Started mapping on |	Dec 22 16:10:01
                                    Finished on |	Dec 22 16:18:27
       Mapping speed, Million of reads per hour |	108.45

                          Number of input reads |	15243577
                      Average input read length |	150
                                    UNIQUE READS:
                   Uniquely mapped reads number |	13125038
                        Uniquely mapped reads % |	86.10%
                          Average mapped length |	149.99
                       Number of splices: Total |	7572222
            Number of splices: Annotated (sjdb) |	7524490
                       Number of splices: GT/AG |	7501390
                       Number of splices: GC/AG |	51714
                       Number of splices: AT/AC |	6478
               Number of splices: Non-canonical |	12640
                      Mismatch rate per base, % |	0.32%
                         Deletion rate per base |	0.01%
                        Deletion average length |	1.56
                        Insertion rate per base |	0.01%
                       Insertion average length |	1.34
                             MULTI-MAPPING READS:
        Number of reads mapped to multiple loci |	812133
             % of reads mapped to multiple loci |	5.33%
        Number of reads mapped to too many loci |	1380
             % of reads mapped to too many loci |	0.01%
                                  UNMAPPED READS:
       % of reads unmapped: too many mismatches |	6.11%
                 % of reads unmapped: too short |	2.19%
                     % of reads unmapped: other |	0.27%
                                  CHIMERIC READS:
                       Number of chimeric reads |	31291
                            % of chimeric reads |	0.21%
