                                 Started job on |	Dec 22 17:16:32
                             Started mapping on |	Dec 22 17:19:55
                                    Finished on |	Dec 22 17:35:37
       Mapping speed, Million of reads per hour |	125.34

                          Number of input reads |	32796555
                      Average input read length |	150
                                    UNIQUE READS:
                   Uniquely mapped reads number |	27331530
                        Uniquely mapped reads % |	83.34%
                          Average mapped length |	149.99
                       Number of splices: Total |	15370880
            Number of splices: Annotated (sjdb) |	15256366
                       Number of splices: GT/AG |	15222535
                       Number of splices: GC/AG |	110978
                       Number of splices: AT/AC |	13819
               Number of splices: Non-canonical |	23548
                      Mismatch rate per base, % |	0.33%
                         Deletion rate per base |	0.01%
                        Deletion average length |	1.74
                        Insertion rate per base |	0.01%
                       Insertion average length |	1.37
                             MULTI-MAPPING READS:
        Number of reads mapped to multiple loci |	1407282
             % of reads mapped to multiple loci |	4.29%
        Number of reads mapped to too many loci |	4890
             % of reads mapped to too many loci |	0.01%
                                  UNMAPPED READS:
       % of reads unmapped: too many mismatches |	8.02%
                 % of reads unmapped: too short |	3.54%
                     % of reads unmapped: other |	0.80%
                                  CHIMERIC READS:
                       Number of chimeric reads |	132180
                            % of chimeric reads |	0.40%
