                                 Started job on |	Dec 22 17:16:31
                             Started mapping on |	Dec 22 17:20:51
                                    Finished on |	Dec 22 17:42:15
       Mapping speed, Million of reads per hour |	102.67

                          Number of input reads |	36620358
                      Average input read length |	150
                                    UNIQUE READS:
                   Uniquely mapped reads number |	29947881
                        Uniquely mapped reads % |	81.78%
                          Average mapped length |	149.99
                       Number of splices: Total |	14729114
            Number of splices: Annotated (sjdb) |	14594380
                       Number of splices: GT/AG |	14603355
                       Number of splices: GC/AG |	98741
                       Number of splices: AT/AC |	12916
               Number of splices: Non-canonical |	14102
                      Mismatch rate per base, % |	0.41%
                         Deletion rate per base |	0.01%
                        Deletion average length |	1.74
                        Insertion rate per base |	0.01%
                       Insertion average length |	1.45
                             MULTI-MAPPING READS:
        Number of reads mapped to multiple loci |	2689923
             % of reads mapped to multiple loci |	7.35%
        Number of reads mapped to too many loci |	6429
             % of reads mapped to too many loci |	0.02%
                                  UNMAPPED READS:
       % of reads unmapped: too many mismatches |	8.32%
                 % of reads unmapped: too short |	2.41%
                     % of reads unmapped: other |	0.13%
                                  CHIMERIC READS:
                       Number of chimeric reads |	174951
                            % of chimeric reads |	0.48%
