                                 Started job on |	Dec 22 16:43:33
                             Started mapping on |	Dec 22 16:45:53
                                    Finished on |	Dec 22 17:01:24
       Mapping speed, Million of reads per hour |	132.92

                          Number of input reads |	34374754
                      Average input read length |	150
                                    UNIQUE READS:
                   Uniquely mapped reads number |	29868454
                        Uniquely mapped reads % |	86.89%
                          Average mapped length |	149.99
                       Number of splices: Total |	16118976
            Number of splices: Annotated (sjdb) |	15982674
                       Number of splices: GT/AG |	15960023
                       Number of splices: GC/AG |	117760
                       Number of splices: AT/AC |	14547
               Number of splices: Non-canonical |	26646
                      Mismatch rate per base, % |	0.30%
                         Deletion rate per base |	0.01%
                        Deletion average length |	1.56
                        Insertion rate per base |	0.01%
                       Insertion average length |	1.29
                             MULTI-MAPPING READS:
        Number of reads mapped to multiple loci |	1451698
             % of reads mapped to multiple loci |	4.22%
        Number of reads mapped to too many loci |	4213
             % of reads mapped to too many loci |	0.01%
                                  UNMAPPED READS:
       % of reads unmapped: too many mismatches |	6.08%
                 % of reads unmapped: too short |	2.50%
                     % of reads unmapped: other |	0.30%
                                  CHIMERIC READS:
                       Number of chimeric reads |	103531
                            % of chimeric reads |	0.30%
