                                 Started job on |	Dec 22 17:16:29
                             Started mapping on |	Dec 22 17:20:34
                                    Finished on |	Dec 22 17:33:36
       Mapping speed, Million of reads per hour |	124.51

                          Number of input reads |	27045305
                      Average input read length |	150
                                    UNIQUE READS:
                   Uniquely mapped reads number |	22346092
                        Uniquely mapped reads % |	82.62%
                          Average mapped length |	149.99
                       Number of splices: Total |	10874955
            Number of splices: Annotated (sjdb) |	10772426
                       Number of splices: GT/AG |	10778729
                       Number of splices: GC/AG |	73608
                       Number of splices: AT/AC |	9365
               Number of splices: Non-canonical |	13253
                      Mismatch rate per base, % |	0.30%
                         Deletion rate per base |	0.01%
                        Deletion average length |	1.75
                        Insertion rate per base |	0.01%
                       Insertion average length |	1.35
                             MULTI-MAPPING READS:
        Number of reads mapped to multiple loci |	2161555
             % of reads mapped to multiple loci |	7.99%
        Number of reads mapped to too many loci |	4308
             % of reads mapped to too many loci |	0.02%
                                  UNMAPPED READS:
       % of reads unmapped: too many mismatches |	6.53%
                 % of reads unmapped: too short |	2.62%
                     % of reads unmapped: other |	0.22%
                                  CHIMERIC READS:
                       Number of chimeric reads |	125182
                            % of chimeric reads |	0.46%
