                                 Started job on |	Dec 22 16:25:02
                             Started mapping on |	Dec 22 16:28:19
                                    Finished on |	Dec 22 16:41:42
       Mapping speed, Million of reads per hour |	122.89

                          Number of input reads |	27410982
                      Average input read length |	150
                                    UNIQUE READS:
                   Uniquely mapped reads number |	23834310
                        Uniquely mapped reads % |	86.95%
                          Average mapped length |	149.99
                       Number of splices: Total |	13110189
            Number of splices: Annotated (sjdb) |	13003679
                       Number of splices: GT/AG |	12985334
                       Number of splices: GC/AG |	94686
                       Number of splices: AT/AC |	11678
               Number of splices: Non-canonical |	18491
                      Mismatch rate per base, % |	0.35%
                         Deletion rate per base |	0.01%
                        Deletion average length |	1.74
                        Insertion rate per base |	0.00%
                       Insertion average length |	1.55
                             MULTI-MAPPING READS:
        Number of reads mapped to multiple loci |	1366668
             % of reads mapped to multiple loci |	4.99%
        Number of reads mapped to too many loci |	3194
             % of reads mapped to too many loci |	0.01%
                                  UNMAPPED READS:
       % of reads unmapped: too many mismatches |	6.08%
                 % of reads unmapped: too short |	1.72%
                     % of reads unmapped: other |	0.26%
                                  CHIMERIC READS:
                       Number of chimeric reads |	55806
                            % of chimeric reads |	0.20%
