                                 Started job on |	Dec 22 17:04:03
                             Started mapping on |	Dec 22 17:07:51
                                    Finished on |	Dec 22 17:27:26
       Mapping speed, Million of reads per hour |	110.52

                          Number of input reads |	36073736
                      Average input read length |	150
                                    UNIQUE READS:
                   Uniquely mapped reads number |	28700146
                        Uniquely mapped reads % |	79.56%
                          Average mapped length |	149.99
                       Number of splices: Total |	14566330
            Number of splices: Annotated (sjdb) |	14448954
                       Number of splices: GT/AG |	14431705
                       Number of splices: GC/AG |	101720
                       Number of splices: AT/AC |	14090
               Number of splices: Non-canonical |	18815
                      Mismatch rate per base, % |	0.34%
                         Deletion rate per base |	0.01%
                        Deletion average length |	1.78
                        Insertion rate per base |	0.01%
                       Insertion average length |	1.33
                             MULTI-MAPPING READS:
        Number of reads mapped to multiple loci |	3688536
             % of reads mapped to multiple loci |	10.22%
        Number of reads mapped to too many loci |	5597
             % of reads mapped to too many loci |	0.02%
                                  UNMAPPED READS:
       % of reads unmapped: too many mismatches |	6.88%
                 % of reads unmapped: too short |	3.10%
                     % of reads unmapped: other |	0.22%
                                  CHIMERIC READS:
                       Number of chimeric reads |	199028
                            % of chimeric reads |	0.55%
