                                 Started job on |	Dec 22 16:45:39
                             Started mapping on |	Dec 22 17:07:21
                                    Finished on |	Dec 22 17:23:22
       Mapping speed, Million of reads per hour |	105.03

                          Number of input reads |	28035944
                      Average input read length |	150
                                    UNIQUE READS:
                   Uniquely mapped reads number |	23343843
                        Uniquely mapped reads % |	83.26%
                          Average mapped length |	149.99
                       Number of splices: Total |	11425257
            Number of splices: Annotated (sjdb) |	11336414
                       Number of splices: GT/AG |	11335975
                       Number of splices: GC/AG |	71774
                       Number of splices: AT/AC |	10091
               Number of splices: Non-canonical |	7417
                      Mismatch rate per base, % |	0.30%
                         Deletion rate per base |	0.01%
                        Deletion average length |	1.61
                        Insertion rate per base |	0.01%
                       Insertion average length |	1.42
                             MULTI-MAPPING READS:
        Number of reads mapped to multiple loci |	1856270
             % of reads mapped to multiple loci |	6.62%
        Number of reads mapped to too many loci |	3956
             % of reads mapped to too many loci |	0.01%
                                  UNMAPPED READS:
       % of reads unmapped: too many mismatches |	7.03%
                 % of reads unmapped: too short |	2.55%
                     % of reads unmapped: other |	0.52%
                                  CHIMERIC READS:
                       Number of chimeric reads |	54807
                            % of chimeric reads |	0.20%
