                                 Started job on |	Dec 22 17:16:29
                             Started mapping on |	Dec 22 17:20:31
                                    Finished on |	Dec 22 17:34:42
       Mapping speed, Million of reads per hour |	122.64

                          Number of input reads |	28991685
                      Average input read length |	150
                                    UNIQUE READS:
                   Uniquely mapped reads number |	25221007
                        Uniquely mapped reads % |	86.99%
                          Average mapped length |	149.99
                       Number of splices: Total |	14059667
            Number of splices: Annotated (sjdb) |	13942753
                       Number of splices: GT/AG |	13928617
                       Number of splices: GC/AG |	96709
                       Number of splices: AT/AC |	13741
               Number of splices: Non-canonical |	20600
                      Mismatch rate per base, % |	0.30%
                         Deletion rate per base |	0.01%
                        Deletion average length |	1.72
                        Insertion rate per base |	0.00%
                       Insertion average length |	1.52
                             MULTI-MAPPING READS:
        Number of reads mapped to multiple loci |	1344322
             % of reads mapped to multiple loci |	4.64%
        Number of reads mapped to too many loci |	3705
             % of reads mapped to too many loci |	0.01%
                                  UNMAPPED READS:
       % of reads unmapped: too many mismatches |	5.86%
                 % of reads unmapped: too short |	2.16%
                     % of reads unmapped: other |	0.34%
                                  CHIMERIC READS:
                       Number of chimeric reads |	75016
                            % of chimeric reads |	0.26%
