                                 Started job on |	Dec 22 17:02:29
                             Started mapping on |	Dec 22 17:06:27
                                    Finished on |	Dec 22 17:25:34
       Mapping speed, Million of reads per hour |	118.88

                          Number of input reads |	37876300
                      Average input read length |	150
                                    UNIQUE READS:
                   Uniquely mapped reads number |	31507424
                        Uniquely mapped reads % |	83.19%
                          Average mapped length |	149.99
                       Number of splices: Total |	17820137
            Number of splices: Annotated (sjdb) |	17690482
                       Number of splices: GT/AG |	17649245
                       Number of splices: GC/AG |	128902
                       Number of splices: AT/AC |	16418
               Number of splices: Non-canonical |	25572
                      Mismatch rate per base, % |	0.38%
                         Deletion rate per base |	0.01%
                        Deletion average length |	1.60
                        Insertion rate per base |	0.01%
                       Insertion average length |	1.34
                             MULTI-MAPPING READS:
        Number of reads mapped to multiple loci |	1668603
             % of reads mapped to multiple loci |	4.41%
        Number of reads mapped to too many loci |	4836
             % of reads mapped to too many loci |	0.01%
                                  UNMAPPED READS:
       % of reads unmapped: too many mismatches |	8.65%
                 % of reads unmapped: too short |	3.50%
                     % of reads unmapped: other |	0.24%
                                  CHIMERIC READS:
                       Number of chimeric reads |	106017
                            % of chimeric reads |	0.28%
