                                 Started job on |	Dec 22 16:25:39
                             Started mapping on |	Dec 22 16:29:20
                                    Finished on |	Dec 22 16:49:08
       Mapping speed, Million of reads per hour |	120.02

                          Number of input reads |	39605332
                      Average input read length |	150
                                    UNIQUE READS:
                   Uniquely mapped reads number |	33353173
                        Uniquely mapped reads % |	84.21%
                          Average mapped length |	149.99
                       Number of splices: Total |	18563207
            Number of splices: Annotated (sjdb) |	18405511
                       Number of splices: GT/AG |	18381030
                       Number of splices: GC/AG |	133698
                       Number of splices: AT/AC |	15682
               Number of splices: Non-canonical |	32797
                      Mismatch rate per base, % |	0.30%
                         Deletion rate per base |	0.01%
                        Deletion average length |	1.63
                        Insertion rate per base |	0.01%
                       Insertion average length |	1.42
                             MULTI-MAPPING READS:
        Number of reads mapped to multiple loci |	1882928
             % of reads mapped to multiple loci |	4.75%
        Number of reads mapped to too many loci |	4693
             % of reads mapped to too many loci |	0.01%
                                  UNMAPPED READS:
       % of reads unmapped: too many mismatches |	7.27%
                 % of reads unmapped: too short |	3.08%
                     % of reads unmapped: other |	0.67%
                                  CHIMERIC READS:
                       Number of chimeric reads |	134720
                            % of chimeric reads |	0.34%
