                                 Started job on |	Dec 22 17:02:32
                             Started mapping on |	Dec 22 17:06:20
                                    Finished on |	Dec 22 17:30:52
       Mapping speed, Million of reads per hour |	118.86

                          Number of input reads |	48599210
                      Average input read length |	150
                                    UNIQUE READS:
                   Uniquely mapped reads number |	40896459
                        Uniquely mapped reads % |	84.15%
                          Average mapped length |	149.98
                       Number of splices: Total |	20737435
            Number of splices: Annotated (sjdb) |	20559524
                       Number of splices: GT/AG |	20534740
                       Number of splices: GC/AG |	154929
                       Number of splices: AT/AC |	18538
               Number of splices: Non-canonical |	29228
                      Mismatch rate per base, % |	0.38%
                         Deletion rate per base |	0.01%
                        Deletion average length |	1.65
                        Insertion rate per base |	0.01%
                       Insertion average length |	1.36
                             MULTI-MAPPING READS:
        Number of reads mapped to multiple loci |	2213994
             % of reads mapped to multiple loci |	4.56%
        Number of reads mapped to too many loci |	7832
             % of reads mapped to too many loci |	0.02%
                                  UNMAPPED READS:
       % of reads unmapped: too many mismatches |	7.84%
                 % of reads unmapped: too short |	2.89%
                     % of reads unmapped: other |	0.55%
                                  CHIMERIC READS:
                       Number of chimeric reads |	126122
                            % of chimeric reads |	0.26%
