                                 Started job on |	Dec 22 16:39:30
                             Started mapping on |	Dec 22 16:42:29
                                    Finished on |	Dec 22 16:57:51
       Mapping speed, Million of reads per hour |	115.05

                          Number of input reads |	29466149
                      Average input read length |	150
                                    UNIQUE READS:
                   Uniquely mapped reads number |	22120598
                        Uniquely mapped reads % |	75.07%
                          Average mapped length |	149.99
                       Number of splices: Total |	11125333
            Number of splices: Annotated (sjdb) |	11045244
                       Number of splices: GT/AG |	11026682
                       Number of splices: GC/AG |	70654
                       Number of splices: AT/AC |	8946
               Number of splices: Non-canonical |	19051
                      Mismatch rate per base, % |	0.32%
                         Deletion rate per base |	0.01%
                        Deletion average length |	1.51
                        Insertion rate per base |	0.01%
                       Insertion average length |	1.54
                             MULTI-MAPPING READS:
        Number of reads mapped to multiple loci |	4928796
             % of reads mapped to multiple loci |	16.73%
        Number of reads mapped to too many loci |	3387
             % of reads mapped to too many loci |	0.01%
                                  UNMAPPED READS:
       % of reads unmapped: too many mismatches |	6.12%
                 % of reads unmapped: too short |	1.88%
                     % of reads unmapped: other |	0.19%
                                  CHIMERIC READS:
                       Number of chimeric reads |	51939
                            % of chimeric reads |	0.18%
