                                 Started job on |	Dec 22 17:02:33
                             Started mapping on |	Dec 22 17:06:39
                                    Finished on |	Dec 22 17:19:57
       Mapping speed, Million of reads per hour |	120.04

                          Number of input reads |	26608595
                      Average input read length |	150
                                    UNIQUE READS:
                   Uniquely mapped reads number |	22113736
                        Uniquely mapped reads % |	83.11%
                          Average mapped length |	149.99
                       Number of splices: Total |	11697477
            Number of splices: Annotated (sjdb) |	11606812
                       Number of splices: GT/AG |	11594566
                       Number of splices: GC/AG |	79349
                       Number of splices: AT/AC |	11438
               Number of splices: Non-canonical |	12124
                      Mismatch rate per base, % |	0.35%
                         Deletion rate per base |	0.01%
                        Deletion average length |	1.68
                        Insertion rate per base |	0.00%
                       Insertion average length |	1.45
                             MULTI-MAPPING READS:
        Number of reads mapped to multiple loci |	1741531
             % of reads mapped to multiple loci |	6.54%
        Number of reads mapped to too many loci |	3338
             % of reads mapped to too many loci |	0.01%
                                  UNMAPPED READS:
       % of reads unmapped: too many mismatches |	7.34%
                 % of reads unmapped: too short |	2.79%
                     % of reads unmapped: other |	0.20%
                                  CHIMERIC READS:
                       Number of chimeric reads |	71444
                            % of chimeric reads |	0.27%
