                                 Started job on |	Dec 22 16:45:34
                             Started mapping on |	Dec 22 16:50:03
                                    Finished on |	Dec 22 17:05:02
       Mapping speed, Million of reads per hour |	110.29

                          Number of input reads |	27541534
                      Average input read length |	150
                                    UNIQUE READS:
                   Uniquely mapped reads number |	22360144
                        Uniquely mapped reads % |	81.19%
                          Average mapped length |	149.99
                       Number of splices: Total |	11451015
            Number of splices: Annotated (sjdb) |	11373924
                       Number of splices: GT/AG |	11346622
                       Number of splices: GC/AG |	76261
                       Number of splices: AT/AC |	9116
               Number of splices: Non-canonical |	19016
                      Mismatch rate per base, % |	0.42%
                         Deletion rate per base |	0.01%
                        Deletion average length |	1.79
                        Insertion rate per base |	0.01%
                       Insertion average length |	1.46
                             MULTI-MAPPING READS:
        Number of reads mapped to multiple loci |	2225471
             % of reads mapped to multiple loci |	8.08%
        Number of reads mapped to too many loci |	3712
             % of reads mapped to too many loci |	0.01%
                                  UNMAPPED READS:
       % of reads unmapped: too many mismatches |	8.21%
                 % of reads unmapped: too short |	2.32%
                     % of reads unmapped: other |	0.19%
                                  CHIMERIC READS:
                       Number of chimeric reads |	100053
                            % of chimeric reads |	0.36%
