                                 Started job on |	Dec 22 16:47:19
                             Started mapping on |	Dec 22 16:50:27
                                    Finished on |	Dec 22 17:08:37
       Mapping speed, Million of reads per hour |	122.67

                          Number of input reads |	37142091
                      Average input read length |	150
                                    UNIQUE READS:
                   Uniquely mapped reads number |	29373995
                        Uniquely mapped reads % |	79.09%
                          Average mapped length |	149.99
                       Number of splices: Total |	14753134
            Number of splices: Annotated (sjdb) |	14663054
                       Number of splices: GT/AG |	14620502
                       Number of splices: GC/AG |	95871
                       Number of splices: AT/AC |	11714
               Number of splices: Non-canonical |	25047
                      Mismatch rate per base, % |	0.44%
                         Deletion rate per base |	0.01%
                        Deletion average length |	1.69
                        Insertion rate per base |	0.01%
                       Insertion average length |	1.38
                             MULTI-MAPPING READS:
        Number of reads mapped to multiple loci |	3269484
             % of reads mapped to multiple loci |	8.80%
        Number of reads mapped to too many loci |	6360
             % of reads mapped to too many loci |	0.02%
                                  UNMAPPED READS:
       % of reads unmapped: too many mismatches |	8.89%
                 % of reads unmapped: too short |	2.98%
                     % of reads unmapped: other |	0.23%
                                  CHIMERIC READS:
                       Number of chimeric reads |	158323
                            % of chimeric reads |	0.43%
