                                 Started job on |	Dec 22 17:28:50
                             Started mapping on |	Dec 22 17:32:12
                                    Finished on |	Dec 22 17:46:44
       Mapping speed, Million of reads per hour |	131.57

                          Number of input reads |	31870246
                      Average input read length |	150
                                    UNIQUE READS:
                   Uniquely mapped reads number |	26278051
                        Uniquely mapped reads % |	82.45%
                          Average mapped length |	149.99
                       Number of splices: Total |	14761848
            Number of splices: Annotated (sjdb) |	14648636
                       Number of splices: GT/AG |	14625368
                       Number of splices: GC/AG |	102606
                       Number of splices: AT/AC |	12743
               Number of splices: Non-canonical |	21131
                      Mismatch rate per base, % |	0.28%
                         Deletion rate per base |	0.01%
                        Deletion average length |	1.56
                        Insertion rate per base |	0.01%
                       Insertion average length |	1.38
                             MULTI-MAPPING READS:
        Number of reads mapped to multiple loci |	1779451
             % of reads mapped to multiple loci |	5.58%
        Number of reads mapped to too many loci |	2634
             % of reads mapped to too many loci |	0.01%
                                  UNMAPPED READS:
       % of reads unmapped: too many mismatches |	7.82%
                 % of reads unmapped: too short |	3.49%
                     % of reads unmapped: other |	0.65%
                                  CHIMERIC READS:
                       Number of chimeric reads |	115801
                            % of chimeric reads |	0.36%
