                                 Started job on |	Dec 22 16:42:11
                             Started mapping on |	Dec 22 16:45:10
                                    Finished on |	Dec 22 17:15:05
       Mapping speed, Million of reads per hour |	117.46

                          Number of input reads |	58565297
                      Average input read length |	150
                                    UNIQUE READS:
                   Uniquely mapped reads number |	47844167
                        Uniquely mapped reads % |	81.69%
                          Average mapped length |	149.99
                       Number of splices: Total |	24345903
            Number of splices: Annotated (sjdb) |	24143794
                       Number of splices: GT/AG |	24109764
                       Number of splices: GC/AG |	177530
                       Number of splices: AT/AC |	21934
               Number of splices: Non-canonical |	36675
                      Mismatch rate per base, % |	0.37%
                         Deletion rate per base |	0.01%
                        Deletion average length |	1.61
                        Insertion rate per base |	0.01%
                       Insertion average length |	1.32
                             MULTI-MAPPING READS:
        Number of reads mapped to multiple loci |	3628522
             % of reads mapped to multiple loci |	6.20%
        Number of reads mapped to too many loci |	10491
             % of reads mapped to too many loci |	0.02%
                                  UNMAPPED READS:
       % of reads unmapped: too many mismatches |	8.75%
                 % of reads unmapped: too short |	3.13%
                     % of reads unmapped: other |	0.22%
                                  CHIMERIC READS:
                       Number of chimeric reads |	201368
                            % of chimeric reads |	0.34%
