                                 Started job on |	Dec 22 16:04:23
                             Started mapping on |	Dec 22 16:10:47
                                    Finished on |	Dec 22 16:23:17
       Mapping speed, Million of reads per hour |	119.01

                          Number of input reads |	24794394
                      Average input read length |	150
                                    UNIQUE READS:
                   Uniquely mapped reads number |	20791762
                        Uniquely mapped reads % |	83.86%
                          Average mapped length |	149.99
                       Number of splices: Total |	9808016
            Number of splices: Annotated (sjdb) |	9721663
                       Number of splices: GT/AG |	9724364
                       Number of splices: GC/AG |	63796
                       Number of splices: AT/AC |	8680
               Number of splices: Non-canonical |	11176
                      Mismatch rate per base, % |	0.31%
                         Deletion rate per base |	0.01%
                        Deletion average length |	1.70
                        Insertion rate per base |	0.01%
                       Insertion average length |	1.48
                             MULTI-MAPPING READS:
        Number of reads mapped to multiple loci |	1798302
             % of reads mapped to multiple loci |	7.25%
        Number of reads mapped to too many loci |	5215
             % of reads mapped to too many loci |	0.02%
                                  UNMAPPED READS:
       % of reads unmapped: too many mismatches |	6.53%
                 % of reads unmapped: too short |	2.09%
                     % of reads unmapped: other |	0.24%
                                  CHIMERIC READS:
                       Number of chimeric reads |	62072
                            % of chimeric reads |	0.25%
