                                 Started job on |	Dec 22 17:28:26
                             Started mapping on |	Dec 22 17:32:11
                                    Finished on |	Dec 22 17:42:40
       Mapping speed, Million of reads per hour |	107.70

                          Number of input reads |	18817594
                      Average input read length |	150
                                    UNIQUE READS:
                   Uniquely mapped reads number |	15926944
                        Uniquely mapped reads % |	84.64%
                          Average mapped length |	149.99
                       Number of splices: Total |	8247724
            Number of splices: Annotated (sjdb) |	8171611
                       Number of splices: GT/AG |	8173117
                       Number of splices: GC/AG |	58226
                       Number of splices: AT/AC |	6985
               Number of splices: Non-canonical |	9396
                      Mismatch rate per base, % |	0.34%
                         Deletion rate per base |	0.01%
                        Deletion average length |	1.55
                        Insertion rate per base |	0.01%
                       Insertion average length |	1.32
                             MULTI-MAPPING READS:
        Number of reads mapped to multiple loci |	980870
             % of reads mapped to multiple loci |	5.21%
        Number of reads mapped to too many loci |	3326
             % of reads mapped to too many loci |	0.02%
                                  UNMAPPED READS:
       % of reads unmapped: too many mismatches |	6.70%
                 % of reads unmapped: too short |	2.79%
                     % of reads unmapped: other |	0.65%
                                  CHIMERIC READS:
                       Number of chimeric reads |	38605
                            % of chimeric reads |	0.21%
