                                 Started job on |	Dec 22 17:02:35
                             Started mapping on |	Dec 22 17:07:16
                                    Finished on |	Dec 22 17:16:08
       Mapping speed, Million of reads per hour |	104.22

                          Number of input reads |	15400792
                      Average input read length |	150
                                    UNIQUE READS:
                   Uniquely mapped reads number |	13189913
                        Uniquely mapped reads % |	85.64%
                          Average mapped length |	149.99
                       Number of splices: Total |	7050908
            Number of splices: Annotated (sjdb) |	6997603
                       Number of splices: GT/AG |	6985817
                       Number of splices: GC/AG |	49674
                       Number of splices: AT/AC |	6087
               Number of splices: Non-canonical |	9330
                      Mismatch rate per base, % |	0.37%
                         Deletion rate per base |	0.01%
                        Deletion average length |	1.60
                        Insertion rate per base |	0.01%
                       Insertion average length |	1.31
                             MULTI-MAPPING READS:
        Number of reads mapped to multiple loci |	727278
             % of reads mapped to multiple loci |	4.72%
        Number of reads mapped to too many loci |	2429
             % of reads mapped to too many loci |	0.02%
                                  UNMAPPED READS:
       % of reads unmapped: too many mismatches |	7.02%
                 % of reads unmapped: too short |	2.24%
                     % of reads unmapped: other |	0.36%
                                  CHIMERIC READS:
                       Number of chimeric reads |	37742
                            % of chimeric reads |	0.25%
