                                 Started job on |	Dec 22 16:45:29
                             Started mapping on |	Dec 22 16:49:21
                                    Finished on |	Dec 22 17:09:13
       Mapping speed, Million of reads per hour |	87.65

                          Number of input reads |	29022959
                      Average input read length |	150
                                    UNIQUE READS:
                   Uniquely mapped reads number |	22510705
                        Uniquely mapped reads % |	77.56%
                          Average mapped length |	149.99
                       Number of splices: Total |	11561394
            Number of splices: Annotated (sjdb) |	11480667
                       Number of splices: GT/AG |	11456426
                       Number of splices: GC/AG |	78478
                       Number of splices: AT/AC |	10222
               Number of splices: Non-canonical |	16268
                      Mismatch rate per base, % |	0.38%
                         Deletion rate per base |	0.01%
                        Deletion average length |	1.50
                        Insertion rate per base |	0.01%
                       Insertion average length |	1.40
                             MULTI-MAPPING READS:
        Number of reads mapped to multiple loci |	1704879
             % of reads mapped to multiple loci |	5.87%
        Number of reads mapped to too many loci |	2650
             % of reads mapped to too many loci |	0.01%
                                  UNMAPPED READS:
       % of reads unmapped: too many mismatches |	7.05%
                 % of reads unmapped: too short |	5.59%
                     % of reads unmapped: other |	3.92%
                                  CHIMERIC READS:
                       Number of chimeric reads |	59444
                            % of chimeric reads |	0.20%
