                                 Started job on |	Dec 22 17:16:33
                             Started mapping on |	Dec 22 17:20:45
                                    Finished on |	Dec 22 17:36:22
       Mapping speed, Million of reads per hour |	111.04

                          Number of input reads |	28900349
                      Average input read length |	150
                                    UNIQUE READS:
                   Uniquely mapped reads number |	25022287
                        Uniquely mapped reads % |	86.58%
                          Average mapped length |	149.99
                       Number of splices: Total |	13344832
            Number of splices: Annotated (sjdb) |	13237397
                       Number of splices: GT/AG |	13221325
                       Number of splices: GC/AG |	92118
                       Number of splices: AT/AC |	11866
               Number of splices: Non-canonical |	19523
                      Mismatch rate per base, % |	0.34%
                         Deletion rate per base |	0.01%
                        Deletion average length |	1.75
                        Insertion rate per base |	0.01%
                       Insertion average length |	1.49
                             MULTI-MAPPING READS:
        Number of reads mapped to multiple loci |	1270751
             % of reads mapped to multiple loci |	4.40%
        Number of reads mapped to too many loci |	5492
             % of reads mapped to too many loci |	0.02%
                                  UNMAPPED READS:
       % of reads unmapped: too many mismatches |	6.31%
                 % of reads unmapped: too short |	2.34%
                     % of reads unmapped: other |	0.36%
                                  CHIMERIC READS:
                       Number of chimeric reads |	88917
                            % of chimeric reads |	0.31%
