                                 Started job on |	Dec 22 16:37:10
                             Started mapping on |	Dec 22 16:39:39
                                    Finished on |	Dec 22 16:53:22
       Mapping speed, Million of reads per hour |	128.88

                          Number of input reads |	29464398
                      Average input read length |	150
                                    UNIQUE READS:
                   Uniquely mapped reads number |	24772714
                        Uniquely mapped reads % |	84.08%
                          Average mapped length |	149.99
                       Number of splices: Total |	14231610
            Number of splices: Annotated (sjdb) |	14159115
                       Number of splices: GT/AG |	14110881
                       Number of splices: GC/AG |	92353
                       Number of splices: AT/AC |	11222
               Number of splices: Non-canonical |	17154
                      Mismatch rate per base, % |	0.33%
                         Deletion rate per base |	0.01%
                        Deletion average length |	1.49
                        Insertion rate per base |	0.01%
                       Insertion average length |	1.31
                             MULTI-MAPPING READS:
        Number of reads mapped to multiple loci |	1813854
             % of reads mapped to multiple loci |	6.16%
        Number of reads mapped to too many loci |	2688
             % of reads mapped to too many loci |	0.01%
                                  UNMAPPED READS:
       % of reads unmapped: too many mismatches |	7.09%
                 % of reads unmapped: too short |	2.33%
                     % of reads unmapped: other |	0.33%
                                  CHIMERIC READS:
                       Number of chimeric reads |	70261
                            % of chimeric reads |	0.24%
