                                 Started job on |	Dec 22 16:45:34
                             Started mapping on |	Dec 22 16:49:46
                                    Finished on |	Dec 22 17:05:03
       Mapping speed, Million of reads per hour |	103.85

                          Number of input reads |	26453299
                      Average input read length |	150
                                    UNIQUE READS:
                   Uniquely mapped reads number |	22098009
                        Uniquely mapped reads % |	83.54%
                          Average mapped length |	149.99
                       Number of splices: Total |	11821099
            Number of splices: Annotated (sjdb) |	11718950
                       Number of splices: GT/AG |	11708322
                       Number of splices: GC/AG |	82954
                       Number of splices: AT/AC |	9715
               Number of splices: Non-canonical |	20108
                      Mismatch rate per base, % |	0.39%
                         Deletion rate per base |	0.01%
                        Deletion average length |	1.53
                        Insertion rate per base |	0.01%
                       Insertion average length |	1.30
                             MULTI-MAPPING READS:
        Number of reads mapped to multiple loci |	1374173
             % of reads mapped to multiple loci |	5.19%
        Number of reads mapped to too many loci |	3976
             % of reads mapped to too many loci |	0.02%
                                  UNMAPPED READS:
       % of reads unmapped: too many mismatches |	8.33%
                 % of reads unmapped: too short |	2.63%
                     % of reads unmapped: other |	0.30%
                                  CHIMERIC READS:
                       Number of chimeric reads |	74582
                            % of chimeric reads |	0.28%
