                                 Started job on |	Dec 22 16:45:31
                             Started mapping on |	Dec 22 16:49:08
                                    Finished on |	Dec 22 17:06:51
       Mapping speed, Million of reads per hour |	110.03

                          Number of input reads |	32488663
                      Average input read length |	150
                                    UNIQUE READS:
                   Uniquely mapped reads number |	26134268
                        Uniquely mapped reads % |	80.44%
                          Average mapped length |	149.99
                       Number of splices: Total |	12444223
            Number of splices: Annotated (sjdb) |	12341909
                       Number of splices: GT/AG |	12329633
                       Number of splices: GC/AG |	85533
                       Number of splices: AT/AC |	11238
               Number of splices: Non-canonical |	17819
                      Mismatch rate per base, % |	0.37%
                         Deletion rate per base |	0.01%
                        Deletion average length |	1.70
                        Insertion rate per base |	0.00%
                       Insertion average length |	1.52
                             MULTI-MAPPING READS:
        Number of reads mapped to multiple loci |	2579030
             % of reads mapped to multiple loci |	7.94%
        Number of reads mapped to too many loci |	6020
             % of reads mapped to too many loci |	0.02%
                                  UNMAPPED READS:
       % of reads unmapped: too many mismatches |	8.14%
                 % of reads unmapped: too short |	2.87%
                     % of reads unmapped: other |	0.60%
                                  CHIMERIC READS:
                       Number of chimeric reads |	118281
                            % of chimeric reads |	0.36%
