                                 Started job on |	Dec 22 17:02:26
                             Started mapping on |	Dec 22 17:06:32
                                    Finished on |	Dec 22 17:17:25
       Mapping speed, Million of reads per hour |	131.54

                          Number of input reads |	23859048
                      Average input read length |	150
                                    UNIQUE READS:
                   Uniquely mapped reads number |	20429411
                        Uniquely mapped reads % |	85.63%
                          Average mapped length |	149.99
                       Number of splices: Total |	10970453
            Number of splices: Annotated (sjdb) |	10881323
                       Number of splices: GT/AG |	10871717
                       Number of splices: GC/AG |	72051
                       Number of splices: AT/AC |	10002
               Number of splices: Non-canonical |	16683
                      Mismatch rate per base, % |	0.29%
                         Deletion rate per base |	0.01%
                        Deletion average length |	1.75
                        Insertion rate per base |	0.01%
                       Insertion average length |	1.50
                             MULTI-MAPPING READS:
        Number of reads mapped to multiple loci |	1289199
             % of reads mapped to multiple loci |	5.40%
        Number of reads mapped to too many loci |	3805
             % of reads mapped to too many loci |	0.02%
                                  UNMAPPED READS:
       % of reads unmapped: too many mismatches |	5.95%
                 % of reads unmapped: too short |	2.52%
                     % of reads unmapped: other |	0.48%
                                  CHIMERIC READS:
                       Number of chimeric reads |	60983
                            % of chimeric reads |	0.26%
