                                 Started job on |	Dec 22 16:30:10
                             Started mapping on |	Dec 22 16:32:55
                                    Finished on |	Dec 22 16:49:40
       Mapping speed, Million of reads per hour |	134.06

                          Number of input reads |	37425217
                      Average input read length |	150
                                    UNIQUE READS:
                   Uniquely mapped reads number |	32282591
                        Uniquely mapped reads % |	86.26%
                          Average mapped length |	149.99
                       Number of splices: Total |	17206375
            Number of splices: Annotated (sjdb) |	17081236
                       Number of splices: GT/AG |	17049627
                       Number of splices: GC/AG |	122379
                       Number of splices: AT/AC |	14670
               Number of splices: Non-canonical |	19699
                      Mismatch rate per base, % |	0.25%
                         Deletion rate per base |	0.01%
                        Deletion average length |	1.55
                        Insertion rate per base |	0.01%
                       Insertion average length |	1.37
                             MULTI-MAPPING READS:
        Number of reads mapped to multiple loci |	1668874
             % of reads mapped to multiple loci |	4.46%
        Number of reads mapped to too many loci |	5293
             % of reads mapped to too many loci |	0.01%
                                  UNMAPPED READS:
       % of reads unmapped: too many mismatches |	6.06%
                 % of reads unmapped: too short |	2.74%
                     % of reads unmapped: other |	0.47%
                                  CHIMERIC READS:
                       Number of chimeric reads |	124772
                            % of chimeric reads |	0.33%
