                                 Started job on |	Dec 22 16:04:16
                             Started mapping on |	Dec 22 16:08:22
                                    Finished on |	Dec 22 16:23:21
       Mapping speed, Million of reads per hour |	114.14

                          Number of input reads |	28502599
                      Average input read length |	150
                                    UNIQUE READS:
                   Uniquely mapped reads number |	24007891
                        Uniquely mapped reads % |	84.23%
                          Average mapped length |	149.99
                       Number of splices: Total |	12576410
            Number of splices: Annotated (sjdb) |	12449633
                       Number of splices: GT/AG |	12459887
                       Number of splices: GC/AG |	89364
                       Number of splices: AT/AC |	9327
               Number of splices: Non-canonical |	17832
                      Mismatch rate per base, % |	0.36%
                         Deletion rate per base |	0.01%
                        Deletion average length |	1.72
                        Insertion rate per base |	0.01%
                       Insertion average length |	1.33
                             MULTI-MAPPING READS:
        Number of reads mapped to multiple loci |	1312193
             % of reads mapped to multiple loci |	4.60%
        Number of reads mapped to too many loci |	6869
             % of reads mapped to too many loci |	0.02%
                                  UNMAPPED READS:
       % of reads unmapped: too many mismatches |	8.21%
                 % of reads unmapped: too short |	2.61%
                     % of reads unmapped: other |	0.32%
                                  CHIMERIC READS:
                       Number of chimeric reads |	79108
                            % of chimeric reads |	0.28%
