                                 Started job on |	Dec 22 16:25:21
                             Started mapping on |	Dec 22 16:28:08
                                    Finished on |	Dec 22 16:40:46
       Mapping speed, Million of reads per hour |	141.97

                          Number of input reads |	29892060
                      Average input read length |	150
                                    UNIQUE READS:
                   Uniquely mapped reads number |	25787899
                        Uniquely mapped reads % |	86.27%
                          Average mapped length |	149.98
                       Number of splices: Total |	13465950
            Number of splices: Annotated (sjdb) |	13346181
                       Number of splices: GT/AG |	13336756
                       Number of splices: GC/AG |	95638
                       Number of splices: AT/AC |	10774
               Number of splices: Non-canonical |	22782
                      Mismatch rate per base, % |	0.30%
                         Deletion rate per base |	0.01%
                        Deletion average length |	1.57
                        Insertion rate per base |	0.01%
                       Insertion average length |	1.34
                             MULTI-MAPPING READS:
        Number of reads mapped to multiple loci |	1459089
             % of reads mapped to multiple loci |	4.88%
        Number of reads mapped to too many loci |	4239
             % of reads mapped to too many loci |	0.01%
                                  UNMAPPED READS:
       % of reads unmapped: too many mismatches |	6.08%
                 % of reads unmapped: too short |	2.55%
                     % of reads unmapped: other |	0.21%
                                  CHIMERIC READS:
                       Number of chimeric reads |	99318
                            % of chimeric reads |	0.33%
