                                 Started job on |	Dec 22 17:02:34
                             Started mapping on |	Dec 22 17:06:40
                                    Finished on |	Dec 22 17:24:59
       Mapping speed, Million of reads per hour |	126.47

                          Number of input reads |	38607416
                      Average input read length |	150
                                    UNIQUE READS:
                   Uniquely mapped reads number |	31879913
                        Uniquely mapped reads % |	82.57%
                          Average mapped length |	149.99
                       Number of splices: Total |	17972093
            Number of splices: Annotated (sjdb) |	17856302
                       Number of splices: GT/AG |	17805578
                       Number of splices: GC/AG |	123333
                       Number of splices: AT/AC |	16031
               Number of splices: Non-canonical |	27151
                      Mismatch rate per base, % |	0.38%
                         Deletion rate per base |	0.01%
                        Deletion average length |	1.64
                        Insertion rate per base |	0.01%
                       Insertion average length |	1.32
                             MULTI-MAPPING READS:
        Number of reads mapped to multiple loci |	1809370
             % of reads mapped to multiple loci |	4.69%
        Number of reads mapped to too many loci |	5076
             % of reads mapped to too many loci |	0.01%
                                  UNMAPPED READS:
       % of reads unmapped: too many mismatches |	8.97%
                 % of reads unmapped: too short |	3.50%
                     % of reads unmapped: other |	0.25%
                                  CHIMERIC READS:
                       Number of chimeric reads |	95562
                            % of chimeric reads |	0.25%
