                                 Started job on |	Dec 22 16:26:37
                             Started mapping on |	Dec 22 16:29:32
                                    Finished on |	Dec 22 16:42:41
       Mapping speed, Million of reads per hour |	109.83

                          Number of input reads |	24071820
                      Average input read length |	150
                                    UNIQUE READS:
                   Uniquely mapped reads number |	18948386
                        Uniquely mapped reads % |	78.72%
                          Average mapped length |	149.99
                       Number of splices: Total |	8993272
            Number of splices: Annotated (sjdb) |	8902895
                       Number of splices: GT/AG |	8907315
                       Number of splices: GC/AG |	62757
                       Number of splices: AT/AC |	6684
               Number of splices: Non-canonical |	16516
                      Mismatch rate per base, % |	0.42%
                         Deletion rate per base |	0.01%
                        Deletion average length |	1.67
                        Insertion rate per base |	0.01%
                       Insertion average length |	1.31
                             MULTI-MAPPING READS:
        Number of reads mapped to multiple loci |	2051493
             % of reads mapped to multiple loci |	8.52%
        Number of reads mapped to too many loci |	5872
             % of reads mapped to too many loci |	0.02%
                                  UNMAPPED READS:
       % of reads unmapped: too many mismatches |	8.78%
                 % of reads unmapped: too short |	3.34%
                     % of reads unmapped: other |	0.62%
                                  CHIMERIC READS:
                       Number of chimeric reads |	60497
                            % of chimeric reads |	0.25%
