                                 Started job on |	Dec 22 16:04:13
                             Started mapping on |	Dec 22 16:08:36
                                    Finished on |	Dec 22 16:18:27
       Mapping speed, Million of reads per hour |	125.68

                          Number of input reads |	20632132
                      Average input read length |	150
                                    UNIQUE READS:
                   Uniquely mapped reads number |	17714971
                        Uniquely mapped reads % |	85.86%
                          Average mapped length |	149.99
                       Number of splices: Total |	8599378
            Number of splices: Annotated (sjdb) |	8521441
                       Number of splices: GT/AG |	8526425
                       Number of splices: GC/AG |	58335
                       Number of splices: AT/AC |	7603
               Number of splices: Non-canonical |	7015
                      Mismatch rate per base, % |	0.30%
                         Deletion rate per base |	0.01%
                        Deletion average length |	1.76
                        Insertion rate per base |	0.01%
                       Insertion average length |	1.46
                             MULTI-MAPPING READS:
        Number of reads mapped to multiple loci |	1364537
             % of reads mapped to multiple loci |	6.61%
        Number of reads mapped to too many loci |	4415
             % of reads mapped to too many loci |	0.02%
                                  UNMAPPED READS:
       % of reads unmapped: too many mismatches |	5.51%
                 % of reads unmapped: too short |	1.76%
                     % of reads unmapped: other |	0.23%
                                  CHIMERIC READS:
                       Number of chimeric reads |	57482
                            % of chimeric reads |	0.28%
