                                 Started job on |	Dec 22 17:28:31
                             Started mapping on |	Dec 22 17:32:21
                                    Finished on |	Dec 22 17:44:14
       Mapping speed, Million of reads per hour |	106.24

                          Number of input reads |	21041436
                      Average input read length |	150
                                    UNIQUE READS:
                   Uniquely mapped reads number |	16276505
                        Uniquely mapped reads % |	77.35%
                          Average mapped length |	149.99
                       Number of splices: Total |	8002582
            Number of splices: Annotated (sjdb) |	7930746
                       Number of splices: GT/AG |	7927001
                       Number of splices: GC/AG |	56035
                       Number of splices: AT/AC |	7165
               Number of splices: Non-canonical |	12381
                      Mismatch rate per base, % |	0.42%
                         Deletion rate per base |	0.01%
                        Deletion average length |	1.68
                        Insertion rate per base |	0.01%
                       Insertion average length |	1.33
                             MULTI-MAPPING READS:
        Number of reads mapped to multiple loci |	1350925
             % of reads mapped to multiple loci |	6.42%
        Number of reads mapped to too many loci |	2857
             % of reads mapped to too many loci |	0.01%
                                  UNMAPPED READS:
       % of reads unmapped: too many mismatches |	10.63%
                 % of reads unmapped: too short |	5.21%
                     % of reads unmapped: other |	0.37%
                                  CHIMERIC READS:
                       Number of chimeric reads |	45630
                            % of chimeric reads |	0.22%
