                                 Started job on |	Dec 22 16:45:36
                             Started mapping on |	Dec 22 17:05:16
                                    Finished on |	Dec 22 17:21:43
       Mapping speed, Million of reads per hour |	107.32

                          Number of input reads |	29422636
                      Average input read length |	150
                                    UNIQUE READS:
                   Uniquely mapped reads number |	25632338
                        Uniquely mapped reads % |	87.12%
                          Average mapped length |	149.99
                       Number of splices: Total |	13223169
            Number of splices: Annotated (sjdb) |	13116988
                       Number of splices: GT/AG |	13097751
                       Number of splices: GC/AG |	94027
                       Number of splices: AT/AC |	10874
               Number of splices: Non-canonical |	20517
                      Mismatch rate per base, % |	0.29%
                         Deletion rate per base |	0.01%
                        Deletion average length |	1.78
                        Insertion rate per base |	0.00%
                       Insertion average length |	1.64
                             MULTI-MAPPING READS:
        Number of reads mapped to multiple loci |	1459033
             % of reads mapped to multiple loci |	4.96%
        Number of reads mapped to too many loci |	5852
             % of reads mapped to too many loci |	0.02%
                                  UNMAPPED READS:
       % of reads unmapped: too many mismatches |	5.34%
                 % of reads unmapped: too short |	2.12%
                     % of reads unmapped: other |	0.45%
                                  CHIMERIC READS:
                       Number of chimeric reads |	70048
                            % of chimeric reads |	0.24%
