                                 Started job on |	Dec 22 17:16:30
                             Started mapping on |	Dec 22 17:20:38
                                    Finished on |	Dec 22 17:29:31
       Mapping speed, Million of reads per hour |	104.51

                          Number of input reads |	15472817
                      Average input read length |	150
                                    UNIQUE READS:
                   Uniquely mapped reads number |	13205039
                        Uniquely mapped reads % |	85.34%
                          Average mapped length |	149.99
                       Number of splices: Total |	6810339
            Number of splices: Annotated (sjdb) |	6752389
                       Number of splices: GT/AG |	6743038
                       Number of splices: GC/AG |	50165
                       Number of splices: AT/AC |	6314
               Number of splices: Non-canonical |	10822
                      Mismatch rate per base, % |	0.30%
                         Deletion rate per base |	0.01%
                        Deletion average length |	1.52
                        Insertion rate per base |	0.01%
                       Insertion average length |	1.32
                             MULTI-MAPPING READS:
        Number of reads mapped to multiple loci |	762765
             % of reads mapped to multiple loci |	4.93%
        Number of reads mapped to too many loci |	2380
             % of reads mapped to too many loci |	0.02%
                                  UNMAPPED READS:
       % of reads unmapped: too many mismatches |	6.38%
                 % of reads unmapped: too short |	2.92%
                     % of reads unmapped: other |	0.41%
                                  CHIMERIC READS:
                       Number of chimeric reads |	37290
                            % of chimeric reads |	0.24%
