                                 Started job on |	Dec 22 17:02:35
                             Started mapping on |	Dec 22 17:06:44
                                    Finished on |	Dec 22 17:14:46
       Mapping speed, Million of reads per hour |	115.04

                          Number of input reads |	15402442
                      Average input read length |	150
                                    UNIQUE READS:
                   Uniquely mapped reads number |	12599316
                        Uniquely mapped reads % |	81.80%
                          Average mapped length |	149.99
                       Number of splices: Total |	6873669
            Number of splices: Annotated (sjdb) |	6822708
                       Number of splices: GT/AG |	6806046
                       Number of splices: GC/AG |	51373
                       Number of splices: AT/AC |	6561
               Number of splices: Non-canonical |	9689
                      Mismatch rate per base, % |	0.36%
                         Deletion rate per base |	0.01%
                        Deletion average length |	1.60
                        Insertion rate per base |	0.01%
                       Insertion average length |	1.35
                             MULTI-MAPPING READS:
        Number of reads mapped to multiple loci |	635819
             % of reads mapped to multiple loci |	4.13%
        Number of reads mapped to too many loci |	1733
             % of reads mapped to too many loci |	0.01%
                                  UNMAPPED READS:
       % of reads unmapped: too many mismatches |	8.17%
                 % of reads unmapped: too short |	4.61%
                     % of reads unmapped: other |	1.28%
                                  CHIMERIC READS:
                       Number of chimeric reads |	58681
                            % of chimeric reads |	0.38%
