                                 Started job on |	Dec 22 16:45:20
                             Started mapping on |	Dec 22 16:48:13
                                    Finished on |	Dec 22 17:03:56
       Mapping speed, Million of reads per hour |	116.98

                          Number of input reads |	30642086
                      Average input read length |	150
                                    UNIQUE READS:
                   Uniquely mapped reads number |	26369639
                        Uniquely mapped reads % |	86.06%
                          Average mapped length |	149.99
                       Number of splices: Total |	13854261
            Number of splices: Annotated (sjdb) |	13752479
                       Number of splices: GT/AG |	13737240
                       Number of splices: GC/AG |	91261
                       Number of splices: AT/AC |	10613
               Number of splices: Non-canonical |	15147
                      Mismatch rate per base, % |	0.30%
                         Deletion rate per base |	0.01%
                        Deletion average length |	1.54
                        Insertion rate per base |	0.01%
                       Insertion average length |	1.29
                             MULTI-MAPPING READS:
        Number of reads mapped to multiple loci |	1613055
             % of reads mapped to multiple loci |	5.26%
        Number of reads mapped to too many loci |	3949
             % of reads mapped to too many loci |	0.01%
                                  UNMAPPED READS:
       % of reads unmapped: too many mismatches |	5.92%
                 % of reads unmapped: too short |	2.46%
                     % of reads unmapped: other |	0.28%
                                  CHIMERIC READS:
                       Number of chimeric reads |	107508
                            % of chimeric reads |	0.35%
