                                 Started job on |	Dec 22 16:42:38
                             Started mapping on |	Dec 22 16:45:42
                                    Finished on |	Dec 22 16:59:33
       Mapping speed, Million of reads per hour |	113.78

                          Number of input reads |	26264740
                      Average input read length |	150
                                    UNIQUE READS:
                   Uniquely mapped reads number |	21715823
                        Uniquely mapped reads % |	82.68%
                          Average mapped length |	149.99
                       Number of splices: Total |	11017438
            Number of splices: Annotated (sjdb) |	10925139
                       Number of splices: GT/AG |	10911080
                       Number of splices: GC/AG |	79847
                       Number of splices: AT/AC |	10418
               Number of splices: Non-canonical |	16093
                      Mismatch rate per base, % |	0.31%
                         Deletion rate per base |	0.01%
                        Deletion average length |	1.64
                        Insertion rate per base |	0.01%
                       Insertion average length |	1.50
                             MULTI-MAPPING READS:
        Number of reads mapped to multiple loci |	1920406
             % of reads mapped to multiple loci |	7.31%
        Number of reads mapped to too many loci |	4299
             % of reads mapped to too many loci |	0.02%
                                  UNMAPPED READS:
       % of reads unmapped: too many mismatches |	7.33%
                 % of reads unmapped: too short |	2.38%
                     % of reads unmapped: other |	0.29%
                                  CHIMERIC READS:
                       Number of chimeric reads |	68717
                            % of chimeric reads |	0.26%
