                                 Started job on |	Dec 22 17:02:34
                             Started mapping on |	Dec 22 17:07:08
                                    Finished on |	Dec 22 17:26:42
       Mapping speed, Million of reads per hour |	126.29

                          Number of input reads |	41183907
                      Average input read length |	150
                                    UNIQUE READS:
                   Uniquely mapped reads number |	34341363
                        Uniquely mapped reads % |	83.39%
                          Average mapped length |	149.99
                       Number of splices: Total |	17311815
            Number of splices: Annotated (sjdb) |	17166714
                       Number of splices: GT/AG |	17150154
                       Number of splices: GC/AG |	121207
                       Number of splices: AT/AC |	15269
               Number of splices: Non-canonical |	25185
                      Mismatch rate per base, % |	0.32%
                         Deletion rate per base |	0.01%
                        Deletion average length |	1.73
                        Insertion rate per base |	0.01%
                       Insertion average length |	1.31
                             MULTI-MAPPING READS:
        Number of reads mapped to multiple loci |	2610772
             % of reads mapped to multiple loci |	6.34%
        Number of reads mapped to too many loci |	5437
             % of reads mapped to too many loci |	0.01%
                                  UNMAPPED READS:
       % of reads unmapped: too many mismatches |	7.11%
                 % of reads unmapped: too short |	2.85%
                     % of reads unmapped: other |	0.30%
                                  CHIMERIC READS:
                       Number of chimeric reads |	130995
                            % of chimeric reads |	0.32%
