                                 Started job on |	Dec 22 16:45:33
                             Started mapping on |	Dec 22 16:49:55
                                    Finished on |	Dec 22 17:00:23
       Mapping speed, Million of reads per hour |	118.79

                          Number of input reads |	20722775
                      Average input read length |	150
                                    UNIQUE READS:
                   Uniquely mapped reads number |	17961030
                        Uniquely mapped reads % |	86.67%
                          Average mapped length |	149.99
                       Number of splices: Total |	9646379
            Number of splices: Annotated (sjdb) |	9577891
                       Number of splices: GT/AG |	9552390
                       Number of splices: GC/AG |	71535
                       Number of splices: AT/AC |	8128
               Number of splices: Non-canonical |	14326
                      Mismatch rate per base, % |	0.37%
                         Deletion rate per base |	0.01%
                        Deletion average length |	1.56
                        Insertion rate per base |	0.01%
                       Insertion average length |	1.30
                             MULTI-MAPPING READS:
        Number of reads mapped to multiple loci |	1070568
             % of reads mapped to multiple loci |	5.17%
        Number of reads mapped to too many loci |	2705
             % of reads mapped to too many loci |	0.01%
                                  UNMAPPED READS:
       % of reads unmapped: too many mismatches |	6.10%
                 % of reads unmapped: too short |	1.82%
                     % of reads unmapped: other |	0.23%
                                  CHIMERIC READS:
                       Number of chimeric reads |	42082
                            % of chimeric reads |	0.20%
