                                 Started job on |	Dec 22 16:34:45
                             Started mapping on |	Dec 22 16:37:56
                                    Finished on |	Dec 22 16:51:34
       Mapping speed, Million of reads per hour |	109.95

                          Number of input reads |	24983949
                      Average input read length |	150
                                    UNIQUE READS:
                   Uniquely mapped reads number |	21133407
                        Uniquely mapped reads % |	84.59%
                          Average mapped length |	149.98
                       Number of splices: Total |	10982332
            Number of splices: Annotated (sjdb) |	10901816
                       Number of splices: GT/AG |	10880846
                       Number of splices: GC/AG |	74833
                       Number of splices: AT/AC |	9646
               Number of splices: Non-canonical |	17007
                      Mismatch rate per base, % |	0.31%
                         Deletion rate per base |	0.01%
                        Deletion average length |	1.52
                        Insertion rate per base |	0.01%
                       Insertion average length |	1.30
                             MULTI-MAPPING READS:
        Number of reads mapped to multiple loci |	1175302
             % of reads mapped to multiple loci |	4.70%
        Number of reads mapped to too many loci |	3658
             % of reads mapped to too many loci |	0.01%
                                  UNMAPPED READS:
       % of reads unmapped: too many mismatches |	6.62%
                 % of reads unmapped: too short |	3.45%
                     % of reads unmapped: other |	0.62%
                                  CHIMERIC READS:
                       Number of chimeric reads |	80577
                            % of chimeric reads |	0.32%
