                                 Started job on |	Dec 22 17:16:32
                             Started mapping on |	Dec 22 17:20:13
                                    Finished on |	Dec 22 17:34:08
       Mapping speed, Million of reads per hour |	127.16

                          Number of input reads |	29493688
                      Average input read length |	150
                                    UNIQUE READS:
                   Uniquely mapped reads number |	25362160
                        Uniquely mapped reads % |	85.99%
                          Average mapped length |	149.99
                       Number of splices: Total |	13867580
            Number of splices: Annotated (sjdb) |	13767991
                       Number of splices: GT/AG |	13745253
                       Number of splices: GC/AG |	93954
                       Number of splices: AT/AC |	11919
               Number of splices: Non-canonical |	16454
                      Mismatch rate per base, % |	0.31%
                         Deletion rate per base |	0.01%
                        Deletion average length |	1.61
                        Insertion rate per base |	0.01%
                       Insertion average length |	1.28
                             MULTI-MAPPING READS:
        Number of reads mapped to multiple loci |	1434853
             % of reads mapped to multiple loci |	4.86%
        Number of reads mapped to too many loci |	2536
             % of reads mapped to too many loci |	0.01%
                                  UNMAPPED READS:
       % of reads unmapped: too many mismatches |	6.34%
                 % of reads unmapped: too short |	2.60%
                     % of reads unmapped: other |	0.19%
                                  CHIMERIC READS:
                       Number of chimeric reads |	94306
                            % of chimeric reads |	0.32%
