                                 Started job on |	Dec 22 17:02:24
                             Started mapping on |	Dec 22 17:06:32
                                    Finished on |	Dec 22 17:21:48
       Mapping speed, Million of reads per hour |	132.17

                          Number of input reads |	33629279
                      Average input read length |	150
                                    UNIQUE READS:
                   Uniquely mapped reads number |	28231425
                        Uniquely mapped reads % |	83.95%
                          Average mapped length |	149.99
                       Number of splices: Total |	15146763
            Number of splices: Annotated (sjdb) |	15020673
                       Number of splices: GT/AG |	15005237
                       Number of splices: GC/AG |	106163
                       Number of splices: AT/AC |	14465
               Number of splices: Non-canonical |	20898
                      Mismatch rate per base, % |	0.32%
                         Deletion rate per base |	0.01%
                        Deletion average length |	1.65
                        Insertion rate per base |	0.01%
                       Insertion average length |	1.35
                             MULTI-MAPPING READS:
        Number of reads mapped to multiple loci |	2352017
             % of reads mapped to multiple loci |	6.99%
        Number of reads mapped to too many loci |	3888
             % of reads mapped to too many loci |	0.01%
                                  UNMAPPED READS:
       % of reads unmapped: too many mismatches |	6.54%
                 % of reads unmapped: too short |	2.30%
                     % of reads unmapped: other |	0.21%
                                  CHIMERIC READS:
                       Number of chimeric reads |	93155
                            % of chimeric reads |	0.28%
