                                 Started job on |	Dec 22 16:20:35
                             Started mapping on |	Dec 22 16:23:47
                                    Finished on |	Dec 22 16:37:30
       Mapping speed, Million of reads per hour |	117.96

                          Number of input reads |	26967190
                      Average input read length |	150
                                    UNIQUE READS:
                   Uniquely mapped reads number |	23911531
                        Uniquely mapped reads % |	88.67%
                          Average mapped length |	149.99
                       Number of splices: Total |	12584339
            Number of splices: Annotated (sjdb) |	12492499
                       Number of splices: GT/AG |	12465852
                       Number of splices: GC/AG |	91022
                       Number of splices: AT/AC |	11277
               Number of splices: Non-canonical |	16188
                      Mismatch rate per base, % |	0.32%
                         Deletion rate per base |	0.01%
                        Deletion average length |	1.76
                        Insertion rate per base |	0.00%
                       Insertion average length |	1.57
                             MULTI-MAPPING READS:
        Number of reads mapped to multiple loci |	1283745
             % of reads mapped to multiple loci |	4.76%
        Number of reads mapped to too many loci |	3690
             % of reads mapped to too many loci |	0.01%
                                  UNMAPPED READS:
       % of reads unmapped: too many mismatches |	4.96%
                 % of reads unmapped: too short |	1.42%
                     % of reads unmapped: other |	0.19%
                                  CHIMERIC READS:
                       Number of chimeric reads |	48352
                            % of chimeric reads |	0.18%
