                                 Started job on |	Dec 22 17:02:24
                             Started mapping on |	Dec 22 17:06:24
                                    Finished on |	Dec 22 17:24:57
       Mapping speed, Million of reads per hour |	133.61

                          Number of input reads |	41307683
                      Average input read length |	150
                                    UNIQUE READS:
                   Uniquely mapped reads number |	35236211
                        Uniquely mapped reads % |	85.30%
                          Average mapped length |	149.99
                       Number of splices: Total |	19438248
            Number of splices: Annotated (sjdb) |	19291426
                       Number of splices: GT/AG |	19254779
                       Number of splices: GC/AG |	136306
                       Number of splices: AT/AC |	17275
               Number of splices: Non-canonical |	29888
                      Mismatch rate per base, % |	0.29%
                         Deletion rate per base |	0.01%
                        Deletion average length |	1.68
                        Insertion rate per base |	0.01%
                       Insertion average length |	1.34
                             MULTI-MAPPING READS:
        Number of reads mapped to multiple loci |	1996699
             % of reads mapped to multiple loci |	4.83%
        Number of reads mapped to too many loci |	7148
             % of reads mapped to too many loci |	0.02%
                                  UNMAPPED READS:
       % of reads unmapped: too many mismatches |	6.79%
                 % of reads unmapped: too short |	2.68%
                     % of reads unmapped: other |	0.38%
                                  CHIMERIC READS:
                       Number of chimeric reads |	134705
                            % of chimeric reads |	0.33%
