                                 Started job on |	Dec 22 16:39:34
                             Started mapping on |	Dec 22 16:42:18
                                    Finished on |	Dec 22 17:02:20
       Mapping speed, Million of reads per hour |	120.70

                          Number of input reads |	40298816
                      Average input read length |	150
                                    UNIQUE READS:
                   Uniquely mapped reads number |	34839171
                        Uniquely mapped reads % |	86.45%
                          Average mapped length |	149.99
                       Number of splices: Total |	19116810
            Number of splices: Annotated (sjdb) |	18955202
                       Number of splices: GT/AG |	18936813
                       Number of splices: GC/AG |	140811
                       Number of splices: AT/AC |	16853
               Number of splices: Non-canonical |	22333
                      Mismatch rate per base, % |	0.27%
                         Deletion rate per base |	0.01%
                        Deletion average length |	1.65
                        Insertion rate per base |	0.01%
                       Insertion average length |	1.30
                             MULTI-MAPPING READS:
        Number of reads mapped to multiple loci |	1772441
             % of reads mapped to multiple loci |	4.40%
        Number of reads mapped to too many loci |	5583
             % of reads mapped to too many loci |	0.01%
                                  UNMAPPED READS:
       % of reads unmapped: too many mismatches |	6.08%
                 % of reads unmapped: too short |	2.64%
                     % of reads unmapped: other |	0.41%
                                  CHIMERIC READS:
                       Number of chimeric reads |	120999
                            % of chimeric reads |	0.30%
