                                 Started job on |	Dec 22 17:16:34
                             Started mapping on |	Dec 22 17:20:00
                                    Finished on |	Dec 22 17:30:31
       Mapping speed, Million of reads per hour |	115.12

                          Number of input reads |	20178610
                      Average input read length |	150
                                    UNIQUE READS:
                   Uniquely mapped reads number |	16950224
                        Uniquely mapped reads % |	84.00%
                          Average mapped length |	149.98
                       Number of splices: Total |	8126000
            Number of splices: Annotated (sjdb) |	8049829
                       Number of splices: GT/AG |	8047720
                       Number of splices: GC/AG |	57826
                       Number of splices: AT/AC |	6482
               Number of splices: Non-canonical |	13972
                      Mismatch rate per base, % |	0.39%
                         Deletion rate per base |	0.01%
                        Deletion average length |	1.72
                        Insertion rate per base |	0.01%
                       Insertion average length |	1.34
                             MULTI-MAPPING READS:
        Number of reads mapped to multiple loci |	988357
             % of reads mapped to multiple loci |	4.90%
        Number of reads mapped to too many loci |	4791
             % of reads mapped to too many loci |	0.02%
                                  UNMAPPED READS:
       % of reads unmapped: too many mismatches |	8.02%
                 % of reads unmapped: too short |	2.66%
                     % of reads unmapped: other |	0.40%
                                  CHIMERIC READS:
                       Number of chimeric reads |	45766
                            % of chimeric reads |	0.23%
