                                 Started job on |	Dec 22 16:44:03
                             Started mapping on |	Dec 22 16:47:27
                                    Finished on |	Dec 22 16:59:31
       Mapping speed, Million of reads per hour |	126.85

                          Number of input reads |	25510268
                      Average input read length |	150
                                    UNIQUE READS:
                   Uniquely mapped reads number |	21519518
                        Uniquely mapped reads % |	84.36%
                          Average mapped length |	149.99
                       Number of splices: Total |	11277996
            Number of splices: Annotated (sjdb) |	11178440
                       Number of splices: GT/AG |	11173097
                       Number of splices: GC/AG |	77666
                       Number of splices: AT/AC |	10090
               Number of splices: Non-canonical |	17143
                      Mismatch rate per base, % |	0.37%
                         Deletion rate per base |	0.01%
                        Deletion average length |	1.64
                        Insertion rate per base |	0.00%
                       Insertion average length |	1.50
                             MULTI-MAPPING READS:
        Number of reads mapped to multiple loci |	1209824
             % of reads mapped to multiple loci |	4.74%
        Number of reads mapped to too many loci |	5756
             % of reads mapped to too many loci |	0.02%
                                  UNMAPPED READS:
       % of reads unmapped: too many mismatches |	7.69%
                 % of reads unmapped: too short |	2.83%
                     % of reads unmapped: other |	0.35%
                                  CHIMERIC READS:
                       Number of chimeric reads |	79639
                            % of chimeric reads |	0.31%
