                                 Started job on |	Dec 22 16:29:56
                             Started mapping on |	Dec 22 16:32:31
                                    Finished on |	Dec 22 16:47:53
       Mapping speed, Million of reads per hour |	127.42

                          Number of input reads |	32634443
                      Average input read length |	150
                                    UNIQUE READS:
                   Uniquely mapped reads number |	26054657
                        Uniquely mapped reads % |	79.84%
                          Average mapped length |	149.99
                       Number of splices: Total |	14315340
            Number of splices: Annotated (sjdb) |	14206119
                       Number of splices: GT/AG |	14183208
                       Number of splices: GC/AG |	98542
                       Number of splices: AT/AC |	12491
               Number of splices: Non-canonical |	21099
                      Mismatch rate per base, % |	0.33%
                         Deletion rate per base |	0.01%
                        Deletion average length |	1.58
                        Insertion rate per base |	0.01%
                       Insertion average length |	1.31
                             MULTI-MAPPING READS:
        Number of reads mapped to multiple loci |	3625886
             % of reads mapped to multiple loci |	11.11%
        Number of reads mapped to too many loci |	4048
             % of reads mapped to too many loci |	0.01%
                                  UNMAPPED READS:
       % of reads unmapped: too many mismatches |	6.42%
                 % of reads unmapped: too short |	2.40%
                     % of reads unmapped: other |	0.21%
                                  CHIMERIC READS:
                       Number of chimeric reads |	120467
                            % of chimeric reads |	0.37%
