                                 Started job on |	Dec 22 16:45:24
                             Started mapping on |	Dec 22 16:57:31
                                    Finished on |	Dec 22 17:25:52
       Mapping speed, Million of reads per hour |	80.33

                          Number of input reads |	37958272
                      Average input read length |	150
                                    UNIQUE READS:
                   Uniquely mapped reads number |	31595508
                        Uniquely mapped reads % |	83.24%
                          Average mapped length |	149.99
                       Number of splices: Total |	17262327
            Number of splices: Annotated (sjdb) |	17147669
                       Number of splices: GT/AG |	17123045
                       Number of splices: GC/AG |	113017
                       Number of splices: AT/AC |	14065
               Number of splices: Non-canonical |	12200
                      Mismatch rate per base, % |	0.32%
                         Deletion rate per base |	0.01%
                        Deletion average length |	1.52
                        Insertion rate per base |	0.01%
                       Insertion average length |	1.44
                             MULTI-MAPPING READS:
        Number of reads mapped to multiple loci |	1855640
             % of reads mapped to multiple loci |	4.89%
        Number of reads mapped to too many loci |	3865
             % of reads mapped to too many loci |	0.01%
                                  UNMAPPED READS:
       % of reads unmapped: too many mismatches |	7.89%
                 % of reads unmapped: too short |	3.36%
                     % of reads unmapped: other |	0.61%
                                  CHIMERIC READS:
                       Number of chimeric reads |	140804
                            % of chimeric reads |	0.37%
