                                 Started job on |	Dec 22 16:45:32
                             Started mapping on |	Dec 22 16:49:08
                                    Finished on |	Dec 22 17:04:20
       Mapping speed, Million of reads per hour |	124.81

                          Number of input reads |	31619115
                      Average input read length |	150
                                    UNIQUE READS:
                   Uniquely mapped reads number |	27447869
                        Uniquely mapped reads % |	86.81%
                          Average mapped length |	149.99
                       Number of splices: Total |	13611917
            Number of splices: Annotated (sjdb) |	13463071
                       Number of splices: GT/AG |	13481666
                       Number of splices: GC/AG |	98961
                       Number of splices: AT/AC |	10997
               Number of splices: Non-canonical |	20293
                      Mismatch rate per base, % |	0.32%
                         Deletion rate per base |	0.01%
                        Deletion average length |	1.51
                        Insertion rate per base |	0.01%
                       Insertion average length |	1.31
                             MULTI-MAPPING READS:
        Number of reads mapped to multiple loci |	1393387
             % of reads mapped to multiple loci |	4.41%
        Number of reads mapped to too many loci |	5541
             % of reads mapped to too many loci |	0.02%
                                  UNMAPPED READS:
       % of reads unmapped: too many mismatches |	6.19%
                 % of reads unmapped: too short |	2.43%
                     % of reads unmapped: other |	0.15%
                                  CHIMERIC READS:
                       Number of chimeric reads |	91752
                            % of chimeric reads |	0.29%
