                                 Started job on |	Dec 22 16:45:40
                             Started mapping on |	Dec 22 16:48:42
                                    Finished on |	Dec 22 17:01:45
       Mapping speed, Million of reads per hour |	126.70

                          Number of input reads |	27556538
                      Average input read length |	150
                                    UNIQUE READS:
                   Uniquely mapped reads number |	24328483
                        Uniquely mapped reads % |	88.29%
                          Average mapped length |	149.99
                       Number of splices: Total |	13317464
            Number of splices: Annotated (sjdb) |	13241012
                       Number of splices: GT/AG |	13200998
                       Number of splices: GC/AG |	90885
                       Number of splices: AT/AC |	11342
               Number of splices: Non-canonical |	14239
                      Mismatch rate per base, % |	0.27%
                         Deletion rate per base |	0.01%
                        Deletion average length |	1.59
                        Insertion rate per base |	0.00%
                       Insertion average length |	1.59
                             MULTI-MAPPING READS:
        Number of reads mapped to multiple loci |	1376025
             % of reads mapped to multiple loci |	4.99%
        Number of reads mapped to too many loci |	2697
             % of reads mapped to too many loci |	0.01%
                                  UNMAPPED READS:
       % of reads unmapped: too many mismatches |	4.93%
                 % of reads unmapped: too short |	1.53%
                     % of reads unmapped: other |	0.25%
                                  CHIMERIC READS:
                       Number of chimeric reads |	49436
                            % of chimeric reads |	0.18%
