                                 Started job on |	Dec 22 16:04:04
                             Started mapping on |	Dec 22 16:08:31
                                    Finished on |	Dec 22 16:22:33
       Mapping speed, Million of reads per hour |	127.19

                          Number of input reads |	29748717
                      Average input read length |	150
                                    UNIQUE READS:
                   Uniquely mapped reads number |	25321828
                        Uniquely mapped reads % |	85.12%
                          Average mapped length |	149.99
                       Number of splices: Total |	12965986
            Number of splices: Annotated (sjdb) |	12836192
                       Number of splices: GT/AG |	12835427
                       Number of splices: GC/AG |	98108
                       Number of splices: AT/AC |	10934
               Number of splices: Non-canonical |	21517
                      Mismatch rate per base, % |	0.34%
                         Deletion rate per base |	0.01%
                        Deletion average length |	1.64
                        Insertion rate per base |	0.01%
                       Insertion average length |	1.31
                             MULTI-MAPPING READS:
        Number of reads mapped to multiple loci |	1337220
             % of reads mapped to multiple loci |	4.50%
        Number of reads mapped to too many loci |	6079
             % of reads mapped to too many loci |	0.02%
                                  UNMAPPED READS:
       % of reads unmapped: too many mismatches |	7.36%
                 % of reads unmapped: too short |	2.74%
                     % of reads unmapped: other |	0.27%
                                  CHIMERIC READS:
                       Number of chimeric reads |	97952
                            % of chimeric reads |	0.33%
