                                 Started job on |	Dec 22 17:16:30
                             Started mapping on |	Dec 22 17:20:53
                                    Finished on |	Dec 22 17:38:28
       Mapping speed, Million of reads per hour |	109.28

                          Number of input reads |	32023801
                      Average input read length |	150
                                    UNIQUE READS:
                   Uniquely mapped reads number |	26783003
                        Uniquely mapped reads % |	83.63%
                          Average mapped length |	149.99
                       Number of splices: Total |	14619932
            Number of splices: Annotated (sjdb) |	14491315
                       Number of splices: GT/AG |	14479950
                       Number of splices: GC/AG |	105078
                       Number of splices: AT/AC |	12918
               Number of splices: Non-canonical |	21986
                      Mismatch rate per base, % |	0.31%
                         Deletion rate per base |	0.01%
                        Deletion average length |	1.57
                        Insertion rate per base |	0.01%
                       Insertion average length |	1.38
                             MULTI-MAPPING READS:
        Number of reads mapped to multiple loci |	1433209
             % of reads mapped to multiple loci |	4.48%
        Number of reads mapped to too many loci |	5824
             % of reads mapped to too many loci |	0.02%
                                  UNMAPPED READS:
       % of reads unmapped: too many mismatches |	7.75%
                 % of reads unmapped: too short |	3.24%
                     % of reads unmapped: other |	0.88%
                                  CHIMERIC READS:
                       Number of chimeric reads |	98350
                            % of chimeric reads |	0.31%
