                                 Started job on |	Dec 22 17:02:29
                             Started mapping on |	Dec 22 17:06:44
                                    Finished on |	Dec 22 17:34:14
       Mapping speed, Million of reads per hour |	89.18

                          Number of input reads |	40872996
                      Average input read length |	150
                                    UNIQUE READS:
                   Uniquely mapped reads number |	28305033
                        Uniquely mapped reads % |	69.25%
                          Average mapped length |	149.99
                       Number of splices: Total |	15509938
            Number of splices: Annotated (sjdb) |	15410524
                       Number of splices: GT/AG |	15376566
                       Number of splices: GC/AG |	110486
                       Number of splices: AT/AC |	12498
               Number of splices: Non-canonical |	10388
                      Mismatch rate per base, % |	0.38%
                         Deletion rate per base |	0.01%
                        Deletion average length |	1.52
                        Insertion rate per base |	0.01%
                       Insertion average length |	1.30
                             MULTI-MAPPING READS:
        Number of reads mapped to multiple loci |	1866758
             % of reads mapped to multiple loci |	4.57%
        Number of reads mapped to too many loci |	3279
             % of reads mapped to too many loci |	0.01%
                                  UNMAPPED READS:
       % of reads unmapped: too many mismatches |	7.97%
                 % of reads unmapped: too short |	11.58%
                     % of reads unmapped: other |	6.63%
                                  CHIMERIC READS:
                       Number of chimeric reads |	72806
                            % of chimeric reads |	0.18%
