                                 Started job on |	Dec 22 17:28:26
                             Started mapping on |	Dec 22 17:31:51
                                    Finished on |	Dec 22 17:48:22
       Mapping speed, Million of reads per hour |	132.37

                          Number of input reads |	36437812
                      Average input read length |	150
                                    UNIQUE READS:
                   Uniquely mapped reads number |	31822622
                        Uniquely mapped reads % |	87.33%
                          Average mapped length |	149.99
                       Number of splices: Total |	16365874
            Number of splices: Annotated (sjdb) |	16240420
                       Number of splices: GT/AG |	16208083
                       Number of splices: GC/AG |	119544
                       Number of splices: AT/AC |	15657
               Number of splices: Non-canonical |	22590
                      Mismatch rate per base, % |	0.30%
                         Deletion rate per base |	0.01%
                        Deletion average length |	1.59
                        Insertion rate per base |	0.01%
                       Insertion average length |	1.31
                             MULTI-MAPPING READS:
        Number of reads mapped to multiple loci |	1456301
             % of reads mapped to multiple loci |	4.00%
        Number of reads mapped to too many loci |	5675
             % of reads mapped to too many loci |	0.02%
                                  UNMAPPED READS:
       % of reads unmapped: too many mismatches |	5.96%
                 % of reads unmapped: too short |	2.51%
                     % of reads unmapped: other |	0.18%
                                  CHIMERIC READS:
                       Number of chimeric reads |	124815
                            % of chimeric reads |	0.34%
