                                 Started job on |	Dec 22 16:04:31
                             Started mapping on |	Dec 22 16:14:48
                                    Finished on |	Dec 22 16:29:15
       Mapping speed, Million of reads per hour |	103.62

                          Number of input reads |	24955607
                      Average input read length |	150
                                    UNIQUE READS:
                   Uniquely mapped reads number |	20991721
                        Uniquely mapped reads % |	84.12%
                          Average mapped length |	149.99
                       Number of splices: Total |	9900388
            Number of splices: Annotated (sjdb) |	9822388
                       Number of splices: GT/AG |	9808090
                       Number of splices: GC/AG |	68957
                       Number of splices: AT/AC |	9552
               Number of splices: Non-canonical |	13789
                      Mismatch rate per base, % |	0.37%
                         Deletion rate per base |	0.01%
                        Deletion average length |	1.61
                        Insertion rate per base |	0.01%
                       Insertion average length |	1.40
                             MULTI-MAPPING READS:
        Number of reads mapped to multiple loci |	1519799
             % of reads mapped to multiple loci |	6.09%
        Number of reads mapped to too many loci |	4557
             % of reads mapped to too many loci |	0.02%
                                  UNMAPPED READS:
       % of reads unmapped: too many mismatches |	7.17%
                 % of reads unmapped: too short |	2.36%
                     % of reads unmapped: other |	0.24%
                                  CHIMERIC READS:
                       Number of chimeric reads |	66855
                            % of chimeric reads |	0.27%
