                                 Started job on |	Dec 22 17:28:23
                             Started mapping on |	Dec 22 17:31:33
                                    Finished on |	Dec 22 17:47:11
       Mapping speed, Million of reads per hour |	130.55

                          Number of input reads |	34016371
                      Average input read length |	150
                                    UNIQUE READS:
                   Uniquely mapped reads number |	29044741
                        Uniquely mapped reads % |	85.38%
                          Average mapped length |	149.99
                       Number of splices: Total |	15366362
            Number of splices: Annotated (sjdb) |	15224533
                       Number of splices: GT/AG |	15229073
                       Number of splices: GC/AG |	107039
                       Number of splices: AT/AC |	13386
               Number of splices: Non-canonical |	16864
                      Mismatch rate per base, % |	0.31%
                         Deletion rate per base |	0.01%
                        Deletion average length |	1.62
                        Insertion rate per base |	0.01%
                       Insertion average length |	1.30
                             MULTI-MAPPING READS:
        Number of reads mapped to multiple loci |	1767601
             % of reads mapped to multiple loci |	5.20%
        Number of reads mapped to too many loci |	4028
             % of reads mapped to too many loci |	0.01%
                                  UNMAPPED READS:
       % of reads unmapped: too many mismatches |	6.59%
                 % of reads unmapped: too short |	2.64%
                     % of reads unmapped: other |	0.18%
                                  CHIMERIC READS:
                       Number of chimeric reads |	103613
                            % of chimeric reads |	0.30%
