                                 Started job on |	Dec 22 16:45:21
                             Started mapping on |	Dec 22 16:48:53
                                    Finished on |	Dec 22 17:06:23
       Mapping speed, Million of reads per hour |	109.24

                          Number of input reads |	31862394
                      Average input read length |	150
                                    UNIQUE READS:
                   Uniquely mapped reads number |	26828167
                        Uniquely mapped reads % |	84.20%
                          Average mapped length |	149.99
                       Number of splices: Total |	15064807
            Number of splices: Annotated (sjdb) |	14959054
                       Number of splices: GT/AG |	14932852
                       Number of splices: GC/AG |	104436
                       Number of splices: AT/AC |	13513
               Number of splices: Non-canonical |	14006
                      Mismatch rate per base, % |	0.43%
                         Deletion rate per base |	0.01%
                        Deletion average length |	1.65
                        Insertion rate per base |	0.00%
                       Insertion average length |	1.52
                             MULTI-MAPPING READS:
        Number of reads mapped to multiple loci |	1486525
             % of reads mapped to multiple loci |	4.67%
        Number of reads mapped to too many loci |	2749
             % of reads mapped to too many loci |	0.01%
                                  UNMAPPED READS:
       % of reads unmapped: too many mismatches |	8.81%
                 % of reads unmapped: too short |	1.98%
                     % of reads unmapped: other |	0.33%
                                  CHIMERIC READS:
                       Number of chimeric reads |	46090
                            % of chimeric reads |	0.14%
