                                 Started job on |	Dec 22 16:45:29
                             Started mapping on |	Dec 22 16:49:07
                                    Finished on |	Dec 22 17:11:12
       Mapping speed, Million of reads per hour |	115.47

                          Number of input reads |	42497882
                      Average input read length |	150
                                    UNIQUE READS:
                   Uniquely mapped reads number |	36418240
                        Uniquely mapped reads % |	85.69%
                          Average mapped length |	149.99
                       Number of splices: Total |	20305317
            Number of splices: Annotated (sjdb) |	20182594
                       Number of splices: GT/AG |	20107197
                       Number of splices: GC/AG |	148116
                       Number of splices: AT/AC |	18197
               Number of splices: Non-canonical |	31807
                      Mismatch rate per base, % |	0.32%
                         Deletion rate per base |	0.01%
                        Deletion average length |	1.55
                        Insertion rate per base |	0.01%
                       Insertion average length |	1.29
                             MULTI-MAPPING READS:
        Number of reads mapped to multiple loci |	2007489
             % of reads mapped to multiple loci |	4.72%
        Number of reads mapped to too many loci |	4146
             % of reads mapped to too many loci |	0.01%
                                  UNMAPPED READS:
       % of reads unmapped: too many mismatches |	6.90%
                 % of reads unmapped: too short |	2.33%
                     % of reads unmapped: other |	0.34%
                                  CHIMERIC READS:
                       Number of chimeric reads |	110739
                            % of chimeric reads |	0.26%
