                                 Started job on |	Dec 22 17:28:26
                             Started mapping on |	Dec 22 17:33:03
                                    Finished on |	Dec 22 17:47:13
       Mapping speed, Million of reads per hour |	111.86

                          Number of input reads |	26410795
                      Average input read length |	150
                                    UNIQUE READS:
                   Uniquely mapped reads number |	22676349
                        Uniquely mapped reads % |	85.86%
                          Average mapped length |	149.99
                       Number of splices: Total |	12172744
            Number of splices: Annotated (sjdb) |	12061915
                       Number of splices: GT/AG |	12058571
                       Number of splices: GC/AG |	87005
                       Number of splices: AT/AC |	10073
               Number of splices: Non-canonical |	17095
                      Mismatch rate per base, % |	0.33%
                         Deletion rate per base |	0.01%
                        Deletion average length |	1.79
                        Insertion rate per base |	0.00%
                       Insertion average length |	1.54
                             MULTI-MAPPING READS:
        Number of reads mapped to multiple loci |	1195714
             % of reads mapped to multiple loci |	4.53%
        Number of reads mapped to too many loci |	3487
             % of reads mapped to too many loci |	0.01%
                                  UNMAPPED READS:
       % of reads unmapped: too many mismatches |	6.68%
                 % of reads unmapped: too short |	2.50%
                     % of reads unmapped: other |	0.42%
                                  CHIMERIC READS:
                       Number of chimeric reads |	82794
                            % of chimeric reads |	0.31%
