                                 Started job on |	Dec 22 17:16:23
                             Started mapping on |	Dec 22 17:20:01
                                    Finished on |	Dec 22 17:30:42
       Mapping speed, Million of reads per hour |	133.60

                          Number of input reads |	23788629
                      Average input read length |	150
                                    UNIQUE READS:
                   Uniquely mapped reads number |	19420984
                        Uniquely mapped reads % |	81.64%
                          Average mapped length |	149.99
                       Number of splices: Total |	9599485
            Number of splices: Annotated (sjdb) |	9523248
                       Number of splices: GT/AG |	9510021
                       Number of splices: GC/AG |	66658
                       Number of splices: AT/AC |	8870
               Number of splices: Non-canonical |	13936
                      Mismatch rate per base, % |	0.29%
                         Deletion rate per base |	0.01%
                        Deletion average length |	1.67
                        Insertion rate per base |	0.01%
                       Insertion average length |	1.31
                             MULTI-MAPPING READS:
        Number of reads mapped to multiple loci |	2188545
             % of reads mapped to multiple loci |	9.20%
        Number of reads mapped to too many loci |	3426
             % of reads mapped to too many loci |	0.01%
                                  UNMAPPED READS:
       % of reads unmapped: too many mismatches |	6.33%
                 % of reads unmapped: too short |	2.53%
                     % of reads unmapped: other |	0.28%
                                  CHIMERIC READS:
                       Number of chimeric reads |	58727
                            % of chimeric reads |	0.25%
