                                 Started job on |	Dec 22 16:38:09
                             Started mapping on |	Dec 22 16:40:49
                                    Finished on |	Dec 22 16:58:24
       Mapping speed, Million of reads per hour |	97.49

                          Number of input reads |	28570957
                      Average input read length |	150
                                    UNIQUE READS:
                   Uniquely mapped reads number |	20224538
                        Uniquely mapped reads % |	70.79%
                          Average mapped length |	149.99
                       Number of splices: Total |	10470970
            Number of splices: Annotated (sjdb) |	10387375
                       Number of splices: GT/AG |	10369343
                       Number of splices: GC/AG |	76019
                       Number of splices: AT/AC |	9624
               Number of splices: Non-canonical |	15984
                      Mismatch rate per base, % |	0.32%
                         Deletion rate per base |	0.01%
                        Deletion average length |	1.61
                        Insertion rate per base |	0.01%
                       Insertion average length |	1.33
                             MULTI-MAPPING READS:
        Number of reads mapped to multiple loci |	2613296
             % of reads mapped to multiple loci |	9.15%
        Number of reads mapped to too many loci |	3279
             % of reads mapped to too many loci |	0.01%
                                  UNMAPPED READS:
       % of reads unmapped: too many mismatches |	7.00%
                 % of reads unmapped: too short |	7.35%
                     % of reads unmapped: other |	5.71%
                                  CHIMERIC READS:
                       Number of chimeric reads |	63112
                            % of chimeric reads |	0.22%
