                                 Started job on |	Dec 22 16:04:14
                             Started mapping on |	Dec 22 16:09:27
                                    Finished on |	Dec 22 16:23:44
       Mapping speed, Million of reads per hour |	113.59

                          Number of input reads |	27039908
                      Average input read length |	150
                                    UNIQUE READS:
                   Uniquely mapped reads number |	22845669
                        Uniquely mapped reads % |	84.49%
                          Average mapped length |	149.99
                       Number of splices: Total |	12189804
            Number of splices: Annotated (sjdb) |	12077434
                       Number of splices: GT/AG |	12080582
                       Number of splices: GC/AG |	83963
                       Number of splices: AT/AC |	9783
               Number of splices: Non-canonical |	15476
                      Mismatch rate per base, % |	0.33%
                         Deletion rate per base |	0.01%
                        Deletion average length |	1.65
                        Insertion rate per base |	0.01%
                       Insertion average length |	1.35
                             MULTI-MAPPING READS:
        Number of reads mapped to multiple loci |	1268695
             % of reads mapped to multiple loci |	4.69%
        Number of reads mapped to too many loci |	4876
             % of reads mapped to too many loci |	0.02%
                                  UNMAPPED READS:
       % of reads unmapped: too many mismatches |	7.69%
                 % of reads unmapped: too short |	2.69%
                     % of reads unmapped: other |	0.42%
                                  CHIMERIC READS:
                       Number of chimeric reads |	75408
                            % of chimeric reads |	0.28%
