                                 Started job on |	Dec 22 17:16:32
                             Started mapping on |	Dec 22 17:20:34
                                    Finished on |	Dec 22 17:34:50
       Mapping speed, Million of reads per hour |	128.08

                          Number of input reads |	30454490
                      Average input read length |	150
                                    UNIQUE READS:
                   Uniquely mapped reads number |	24990520
                        Uniquely mapped reads % |	82.06%
                          Average mapped length |	149.99
                       Number of splices: Total |	12443985
            Number of splices: Annotated (sjdb) |	12346203
                       Number of splices: GT/AG |	12329051
                       Number of splices: GC/AG |	87433
                       Number of splices: AT/AC |	12511
               Number of splices: Non-canonical |	14990
                      Mismatch rate per base, % |	0.33%
                         Deletion rate per base |	0.01%
                        Deletion average length |	1.78
                        Insertion rate per base |	0.01%
                       Insertion average length |	1.46
                             MULTI-MAPPING READS:
        Number of reads mapped to multiple loci |	2033780
             % of reads mapped to multiple loci |	6.68%
        Number of reads mapped to too many loci |	5258
             % of reads mapped to too many loci |	0.02%
                                  UNMAPPED READS:
       % of reads unmapped: too many mismatches |	8.14%
                 % of reads unmapped: too short |	2.85%
                     % of reads unmapped: other |	0.26%
                                  CHIMERIC READS:
                       Number of chimeric reads |	142406
                            % of chimeric reads |	0.47%
