                                 Started job on |	Dec 22 17:28:34
                             Started mapping on |	Dec 22 17:32:23
                                    Finished on |	Dec 22 17:46:56
       Mapping speed, Million of reads per hour |	129.17

                          Number of input reads |	31323501
                      Average input read length |	150
                                    UNIQUE READS:
                   Uniquely mapped reads number |	27054957
                        Uniquely mapped reads % |	86.37%
                          Average mapped length |	149.99
                       Number of splices: Total |	15288545
            Number of splices: Annotated (sjdb) |	15177748
                       Number of splices: GT/AG |	15148233
                       Number of splices: GC/AG |	108337
                       Number of splices: AT/AC |	15100
               Number of splices: Non-canonical |	16875
                      Mismatch rate per base, % |	0.30%
                         Deletion rate per base |	0.01%
                        Deletion average length |	1.56
                        Insertion rate per base |	0.01%
                       Insertion average length |	1.31
                             MULTI-MAPPING READS:
        Number of reads mapped to multiple loci |	1644265
             % of reads mapped to multiple loci |	5.25%
        Number of reads mapped to too many loci |	2753
             % of reads mapped to too many loci |	0.01%
                                  UNMAPPED READS:
       % of reads unmapped: too many mismatches |	5.78%
                 % of reads unmapped: too short |	2.46%
                     % of reads unmapped: other |	0.13%
                                  CHIMERIC READS:
                       Number of chimeric reads |	136639
                            % of chimeric reads |	0.44%
