                                 Started job on |	Dec 22 17:02:26
                             Started mapping on |	Dec 22 17:07:13
                                    Finished on |	Dec 22 17:23:53
       Mapping speed, Million of reads per hour |	117.95

                          Number of input reads |	32765116
                      Average input read length |	150
                                    UNIQUE READS:
                   Uniquely mapped reads number |	27936257
                        Uniquely mapped reads % |	85.26%
                          Average mapped length |	149.99
                       Number of splices: Total |	14595346
            Number of splices: Annotated (sjdb) |	14476023
                       Number of splices: GT/AG |	14473404
                       Number of splices: GC/AG |	99215
                       Number of splices: AT/AC |	13011
               Number of splices: Non-canonical |	9716
                      Mismatch rate per base, % |	0.36%
                         Deletion rate per base |	0.01%
                        Deletion average length |	1.63
                        Insertion rate per base |	0.00%
                       Insertion average length |	1.51
                             MULTI-MAPPING READS:
        Number of reads mapped to multiple loci |	1496392
             % of reads mapped to multiple loci |	4.57%
        Number of reads mapped to too many loci |	5132
             % of reads mapped to too many loci |	0.02%
                                  UNMAPPED READS:
       % of reads unmapped: too many mismatches |	7.46%
                 % of reads unmapped: too short |	2.44%
                     % of reads unmapped: other |	0.26%
                                  CHIMERIC READS:
                       Number of chimeric reads |	124331
                            % of chimeric reads |	0.38%
