                                 Started job on |	Dec 22 17:02:35
                             Started mapping on |	Dec 22 17:06:23
                                    Finished on |	Dec 22 17:15:30
       Mapping speed, Million of reads per hour |	118.05

                          Number of input reads |	17936970
                      Average input read length |	150
                                    UNIQUE READS:
                   Uniquely mapped reads number |	15025870
                        Uniquely mapped reads % |	83.77%
                          Average mapped length |	149.98
                       Number of splices: Total |	8164269
            Number of splices: Annotated (sjdb) |	8099318
                       Number of splices: GT/AG |	8085727
                       Number of splices: GC/AG |	60152
                       Number of splices: AT/AC |	7590
               Number of splices: Non-canonical |	10800
                      Mismatch rate per base, % |	0.40%
                         Deletion rate per base |	0.01%
                        Deletion average length |	1.62
                        Insertion rate per base |	0.01%
                       Insertion average length |	1.31
                             MULTI-MAPPING READS:
        Number of reads mapped to multiple loci |	838796
             % of reads mapped to multiple loci |	4.68%
        Number of reads mapped to too many loci |	2009
             % of reads mapped to too many loci |	0.01%
                                  UNMAPPED READS:
       % of reads unmapped: too many mismatches |	7.20%
                 % of reads unmapped: too short |	3.43%
                     % of reads unmapped: other |	0.92%
                                  CHIMERIC READS:
                       Number of chimeric reads |	36007
                            % of chimeric reads |	0.20%
