                                 Started job on |	Dec 22 17:16:23
                             Started mapping on |	Dec 22 17:19:52
                                    Finished on |	Dec 22 17:39:35
       Mapping speed, Million of reads per hour |	106.91

                          Number of input reads |	35132325
                      Average input read length |	150
                                    UNIQUE READS:
                   Uniquely mapped reads number |	29602437
                        Uniquely mapped reads % |	84.26%
                          Average mapped length |	149.99
                       Number of splices: Total |	15266613
            Number of splices: Annotated (sjdb) |	15161865
                       Number of splices: GT/AG |	15125554
                       Number of splices: GC/AG |	106399
                       Number of splices: AT/AC |	13839
               Number of splices: Non-canonical |	20821
                      Mismatch rate per base, % |	0.34%
                         Deletion rate per base |	0.01%
                        Deletion average length |	1.86
                        Insertion rate per base |	0.00%
                       Insertion average length |	1.49
                             MULTI-MAPPING READS:
        Number of reads mapped to multiple loci |	2294191
             % of reads mapped to multiple loci |	6.53%
        Number of reads mapped to too many loci |	5245
             % of reads mapped to too many loci |	0.01%
                                  UNMAPPED READS:
       % of reads unmapped: too many mismatches |	7.08%
                 % of reads unmapped: too short |	1.96%
                     % of reads unmapped: other |	0.16%
                                  CHIMERIC READS:
                       Number of chimeric reads |	106141
                            % of chimeric reads |	0.30%
