                                 Started job on |	Dec 22 16:24:45
                             Started mapping on |	Dec 22 16:27:22
                                    Finished on |	Dec 22 16:37:03
       Mapping speed, Million of reads per hour |	136.82

                          Number of input reads |	22080657
                      Average input read length |	150
                                    UNIQUE READS:
                   Uniquely mapped reads number |	18836276
                        Uniquely mapped reads % |	85.31%
                          Average mapped length |	149.99
                       Number of splices: Total |	10125039
            Number of splices: Annotated (sjdb) |	10051047
                       Number of splices: GT/AG |	10036097
                       Number of splices: GC/AG |	69365
                       Number of splices: AT/AC |	9001
               Number of splices: Non-canonical |	10576
                      Mismatch rate per base, % |	0.38%
                         Deletion rate per base |	0.01%
                        Deletion average length |	1.62
                        Insertion rate per base |	0.00%
                       Insertion average length |	1.46
                             MULTI-MAPPING READS:
        Number of reads mapped to multiple loci |	1084852
             % of reads mapped to multiple loci |	4.91%
        Number of reads mapped to too many loci |	2695
             % of reads mapped to too many loci |	0.01%
                                  UNMAPPED READS:
       % of reads unmapped: too many mismatches |	7.15%
                 % of reads unmapped: too short |	2.34%
                     % of reads unmapped: other |	0.27%
                                  CHIMERIC READS:
                       Number of chimeric reads |	68789
                            % of chimeric reads |	0.31%
