                                 Started job on |	Dec 22 17:28:33
                             Started mapping on |	Dec 22 17:32:39
                                    Finished on |	Dec 22 17:54:15
       Mapping speed, Million of reads per hour |	105.92

                          Number of input reads |	38129424
                      Average input read length |	150
                                    UNIQUE READS:
                   Uniquely mapped reads number |	31202770
                        Uniquely mapped reads % |	81.83%
                          Average mapped length |	149.99
                       Number of splices: Total |	15833609
            Number of splices: Annotated (sjdb) |	15696639
                       Number of splices: GT/AG |	15678310
                       Number of splices: GC/AG |	112310
                       Number of splices: AT/AC |	14338
               Number of splices: Non-canonical |	28651
                      Mismatch rate per base, % |	0.37%
                         Deletion rate per base |	0.01%
                        Deletion average length |	1.69
                        Insertion rate per base |	0.01%
                       Insertion average length |	1.32
                             MULTI-MAPPING READS:
        Number of reads mapped to multiple loci |	2509934
             % of reads mapped to multiple loci |	6.58%
        Number of reads mapped to too many loci |	4546
             % of reads mapped to too many loci |	0.01%
                                  UNMAPPED READS:
       % of reads unmapped: too many mismatches |	8.50%
                 % of reads unmapped: too short |	2.86%
                     % of reads unmapped: other |	0.22%
                                  CHIMERIC READS:
                       Number of chimeric reads |	121164
                            % of chimeric reads |	0.32%
