                                 Started job on |	Dec 22 16:42:56
                             Started mapping on |	Dec 22 16:45:46
                                    Finished on |	Dec 22 17:01:11
       Mapping speed, Million of reads per hour |	119.46

                          Number of input reads |	30693949
                      Average input read length |	150
                                    UNIQUE READS:
                   Uniquely mapped reads number |	25954322
                        Uniquely mapped reads % |	84.56%
                          Average mapped length |	149.99
                       Number of splices: Total |	13858161
            Number of splices: Annotated (sjdb) |	13727319
                       Number of splices: GT/AG |	13729915
                       Number of splices: GC/AG |	97157
                       Number of splices: AT/AC |	12440
               Number of splices: Non-canonical |	18649
                      Mismatch rate per base, % |	0.35%
                         Deletion rate per base |	0.01%
                        Deletion average length |	1.63
                        Insertion rate per base |	0.01%
                       Insertion average length |	1.34
                             MULTI-MAPPING READS:
        Number of reads mapped to multiple loci |	1229056
             % of reads mapped to multiple loci |	4.00%
        Number of reads mapped to too many loci |	5220
             % of reads mapped to too many loci |	0.02%
                                  UNMAPPED READS:
       % of reads unmapped: too many mismatches |	8.28%
                 % of reads unmapped: too short |	2.82%
                     % of reads unmapped: other |	0.32%
                                  CHIMERIC READS:
                       Number of chimeric reads |	107366
                            % of chimeric reads |	0.35%
