                                 Started job on |	Dec 22 16:45:24
                             Started mapping on |	Dec 22 16:49:55
                                    Finished on |	Dec 22 17:05:21
       Mapping speed, Million of reads per hour |	111.24

                          Number of input reads |	28614625
                      Average input read length |	150
                                    UNIQUE READS:
                   Uniquely mapped reads number |	22505385
                        Uniquely mapped reads % |	78.65%
                          Average mapped length |	149.99
                       Number of splices: Total |	11736608
            Number of splices: Annotated (sjdb) |	11665171
                       Number of splices: GT/AG |	11629326
                       Number of splices: GC/AG |	78965
                       Number of splices: AT/AC |	10499
               Number of splices: Non-canonical |	17818
                      Mismatch rate per base, % |	0.33%
                         Deletion rate per base |	0.01%
                        Deletion average length |	1.66
                        Insertion rate per base |	0.01%
                       Insertion average length |	1.30
                             MULTI-MAPPING READS:
        Number of reads mapped to multiple loci |	3082058
             % of reads mapped to multiple loci |	10.77%
        Number of reads mapped to too many loci |	2434
             % of reads mapped to too many loci |	0.01%
                                  UNMAPPED READS:
       % of reads unmapped: too many mismatches |	8.19%
                 % of reads unmapped: too short |	2.27%
                     % of reads unmapped: other |	0.11%
                                  CHIMERIC READS:
                       Number of chimeric reads |	78222
                            % of chimeric reads |	0.27%
