                                 Started job on |	Dec 22 16:45:21
                             Started mapping on |	Dec 22 16:49:37
                                    Finished on |	Dec 22 17:12:43
       Mapping speed, Million of reads per hour |	112.91

                          Number of input reads |	43471521
                      Average input read length |	150
                                    UNIQUE READS:
                   Uniquely mapped reads number |	35091475
                        Uniquely mapped reads % |	80.72%
                          Average mapped length |	149.99
                       Number of splices: Total |	18042617
            Number of splices: Annotated (sjdb) |	17916551
                       Number of splices: GT/AG |	17874488
                       Number of splices: GC/AG |	128788
                       Number of splices: AT/AC |	15741
               Number of splices: Non-canonical |	23600
                      Mismatch rate per base, % |	0.37%
                         Deletion rate per base |	0.01%
                        Deletion average length |	1.67
                        Insertion rate per base |	0.01%
                       Insertion average length |	1.33
                             MULTI-MAPPING READS:
        Number of reads mapped to multiple loci |	3077632
             % of reads mapped to multiple loci |	7.08%
        Number of reads mapped to too many loci |	5619
             % of reads mapped to too many loci |	0.01%
                                  UNMAPPED READS:
       % of reads unmapped: too many mismatches |	8.12%
                 % of reads unmapped: too short |	3.96%
                     % of reads unmapped: other |	0.10%
                                  CHIMERIC READS:
                       Number of chimeric reads |	190102
                            % of chimeric reads |	0.44%
