                                 Started job on |	Dec 22 16:45:27
                             Started mapping on |	Dec 22 16:49:40
                                    Finished on |	Dec 22 17:06:35
       Mapping speed, Million of reads per hour |	115.56

                          Number of input reads |	32581294
                      Average input read length |	150
                                    UNIQUE READS:
                   Uniquely mapped reads number |	28027128
                        Uniquely mapped reads % |	86.02%
                          Average mapped length |	149.99
                       Number of splices: Total |	15762185
            Number of splices: Annotated (sjdb) |	15658347
                       Number of splices: GT/AG |	15621742
                       Number of splices: GC/AG |	107353
                       Number of splices: AT/AC |	12360
               Number of splices: Non-canonical |	20730
                      Mismatch rate per base, % |	0.25%
                         Deletion rate per base |	0.01%
                        Deletion average length |	1.60
                        Insertion rate per base |	0.01%
                       Insertion average length |	1.42
                             MULTI-MAPPING READS:
        Number of reads mapped to multiple loci |	1596610
             % of reads mapped to multiple loci |	4.90%
        Number of reads mapped to too many loci |	3563
             % of reads mapped to too many loci |	0.01%
                                  UNMAPPED READS:
       % of reads unmapped: too many mismatches |	5.94%
                 % of reads unmapped: too short |	2.69%
                     % of reads unmapped: other |	0.44%
                                  CHIMERIC READS:
                       Number of chimeric reads |	94248
                            % of chimeric reads |	0.29%
