                                 Started job on |	Dec 22 17:02:31
                             Started mapping on |	Dec 22 17:06:44
                                    Finished on |	Dec 22 17:18:20
       Mapping speed, Million of reads per hour |	104.60

                          Number of input reads |	20222839
                      Average input read length |	150
                                    UNIQUE READS:
                   Uniquely mapped reads number |	17384175
                        Uniquely mapped reads % |	85.96%
                          Average mapped length |	149.99
                       Number of splices: Total |	9098165
            Number of splices: Annotated (sjdb) |	9036049
                       Number of splices: GT/AG |	9009658
                       Number of splices: GC/AG |	66318
                       Number of splices: AT/AC |	8627
               Number of splices: Non-canonical |	13562
                      Mismatch rate per base, % |	0.33%
                         Deletion rate per base |	0.01%
                        Deletion average length |	1.64
                        Insertion rate per base |	0.01%
                       Insertion average length |	1.30
                             MULTI-MAPPING READS:
        Number of reads mapped to multiple loci |	921886
             % of reads mapped to multiple loci |	4.56%
        Number of reads mapped to too many loci |	3318
             % of reads mapped to too many loci |	0.02%
                                  UNMAPPED READS:
       % of reads unmapped: too many mismatches |	6.41%
                 % of reads unmapped: too short |	2.34%
                     % of reads unmapped: other |	0.71%
                                  CHIMERIC READS:
                       Number of chimeric reads |	41275
                            % of chimeric reads |	0.20%
