                                 Started job on |	Dec 22 16:04:15
                             Started mapping on |	Dec 22 16:10:32
                                    Finished on |	Dec 22 16:23:52
       Mapping speed, Million of reads per hour |	109.05

                          Number of input reads |	24234182
                      Average input read length |	150
                                    UNIQUE READS:
                   Uniquely mapped reads number |	20650371
                        Uniquely mapped reads % |	85.21%
                          Average mapped length |	149.99
                       Number of splices: Total |	10551210
            Number of splices: Annotated (sjdb) |	10434343
                       Number of splices: GT/AG |	10454481
                       Number of splices: GC/AG |	68102
                       Number of splices: AT/AC |	8071
               Number of splices: Non-canonical |	20556
                      Mismatch rate per base, % |	0.28%
                         Deletion rate per base |	0.01%
                        Deletion average length |	1.76
                        Insertion rate per base |	0.01%
                       Insertion average length |	1.57
                             MULTI-MAPPING READS:
        Number of reads mapped to multiple loci |	1480033
             % of reads mapped to multiple loci |	6.11%
        Number of reads mapped to too many loci |	4993
             % of reads mapped to too many loci |	0.02%
                                  UNMAPPED READS:
       % of reads unmapped: too many mismatches |	6.04%
                 % of reads unmapped: too short |	2.33%
                     % of reads unmapped: other |	0.29%
                                  CHIMERIC READS:
                       Number of chimeric reads |	65453
                            % of chimeric reads |	0.27%
