                                 Started job on |	Dec 22 16:25:40
                             Started mapping on |	Dec 22 16:29:15
                                    Finished on |	Dec 22 16:41:26
       Mapping speed, Million of reads per hour |	123.68

                          Number of input reads |	25113331
                      Average input read length |	150
                                    UNIQUE READS:
                   Uniquely mapped reads number |	22308672
                        Uniquely mapped reads % |	88.83%
                          Average mapped length |	149.99
                       Number of splices: Total |	11508331
            Number of splices: Annotated (sjdb) |	11414339
                       Number of splices: GT/AG |	11402864
                       Number of splices: GC/AG |	78218
                       Number of splices: AT/AC |	10638
               Number of splices: Non-canonical |	16611
                      Mismatch rate per base, % |	0.27%
                         Deletion rate per base |	0.01%
                        Deletion average length |	1.60
                        Insertion rate per base |	0.00%
                       Insertion average length |	1.55
                             MULTI-MAPPING READS:
        Number of reads mapped to multiple loci |	1059602
             % of reads mapped to multiple loci |	4.22%
        Number of reads mapped to too many loci |	4704
             % of reads mapped to too many loci |	0.02%
                                  UNMAPPED READS:
       % of reads unmapped: too many mismatches |	5.08%
                 % of reads unmapped: too short |	1.64%
                     % of reads unmapped: other |	0.22%
                                  CHIMERIC READS:
                       Number of chimeric reads |	47402
                            % of chimeric reads |	0.19%
