                                 Started job on |	Dec 22 16:40:00
                             Started mapping on |	Dec 22 16:42:25
                                    Finished on |	Dec 22 17:01:46
       Mapping speed, Million of reads per hour |	119.81

                          Number of input reads |	38638826
                      Average input read length |	150
                                    UNIQUE READS:
                   Uniquely mapped reads number |	32284584
                        Uniquely mapped reads % |	83.55%
                          Average mapped length |	149.99
                       Number of splices: Total |	17885988
            Number of splices: Annotated (sjdb) |	17749379
                       Number of splices: GT/AG |	17714464
                       Number of splices: GC/AG |	124711
                       Number of splices: AT/AC |	16082
               Number of splices: Non-canonical |	30731
                      Mismatch rate per base, % |	0.32%
                         Deletion rate per base |	0.01%
                        Deletion average length |	1.56
                        Insertion rate per base |	0.01%
                       Insertion average length |	1.45
                             MULTI-MAPPING READS:
        Number of reads mapped to multiple loci |	1838149
             % of reads mapped to multiple loci |	4.76%
        Number of reads mapped to too many loci |	4164
             % of reads mapped to too many loci |	0.01%
                                  UNMAPPED READS:
       % of reads unmapped: too many mismatches |	7.68%
                 % of reads unmapped: too short |	3.36%
                     % of reads unmapped: other |	0.64%
                                  CHIMERIC READS:
                       Number of chimeric reads |	146718
                            % of chimeric reads |	0.38%
