                                 Started job on |	Dec 22 17:28:34
                             Started mapping on |	Dec 22 17:32:18
                                    Finished on |	Dec 22 17:48:43
       Mapping speed, Million of reads per hour |	116.81

                          Number of input reads |	31961156
                      Average input read length |	150
                                    UNIQUE READS:
                   Uniquely mapped reads number |	28065317
                        Uniquely mapped reads % |	87.81%
                          Average mapped length |	149.99
                       Number of splices: Total |	15688515
            Number of splices: Annotated (sjdb) |	15579495
                       Number of splices: GT/AG |	15543630
                       Number of splices: GC/AG |	107324
                       Number of splices: AT/AC |	12846
               Number of splices: Non-canonical |	24715
                      Mismatch rate per base, % |	0.33%
                         Deletion rate per base |	0.01%
                        Deletion average length |	1.60
                        Insertion rate per base |	0.00%
                       Insertion average length |	1.52
                             MULTI-MAPPING READS:
        Number of reads mapped to multiple loci |	1629721
             % of reads mapped to multiple loci |	5.10%
        Number of reads mapped to too many loci |	3478
             % of reads mapped to too many loci |	0.01%
                                  UNMAPPED READS:
       % of reads unmapped: too many mismatches |	5.36%
                 % of reads unmapped: too short |	1.48%
                     % of reads unmapped: other |	0.23%
                                  CHIMERIC READS:
                       Number of chimeric reads |	47177
                            % of chimeric reads |	0.15%
