                                 Started job on |	Dec 22 17:28:28
                             Started mapping on |	Dec 22 17:31:47
                                    Finished on |	Dec 22 17:47:33
       Mapping speed, Million of reads per hour |	128.76

                          Number of input reads |	33835533
                      Average input read length |	150
                                    UNIQUE READS:
                   Uniquely mapped reads number |	29256264
                        Uniquely mapped reads % |	86.47%
                          Average mapped length |	149.99
                       Number of splices: Total |	14826340
            Number of splices: Annotated (sjdb) |	14690963
                       Number of splices: GT/AG |	14689322
                       Number of splices: GC/AG |	107586
                       Number of splices: AT/AC |	13471
               Number of splices: Non-canonical |	15961
                      Mismatch rate per base, % |	0.30%
                         Deletion rate per base |	0.01%
                        Deletion average length |	1.56
                        Insertion rate per base |	0.01%
                       Insertion average length |	1.31
                             MULTI-MAPPING READS:
        Number of reads mapped to multiple loci |	1337633
             % of reads mapped to multiple loci |	3.95%
        Number of reads mapped to too many loci |	5506
             % of reads mapped to too many loci |	0.02%
                                  UNMAPPED READS:
       % of reads unmapped: too many mismatches |	6.32%
                 % of reads unmapped: too short |	2.91%
                     % of reads unmapped: other |	0.33%
                                  CHIMERIC READS:
                       Number of chimeric reads |	112195
                            % of chimeric reads |	0.33%
