                                 Started job on |	Dec 22 16:19:07
                             Started mapping on |	Dec 22 16:22:28
                                    Finished on |	Dec 22 16:35:12
       Mapping speed, Million of reads per hour |	109.68

                          Number of input reads |	23277064
                      Average input read length |	150
                                    UNIQUE READS:
                   Uniquely mapped reads number |	18785512
                        Uniquely mapped reads % |	80.70%
                          Average mapped length |	149.99
                       Number of splices: Total |	8999583
            Number of splices: Annotated (sjdb) |	8926039
                       Number of splices: GT/AG |	8917134
                       Number of splices: GC/AG |	62143
                       Number of splices: AT/AC |	7804
               Number of splices: Non-canonical |	12502
                      Mismatch rate per base, % |	0.39%
                         Deletion rate per base |	0.01%
                        Deletion average length |	1.54
                        Insertion rate per base |	0.01%
                       Insertion average length |	1.42
                             MULTI-MAPPING READS:
        Number of reads mapped to multiple loci |	1847351
             % of reads mapped to multiple loci |	7.94%
        Number of reads mapped to too many loci |	4497
             % of reads mapped to too many loci |	0.02%
                                  UNMAPPED READS:
       % of reads unmapped: too many mismatches |	8.54%
                 % of reads unmapped: too short |	2.63%
                     % of reads unmapped: other |	0.18%
                                  CHIMERIC READS:
                       Number of chimeric reads |	80678
                            % of chimeric reads |	0.35%
