                                 Started job on |	Dec 22 16:17:59
                             Started mapping on |	Dec 22 16:21:32
                                    Finished on |	Dec 22 16:39:13
       Mapping speed, Million of reads per hour |	110.33

                          Number of input reads |	32516535
                      Average input read length |	150
                                    UNIQUE READS:
                   Uniquely mapped reads number |	27272389
                        Uniquely mapped reads % |	83.87%
                          Average mapped length |	149.99
                       Number of splices: Total |	14324881
            Number of splices: Annotated (sjdb) |	14175954
                       Number of splices: GT/AG |	14179310
                       Number of splices: GC/AG |	104026
                       Number of splices: AT/AC |	10046
               Number of splices: Non-canonical |	31499
                      Mismatch rate per base, % |	0.31%
                         Deletion rate per base |	0.01%
                        Deletion average length |	1.70
                        Insertion rate per base |	0.01%
                       Insertion average length |	1.37
                             MULTI-MAPPING READS:
        Number of reads mapped to multiple loci |	1508957
             % of reads mapped to multiple loci |	4.64%
        Number of reads mapped to too many loci |	5926
             % of reads mapped to too many loci |	0.02%
                                  UNMAPPED READS:
       % of reads unmapped: too many mismatches |	7.51%
                 % of reads unmapped: too short |	3.26%
                     % of reads unmapped: other |	0.70%
                                  CHIMERIC READS:
                       Number of chimeric reads |	117335
                            % of chimeric reads |	0.36%
