                                 Started job on |	Dec 22 16:45:35
                             Started mapping on |	Dec 22 17:07:21
                                    Finished on |	Dec 22 17:25:43
       Mapping speed, Million of reads per hour |	102.73

                          Number of input reads |	31447225
                      Average input read length |	150
                                    UNIQUE READS:
                   Uniquely mapped reads number |	25672147
                        Uniquely mapped reads % |	81.64%
                          Average mapped length |	149.99
                       Number of splices: Total |	12768506
            Number of splices: Annotated (sjdb) |	12676529
                       Number of splices: GT/AG |	12653196
                       Number of splices: GC/AG |	87613
                       Number of splices: AT/AC |	10837
               Number of splices: Non-canonical |	16860
                      Mismatch rate per base, % |	0.37%
                         Deletion rate per base |	0.01%
                        Deletion average length |	1.70
                        Insertion rate per base |	0.01%
                       Insertion average length |	1.38
                             MULTI-MAPPING READS:
        Number of reads mapped to multiple loci |	2388277
             % of reads mapped to multiple loci |	7.59%
        Number of reads mapped to too many loci |	4573
             % of reads mapped to too many loci |	0.01%
                                  UNMAPPED READS:
       % of reads unmapped: too many mismatches |	7.71%
                 % of reads unmapped: too short |	2.73%
                     % of reads unmapped: other |	0.32%
                                  CHIMERIC READS:
                       Number of chimeric reads |	113149
                            % of chimeric reads |	0.36%
