                                 Started job on |	Dec 22 16:45:26
                             Started mapping on |	Dec 22 16:49:19
                                    Finished on |	Dec 22 17:11:25
       Mapping speed, Million of reads per hour |	116.26

                          Number of input reads |	42821701
                      Average input read length |	150
                                    UNIQUE READS:
                   Uniquely mapped reads number |	35254428
                        Uniquely mapped reads % |	82.33%
                          Average mapped length |	149.99
                       Number of splices: Total |	18403098
            Number of splices: Annotated (sjdb) |	18252970
                       Number of splices: GT/AG |	18214142
                       Number of splices: GC/AG |	152298
                       Number of splices: AT/AC |	15494
               Number of splices: Non-canonical |	21164
                      Mismatch rate per base, % |	0.35%
                         Deletion rate per base |	0.01%
                        Deletion average length |	1.68
                        Insertion rate per base |	0.01%
                       Insertion average length |	1.34
                             MULTI-MAPPING READS:
        Number of reads mapped to multiple loci |	2769535
             % of reads mapped to multiple loci |	6.47%
        Number of reads mapped to too many loci |	6220
             % of reads mapped to too many loci |	0.01%
                                  UNMAPPED READS:
       % of reads unmapped: too many mismatches |	8.10%
                 % of reads unmapped: too short |	2.91%
                     % of reads unmapped: other |	0.18%
                                  CHIMERIC READS:
                       Number of chimeric reads |	166412
                            % of chimeric reads |	0.39%
