                                 Started job on |	Dec 22 16:06:18
                             Started mapping on |	Dec 22 16:09:13
                                    Finished on |	Dec 22 16:24:22
       Mapping speed, Million of reads per hour |	120.56

                          Number of input reads |	30442472
                      Average input read length |	150
                                    UNIQUE READS:
                   Uniquely mapped reads number |	26390926
                        Uniquely mapped reads % |	86.69%
                          Average mapped length |	149.98
                       Number of splices: Total |	13270472
            Number of splices: Annotated (sjdb) |	13158072
                       Number of splices: GT/AG |	13141318
                       Number of splices: GC/AG |	95991
                       Number of splices: AT/AC |	11308
               Number of splices: Non-canonical |	21855
                      Mismatch rate per base, % |	0.30%
                         Deletion rate per base |	0.01%
                        Deletion average length |	1.57
                        Insertion rate per base |	0.01%
                       Insertion average length |	1.32
                             MULTI-MAPPING READS:
        Number of reads mapped to multiple loci |	1365499
             % of reads mapped to multiple loci |	4.49%
        Number of reads mapped to too many loci |	5568
             % of reads mapped to too many loci |	0.02%
                                  UNMAPPED READS:
       % of reads unmapped: too many mismatches |	5.99%
                 % of reads unmapped: too short |	2.60%
                     % of reads unmapped: other |	0.21%
                                  CHIMERIC READS:
                       Number of chimeric reads |	90106
                            % of chimeric reads |	0.30%
