                                 Started job on |	Dec 22 17:28:28
                             Started mapping on |	Dec 22 17:32:02
                                    Finished on |	Dec 22 17:44:10
       Mapping speed, Million of reads per hour |	120.14

                          Number of input reads |	24295979
                      Average input read length |	150
                                    UNIQUE READS:
                   Uniquely mapped reads number |	20538450
                        Uniquely mapped reads % |	84.53%
                          Average mapped length |	149.99
                       Number of splices: Total |	11870617
            Number of splices: Annotated (sjdb) |	11783996
                       Number of splices: GT/AG |	11762306
                       Number of splices: GC/AG |	79101
                       Number of splices: AT/AC |	10135
               Number of splices: Non-canonical |	19075
                      Mismatch rate per base, % |	0.36%
                         Deletion rate per base |	0.01%
                        Deletion average length |	1.70
                        Insertion rate per base |	0.00%
                       Insertion average length |	1.52
                             MULTI-MAPPING READS:
        Number of reads mapped to multiple loci |	1230515
             % of reads mapped to multiple loci |	5.06%
        Number of reads mapped to too many loci |	2606
             % of reads mapped to too many loci |	0.01%
                                  UNMAPPED READS:
       % of reads unmapped: too many mismatches |	7.53%
                 % of reads unmapped: too short |	2.54%
                     % of reads unmapped: other |	0.33%
                                  CHIMERIC READS:
                       Number of chimeric reads |	73689
                            % of chimeric reads |	0.30%
