                                 Started job on |	Dec 22 16:41:43
                             Started mapping on |	Dec 22 16:44:14
                                    Finished on |	Dec 22 17:01:40
       Mapping speed, Million of reads per hour |	124.07

                          Number of input reads |	36048237
                      Average input read length |	150
                                    UNIQUE READS:
                   Uniquely mapped reads number |	29454569
                        Uniquely mapped reads % |	81.71%
                          Average mapped length |	149.99
                       Number of splices: Total |	14526535
            Number of splices: Annotated (sjdb) |	14414876
                       Number of splices: GT/AG |	14389097
                       Number of splices: GC/AG |	101285
                       Number of splices: AT/AC |	12637
               Number of splices: Non-canonical |	23516
                      Mismatch rate per base, % |	0.36%
                         Deletion rate per base |	0.01%
                        Deletion average length |	1.66
                        Insertion rate per base |	0.01%
                       Insertion average length |	1.33
                             MULTI-MAPPING READS:
        Number of reads mapped to multiple loci |	2471636
             % of reads mapped to multiple loci |	6.86%
        Number of reads mapped to too many loci |	7439
             % of reads mapped to too many loci |	0.02%
                                  UNMAPPED READS:
       % of reads unmapped: too many mismatches |	8.12%
                 % of reads unmapped: too short |	3.00%
                     % of reads unmapped: other |	0.29%
                                  CHIMERIC READS:
                       Number of chimeric reads |	119883
                            % of chimeric reads |	0.33%
