                                 Started job on |	Dec 22 17:16:30
                             Started mapping on |	Dec 22 17:20:24
                                    Finished on |	Dec 22 17:32:33
       Mapping speed, Million of reads per hour |	134.79

                          Number of input reads |	27294144
                      Average input read length |	150
                                    UNIQUE READS:
                   Uniquely mapped reads number |	24288619
                        Uniquely mapped reads % |	88.99%
                          Average mapped length |	149.99
                       Number of splices: Total |	12385964
            Number of splices: Annotated (sjdb) |	12289944
                       Number of splices: GT/AG |	12267784
                       Number of splices: GC/AG |	90888
                       Number of splices: AT/AC |	12059
               Number of splices: Non-canonical |	15233
                      Mismatch rate per base, % |	0.27%
                         Deletion rate per base |	0.01%
                        Deletion average length |	1.60
                        Insertion rate per base |	0.00%
                       Insertion average length |	1.59
                             MULTI-MAPPING READS:
        Number of reads mapped to multiple loci |	1104762
             % of reads mapped to multiple loci |	4.05%
        Number of reads mapped to too many loci |	4969
             % of reads mapped to too many loci |	0.02%
                                  UNMAPPED READS:
       % of reads unmapped: too many mismatches |	4.89%
                 % of reads unmapped: too short |	1.76%
                     % of reads unmapped: other |	0.30%
                                  CHIMERIC READS:
                       Number of chimeric reads |	55045
                            % of chimeric reads |	0.20%
