                                 Started job on |	Dec 22 17:28:31
                             Started mapping on |	Dec 22 17:31:09
                                    Finished on |	Dec 22 17:35:03
       Mapping speed, Million of reads per hour |	132.92

                          Number of input reads |	8639677
                      Average input read length |	150
                                    UNIQUE READS:
                   Uniquely mapped reads number |	7524017
                        Uniquely mapped reads % |	87.09%
                          Average mapped length |	149.99
                       Number of splices: Total |	3784274
            Number of splices: Annotated (sjdb) |	3747789
                       Number of splices: GT/AG |	3749025
                       Number of splices: GC/AG |	26694
                       Number of splices: AT/AC |	3126
               Number of splices: Non-canonical |	5429
                      Mismatch rate per base, % |	0.29%
                         Deletion rate per base |	0.01%
                        Deletion average length |	1.78
                        Insertion rate per base |	0.00%
                       Insertion average length |	1.56
                             MULTI-MAPPING READS:
        Number of reads mapped to multiple loci |	375695
             % of reads mapped to multiple loci |	4.35%
        Number of reads mapped to too many loci |	1247
             % of reads mapped to too many loci |	0.01%
                                  UNMAPPED READS:
       % of reads unmapped: too many mismatches |	5.75%
                 % of reads unmapped: too short |	2.42%
                     % of reads unmapped: other |	0.39%
                                  CHIMERIC READS:
                       Number of chimeric reads |	20768
                            % of chimeric reads |	0.24%
