                                 Started job on |	Dec 22 16:44:05
                             Started mapping on |	Dec 22 16:46:49
                                    Finished on |	Dec 22 16:53:34
       Mapping speed, Million of reads per hour |	112.59

                          Number of input reads |	12666483
                      Average input read length |	150
                                    UNIQUE READS:
                   Uniquely mapped reads number |	10290204
                        Uniquely mapped reads % |	81.24%
                          Average mapped length |	149.99
                       Number of splices: Total |	5805265
            Number of splices: Annotated (sjdb) |	5762631
                       Number of splices: GT/AG |	5752661
                       Number of splices: GC/AG |	40405
                       Number of splices: AT/AC |	5075
               Number of splices: Non-canonical |	7124
                      Mismatch rate per base, % |	0.39%
                         Deletion rate per base |	0.01%
                        Deletion average length |	1.73
                        Insertion rate per base |	0.01%
                       Insertion average length |	1.33
                             MULTI-MAPPING READS:
        Number of reads mapped to multiple loci |	591155
             % of reads mapped to multiple loci |	4.67%
        Number of reads mapped to too many loci |	1255
             % of reads mapped to too many loci |	0.01%
                                  UNMAPPED READS:
       % of reads unmapped: too many mismatches |	8.78%
                 % of reads unmapped: too short |	4.03%
                     % of reads unmapped: other |	1.27%
                                  CHIMERIC READS:
                       Number of chimeric reads |	30963
                            % of chimeric reads |	0.24%
