                                 Started job on |	Dec 22 16:45:41
                             Started mapping on |	Dec 22 16:56:04
                                    Finished on |	Dec 22 17:05:41
       Mapping speed, Million of reads per hour |	93.57

                          Number of input reads |	14997759
                      Average input read length |	150
                                    UNIQUE READS:
                   Uniquely mapped reads number |	12620707
                        Uniquely mapped reads % |	84.15%
                          Average mapped length |	149.99
                       Number of splices: Total |	6860507
            Number of splices: Annotated (sjdb) |	6809569
                       Number of splices: GT/AG |	6798841
                       Number of splices: GC/AG |	44903
                       Number of splices: AT/AC |	5869
               Number of splices: Non-canonical |	10894
                      Mismatch rate per base, % |	0.39%
                         Deletion rate per base |	0.01%
                        Deletion average length |	1.51
                        Insertion rate per base |	0.01%
                       Insertion average length |	1.32
                             MULTI-MAPPING READS:
        Number of reads mapped to multiple loci |	710685
             % of reads mapped to multiple loci |	4.74%
        Number of reads mapped to too many loci |	1627
             % of reads mapped to too many loci |	0.01%
                                  UNMAPPED READS:
       % of reads unmapped: too many mismatches |	8.47%
                 % of reads unmapped: too short |	2.43%
                     % of reads unmapped: other |	0.19%
                                  CHIMERIC READS:
                       Number of chimeric reads |	38762
                            % of chimeric reads |	0.26%
