                                 Started job on |	Dec 22 16:45:33
                             Started mapping on |	Dec 22 16:49:20
                                    Finished on |	Dec 22 17:02:03
       Mapping speed, Million of reads per hour |	135.45

                          Number of input reads |	28707272
                      Average input read length |	150
                                    UNIQUE READS:
                   Uniquely mapped reads number |	24654224
                        Uniquely mapped reads % |	85.88%
                          Average mapped length |	149.99
                       Number of splices: Total |	12827688
            Number of splices: Annotated (sjdb) |	12732823
                       Number of splices: GT/AG |	12711142
                       Number of splices: GC/AG |	85411
                       Number of splices: AT/AC |	9679
               Number of splices: Non-canonical |	21456
                      Mismatch rate per base, % |	0.36%
                         Deletion rate per base |	0.01%
                        Deletion average length |	1.79
                        Insertion rate per base |	0.00%
                       Insertion average length |	1.65
                             MULTI-MAPPING READS:
        Number of reads mapped to multiple loci |	1637521
             % of reads mapped to multiple loci |	5.70%
        Number of reads mapped to too many loci |	4527
             % of reads mapped to too many loci |	0.02%
                                  UNMAPPED READS:
       % of reads unmapped: too many mismatches |	6.62%
                 % of reads unmapped: too short |	1.65%
                     % of reads unmapped: other |	0.14%
                                  CHIMERIC READS:
                       Number of chimeric reads |	49519
                            % of chimeric reads |	0.17%
