                                 Started job on |	Dec 22 17:16:24
                             Started mapping on |	Dec 22 17:20:56
                                    Finished on |	Dec 22 17:39:54
       Mapping speed, Million of reads per hour |	115.72

                          Number of input reads |	36581773
                      Average input read length |	150
                                    UNIQUE READS:
                   Uniquely mapped reads number |	31039140
                        Uniquely mapped reads % |	84.85%
                          Average mapped length |	149.99
                       Number of splices: Total |	16389686
            Number of splices: Annotated (sjdb) |	16237890
                       Number of splices: GT/AG |	16220020
                       Number of splices: GC/AG |	119945
                       Number of splices: AT/AC |	11968
               Number of splices: Non-canonical |	37753
                      Mismatch rate per base, % |	0.29%
                         Deletion rate per base |	0.01%
                        Deletion average length |	1.67
                        Insertion rate per base |	0.01%
                       Insertion average length |	1.34
                             MULTI-MAPPING READS:
        Number of reads mapped to multiple loci |	1951758
             % of reads mapped to multiple loci |	5.34%
        Number of reads mapped to too many loci |	8037
             % of reads mapped to too many loci |	0.02%
                                  UNMAPPED READS:
       % of reads unmapped: too many mismatches |	6.74%
                 % of reads unmapped: too short |	2.64%
                     % of reads unmapped: other |	0.41%
                                  CHIMERIC READS:
                       Number of chimeric reads |	100990
                            % of chimeric reads |	0.28%
