                                 Started job on |	Dec 22 16:04:01
                             Started mapping on |	Dec 22 16:09:03
                                    Finished on |	Dec 22 16:32:17
       Mapping speed, Million of reads per hour |	113.48

                          Number of input reads |	43941108
                      Average input read length |	150
                                    UNIQUE READS:
                   Uniquely mapped reads number |	35346099
                        Uniquely mapped reads % |	80.44%
                          Average mapped length |	149.99
                       Number of splices: Total |	18211321
            Number of splices: Annotated (sjdb) |	18054960
                       Number of splices: GT/AG |	18037267
                       Number of splices: GC/AG |	130987
                       Number of splices: AT/AC |	15902
               Number of splices: Non-canonical |	27165
                      Mismatch rate per base, % |	0.38%
                         Deletion rate per base |	0.01%
                        Deletion average length |	1.75
                        Insertion rate per base |	0.01%
                       Insertion average length |	1.30
                             MULTI-MAPPING READS:
        Number of reads mapped to multiple loci |	3298516
             % of reads mapped to multiple loci |	7.51%
        Number of reads mapped to too many loci |	6638
             % of reads mapped to too many loci |	0.02%
                                  UNMAPPED READS:
       % of reads unmapped: too many mismatches |	8.06%
                 % of reads unmapped: too short |	3.83%
                     % of reads unmapped: other |	0.15%
                                  CHIMERIC READS:
                       Number of chimeric reads |	126536
                            % of chimeric reads |	0.29%
