                                 Started job on |	Dec 22 16:30:03
                             Started mapping on |	Dec 22 16:32:50
                                    Finished on |	Dec 22 16:41:35
       Mapping speed, Million of reads per hour |	132.37

                          Number of input reads |	19303566
                      Average input read length |	150
                                    UNIQUE READS:
                   Uniquely mapped reads number |	16675985
                        Uniquely mapped reads % |	86.39%
                          Average mapped length |	149.99
                       Number of splices: Total |	8685861
            Number of splices: Annotated (sjdb) |	8617650
                       Number of splices: GT/AG |	8599993
                       Number of splices: GC/AG |	64110
                       Number of splices: AT/AC |	7796
               Number of splices: Non-canonical |	13962
                      Mismatch rate per base, % |	0.31%
                         Deletion rate per base |	0.01%
                        Deletion average length |	1.55
                        Insertion rate per base |	0.01%
                       Insertion average length |	1.28
                             MULTI-MAPPING READS:
        Number of reads mapped to multiple loci |	880020
             % of reads mapped to multiple loci |	4.56%
        Number of reads mapped to too many loci |	2480
             % of reads mapped to too many loci |	0.01%
                                  UNMAPPED READS:
       % of reads unmapped: too many mismatches |	6.23%
                 % of reads unmapped: too short |	2.46%
                     % of reads unmapped: other |	0.35%
                                  CHIMERIC READS:
                       Number of chimeric reads |	46466
                            % of chimeric reads |	0.24%
