                                 Started job on |	Dec 22 16:25:26
                             Started mapping on |	Dec 22 16:28:37
                                    Finished on |	Dec 22 16:37:27
       Mapping speed, Million of reads per hour |	111.91

                          Number of input reads |	16475259
                      Average input read length |	150
                                    UNIQUE READS:
                   Uniquely mapped reads number |	14193132
                        Uniquely mapped reads % |	86.15%
                          Average mapped length |	149.99
                       Number of splices: Total |	7856202
            Number of splices: Annotated (sjdb) |	7797165
                       Number of splices: GT/AG |	7781729
                       Number of splices: GC/AG |	58925
                       Number of splices: AT/AC |	6809
               Number of splices: Non-canonical |	8739
                      Mismatch rate per base, % |	0.38%
                         Deletion rate per base |	0.01%
                        Deletion average length |	1.53
                        Insertion rate per base |	0.01%
                       Insertion average length |	1.31
                             MULTI-MAPPING READS:
        Number of reads mapped to multiple loci |	835921
             % of reads mapped to multiple loci |	5.07%
        Number of reads mapped to too many loci |	1602
             % of reads mapped to too many loci |	0.01%
                                  UNMAPPED READS:
       % of reads unmapped: too many mismatches |	6.45%
                 % of reads unmapped: too short |	2.09%
                     % of reads unmapped: other |	0.24%
                                  CHIMERIC READS:
                       Number of chimeric reads |	38217
                            % of chimeric reads |	0.23%
