                                 Started job on |	Dec 22 16:45:23
                             Started mapping on |	Dec 22 17:04:26
                                    Finished on |	Dec 22 17:20:34
       Mapping speed, Million of reads per hour |	82.45

                          Number of input reads |	22168918
                      Average input read length |	150
                                    UNIQUE READS:
                   Uniquely mapped reads number |	19348962
                        Uniquely mapped reads % |	87.28%
                          Average mapped length |	149.99
                       Number of splices: Total |	10520027
            Number of splices: Annotated (sjdb) |	10449863
                       Number of splices: GT/AG |	10424634
                       Number of splices: GC/AG |	71204
                       Number of splices: AT/AC |	10014
               Number of splices: Non-canonical |	14175
                      Mismatch rate per base, % |	0.27%
                         Deletion rate per base |	0.01%
                        Deletion average length |	1.53
                        Insertion rate per base |	0.00%
                       Insertion average length |	1.62
                             MULTI-MAPPING READS:
        Number of reads mapped to multiple loci |	1078424
             % of reads mapped to multiple loci |	4.86%
        Number of reads mapped to too many loci |	2358
             % of reads mapped to too many loci |	0.01%
                                  UNMAPPED READS:
       % of reads unmapped: too many mismatches |	5.48%
                 % of reads unmapped: too short |	2.05%
                     % of reads unmapped: other |	0.32%
                                  CHIMERIC READS:
                       Number of chimeric reads |	44843
                            % of chimeric reads |	0.20%
