                                 Started job on |	Dec 22 17:02:23
                             Started mapping on |	Dec 22 17:05:51
                                    Finished on |	Dec 22 17:18:47
       Mapping speed, Million of reads per hour |	122.19

                          Number of input reads |	26338505
                      Average input read length |	150
                                    UNIQUE READS:
                   Uniquely mapped reads number |	23020862
                        Uniquely mapped reads % |	87.40%
                          Average mapped length |	149.99
                       Number of splices: Total |	11910868
            Number of splices: Annotated (sjdb) |	11816180
                       Number of splices: GT/AG |	11798088
                       Number of splices: GC/AG |	83910
                       Number of splices: AT/AC |	9960
               Number of splices: Non-canonical |	18910
                      Mismatch rate per base, % |	0.29%
                         Deletion rate per base |	0.01%
                        Deletion average length |	1.73
                        Insertion rate per base |	0.01%
                       Insertion average length |	1.62
                             MULTI-MAPPING READS:
        Number of reads mapped to multiple loci |	1263037
             % of reads mapped to multiple loci |	4.80%
        Number of reads mapped to too many loci |	4468
             % of reads mapped to too many loci |	0.02%
                                  UNMAPPED READS:
       % of reads unmapped: too many mismatches |	5.38%
                 % of reads unmapped: too short |	2.06%
                     % of reads unmapped: other |	0.34%
                                  CHIMERIC READS:
                       Number of chimeric reads |	83117
                            % of chimeric reads |	0.32%
