                                 Started job on |	Dec 22 16:23:21
                             Started mapping on |	Dec 22 16:26:20
                                    Finished on |	Dec 22 16:43:11
       Mapping speed, Million of reads per hour |	125.51

                          Number of input reads |	35246620
                      Average input read length |	150
                                    UNIQUE READS:
                   Uniquely mapped reads number |	29032152
                        Uniquely mapped reads % |	82.37%
                          Average mapped length |	149.99
                       Number of splices: Total |	15476798
            Number of splices: Annotated (sjdb) |	15338305
                       Number of splices: GT/AG |	15336822
                       Number of splices: GC/AG |	106395
                       Number of splices: AT/AC |	12943
               Number of splices: Non-canonical |	20638
                      Mismatch rate per base, % |	0.36%
                         Deletion rate per base |	0.01%
                        Deletion average length |	1.57
                        Insertion rate per base |	0.01%
                       Insertion average length |	1.30
                             MULTI-MAPPING READS:
        Number of reads mapped to multiple loci |	1764878
             % of reads mapped to multiple loci |	5.01%
        Number of reads mapped to too many loci |	4553
             % of reads mapped to too many loci |	0.01%
                                  UNMAPPED READS:
       % of reads unmapped: too many mismatches |	8.85%
                 % of reads unmapped: too short |	3.55%
                     % of reads unmapped: other |	0.21%
                                  CHIMERIC READS:
                       Number of chimeric reads |	95291
                            % of chimeric reads |	0.27%
