                                 Started job on |	Dec 22 16:04:01
                             Started mapping on |	Dec 22 16:08:20
                                    Finished on |	Dec 22 16:24:46
       Mapping speed, Million of reads per hour |	110.78

                          Number of input reads |	30341224
                      Average input read length |	150
                                    UNIQUE READS:
                   Uniquely mapped reads number |	25515321
                        Uniquely mapped reads % |	84.09%
                          Average mapped length |	149.99
                       Number of splices: Total |	13654167
            Number of splices: Annotated (sjdb) |	13540279
                       Number of splices: GT/AG |	13529612
                       Number of splices: GC/AG |	92075
                       Number of splices: AT/AC |	12026
               Number of splices: Non-canonical |	20454
                      Mismatch rate per base, % |	0.38%
                         Deletion rate per base |	0.01%
                        Deletion average length |	1.60
                        Insertion rate per base |	0.00%
                       Insertion average length |	1.47
                             MULTI-MAPPING READS:
        Number of reads mapped to multiple loci |	1568226
             % of reads mapped to multiple loci |	5.17%
        Number of reads mapped to too many loci |	3888
             % of reads mapped to too many loci |	0.01%
                                  UNMAPPED READS:
       % of reads unmapped: too many mismatches |	7.86%
                 % of reads unmapped: too short |	2.61%
                     % of reads unmapped: other |	0.26%
                                  CHIMERIC READS:
                       Number of chimeric reads |	119367
                            % of chimeric reads |	0.39%
