                                 Started job on |	Dec 22 16:45:28
                             Started mapping on |	Dec 22 16:49:21
                                    Finished on |	Dec 22 17:04:18
       Mapping speed, Million of reads per hour |	104.45

                          Number of input reads |	26026671
                      Average input read length |	150
                                    UNIQUE READS:
                   Uniquely mapped reads number |	22131124
                        Uniquely mapped reads % |	85.03%
                          Average mapped length |	149.99
                       Number of splices: Total |	11875969
            Number of splices: Annotated (sjdb) |	11790327
                       Number of splices: GT/AG |	11767835
                       Number of splices: GC/AG |	81474
                       Number of splices: AT/AC |	9657
               Number of splices: Non-canonical |	17003
                      Mismatch rate per base, % |	0.36%
                         Deletion rate per base |	0.01%
                        Deletion average length |	1.72
                        Insertion rate per base |	0.00%
                       Insertion average length |	1.49
                             MULTI-MAPPING READS:
        Number of reads mapped to multiple loci |	1219743
             % of reads mapped to multiple loci |	4.69%
        Number of reads mapped to too many loci |	4072
             % of reads mapped to too many loci |	0.02%
                                  UNMAPPED READS:
       % of reads unmapped: too many mismatches |	7.58%
                 % of reads unmapped: too short |	2.39%
                     % of reads unmapped: other |	0.30%
                                  CHIMERIC READS:
                       Number of chimeric reads |	80762
                            % of chimeric reads |	0.31%
