                                 Started job on |	Dec 22 16:28:25
                             Started mapping on |	Dec 22 16:31:22
                                    Finished on |	Dec 22 16:44:14
       Mapping speed, Million of reads per hour |	121.60

                          Number of input reads |	26076064
                      Average input read length |	150
                                    UNIQUE READS:
                   Uniquely mapped reads number |	22467061
                        Uniquely mapped reads % |	86.16%
                          Average mapped length |	149.99
                       Number of splices: Total |	12093572
            Number of splices: Annotated (sjdb) |	11998556
                       Number of splices: GT/AG |	11975015
                       Number of splices: GC/AG |	89228
                       Number of splices: AT/AC |	10436
               Number of splices: Non-canonical |	18893
                      Mismatch rate per base, % |	0.30%
                         Deletion rate per base |	0.01%
                        Deletion average length |	1.58
                        Insertion rate per base |	0.01%
                       Insertion average length |	1.33
                             MULTI-MAPPING READS:
        Number of reads mapped to multiple loci |	1108436
             % of reads mapped to multiple loci |	4.25%
        Number of reads mapped to too many loci |	4108
             % of reads mapped to too many loci |	0.02%
                                  UNMAPPED READS:
       % of reads unmapped: too many mismatches |	6.56%
                 % of reads unmapped: too short |	2.69%
                     % of reads unmapped: other |	0.33%
                                  CHIMERIC READS:
                       Number of chimeric reads |	112408
                            % of chimeric reads |	0.43%
