                                 Started job on |	Dec 22 17:16:21
                             Started mapping on |	Dec 22 17:20:07
                                    Finished on |	Dec 22 17:32:13
       Mapping speed, Million of reads per hour |	129.89

                          Number of input reads |	26194108
                      Average input read length |	150
                                    UNIQUE READS:
                   Uniquely mapped reads number |	22167716
                        Uniquely mapped reads % |	84.63%
                          Average mapped length |	149.99
                       Number of splices: Total |	11002251
            Number of splices: Annotated (sjdb) |	10906177
                       Number of splices: GT/AG |	10908047
                       Number of splices: GC/AG |	73189
                       Number of splices: AT/AC |	9062
               Number of splices: Non-canonical |	11953
                      Mismatch rate per base, % |	0.30%
                         Deletion rate per base |	0.01%
                        Deletion average length |	1.85
                        Insertion rate per base |	0.01%
                       Insertion average length |	1.50
                             MULTI-MAPPING READS:
        Number of reads mapped to multiple loci |	1962240
             % of reads mapped to multiple loci |	7.49%
        Number of reads mapped to too many loci |	4894
             % of reads mapped to too many loci |	0.02%
                                  UNMAPPED READS:
       % of reads unmapped: too many mismatches |	5.71%
                 % of reads unmapped: too short |	1.88%
                     % of reads unmapped: other |	0.27%
                                  CHIMERIC READS:
                       Number of chimeric reads |	58228
                            % of chimeric reads |	0.22%
