                                 Started job on |	Dec 22 16:23:21
                             Started mapping on |	Dec 22 16:26:21
                                    Finished on |	Dec 22 16:43:07
       Mapping speed, Million of reads per hour |	109.97

                          Number of input reads |	30731166
                      Average input read length |	150
                                    UNIQUE READS:
                   Uniquely mapped reads number |	25765775
                        Uniquely mapped reads % |	83.84%
                          Average mapped length |	149.99
                       Number of splices: Total |	13948503
            Number of splices: Annotated (sjdb) |	13805973
                       Number of splices: GT/AG |	13818461
                       Number of splices: GC/AG |	97662
                       Number of splices: AT/AC |	11641
               Number of splices: Non-canonical |	20739
                      Mismatch rate per base, % |	0.36%
                         Deletion rate per base |	0.01%
                        Deletion average length |	1.68
                        Insertion rate per base |	0.01%
                       Insertion average length |	1.30
                             MULTI-MAPPING READS:
        Number of reads mapped to multiple loci |	1426757
             % of reads mapped to multiple loci |	4.64%
        Number of reads mapped to too many loci |	6478
             % of reads mapped to too many loci |	0.02%
                                  UNMAPPED READS:
       % of reads unmapped: too many mismatches |	8.55%
                 % of reads unmapped: too short |	2.71%
                     % of reads unmapped: other |	0.23%
                                  CHIMERIC READS:
                       Number of chimeric reads |	88413
                            % of chimeric reads |	0.29%
