                                 Started job on |	Dec 22 17:28:34
                             Started mapping on |	Dec 22 17:32:24
                                    Finished on |	Dec 22 17:53:02
       Mapping speed, Million of reads per hour |	130.39

                          Number of input reads |	44840324
                      Average input read length |	150
                                    UNIQUE READS:
                   Uniquely mapped reads number |	38622868
                        Uniquely mapped reads % |	86.13%
                          Average mapped length |	149.99
                       Number of splices: Total |	19606228
            Number of splices: Annotated (sjdb) |	19433862
                       Number of splices: GT/AG |	19420153
                       Number of splices: GC/AG |	143486
                       Number of splices: AT/AC |	15162
               Number of splices: Non-canonical |	27427
                      Mismatch rate per base, % |	0.28%
                         Deletion rate per base |	0.01%
                        Deletion average length |	1.59
                        Insertion rate per base |	0.01%
                       Insertion average length |	1.35
                             MULTI-MAPPING READS:
        Number of reads mapped to multiple loci |	2269091
             % of reads mapped to multiple loci |	5.06%
        Number of reads mapped to too many loci |	8052
             % of reads mapped to too many loci |	0.02%
                                  UNMAPPED READS:
       % of reads unmapped: too many mismatches |	6.11%
                 % of reads unmapped: too short |	2.33%
                     % of reads unmapped: other |	0.35%
                                  CHIMERIC READS:
                       Number of chimeric reads |	123540
                            % of chimeric reads |	0.28%
