                                 Started job on |	Dec 22 16:45:28
                             Started mapping on |	Dec 22 16:49:22
                                    Finished on |	Dec 22 17:04:02
       Mapping speed, Million of reads per hour |	122.96

                          Number of input reads |	30057925
                      Average input read length |	150
                                    UNIQUE READS:
                   Uniquely mapped reads number |	22483963
                        Uniquely mapped reads % |	74.80%
                          Average mapped length |	149.98
                       Number of splices: Total |	11378512
            Number of splices: Annotated (sjdb) |	11300862
                       Number of splices: GT/AG |	11270257
                       Number of splices: GC/AG |	79852
                       Number of splices: AT/AC |	9387
               Number of splices: Non-canonical |	19016
                      Mismatch rate per base, % |	0.30%
                         Deletion rate per base |	0.01%
                        Deletion average length |	1.48
                        Insertion rate per base |	0.01%
                       Insertion average length |	1.31
                             MULTI-MAPPING READS:
        Number of reads mapped to multiple loci |	5068426
             % of reads mapped to multiple loci |	16.86%
        Number of reads mapped to too many loci |	3150
             % of reads mapped to too many loci |	0.01%
                                  UNMAPPED READS:
       % of reads unmapped: too many mismatches |	5.49%
                 % of reads unmapped: too short |	2.53%
                     % of reads unmapped: other |	0.31%
                                  CHIMERIC READS:
                       Number of chimeric reads |	84108
                            % of chimeric reads |	0.28%
