                                 Started job on |	Dec 22 17:02:34
                             Started mapping on |	Dec 22 17:07:31
                                    Finished on |	Dec 22 17:32:01
       Mapping speed, Million of reads per hour |	111.87

                          Number of input reads |	45681684
                      Average input read length |	150
                                    UNIQUE READS:
                   Uniquely mapped reads number |	37013510
                        Uniquely mapped reads % |	81.02%
                          Average mapped length |	149.99
                       Number of splices: Total |	19481500
            Number of splices: Annotated (sjdb) |	19320673
                       Number of splices: GT/AG |	19304155
                       Number of splices: GC/AG |	135280
                       Number of splices: AT/AC |	18268
               Number of splices: Non-canonical |	23797
                      Mismatch rate per base, % |	0.38%
                         Deletion rate per base |	0.01%
                        Deletion average length |	1.79
                        Insertion rate per base |	0.01%
                       Insertion average length |	1.34
                             MULTI-MAPPING READS:
        Number of reads mapped to multiple loci |	3180417
             % of reads mapped to multiple loci |	6.96%
        Number of reads mapped to too many loci |	6065
             % of reads mapped to too many loci |	0.01%
                                  UNMAPPED READS:
       % of reads unmapped: too many mismatches |	8.78%
                 % of reads unmapped: too short |	3.05%
                     % of reads unmapped: other |	0.17%
                                  CHIMERIC READS:
                       Number of chimeric reads |	172550
                            % of chimeric reads |	0.38%
