                                 Started job on |	Dec 22 17:28:37
                             Started mapping on |	Dec 22 17:32:29
                                    Finished on |	Dec 22 17:46:14
       Mapping speed, Million of reads per hour |	122.21

                          Number of input reads |	28006824
                      Average input read length |	150
                                    UNIQUE READS:
                   Uniquely mapped reads number |	23977669
                        Uniquely mapped reads % |	85.61%
                          Average mapped length |	149.99
                       Number of splices: Total |	13267521
            Number of splices: Annotated (sjdb) |	13176064
                       Number of splices: GT/AG |	13140816
                       Number of splices: GC/AG |	98678
                       Number of splices: AT/AC |	11413
               Number of splices: Non-canonical |	16614
                      Mismatch rate per base, % |	0.31%
                         Deletion rate per base |	0.01%
                        Deletion average length |	1.58
                        Insertion rate per base |	0.01%
                       Insertion average length |	1.30
                             MULTI-MAPPING READS:
        Number of reads mapped to multiple loci |	1399207
             % of reads mapped to multiple loci |	5.00%
        Number of reads mapped to too many loci |	3055
             % of reads mapped to too many loci |	0.01%
                                  UNMAPPED READS:
       % of reads unmapped: too many mismatches |	6.55%
                 % of reads unmapped: too short |	2.49%
                     % of reads unmapped: other |	0.34%
                                  CHIMERIC READS:
                       Number of chimeric reads |	84357
                            % of chimeric reads |	0.30%
