                                 Started job on |	Dec 22 17:16:27
                             Started mapping on |	Dec 22 17:20:39
                                    Finished on |	Dec 22 17:36:22
       Mapping speed, Million of reads per hour |	115.22

                          Number of input reads |	30182044
                      Average input read length |	150
                                    UNIQUE READS:
                   Uniquely mapped reads number |	25534051
                        Uniquely mapped reads % |	84.60%
                          Average mapped length |	149.98
                       Number of splices: Total |	14162887
            Number of splices: Annotated (sjdb) |	14061595
                       Number of splices: GT/AG |	14028552
                       Number of splices: GC/AG |	98924
                       Number of splices: AT/AC |	13060
               Number of splices: Non-canonical |	22351
                      Mismatch rate per base, % |	0.33%
                         Deletion rate per base |	0.01%
                        Deletion average length |	1.61
                        Insertion rate per base |	0.01%
                       Insertion average length |	1.31
                             MULTI-MAPPING READS:
        Number of reads mapped to multiple loci |	1535392
             % of reads mapped to multiple loci |	5.09%
        Number of reads mapped to too many loci |	3116
             % of reads mapped to too many loci |	0.01%
                                  UNMAPPED READS:
       % of reads unmapped: too many mismatches |	6.98%
                 % of reads unmapped: too short |	3.04%
                     % of reads unmapped: other |	0.28%
                                  CHIMERIC READS:
                       Number of chimeric reads |	88230
                            % of chimeric reads |	0.29%
