                                 Started job on |	Dec 22 16:45:40
                             Started mapping on |	Dec 22 17:10:03
                                    Finished on |	Dec 22 17:34:27
       Mapping speed, Million of reads per hour |	78.28

                          Number of input reads |	31833875
                      Average input read length |	150
                                    UNIQUE READS:
                   Uniquely mapped reads number |	27463005
                        Uniquely mapped reads % |	86.27%
                          Average mapped length |	149.99
                       Number of splices: Total |	14746239
            Number of splices: Annotated (sjdb) |	14646813
                       Number of splices: GT/AG |	14611620
                       Number of splices: GC/AG |	104748
                       Number of splices: AT/AC |	12101
               Number of splices: Non-canonical |	17770
                      Mismatch rate per base, % |	0.27%
                         Deletion rate per base |	0.01%
                        Deletion average length |	1.64
                        Insertion rate per base |	0.01%
                       Insertion average length |	1.33
                             MULTI-MAPPING READS:
        Number of reads mapped to multiple loci |	1533668
             % of reads mapped to multiple loci |	4.82%
        Number of reads mapped to too many loci |	7007
             % of reads mapped to too many loci |	0.02%
                                  UNMAPPED READS:
       % of reads unmapped: too many mismatches |	5.84%
                 % of reads unmapped: too short |	2.48%
                     % of reads unmapped: other |	0.57%
                                  CHIMERIC READS:
                       Number of chimeric reads |	92878
                            % of chimeric reads |	0.29%
