                                 Started job on |	Dec 22 17:28:27
                             Started mapping on |	Dec 22 17:33:02
                                    Finished on |	Dec 22 17:47:57
       Mapping speed, Million of reads per hour |	132.02

                          Number of input reads |	32822820
                      Average input read length |	150
                                    UNIQUE READS:
                   Uniquely mapped reads number |	28383451
                        Uniquely mapped reads % |	86.47%
                          Average mapped length |	149.99
                       Number of splices: Total |	14532179
            Number of splices: Annotated (sjdb) |	14390236
                       Number of splices: GT/AG |	14392256
                       Number of splices: GC/AG |	100770
                       Number of splices: AT/AC |	11951
               Number of splices: Non-canonical |	27202
                      Mismatch rate per base, % |	0.33%
                         Deletion rate per base |	0.01%
                        Deletion average length |	1.89
                        Insertion rate per base |	0.01%
                       Insertion average length |	1.56
                             MULTI-MAPPING READS:
        Number of reads mapped to multiple loci |	1552089
             % of reads mapped to multiple loci |	4.73%
        Number of reads mapped to too many loci |	7036
             % of reads mapped to too many loci |	0.02%
                                  UNMAPPED READS:
       % of reads unmapped: too many mismatches |	6.17%
                 % of reads unmapped: too short |	2.21%
                     % of reads unmapped: other |	0.39%
                                  CHIMERIC READS:
                       Number of chimeric reads |	94870
                            % of chimeric reads |	0.29%
