                                 Started job on |	Dec 22 17:02:31
                             Started mapping on |	Dec 22 17:06:38
                                    Finished on |	Dec 22 17:19:54
       Mapping speed, Million of reads per hour |	121.95

                          Number of input reads |	26963709
                      Average input read length |	150
                                    UNIQUE READS:
                   Uniquely mapped reads number |	22995533
                        Uniquely mapped reads % |	85.28%
                          Average mapped length |	149.98
                       Number of splices: Total |	12434261
            Number of splices: Annotated (sjdb) |	12346796
                       Number of splices: GT/AG |	12317058
                       Number of splices: GC/AG |	82987
                       Number of splices: AT/AC |	10979
               Number of splices: Non-canonical |	23237
                      Mismatch rate per base, % |	0.34%
                         Deletion rate per base |	0.01%
                        Deletion average length |	1.54
                        Insertion rate per base |	0.01%
                       Insertion average length |	1.31
                             MULTI-MAPPING READS:
        Number of reads mapped to multiple loci |	1296451
             % of reads mapped to multiple loci |	4.81%
        Number of reads mapped to too many loci |	3277
             % of reads mapped to too many loci |	0.01%
                                  UNMAPPED READS:
       % of reads unmapped: too many mismatches |	6.98%
                 % of reads unmapped: too short |	2.65%
                     % of reads unmapped: other |	0.27%
                                  CHIMERIC READS:
                       Number of chimeric reads |	79618
                            % of chimeric reads |	0.30%
