                                 Started job on |	Dec 22 17:02:26
                             Started mapping on |	Dec 22 17:06:21
                                    Finished on |	Dec 22 17:14:53
       Mapping speed, Million of reads per hour |	114.98

                          Number of input reads |	16352878
                      Average input read length |	150
                                    UNIQUE READS:
                   Uniquely mapped reads number |	14293948
                        Uniquely mapped reads % |	87.41%
                          Average mapped length |	149.99
                       Number of splices: Total |	7880908
            Number of splices: Annotated (sjdb) |	7824892
                       Number of splices: GT/AG |	7806740
                       Number of splices: GC/AG |	54085
                       Number of splices: AT/AC |	7227
               Number of splices: Non-canonical |	12856
                      Mismatch rate per base, % |	0.32%
                         Deletion rate per base |	0.01%
                        Deletion average length |	1.60
                        Insertion rate per base |	0.01%
                       Insertion average length |	1.38
                             MULTI-MAPPING READS:
        Number of reads mapped to multiple loci |	716015
             % of reads mapped to multiple loci |	4.38%
        Number of reads mapped to too many loci |	2013
             % of reads mapped to too many loci |	0.01%
                                  UNMAPPED READS:
       % of reads unmapped: too many mismatches |	6.11%
                 % of reads unmapped: too short |	1.93%
                     % of reads unmapped: other |	0.16%
                                  CHIMERIC READS:
                       Number of chimeric reads |	39461
                            % of chimeric reads |	0.24%
