                                 Started job on |	Dec 22 16:45:28
                             Started mapping on |	Dec 22 16:49:00
                                    Finished on |	Dec 22 17:00:40
       Mapping speed, Million of reads per hour |	131.79

                          Number of input reads |	25625152
                      Average input read length |	150
                                    UNIQUE READS:
                   Uniquely mapped reads number |	21380712
                        Uniquely mapped reads % |	83.44%
                          Average mapped length |	149.99
                       Number of splices: Total |	10289023
            Number of splices: Annotated (sjdb) |	10216444
                       Number of splices: GT/AG |	10202253
                       Number of splices: GC/AG |	63129
                       Number of splices: AT/AC |	7879
               Number of splices: Non-canonical |	15762
                      Mismatch rate per base, % |	0.30%
                         Deletion rate per base |	0.01%
                        Deletion average length |	1.53
                        Insertion rate per base |	0.00%
                       Insertion average length |	1.51
                             MULTI-MAPPING READS:
        Number of reads mapped to multiple loci |	1851549
             % of reads mapped to multiple loci |	7.23%
        Number of reads mapped to too many loci |	5689
             % of reads mapped to too many loci |	0.02%
                                  UNMAPPED READS:
       % of reads unmapped: too many mismatches |	6.30%
                 % of reads unmapped: too short |	2.37%
                     % of reads unmapped: other |	0.64%
                                  CHIMERIC READS:
                       Number of chimeric reads |	46815
                            % of chimeric reads |	0.18%
