                                 Started job on |	Dec 22 16:04:27
                             Started mapping on |	Dec 22 16:09:51
                                    Finished on |	Dec 22 16:18:35
       Mapping speed, Million of reads per hour |	112.85

                          Number of input reads |	16425731
                      Average input read length |	150
                                    UNIQUE READS:
                   Uniquely mapped reads number |	14095505
                        Uniquely mapped reads % |	85.81%
                          Average mapped length |	149.99
                       Number of splices: Total |	7725304
            Number of splices: Annotated (sjdb) |	7667855
                       Number of splices: GT/AG |	7653227
                       Number of splices: GC/AG |	55666
                       Number of splices: AT/AC |	6663
               Number of splices: Non-canonical |	9748
                      Mismatch rate per base, % |	0.35%
                         Deletion rate per base |	0.01%
                        Deletion average length |	1.55
                        Insertion rate per base |	0.01%
                       Insertion average length |	1.33
                             MULTI-MAPPING READS:
        Number of reads mapped to multiple loci |	813549
             % of reads mapped to multiple loci |	4.95%
        Number of reads mapped to too many loci |	1962
             % of reads mapped to too many loci |	0.01%
                                  UNMAPPED READS:
       % of reads unmapped: too many mismatches |	6.63%
                 % of reads unmapped: too short |	2.36%
                     % of reads unmapped: other |	0.24%
                                  CHIMERIC READS:
                       Number of chimeric reads |	39977
                            % of chimeric reads |	0.24%
