                                 Started job on |	Dec 22 16:04:04
                             Started mapping on |	Dec 22 16:08:13
                                    Finished on |	Dec 22 16:21:03
       Mapping speed, Million of reads per hour |	129.95

                          Number of input reads |	27795111
                      Average input read length |	150
                                    UNIQUE READS:
                   Uniquely mapped reads number |	24343243
                        Uniquely mapped reads % |	87.58%
                          Average mapped length |	149.99
                       Number of splices: Total |	12896361
            Number of splices: Annotated (sjdb) |	12799822
                       Number of splices: GT/AG |	12775899
                       Number of splices: GC/AG |	91043
                       Number of splices: AT/AC |	10654
               Number of splices: Non-canonical |	18765
                      Mismatch rate per base, % |	0.28%
                         Deletion rate per base |	0.01%
                        Deletion average length |	1.71
                        Insertion rate per base |	0.00%
                       Insertion average length |	1.56
                             MULTI-MAPPING READS:
        Number of reads mapped to multiple loci |	1400807
             % of reads mapped to multiple loci |	5.04%
        Number of reads mapped to too many loci |	3730
             % of reads mapped to too many loci |	0.01%
                                  UNMAPPED READS:
       % of reads unmapped: too many mismatches |	5.36%
                 % of reads unmapped: too short |	1.76%
                     % of reads unmapped: other |	0.25%
                                  CHIMERIC READS:
                       Number of chimeric reads |	45746
                            % of chimeric reads |	0.16%
