                                 Started job on |	Dec 22 16:27:21
                             Started mapping on |	Dec 22 16:30:43
                                    Finished on |	Dec 22 16:55:34
       Mapping speed, Million of reads per hour |	137.87

                          Number of input reads |	57100070
                      Average input read length |	150
                                    UNIQUE READS:
                   Uniquely mapped reads number |	47772078
                        Uniquely mapped reads % |	83.66%
                          Average mapped length |	149.99
                       Number of splices: Total |	24097237
            Number of splices: Annotated (sjdb) |	23893577
                       Number of splices: GT/AG |	23863982
                       Number of splices: GC/AG |	173446
                       Number of splices: AT/AC |	22317
               Number of splices: Non-canonical |	37492
                      Mismatch rate per base, % |	0.29%
                         Deletion rate per base |	0.01%
                        Deletion average length |	1.66
                        Insertion rate per base |	0.01%
                       Insertion average length |	1.35
                             MULTI-MAPPING READS:
        Number of reads mapped to multiple loci |	4217937
             % of reads mapped to multiple loci |	7.39%
        Number of reads mapped to too many loci |	10729
             % of reads mapped to too many loci |	0.02%
                                  UNMAPPED READS:
       % of reads unmapped: too many mismatches |	6.33%
                 % of reads unmapped: too short |	2.35%
                     % of reads unmapped: other |	0.25%
                                  CHIMERIC READS:
                       Number of chimeric reads |	163964
                            % of chimeric reads |	0.29%
