                                 Started job on |	Dec 22 17:16:34
                             Started mapping on |	Dec 22 17:19:56
                                    Finished on |	Dec 22 17:35:27
       Mapping speed, Million of reads per hour |	134.41

                          Number of input reads |	34761104
                      Average input read length |	150
                                    UNIQUE READS:
                   Uniquely mapped reads number |	29031489
                        Uniquely mapped reads % |	83.52%
                          Average mapped length |	149.99
                       Number of splices: Total |	16096061
            Number of splices: Annotated (sjdb) |	15978957
                       Number of splices: GT/AG |	15948891
                       Number of splices: GC/AG |	113747
                       Number of splices: AT/AC |	14327
               Number of splices: Non-canonical |	19096
                      Mismatch rate per base, % |	0.31%
                         Deletion rate per base |	0.01%
                        Deletion average length |	1.69
                        Insertion rate per base |	0.01%
                       Insertion average length |	1.40
                             MULTI-MAPPING READS:
        Number of reads mapped to multiple loci |	1545009
             % of reads mapped to multiple loci |	4.44%
        Number of reads mapped to too many loci |	6387
             % of reads mapped to too many loci |	0.02%
                                  UNMAPPED READS:
       % of reads unmapped: too many mismatches |	7.48%
                 % of reads unmapped: too short |	3.61%
                     % of reads unmapped: other |	0.92%
                                  CHIMERIC READS:
                       Number of chimeric reads |	139429
                            % of chimeric reads |	0.40%
