                                 Started job on |	Dec 22 17:28:37
                             Started mapping on |	Dec 22 17:31:44
                                    Finished on |	Dec 22 17:44:59
       Mapping speed, Million of reads per hour |	122.67

                          Number of input reads |	27090143
                      Average input read length |	150
                                    UNIQUE READS:
                   Uniquely mapped reads number |	23601715
                        Uniquely mapped reads % |	87.12%
                          Average mapped length |	149.99
                       Number of splices: Total |	13025404
            Number of splices: Annotated (sjdb) |	12929453
                       Number of splices: GT/AG |	12908871
                       Number of splices: GC/AG |	90307
                       Number of splices: AT/AC |	11223
               Number of splices: Non-canonical |	15003
                      Mismatch rate per base, % |	0.35%
                         Deletion rate per base |	0.01%
                        Deletion average length |	1.63
                        Insertion rate per base |	0.00%
                       Insertion average length |	1.53
                             MULTI-MAPPING READS:
        Number of reads mapped to multiple loci |	1349803
             % of reads mapped to multiple loci |	4.98%
        Number of reads mapped to too many loci |	3875
             % of reads mapped to too many loci |	0.01%
                                  UNMAPPED READS:
       % of reads unmapped: too many mismatches |	6.02%
                 % of reads unmapped: too short |	1.65%
                     % of reads unmapped: other |	0.22%
                                  CHIMERIC READS:
                       Number of chimeric reads |	58724
                            % of chimeric reads |	0.22%
