                                 Started job on |	Dec 22 17:28:29
                             Started mapping on |	Dec 22 17:31:37
                                    Finished on |	Dec 22 17:42:34
       Mapping speed, Million of reads per hour |	138.31

                          Number of input reads |	25242013
                      Average input read length |	150
                                    UNIQUE READS:
                   Uniquely mapped reads number |	22033086
                        Uniquely mapped reads % |	87.29%
                          Average mapped length |	149.99
                       Number of splices: Total |	12182606
            Number of splices: Annotated (sjdb) |	12095025
                       Number of splices: GT/AG |	12081315
                       Number of splices: GC/AG |	78444
                       Number of splices: AT/AC |	10729
               Number of splices: Non-canonical |	12118
                      Mismatch rate per base, % |	0.29%
                         Deletion rate per base |	0.01%
                        Deletion average length |	1.83
                        Insertion rate per base |	0.00%
                       Insertion average length |	1.62
                             MULTI-MAPPING READS:
        Number of reads mapped to multiple loci |	1205469
             % of reads mapped to multiple loci |	4.78%
        Number of reads mapped to too many loci |	3646
             % of reads mapped to too many loci |	0.01%
                                  UNMAPPED READS:
       % of reads unmapped: too many mismatches |	5.46%
                 % of reads unmapped: too short |	2.08%
                     % of reads unmapped: other |	0.38%
                                  CHIMERIC READS:
                       Number of chimeric reads |	67231
                            % of chimeric reads |	0.27%
