                                 Started job on |	Dec 22 17:28:37
                             Started mapping on |	Dec 22 17:32:15
                                    Finished on |	Dec 22 17:46:57
       Mapping speed, Million of reads per hour |	117.60

                          Number of input reads |	28810865
                      Average input read length |	150
                                    UNIQUE READS:
                   Uniquely mapped reads number |	23464298
                        Uniquely mapped reads % |	81.44%
                          Average mapped length |	149.99
                       Number of splices: Total |	11741831
            Number of splices: Annotated (sjdb) |	11653642
                       Number of splices: GT/AG |	11634145
                       Number of splices: GC/AG |	81328
                       Number of splices: AT/AC |	10665
               Number of splices: Non-canonical |	15693
                      Mismatch rate per base, % |	0.39%
                         Deletion rate per base |	0.01%
                        Deletion average length |	1.78
                        Insertion rate per base |	0.01%
                       Insertion average length |	1.41
                             MULTI-MAPPING READS:
        Number of reads mapped to multiple loci |	2062322
             % of reads mapped to multiple loci |	7.16%
        Number of reads mapped to too many loci |	3636
             % of reads mapped to too many loci |	0.01%
                                  UNMAPPED READS:
       % of reads unmapped: too many mismatches |	8.47%
                 % of reads unmapped: too short |	2.76%
                     % of reads unmapped: other |	0.15%
                                  CHIMERIC READS:
                       Number of chimeric reads |	124585
                            % of chimeric reads |	0.43%
