                                 Started job on |	Dec 22 16:45:41
                             Started mapping on |	Dec 22 17:01:10
                                    Finished on |	Dec 22 17:41:38
       Mapping speed, Million of reads per hour |	72.07

                          Number of input reads |	48606058
                      Average input read length |	150
                                    UNIQUE READS:
                   Uniquely mapped reads number |	38514582
                        Uniquely mapped reads % |	79.24%
                          Average mapped length |	149.99
                       Number of splices: Total |	20495187
            Number of splices: Annotated (sjdb) |	20349067
                       Number of splices: GT/AG |	20301339
                       Number of splices: GC/AG |	140556
                       Number of splices: AT/AC |	16031
               Number of splices: Non-canonical |	37261
                      Mismatch rate per base, % |	0.38%
                         Deletion rate per base |	0.01%
                        Deletion average length |	1.50
                        Insertion rate per base |	0.01%
                       Insertion average length |	1.34
                             MULTI-MAPPING READS:
        Number of reads mapped to multiple loci |	3495755
             % of reads mapped to multiple loci |	7.19%
        Number of reads mapped to too many loci |	7314
             % of reads mapped to too many loci |	0.02%
                                  UNMAPPED READS:
       % of reads unmapped: too many mismatches |	9.16%
                 % of reads unmapped: too short |	3.72%
                     % of reads unmapped: other |	0.68%
                                  CHIMERIC READS:
                       Number of chimeric reads |	130873
                            % of chimeric reads |	0.27%
