                                 Started job on |	Dec 22 17:16:28
                             Started mapping on |	Dec 22 17:20:40
                                    Finished on |	Dec 22 17:33:29
       Mapping speed, Million of reads per hour |	114.52

                          Number of input reads |	24461834
                      Average input read length |	150
                                    UNIQUE READS:
                   Uniquely mapped reads number |	20923414
                        Uniquely mapped reads % |	85.53%
                          Average mapped length |	149.99
                       Number of splices: Total |	11097462
            Number of splices: Annotated (sjdb) |	11010152
                       Number of splices: GT/AG |	10996882
                       Number of splices: GC/AG |	73652
                       Number of splices: AT/AC |	9409
               Number of splices: Non-canonical |	17519
                      Mismatch rate per base, % |	0.32%
                         Deletion rate per base |	0.01%
                        Deletion average length |	1.87
                        Insertion rate per base |	0.00%
                       Insertion average length |	1.50
                             MULTI-MAPPING READS:
        Number of reads mapped to multiple loci |	1506989
             % of reads mapped to multiple loci |	6.16%
        Number of reads mapped to too many loci |	2603
             % of reads mapped to too many loci |	0.01%
                                  UNMAPPED READS:
       % of reads unmapped: too many mismatches |	6.03%
                 % of reads unmapped: too short |	2.03%
                     % of reads unmapped: other |	0.23%
                                  CHIMERIC READS:
                       Number of chimeric reads |	60901
                            % of chimeric reads |	0.25%
