                                 Started job on |	Dec 22 17:02:33
                             Started mapping on |	Dec 22 17:06:03
                                    Finished on |	Dec 22 17:18:50
       Mapping speed, Million of reads per hour |	112.73

                          Number of input reads |	24016795
                      Average input read length |	150
                                    UNIQUE READS:
                   Uniquely mapped reads number |	19603833
                        Uniquely mapped reads % |	81.63%
                          Average mapped length |	149.99
                       Number of splices: Total |	10176562
            Number of splices: Annotated (sjdb) |	10111220
                       Number of splices: GT/AG |	10080494
                       Number of splices: GC/AG |	69169
                       Number of splices: AT/AC |	9341
               Number of splices: Non-canonical |	17558
                      Mismatch rate per base, % |	0.45%
                         Deletion rate per base |	0.01%
                        Deletion average length |	1.66
                        Insertion rate per base |	0.01%
                       Insertion average length |	1.47
                             MULTI-MAPPING READS:
        Number of reads mapped to multiple loci |	1838682
             % of reads mapped to multiple loci |	7.66%
        Number of reads mapped to too many loci |	3360
             % of reads mapped to too many loci |	0.01%
                                  UNMAPPED READS:
       % of reads unmapped: too many mismatches |	8.28%
                 % of reads unmapped: too short |	2.19%
                     % of reads unmapped: other |	0.23%
                                  CHIMERIC READS:
                       Number of chimeric reads |	50740
                            % of chimeric reads |	0.21%
