                                 Started job on |	Dec 22 16:45:20
                             Started mapping on |	Dec 22 16:48:48
                                    Finished on |	Dec 22 16:59:35
       Mapping speed, Million of reads per hour |	135.34

                          Number of input reads |	24323610
                      Average input read length |	150
                                    UNIQUE READS:
                   Uniquely mapped reads number |	20301598
                        Uniquely mapped reads % |	83.46%
                          Average mapped length |	149.99
                       Number of splices: Total |	10220973
            Number of splices: Annotated (sjdb) |	10144463
                       Number of splices: GT/AG |	10127743
                       Number of splices: GC/AG |	72242
                       Number of splices: AT/AC |	9141
               Number of splices: Non-canonical |	11847
                      Mismatch rate per base, % |	0.30%
                         Deletion rate per base |	0.01%
                        Deletion average length |	1.71
                        Insertion rate per base |	0.00%
                       Insertion average length |	1.46
                             MULTI-MAPPING READS:
        Number of reads mapped to multiple loci |	1836768
             % of reads mapped to multiple loci |	7.55%
        Number of reads mapped to too many loci |	3143
             % of reads mapped to too many loci |	0.01%
                                  UNMAPPED READS:
       % of reads unmapped: too many mismatches |	6.78%
                 % of reads unmapped: too short |	2.00%
                     % of reads unmapped: other |	0.19%
                                  CHIMERIC READS:
                       Number of chimeric reads |	50888
                            % of chimeric reads |	0.21%
