                                 Started job on |	Dec 22 16:29:07
                             Started mapping on |	Dec 22 16:32:21
                                    Finished on |	Dec 22 16:49:05
       Mapping speed, Million of reads per hour |	113.21

                          Number of input reads |	31571991
                      Average input read length |	150
                                    UNIQUE READS:
                   Uniquely mapped reads number |	27065694
                        Uniquely mapped reads % |	85.73%
                          Average mapped length |	149.99
                       Number of splices: Total |	14780661
            Number of splices: Annotated (sjdb) |	14659963
                       Number of splices: GT/AG |	14638005
                       Number of splices: GC/AG |	107802
                       Number of splices: AT/AC |	12753
               Number of splices: Non-canonical |	22101
                      Mismatch rate per base, % |	0.32%
                         Deletion rate per base |	0.01%
                        Deletion average length |	1.59
                        Insertion rate per base |	0.01%
                       Insertion average length |	1.35
                             MULTI-MAPPING READS:
        Number of reads mapped to multiple loci |	1397009
             % of reads mapped to multiple loci |	4.42%
        Number of reads mapped to too many loci |	5402
             % of reads mapped to too many loci |	0.02%
                                  UNMAPPED READS:
       % of reads unmapped: too many mismatches |	7.00%
                 % of reads unmapped: too short |	2.44%
                     % of reads unmapped: other |	0.39%
                                  CHIMERIC READS:
                       Number of chimeric reads |	86827
                            % of chimeric reads |	0.28%
