                                 Started job on |	Dec 22 17:28:25
                             Started mapping on |	Dec 22 17:31:46
                                    Finished on |	Dec 22 17:40:24
       Mapping speed, Million of reads per hour |	124.97

                          Number of input reads |	17981977
                      Average input read length |	150
                                    UNIQUE READS:
                   Uniquely mapped reads number |	15172095
                        Uniquely mapped reads % |	84.37%
                          Average mapped length |	149.98
                       Number of splices: Total |	7373905
            Number of splices: Annotated (sjdb) |	7305689
                       Number of splices: GT/AG |	7299628
                       Number of splices: GC/AG |	52762
                       Number of splices: AT/AC |	5388
               Number of splices: Non-canonical |	16127
                      Mismatch rate per base, % |	0.32%
                         Deletion rate per base |	0.01%
                        Deletion average length |	1.65
                        Insertion rate per base |	0.01%
                       Insertion average length |	1.31
                             MULTI-MAPPING READS:
        Number of reads mapped to multiple loci |	982425
             % of reads mapped to multiple loci |	5.46%
        Number of reads mapped to too many loci |	3094
             % of reads mapped to too many loci |	0.02%
                                  UNMAPPED READS:
       % of reads unmapped: too many mismatches |	6.63%
                 % of reads unmapped: too short |	3.00%
                     % of reads unmapped: other |	0.52%
                                  CHIMERIC READS:
                       Number of chimeric reads |	64737
                            % of chimeric reads |	0.36%
