                                 Started job on |	Dec 22 16:45:36
                             Started mapping on |	Dec 22 17:06:13
                                    Finished on |	Dec 22 17:14:37
       Mapping speed, Million of reads per hour |	101.18

                          Number of input reads |	14165653
                      Average input read length |	150
                                    UNIQUE READS:
                   Uniquely mapped reads number |	12161306
                        Uniquely mapped reads % |	85.85%
                          Average mapped length |	149.99
                       Number of splices: Total |	6560300
            Number of splices: Annotated (sjdb) |	6510672
                       Number of splices: GT/AG |	6503960
                       Number of splices: GC/AG |	45895
                       Number of splices: AT/AC |	5303
               Number of splices: Non-canonical |	5142
                      Mismatch rate per base, % |	0.31%
                         Deletion rate per base |	0.01%
                        Deletion average length |	1.57
                        Insertion rate per base |	0.01%
                       Insertion average length |	1.31
                             MULTI-MAPPING READS:
        Number of reads mapped to multiple loci |	694271
             % of reads mapped to multiple loci |	4.90%
        Number of reads mapped to too many loci |	1838
             % of reads mapped to too many loci |	0.01%
                                  UNMAPPED READS:
       % of reads unmapped: too many mismatches |	5.77%
                 % of reads unmapped: too short |	2.59%
                     % of reads unmapped: other |	0.88%
                                  CHIMERIC READS:
                       Number of chimeric reads |	33176
                            % of chimeric reads |	0.23%
