                                 Started job on |	Dec 22 16:40:35
                             Started mapping on |	Dec 22 16:44:49
                                    Finished on |	Dec 22 17:02:21
       Mapping speed, Million of reads per hour |	77.29

                          Number of input reads |	22586813
                      Average input read length |	150
                                    UNIQUE READS:
                   Uniquely mapped reads number |	19335559
                        Uniquely mapped reads % |	85.61%
                          Average mapped length |	149.99
                       Number of splices: Total |	10398912
            Number of splices: Annotated (sjdb) |	10319570
                       Number of splices: GT/AG |	10298870
                       Number of splices: GC/AG |	75339
                       Number of splices: AT/AC |	9446
               Number of splices: Non-canonical |	15257
                      Mismatch rate per base, % |	0.31%
                         Deletion rate per base |	0.01%
                        Deletion average length |	1.55
                        Insertion rate per base |	0.01%
                       Insertion average length |	1.29
                             MULTI-MAPPING READS:
        Number of reads mapped to multiple loci |	1158853
             % of reads mapped to multiple loci |	5.13%
        Number of reads mapped to too many loci |	2767
             % of reads mapped to too many loci |	0.01%
                                  UNMAPPED READS:
       % of reads unmapped: too many mismatches |	6.46%
                 % of reads unmapped: too short |	2.36%
                     % of reads unmapped: other |	0.43%
                                  CHIMERIC READS:
                       Number of chimeric reads |	42053
                            % of chimeric reads |	0.19%
