                                 Started job on |	Dec 22 16:45:33
                             Started mapping on |	Dec 22 17:04:41
                                    Finished on |	Dec 22 17:16:37
       Mapping speed, Million of reads per hour |	106.23

                          Number of input reads |	21128499
                      Average input read length |	150
                                    UNIQUE READS:
                   Uniquely mapped reads number |	18269788
                        Uniquely mapped reads % |	86.47%
                          Average mapped length |	149.99
                       Number of splices: Total |	9013468
            Number of splices: Annotated (sjdb) |	8942894
                       Number of splices: GT/AG |	8923119
                       Number of splices: GC/AG |	68949
                       Number of splices: AT/AC |	7920
               Number of splices: Non-canonical |	13480
                      Mismatch rate per base, % |	0.30%
                         Deletion rate per base |	0.01%
                        Deletion average length |	1.57
                        Insertion rate per base |	0.01%
                       Insertion average length |	1.30
                             MULTI-MAPPING READS:
        Number of reads mapped to multiple loci |	1045484
             % of reads mapped to multiple loci |	4.95%
        Number of reads mapped to too many loci |	3498
             % of reads mapped to too many loci |	0.02%
                                  UNMAPPED READS:
       % of reads unmapped: too many mismatches |	5.99%
                 % of reads unmapped: too short |	2.26%
                     % of reads unmapped: other |	0.31%
                                  CHIMERIC READS:
                       Number of chimeric reads |	41724
                            % of chimeric reads |	0.20%
