                                 Started job on |	Dec 22 16:03:53
                             Started mapping on |	Dec 22 16:09:41
                                    Finished on |	Dec 22 16:21:30
       Mapping speed, Million of reads per hour |	138.40

                          Number of input reads |	27256165
                      Average input read length |	150
                                    UNIQUE READS:
                   Uniquely mapped reads number |	22842199
                        Uniquely mapped reads % |	83.81%
                          Average mapped length |	149.99
                       Number of splices: Total |	11296293
            Number of splices: Annotated (sjdb) |	11200944
                       Number of splices: GT/AG |	11192571
                       Number of splices: GC/AG |	78110
                       Number of splices: AT/AC |	9905
               Number of splices: Non-canonical |	15707
                      Mismatch rate per base, % |	0.34%
                         Deletion rate per base |	0.01%
                        Deletion average length |	1.76
                        Insertion rate per base |	0.01%
                       Insertion average length |	1.38
                             MULTI-MAPPING READS:
        Number of reads mapped to multiple loci |	1882217
             % of reads mapped to multiple loci |	6.91%
        Number of reads mapped to too many loci |	4622
             % of reads mapped to too many loci |	0.02%
                                  UNMAPPED READS:
       % of reads unmapped: too many mismatches |	6.71%
                 % of reads unmapped: too short |	2.40%
                     % of reads unmapped: other |	0.16%
                                  CHIMERIC READS:
                       Number of chimeric reads |	91786
                            % of chimeric reads |	0.34%
