                                 Started job on |	Dec 22 17:02:30
                             Started mapping on |	Dec 22 17:06:54
                                    Finished on |	Dec 22 17:25:21
       Mapping speed, Million of reads per hour |	113.75

                          Number of input reads |	34977346
                      Average input read length |	150
                                    UNIQUE READS:
                   Uniquely mapped reads number |	29209220
                        Uniquely mapped reads % |	83.51%
                          Average mapped length |	149.99
                       Number of splices: Total |	13635168
            Number of splices: Annotated (sjdb) |	13524084
                       Number of splices: GT/AG |	13509306
                       Number of splices: GC/AG |	96563
                       Number of splices: AT/AC |	13078
               Number of splices: Non-canonical |	16221
                      Mismatch rate per base, % |	0.32%
                         Deletion rate per base |	0.01%
                        Deletion average length |	1.70
                        Insertion rate per base |	0.01%
                       Insertion average length |	1.49
                             MULTI-MAPPING READS:
        Number of reads mapped to multiple loci |	2191713
             % of reads mapped to multiple loci |	6.27%
        Number of reads mapped to too many loci |	6356
             % of reads mapped to too many loci |	0.02%
                                  UNMAPPED READS:
       % of reads unmapped: too many mismatches |	7.70%
                 % of reads unmapped: too short |	2.35%
                     % of reads unmapped: other |	0.16%
                                  CHIMERIC READS:
                       Number of chimeric reads |	98075
                            % of chimeric reads |	0.28%
