                                 Started job on |	Dec 22 16:45:25
                             Started mapping on |	Dec 22 16:48:51
                                    Finished on |	Dec 22 17:02:29
       Mapping speed, Million of reads per hour |	137.37

                          Number of input reads |	31213532
                      Average input read length |	150
                                    UNIQUE READS:
                   Uniquely mapped reads number |	26934010
                        Uniquely mapped reads % |	86.29%
                          Average mapped length |	149.99
                       Number of splices: Total |	14745005
            Number of splices: Annotated (sjdb) |	14649624
                       Number of splices: GT/AG |	14603767
                       Number of splices: GC/AG |	106021
                       Number of splices: AT/AC |	13268
               Number of splices: Non-canonical |	21949
                      Mismatch rate per base, % |	0.30%
                         Deletion rate per base |	0.01%
                        Deletion average length |	1.48
                        Insertion rate per base |	0.01%
                       Insertion average length |	1.29
                             MULTI-MAPPING READS:
        Number of reads mapped to multiple loci |	1442283
             % of reads mapped to multiple loci |	4.62%
        Number of reads mapped to too many loci |	2814
             % of reads mapped to too many loci |	0.01%
                                  UNMAPPED READS:
       % of reads unmapped: too many mismatches |	6.31%
                 % of reads unmapped: too short |	2.62%
                     % of reads unmapped: other |	0.15%
                                  CHIMERIC READS:
                       Number of chimeric reads |	104109
                            % of chimeric reads |	0.33%
