                                 Started job on |	Dec 22 16:04:06
                             Started mapping on |	Dec 22 16:09:43
                                    Finished on |	Dec 22 16:26:03
       Mapping speed, Million of reads per hour |	117.11

                          Number of input reads |	31881106
                      Average input read length |	150
                                    UNIQUE READS:
                   Uniquely mapped reads number |	27382820
                        Uniquely mapped reads % |	85.89%
                          Average mapped length |	149.99
                       Number of splices: Total |	14598469
            Number of splices: Annotated (sjdb) |	14480286
                       Number of splices: GT/AG |	14455655
                       Number of splices: GC/AG |	110471
                       Number of splices: AT/AC |	12655
               Number of splices: Non-canonical |	19688
                      Mismatch rate per base, % |	0.30%
                         Deletion rate per base |	0.01%
                        Deletion average length |	1.63
                        Insertion rate per base |	0.01%
                       Insertion average length |	1.30
                             MULTI-MAPPING READS:
        Number of reads mapped to multiple loci |	1428515
             % of reads mapped to multiple loci |	4.48%
        Number of reads mapped to too many loci |	5161
             % of reads mapped to too many loci |	0.02%
                                  UNMAPPED READS:
       % of reads unmapped: too many mismatches |	6.75%
                 % of reads unmapped: too short |	2.55%
                     % of reads unmapped: other |	0.31%
                                  CHIMERIC READS:
                       Number of chimeric reads |	100959
                            % of chimeric reads |	0.32%
