                                 Started job on |	Dec 22 17:02:29
                             Started mapping on |	Dec 22 17:06:23
                                    Finished on |	Dec 22 17:21:38
       Mapping speed, Million of reads per hour |	130.92

                          Number of input reads |	33275977
                      Average input read length |	150
                                    UNIQUE READS:
                   Uniquely mapped reads number |	27444399
                        Uniquely mapped reads % |	82.48%
                          Average mapped length |	149.99
                       Number of splices: Total |	14742036
            Number of splices: Annotated (sjdb) |	14624210
                       Number of splices: GT/AG |	14606148
                       Number of splices: GC/AG |	101878
                       Number of splices: AT/AC |	12907
               Number of splices: Non-canonical |	21103
                      Mismatch rate per base, % |	0.40%
                         Deletion rate per base |	0.01%
                        Deletion average length |	1.70
                        Insertion rate per base |	0.01%
                       Insertion average length |	1.44
                             MULTI-MAPPING READS:
        Number of reads mapped to multiple loci |	2240417
             % of reads mapped to multiple loci |	6.73%
        Number of reads mapped to too many loci |	4437
             % of reads mapped to too many loci |	0.01%
                                  UNMAPPED READS:
       % of reads unmapped: too many mismatches |	8.12%
                 % of reads unmapped: too short |	2.50%
                     % of reads unmapped: other |	0.16%
                                  CHIMERIC READS:
                       Number of chimeric reads |	168225
                            % of chimeric reads |	0.51%
