                                 Started job on |	Dec 22 17:28:28
                             Started mapping on |	Dec 22 17:32:44
                                    Finished on |	Dec 22 17:48:32
       Mapping speed, Million of reads per hour |	114.56

                          Number of input reads |	30168691
                      Average input read length |	150
                                    UNIQUE READS:
                   Uniquely mapped reads number |	26054934
                        Uniquely mapped reads % |	86.36%
                          Average mapped length |	149.99
                       Number of splices: Total |	14686707
            Number of splices: Annotated (sjdb) |	14580112
                       Number of splices: GT/AG |	14546624
                       Number of splices: GC/AG |	105992
                       Number of splices: AT/AC |	13546
               Number of splices: Non-canonical |	20545
                      Mismatch rate per base, % |	0.31%
                         Deletion rate per base |	0.01%
                        Deletion average length |	1.66
                        Insertion rate per base |	0.01%
                       Insertion average length |	1.29
                             MULTI-MAPPING READS:
        Number of reads mapped to multiple loci |	1222707
             % of reads mapped to multiple loci |	4.05%
        Number of reads mapped to too many loci |	3905
             % of reads mapped to too many loci |	0.01%
                                  UNMAPPED READS:
       % of reads unmapped: too many mismatches |	7.01%
                 % of reads unmapped: too short |	2.34%
                     % of reads unmapped: other |	0.23%
                                  CHIMERIC READS:
                       Number of chimeric reads |	100663
                            % of chimeric reads |	0.33%
