                                 Started job on |	Dec 22 16:25:26
                             Started mapping on |	Dec 22 16:28:22
                                    Finished on |	Dec 22 16:45:28
       Mapping speed, Million of reads per hour |	112.13

                          Number of input reads |	31956621
                      Average input read length |	150
                                    UNIQUE READS:
                   Uniquely mapped reads number |	26562585
                        Uniquely mapped reads % |	83.12%
                          Average mapped length |	149.99
                       Number of splices: Total |	13989280
            Number of splices: Annotated (sjdb) |	13875534
                       Number of splices: GT/AG |	13860493
                       Number of splices: GC/AG |	93445
                       Number of splices: AT/AC |	12212
               Number of splices: Non-canonical |	23130
                      Mismatch rate per base, % |	0.38%
                         Deletion rate per base |	0.01%
                        Deletion average length |	1.62
                        Insertion rate per base |	0.00%
                       Insertion average length |	1.51
                             MULTI-MAPPING READS:
        Number of reads mapped to multiple loci |	1800870
             % of reads mapped to multiple loci |	5.64%
        Number of reads mapped to too many loci |	4130
             % of reads mapped to too many loci |	0.01%
                                  UNMAPPED READS:
       % of reads unmapped: too many mismatches |	8.12%
                 % of reads unmapped: too short |	2.71%
                     % of reads unmapped: other |	0.40%
                                  CHIMERIC READS:
                       Number of chimeric reads |	89821
                            % of chimeric reads |	0.28%
