                                 Started job on |	Dec 22 16:04:12
                             Started mapping on |	Dec 22 16:09:37
                                    Finished on |	Dec 22 16:23:23
       Mapping speed, Million of reads per hour |	125.90

                          Number of input reads |	28887999
                      Average input read length |	150
                                    UNIQUE READS:
                   Uniquely mapped reads number |	23190895
                        Uniquely mapped reads % |	80.28%
                          Average mapped length |	149.98
                       Number of splices: Total |	11479843
            Number of splices: Annotated (sjdb) |	11387229
                       Number of splices: GT/AG |	11376521
                       Number of splices: GC/AG |	80434
                       Number of splices: AT/AC |	11028
               Number of splices: Non-canonical |	11860
                      Mismatch rate per base, % |	0.37%
                         Deletion rate per base |	0.01%
                        Deletion average length |	1.57
                        Insertion rate per base |	0.01%
                       Insertion average length |	1.31
                             MULTI-MAPPING READS:
        Number of reads mapped to multiple loci |	2266356
             % of reads mapped to multiple loci |	7.85%
        Number of reads mapped to too many loci |	3110
             % of reads mapped to too many loci |	0.01%
                                  UNMAPPED READS:
       % of reads unmapped: too many mismatches |	8.10%
                 % of reads unmapped: too short |	3.64%
                     % of reads unmapped: other |	0.13%
                                  CHIMERIC READS:
                       Number of chimeric reads |	74216
                            % of chimeric reads |	0.26%
