                                 Started job on |	Dec 22 16:20:29
                             Started mapping on |	Dec 22 16:23:57
                                    Finished on |	Dec 22 16:36:15
       Mapping speed, Million of reads per hour |	114.08

                          Number of input reads |	23386758
                      Average input read length |	150
                                    UNIQUE READS:
                   Uniquely mapped reads number |	20325262
                        Uniquely mapped reads % |	86.91%
                          Average mapped length |	149.98
                       Number of splices: Total |	10773034
            Number of splices: Annotated (sjdb) |	10695129
                       Number of splices: GT/AG |	10668828
                       Number of splices: GC/AG |	82293
                       Number of splices: AT/AC |	9834
               Number of splices: Non-canonical |	12079
                      Mismatch rate per base, % |	0.37%
                         Deletion rate per base |	0.01%
                        Deletion average length |	1.60
                        Insertion rate per base |	0.01%
                       Insertion average length |	1.28
                             MULTI-MAPPING READS:
        Number of reads mapped to multiple loci |	1214390
             % of reads mapped to multiple loci |	5.19%
        Number of reads mapped to too many loci |	2973
             % of reads mapped to too many loci |	0.01%
                                  UNMAPPED READS:
       % of reads unmapped: too many mismatches |	5.86%
                 % of reads unmapped: too short |	1.84%
                     % of reads unmapped: other |	0.19%
                                  CHIMERIC READS:
                       Number of chimeric reads |	45970
                            % of chimeric reads |	0.20%
