                                 Started job on |	Dec 22 16:45:37
                             Started mapping on |	Dec 22 17:05:06
                                    Finished on |	Dec 22 17:27:01
       Mapping speed, Million of reads per hour |	92.59

                          Number of input reads |	33821339
                      Average input read length |	150
                                    UNIQUE READS:
                   Uniquely mapped reads number |	26872063
                        Uniquely mapped reads % |	79.45%
                          Average mapped length |	149.99
                       Number of splices: Total |	13404796
            Number of splices: Annotated (sjdb) |	13321694
                       Number of splices: GT/AG |	13284078
                       Number of splices: GC/AG |	87955
                       Number of splices: AT/AC |	11659
               Number of splices: Non-canonical |	21104
                      Mismatch rate per base, % |	0.30%
                         Deletion rate per base |	0.01%
                        Deletion average length |	1.56
                        Insertion rate per base |	0.01%
                       Insertion average length |	1.45
                             MULTI-MAPPING READS:
        Number of reads mapped to multiple loci |	2244011
             % of reads mapped to multiple loci |	6.63%
        Number of reads mapped to too many loci |	3372
             % of reads mapped to too many loci |	0.01%
                                  UNMAPPED READS:
       % of reads unmapped: too many mismatches |	6.52%
                 % of reads unmapped: too short |	4.40%
                     % of reads unmapped: other |	2.99%
                                  CHIMERIC READS:
                       Number of chimeric reads |	74167
                            % of chimeric reads |	0.22%
