                                 Started job on |	Dec 22 17:02:35
                             Started mapping on |	Dec 22 17:06:37
                                    Finished on |	Dec 22 17:22:50
       Mapping speed, Million of reads per hour |	118.78

                          Number of input reads |	32104542
                      Average input read length |	150
                                    UNIQUE READS:
                   Uniquely mapped reads number |	27232714
                        Uniquely mapped reads % |	84.83%
                          Average mapped length |	149.99
                       Number of splices: Total |	15505835
            Number of splices: Annotated (sjdb) |	15399125
                       Number of splices: GT/AG |	15367244
                       Number of splices: GC/AG |	107215
                       Number of splices: AT/AC |	13316
               Number of splices: Non-canonical |	18060
                      Mismatch rate per base, % |	0.32%
                         Deletion rate per base |	0.01%
                        Deletion average length |	1.59
                        Insertion rate per base |	0.01%
                       Insertion average length |	1.36
                             MULTI-MAPPING READS:
        Number of reads mapped to multiple loci |	1461201
             % of reads mapped to multiple loci |	4.55%
        Number of reads mapped to too many loci |	4268
             % of reads mapped to too many loci |	0.01%
                                  UNMAPPED READS:
       % of reads unmapped: too many mismatches |	7.15%
                 % of reads unmapped: too short |	2.85%
                     % of reads unmapped: other |	0.61%
                                  CHIMERIC READS:
                       Number of chimeric reads |	89387
                            % of chimeric reads |	0.28%
