                                 Started job on |	Dec 22 17:02:29
                             Started mapping on |	Dec 22 17:06:42
                                    Finished on |	Dec 22 17:24:55
       Mapping speed, Million of reads per hour |	109.92

                          Number of input reads |	33373163
                      Average input read length |	150
                                    UNIQUE READS:
                   Uniquely mapped reads number |	28440295
                        Uniquely mapped reads % |	85.22%
                          Average mapped length |	149.99
                       Number of splices: Total |	15787828
            Number of splices: Annotated (sjdb) |	15674427
                       Number of splices: GT/AG |	15638051
                       Number of splices: GC/AG |	109346
                       Number of splices: AT/AC |	14191
               Number of splices: Non-canonical |	26240
                      Mismatch rate per base, % |	0.29%
                         Deletion rate per base |	0.01%
                        Deletion average length |	1.68
                        Insertion rate per base |	0.01%
                       Insertion average length |	1.34
                             MULTI-MAPPING READS:
        Number of reads mapped to multiple loci |	1570761
             % of reads mapped to multiple loci |	4.71%
        Number of reads mapped to too many loci |	4869
             % of reads mapped to too many loci |	0.01%
                                  UNMAPPED READS:
       % of reads unmapped: too many mismatches |	6.77%
                 % of reads unmapped: too short |	2.73%
                     % of reads unmapped: other |	0.56%
                                  CHIMERIC READS:
                       Number of chimeric reads |	105811
                            % of chimeric reads |	0.32%
