                                 Started job on |	Dec 22 17:16:32
                             Started mapping on |	Dec 22 17:20:38
                                    Finished on |	Dec 22 17:32:57
       Mapping speed, Million of reads per hour |	117.35

                          Number of input reads |	24088933
                      Average input read length |	150
                                    UNIQUE READS:
                   Uniquely mapped reads number |	18820588
                        Uniquely mapped reads % |	78.13%
                          Average mapped length |	149.99
                       Number of splices: Total |	9880511
            Number of splices: Annotated (sjdb) |	9809964
                       Number of splices: GT/AG |	9791573
                       Number of splices: GC/AG |	66613
                       Number of splices: AT/AC |	8495
               Number of splices: Non-canonical |	13830
                      Mismatch rate per base, % |	0.32%
                         Deletion rate per base |	0.01%
                        Deletion average length |	1.71
                        Insertion rate per base |	0.01%
                       Insertion average length |	1.32
                             MULTI-MAPPING READS:
        Number of reads mapped to multiple loci |	2581892
             % of reads mapped to multiple loci |	10.72%
        Number of reads mapped to too many loci |	2951
             % of reads mapped to too many loci |	0.01%
                                  UNMAPPED READS:
       % of reads unmapped: too many mismatches |	8.11%
                 % of reads unmapped: too short |	2.85%
                     % of reads unmapped: other |	0.18%
                                  CHIMERIC READS:
                       Number of chimeric reads |	86198
                            % of chimeric reads |	0.36%
