                                 Started job on |	Dec 22 16:45:51
                             Started mapping on |	Dec 22 16:49:17
                                    Finished on |	Dec 22 17:02:21
       Mapping speed, Million of reads per hour |	118.94

                          Number of input reads |	25901701
                      Average input read length |	150
                                    UNIQUE READS:
                   Uniquely mapped reads number |	22018632
                        Uniquely mapped reads % |	85.01%
                          Average mapped length |	149.99
                       Number of splices: Total |	12438220
            Number of splices: Annotated (sjdb) |	12348994
                       Number of splices: GT/AG |	12318681
                       Number of splices: GC/AG |	89774
                       Number of splices: AT/AC |	10071
               Number of splices: Non-canonical |	19694
                      Mismatch rate per base, % |	0.31%
                         Deletion rate per base |	0.01%
                        Deletion average length |	1.52
                        Insertion rate per base |	0.01%
                       Insertion average length |	1.35
                             MULTI-MAPPING READS:
        Number of reads mapped to multiple loci |	1270553
             % of reads mapped to multiple loci |	4.91%
        Number of reads mapped to too many loci |	3778
             % of reads mapped to too many loci |	0.01%
                                  UNMAPPED READS:
       % of reads unmapped: too many mismatches |	7.13%
                 % of reads unmapped: too short |	2.53%
                     % of reads unmapped: other |	0.41%
                                  CHIMERIC READS:
                       Number of chimeric reads |	75846
                            % of chimeric reads |	0.29%
