                                 Started job on |	Dec 22 16:04:05
                             Started mapping on |	Dec 22 16:08:25
                                    Finished on |	Dec 22 16:24:22
       Mapping speed, Million of reads per hour |	119.35

                          Number of input reads |	31726277
                      Average input read length |	150
                                    UNIQUE READS:
                   Uniquely mapped reads number |	27275738
                        Uniquely mapped reads % |	85.97%
                          Average mapped length |	149.98
                       Number of splices: Total |	14032411
            Number of splices: Annotated (sjdb) |	13902043
                       Number of splices: GT/AG |	13908523
                       Number of splices: GC/AG |	101804
                       Number of splices: AT/AC |	12065
               Number of splices: Non-canonical |	10019
                      Mismatch rate per base, % |	0.32%
                         Deletion rate per base |	0.01%
                        Deletion average length |	1.57
                        Insertion rate per base |	0.01%
                       Insertion average length |	1.31
                             MULTI-MAPPING READS:
        Number of reads mapped to multiple loci |	1556449
             % of reads mapped to multiple loci |	4.91%
        Number of reads mapped to too many loci |	3586
             % of reads mapped to too many loci |	0.01%
                                  UNMAPPED READS:
       % of reads unmapped: too many mismatches |	6.55%
                 % of reads unmapped: too short |	2.41%
                     % of reads unmapped: other |	0.15%
                                  CHIMERIC READS:
                       Number of chimeric reads |	81289
                            % of chimeric reads |	0.26%
