                                 Started job on |	Dec 22 17:16:24
                             Started mapping on |	Dec 22 17:20:35
                                    Finished on |	Dec 22 17:51:27
       Mapping speed, Million of reads per hour |	112.85

                          Number of input reads |	58056819
                      Average input read length |	150
                                    UNIQUE READS:
                   Uniquely mapped reads number |	47959805
                        Uniquely mapped reads % |	82.61%
                          Average mapped length |	149.99
                       Number of splices: Total |	25190577
            Number of splices: Annotated (sjdb) |	24992487
                       Number of splices: GT/AG |	24954687
                       Number of splices: GC/AG |	173023
                       Number of splices: AT/AC |	24498
               Number of splices: Non-canonical |	38369
                      Mismatch rate per base, % |	0.29%
                         Deletion rate per base |	0.01%
                        Deletion average length |	1.57
                        Insertion rate per base |	0.01%
                       Insertion average length |	1.32
                             MULTI-MAPPING READS:
        Number of reads mapped to multiple loci |	4073778
             % of reads mapped to multiple loci |	7.02%
        Number of reads mapped to too many loci |	8988
             % of reads mapped to too many loci |	0.02%
                                  UNMAPPED READS:
       % of reads unmapped: too many mismatches |	6.57%
                 % of reads unmapped: too short |	3.13%
                     % of reads unmapped: other |	0.66%
                                  CHIMERIC READS:
                       Number of chimeric reads |	179187
                            % of chimeric reads |	0.31%
