                                 Started job on |	Dec 22 17:28:25
                             Started mapping on |	Dec 22 17:32:13
                                    Finished on |	Dec 22 17:49:28
       Mapping speed, Million of reads per hour |	114.23

                          Number of input reads |	32842174
                      Average input read length |	150
                                    UNIQUE READS:
                   Uniquely mapped reads number |	28205564
                        Uniquely mapped reads % |	85.88%
                          Average mapped length |	149.99
                       Number of splices: Total |	14750158
            Number of splices: Annotated (sjdb) |	14598336
                       Number of splices: GT/AG |	14609179
                       Number of splices: GC/AG |	105880
                       Number of splices: AT/AC |	13483
               Number of splices: Non-canonical |	21616
                      Mismatch rate per base, % |	0.27%
                         Deletion rate per base |	0.01%
                        Deletion average length |	1.59
                        Insertion rate per base |	0.01%
                       Insertion average length |	1.34
                             MULTI-MAPPING READS:
        Number of reads mapped to multiple loci |	1417690
             % of reads mapped to multiple loci |	4.32%
        Number of reads mapped to too many loci |	4845
             % of reads mapped to too many loci |	0.01%
                                  UNMAPPED READS:
       % of reads unmapped: too many mismatches |	6.64%
                 % of reads unmapped: too short |	2.81%
                     % of reads unmapped: other |	0.33%
                                  CHIMERIC READS:
                       Number of chimeric reads |	114054
                            % of chimeric reads |	0.35%
