                                 Started job on |	Dec 22 16:45:32
                             Started mapping on |	Dec 22 16:49:07
                                    Finished on |	Dec 22 17:04:33
       Mapping speed, Million of reads per hour |	124.17

                          Number of input reads |	31938994
                      Average input read length |	150
                                    UNIQUE READS:
                   Uniquely mapped reads number |	25201008
                        Uniquely mapped reads % |	78.90%
                          Average mapped length |	149.98
                       Number of splices: Total |	12892723
            Number of splices: Annotated (sjdb) |	12800379
                       Number of splices: GT/AG |	12774053
                       Number of splices: GC/AG |	86301
                       Number of splices: AT/AC |	10121
               Number of splices: Non-canonical |	22248
                      Mismatch rate per base, % |	0.33%
                         Deletion rate per base |	0.01%
                        Deletion average length |	1.94
                        Insertion rate per base |	0.01%
                       Insertion average length |	1.29
                             MULTI-MAPPING READS:
        Number of reads mapped to multiple loci |	3867414
             % of reads mapped to multiple loci |	12.11%
        Number of reads mapped to too many loci |	4271
             % of reads mapped to too many loci |	0.01%
                                  UNMAPPED READS:
       % of reads unmapped: too many mismatches |	6.24%
                 % of reads unmapped: too short |	2.52%
                     % of reads unmapped: other |	0.22%
                                  CHIMERIC READS:
                       Number of chimeric reads |	123737
                            % of chimeric reads |	0.39%
