                                 Started job on |	Dec 22 16:24:49
                             Started mapping on |	Dec 22 16:27:52
                                    Finished on |	Dec 22 16:44:59
       Mapping speed, Million of reads per hour |	120.90

                          Number of input reads |	34490702
                      Average input read length |	150
                                    UNIQUE READS:
                   Uniquely mapped reads number |	29085147
                        Uniquely mapped reads % |	84.33%
                          Average mapped length |	149.99
                       Number of splices: Total |	15255769
            Number of splices: Annotated (sjdb) |	15121429
                       Number of splices: GT/AG |	15121791
                       Number of splices: GC/AG |	97707
                       Number of splices: AT/AC |	10949
               Number of splices: Non-canonical |	25322
                      Mismatch rate per base, % |	0.34%
                         Deletion rate per base |	0.01%
                        Deletion average length |	1.76
                        Insertion rate per base |	0.00%
                       Insertion average length |	1.51
                             MULTI-MAPPING READS:
        Number of reads mapped to multiple loci |	1929738
             % of reads mapped to multiple loci |	5.59%
        Number of reads mapped to too many loci |	5195
             % of reads mapped to too many loci |	0.02%
                                  UNMAPPED READS:
       % of reads unmapped: too many mismatches |	6.97%
                 % of reads unmapped: too short |	2.62%
                     % of reads unmapped: other |	0.47%
                                  CHIMERIC READS:
                       Number of chimeric reads |	97415
                            % of chimeric reads |	0.28%
