                                 Started job on |	Dec 22 16:43:37
                             Started mapping on |	Dec 22 16:47:03
                                    Finished on |	Dec 22 16:55:09
       Mapping speed, Million of reads per hour |	91.84

                          Number of input reads |	12398400
                      Average input read length |	150
                                    UNIQUE READS:
                   Uniquely mapped reads number |	9926987
                        Uniquely mapped reads % |	80.07%
                          Average mapped length |	149.99
                       Number of splices: Total |	5391048
            Number of splices: Annotated (sjdb) |	5350117
                       Number of splices: GT/AG |	5342196
                       Number of splices: GC/AG |	37808
                       Number of splices: AT/AC |	4368
               Number of splices: Non-canonical |	6676
                      Mismatch rate per base, % |	0.38%
                         Deletion rate per base |	0.01%
                        Deletion average length |	1.61
                        Insertion rate per base |	0.01%
                       Insertion average length |	1.29
                             MULTI-MAPPING READS:
        Number of reads mapped to multiple loci |	659160
             % of reads mapped to multiple loci |	5.32%
        Number of reads mapped to too many loci |	1241
             % of reads mapped to too many loci |	0.01%
                                  UNMAPPED READS:
       % of reads unmapped: too many mismatches |	7.99%
                 % of reads unmapped: too short |	5.02%
                     % of reads unmapped: other |	1.59%
                                  CHIMERIC READS:
                       Number of chimeric reads |	40370
                            % of chimeric reads |	0.33%
