                                 Started job on |	Dec 22 16:45:38
                             Started mapping on |	Dec 22 16:56:05
                                    Finished on |	Dec 22 17:07:20
       Mapping speed, Million of reads per hour |	99.56

                          Number of input reads |	18667690
                      Average input read length |	150
                                    UNIQUE READS:
                   Uniquely mapped reads number |	15894042
                        Uniquely mapped reads % |	85.14%
                          Average mapped length |	149.99
                       Number of splices: Total |	8447616
            Number of splices: Annotated (sjdb) |	8386671
                       Number of splices: GT/AG |	8367927
                       Number of splices: GC/AG |	60698
                       Number of splices: AT/AC |	7037
               Number of splices: Non-canonical |	11954
                      Mismatch rate per base, % |	0.32%
                         Deletion rate per base |	0.01%
                        Deletion average length |	1.56
                        Insertion rate per base |	0.01%
                       Insertion average length |	1.28
                             MULTI-MAPPING READS:
        Number of reads mapped to multiple loci |	901825
             % of reads mapped to multiple loci |	4.83%
        Number of reads mapped to too many loci |	2250
             % of reads mapped to too many loci |	0.01%
                                  UNMAPPED READS:
       % of reads unmapped: too many mismatches |	6.23%
                 % of reads unmapped: too short |	2.67%
                     % of reads unmapped: other |	1.11%
                                  CHIMERIC READS:
                       Number of chimeric reads |	38260
                            % of chimeric reads |	0.20%
