                                 Started job on |	Dec 22 17:28:26
                             Started mapping on |	Dec 22 17:32:10
                                    Finished on |	Dec 22 17:49:06
       Mapping speed, Million of reads per hour |	116.32

                          Number of input reads |	32827154
                      Average input read length |	150
                                    UNIQUE READS:
                   Uniquely mapped reads number |	27691028
                        Uniquely mapped reads % |	84.35%
                          Average mapped length |	149.99
                       Number of splices: Total |	15780037
            Number of splices: Annotated (sjdb) |	15664490
                       Number of splices: GT/AG |	15631253
                       Number of splices: GC/AG |	110747
                       Number of splices: AT/AC |	14853
               Number of splices: Non-canonical |	23184
                      Mismatch rate per base, % |	0.31%
                         Deletion rate per base |	0.01%
                        Deletion average length |	1.55
                        Insertion rate per base |	0.01%
                       Insertion average length |	1.37
                             MULTI-MAPPING READS:
        Number of reads mapped to multiple loci |	1504103
             % of reads mapped to multiple loci |	4.58%
        Number of reads mapped to too many loci |	3452
             % of reads mapped to too many loci |	0.01%
                                  UNMAPPED READS:
       % of reads unmapped: too many mismatches |	7.34%
                 % of reads unmapped: too short |	3.11%
                     % of reads unmapped: other |	0.60%
                                  CHIMERIC READS:
                       Number of chimeric reads |	132074
                            % of chimeric reads |	0.40%
