                                 Started job on |	Dec 22 17:16:33
                             Started mapping on |	Dec 22 17:20:20
                                    Finished on |	Dec 22 17:32:29
       Mapping speed, Million of reads per hour |	117.58

                          Number of input reads |	23809312
                      Average input read length |	150
                                    UNIQUE READS:
                   Uniquely mapped reads number |	19492365
                        Uniquely mapped reads % |	81.87%
                          Average mapped length |	149.99
                       Number of splices: Total |	10724402
            Number of splices: Annotated (sjdb) |	10641380
                       Number of splices: GT/AG |	10624518
                       Number of splices: GC/AG |	74615
                       Number of splices: AT/AC |	9644
               Number of splices: Non-canonical |	15625
                      Mismatch rate per base, % |	0.30%
                         Deletion rate per base |	0.01%
                        Deletion average length |	1.70
                        Insertion rate per base |	0.01%
                       Insertion average length |	1.41
                             MULTI-MAPPING READS:
        Number of reads mapped to multiple loci |	1963599
             % of reads mapped to multiple loci |	8.25%
        Number of reads mapped to too many loci |	3403
             % of reads mapped to too many loci |	0.01%
                                  UNMAPPED READS:
       % of reads unmapped: too many mismatches |	7.17%
                 % of reads unmapped: too short |	2.53%
                     % of reads unmapped: other |	0.17%
                                  CHIMERIC READS:
                       Number of chimeric reads |	88335
                            % of chimeric reads |	0.37%
