                                 Started job on |	Dec 22 16:04:18
                             Started mapping on |	Dec 22 16:09:51
                                    Finished on |	Dec 22 16:24:58
       Mapping speed, Million of reads per hour |	116.81

                          Number of input reads |	29430793
                      Average input read length |	150
                                    UNIQUE READS:
                   Uniquely mapped reads number |	25301392
                        Uniquely mapped reads % |	85.97%
                          Average mapped length |	149.99
                       Number of splices: Total |	13041701
            Number of splices: Annotated (sjdb) |	12938679
                       Number of splices: GT/AG |	12911929
                       Number of splices: GC/AG |	95938
                       Number of splices: AT/AC |	11042
               Number of splices: Non-canonical |	22792
                      Mismatch rate per base, % |	0.30%
                         Deletion rate per base |	0.01%
                        Deletion average length |	1.56
                        Insertion rate per base |	0.01%
                       Insertion average length |	1.29
                             MULTI-MAPPING READS:
        Number of reads mapped to multiple loci |	1419573
             % of reads mapped to multiple loci |	4.82%
        Number of reads mapped to too many loci |	3593
             % of reads mapped to too many loci |	0.01%
                                  UNMAPPED READS:
       % of reads unmapped: too many mismatches |	6.17%
                 % of reads unmapped: too short |	2.70%
                     % of reads unmapped: other |	0.32%
                                  CHIMERIC READS:
                       Number of chimeric reads |	80680
                            % of chimeric reads |	0.27%
