                                 Started job on |	Dec 22 17:04:49
                             Started mapping on |	Dec 22 17:08:23
                                    Finished on |	Dec 22 17:18:42
       Mapping speed, Million of reads per hour |	113.24

                          Number of input reads |	19470482
                      Average input read length |	150
                                    UNIQUE READS:
                   Uniquely mapped reads number |	16513646
                        Uniquely mapped reads % |	84.81%
                          Average mapped length |	149.99
                       Number of splices: Total |	8682226
            Number of splices: Annotated (sjdb) |	8619104
                       Number of splices: GT/AG |	8601211
                       Number of splices: GC/AG |	60643
                       Number of splices: AT/AC |	7861
               Number of splices: Non-canonical |	12511
                      Mismatch rate per base, % |	0.39%
                         Deletion rate per base |	0.01%
                        Deletion average length |	1.63
                        Insertion rate per base |	0.01%
                       Insertion average length |	1.31
                             MULTI-MAPPING READS:
        Number of reads mapped to multiple loci |	852997
             % of reads mapped to multiple loci |	4.38%
        Number of reads mapped to too many loci |	2497
             % of reads mapped to too many loci |	0.01%
                                  UNMAPPED READS:
       % of reads unmapped: too many mismatches |	8.11%
                 % of reads unmapped: too short |	2.32%
                     % of reads unmapped: other |	0.37%
                                  CHIMERIC READS:
                       Number of chimeric reads |	51014
                            % of chimeric reads |	0.26%
