                                 Started job on |	Dec 22 16:26:36
                             Started mapping on |	Dec 22 16:30:03
                                    Finished on |	Dec 22 16:44:36
       Mapping speed, Million of reads per hour |	107.32

                          Number of input reads |	26025190
                      Average input read length |	150
                                    UNIQUE READS:
                   Uniquely mapped reads number |	22528242
                        Uniquely mapped reads % |	86.56%
                          Average mapped length |	149.98
                       Number of splices: Total |	11259507
            Number of splices: Annotated (sjdb) |	11166332
                       Number of splices: GT/AG |	11150379
                       Number of splices: GC/AG |	83719
                       Number of splices: AT/AC |	9660
               Number of splices: Non-canonical |	15749
                      Mismatch rate per base, % |	0.32%
                         Deletion rate per base |	0.01%
                        Deletion average length |	1.56
                        Insertion rate per base |	0.01%
                       Insertion average length |	1.29
                             MULTI-MAPPING READS:
        Number of reads mapped to multiple loci |	1283850
             % of reads mapped to multiple loci |	4.93%
        Number of reads mapped to too many loci |	4226
             % of reads mapped to too many loci |	0.02%
                                  UNMAPPED READS:
       % of reads unmapped: too many mismatches |	5.97%
                 % of reads unmapped: too short |	2.25%
                     % of reads unmapped: other |	0.27%
                                  CHIMERIC READS:
                       Number of chimeric reads |	53042
                            % of chimeric reads |	0.20%
