                                 Started job on |	Dec 22 16:07:08
                             Started mapping on |	Dec 22 16:10:54
                                    Finished on |	Dec 22 16:19:20
       Mapping speed, Million of reads per hour |	109.40

                          Number of input reads |	15376465
                      Average input read length |	150
                                    UNIQUE READS:
                   Uniquely mapped reads number |	13264946
                        Uniquely mapped reads % |	86.27%
                          Average mapped length |	149.99
                       Number of splices: Total |	6971303
            Number of splices: Annotated (sjdb) |	6918779
                       Number of splices: GT/AG |	6906776
                       Number of splices: GC/AG |	47082
                       Number of splices: AT/AC |	6061
               Number of splices: Non-canonical |	11384
                      Mismatch rate per base, % |	0.33%
                         Deletion rate per base |	0.01%
                        Deletion average length |	1.52
                        Insertion rate per base |	0.01%
                       Insertion average length |	1.31
                             MULTI-MAPPING READS:
        Number of reads mapped to multiple loci |	746795
             % of reads mapped to multiple loci |	4.86%
        Number of reads mapped to too many loci |	1668
             % of reads mapped to too many loci |	0.01%
                                  UNMAPPED READS:
       % of reads unmapped: too many mismatches |	6.46%
                 % of reads unmapped: too short |	2.12%
                     % of reads unmapped: other |	0.28%
                                  CHIMERIC READS:
                       Number of chimeric reads |	33110
                            % of chimeric reads |	0.22%
