                                 Started job on |	Dec 22 17:03:15
                             Started mapping on |	Dec 22 17:07:13
                                    Finished on |	Dec 22 17:28:28
       Mapping speed, Million of reads per hour |	101.00

                          Number of input reads |	35770368
                      Average input read length |	150
                                    UNIQUE READS:
                   Uniquely mapped reads number |	24441304
                        Uniquely mapped reads % |	68.33%
                          Average mapped length |	149.99
                       Number of splices: Total |	12004149
            Number of splices: Annotated (sjdb) |	11909090
                       Number of splices: GT/AG |	11891897
                       Number of splices: GC/AG |	83856
                       Number of splices: AT/AC |	12064
               Number of splices: Non-canonical |	16332
                      Mismatch rate per base, % |	0.30%
                         Deletion rate per base |	0.01%
                        Deletion average length |	1.70
                        Insertion rate per base |	0.01%
                       Insertion average length |	1.52
                             MULTI-MAPPING READS:
        Number of reads mapped to multiple loci |	6734287
             % of reads mapped to multiple loci |	18.83%
        Number of reads mapped to too many loci |	4300
             % of reads mapped to too many loci |	0.01%
                                  UNMAPPED READS:
       % of reads unmapped: too many mismatches |	5.34%
                 % of reads unmapped: too short |	4.43%
                     % of reads unmapped: other |	3.07%
                                  CHIMERIC READS:
                       Number of chimeric reads |	118153
                            % of chimeric reads |	0.33%
