                                 Started job on |	Dec 22 16:25:22
                             Started mapping on |	Dec 22 16:28:24
                                    Finished on |	Dec 22 16:48:13
       Mapping speed, Million of reads per hour |	120.88

                          Number of input reads |	39922531
                      Average input read length |	150
                                    UNIQUE READS:
                   Uniquely mapped reads number |	33700489
                        Uniquely mapped reads % |	84.41%
                          Average mapped length |	149.99
                       Number of splices: Total |	19564180
            Number of splices: Annotated (sjdb) |	19423419
                       Number of splices: GT/AG |	19377523
                       Number of splices: GC/AG |	137727
                       Number of splices: AT/AC |	16688
               Number of splices: Non-canonical |	32242
                      Mismatch rate per base, % |	0.28%
                         Deletion rate per base |	0.01%
                        Deletion average length |	1.67
                        Insertion rate per base |	0.01%
                       Insertion average length |	1.35
                             MULTI-MAPPING READS:
        Number of reads mapped to multiple loci |	1801716
             % of reads mapped to multiple loci |	4.51%
        Number of reads mapped to too many loci |	5422
             % of reads mapped to too many loci |	0.01%
                                  UNMAPPED READS:
       % of reads unmapped: too many mismatches |	6.93%
                 % of reads unmapped: too short |	3.36%
                     % of reads unmapped: other |	0.77%
                                  CHIMERIC READS:
                       Number of chimeric reads |	147692
                            % of chimeric reads |	0.37%
