                                 Started job on |	Dec 22 17:28:34
                             Started mapping on |	Dec 22 17:31:40
                                    Finished on |	Dec 22 17:41:06
       Mapping speed, Million of reads per hour |	122.53

                          Number of input reads |	19264377
                      Average input read length |	150
                                    UNIQUE READS:
                   Uniquely mapped reads number |	16810678
                        Uniquely mapped reads % |	87.26%
                          Average mapped length |	149.98
                       Number of splices: Total |	8412899
            Number of splices: Annotated (sjdb) |	8343144
                       Number of splices: GT/AG |	8324196
                       Number of splices: GC/AG |	62857
                       Number of splices: AT/AC |	7650
               Number of splices: Non-canonical |	18196
                      Mismatch rate per base, % |	0.30%
                         Deletion rate per base |	0.01%
                        Deletion average length |	1.54
                        Insertion rate per base |	0.01%
                       Insertion average length |	1.42
                             MULTI-MAPPING READS:
        Number of reads mapped to multiple loci |	878690
             % of reads mapped to multiple loci |	4.56%
        Number of reads mapped to too many loci |	3527
             % of reads mapped to too many loci |	0.02%
                                  UNMAPPED READS:
       % of reads unmapped: too many mismatches |	5.66%
                 % of reads unmapped: too short |	2.12%
                     % of reads unmapped: other |	0.38%
                                  CHIMERIC READS:
                       Number of chimeric reads |	41415
                            % of chimeric reads |	0.21%
