                                 Started job on |	Dec 22 17:02:39
                             Started mapping on |	Dec 22 17:06:58
                                    Finished on |	Dec 22 17:20:44
       Mapping speed, Million of reads per hour |	112.62

                          Number of input reads |	25840355
                      Average input read length |	150
                                    UNIQUE READS:
                   Uniquely mapped reads number |	21462225
                        Uniquely mapped reads % |	83.06%
                          Average mapped length |	149.99
                       Number of splices: Total |	10794722
            Number of splices: Annotated (sjdb) |	10729503
                       Number of splices: GT/AG |	10700394
                       Number of splices: GC/AG |	68005
                       Number of splices: AT/AC |	10468
               Number of splices: Non-canonical |	15855
                      Mismatch rate per base, % |	0.34%
                         Deletion rate per base |	0.01%
                        Deletion average length |	1.64
                        Insertion rate per base |	0.01%
                       Insertion average length |	1.47
                             MULTI-MAPPING READS:
        Number of reads mapped to multiple loci |	1710288
             % of reads mapped to multiple loci |	6.62%
        Number of reads mapped to too many loci |	3522
             % of reads mapped to too many loci |	0.01%
                                  UNMAPPED READS:
       % of reads unmapped: too many mismatches |	7.05%
                 % of reads unmapped: too short |	3.01%
                     % of reads unmapped: other |	0.25%
                                  CHIMERIC READS:
                       Number of chimeric reads |	62069
                            % of chimeric reads |	0.24%
