                                 Started job on |	Dec 22 17:02:37
                             Started mapping on |	Dec 22 17:07:04
                                    Finished on |	Dec 22 17:21:27
       Mapping speed, Million of reads per hour |	116.12

                          Number of input reads |	27836628
                      Average input read length |	150
                                    UNIQUE READS:
                   Uniquely mapped reads number |	24096385
                        Uniquely mapped reads % |	86.56%
                          Average mapped length |	149.99
                       Number of splices: Total |	12152242
            Number of splices: Annotated (sjdb) |	12062993
                       Number of splices: GT/AG |	12039967
                       Number of splices: GC/AG |	83613
                       Number of splices: AT/AC |	9644
               Number of splices: Non-canonical |	19018
                      Mismatch rate per base, % |	0.36%
                         Deletion rate per base |	0.01%
                        Deletion average length |	1.50
                        Insertion rate per base |	0.01%
                       Insertion average length |	1.29
                             MULTI-MAPPING READS:
        Number of reads mapped to multiple loci |	1411598
             % of reads mapped to multiple loci |	5.07%
        Number of reads mapped to too many loci |	3532
             % of reads mapped to too many loci |	0.01%
                                  UNMAPPED READS:
       % of reads unmapped: too many mismatches |	6.43%
                 % of reads unmapped: too short |	1.78%
                     % of reads unmapped: other |	0.14%
                                  CHIMERIC READS:
                       Number of chimeric reads |	55061
                            % of chimeric reads |	0.20%
