                                 Started job on |	Dec 22 16:45:07
                             Started mapping on |	Dec 22 16:48:43
                                    Finished on |	Dec 22 17:01:09
       Mapping speed, Million of reads per hour |	106.82

                          Number of input reads |	22136382
                      Average input read length |	150
                                    UNIQUE READS:
                   Uniquely mapped reads number |	17397461
                        Uniquely mapped reads % |	78.59%
                          Average mapped length |	149.99
                       Number of splices: Total |	8175465
            Number of splices: Annotated (sjdb) |	8108682
                       Number of splices: GT/AG |	8102470
                       Number of splices: GC/AG |	52821
                       Number of splices: AT/AC |	6945
               Number of splices: Non-canonical |	13229
                      Mismatch rate per base, % |	0.37%
                         Deletion rate per base |	0.01%
                        Deletion average length |	1.56
                        Insertion rate per base |	0.01%
                       Insertion average length |	1.51
                             MULTI-MAPPING READS:
        Number of reads mapped to multiple loci |	1650359
             % of reads mapped to multiple loci |	7.46%
        Number of reads mapped to too many loci |	4763
             % of reads mapped to too many loci |	0.02%
                                  UNMAPPED READS:
       % of reads unmapped: too many mismatches |	7.67%
                 % of reads unmapped: too short |	4.47%
                     % of reads unmapped: other |	1.79%
                                  CHIMERIC READS:
                       Number of chimeric reads |	39141
                            % of chimeric reads |	0.18%
