                                 Started job on |	Dec 22 16:04:05
                             Started mapping on |	Dec 22 16:08:22
                                    Finished on |	Dec 22 16:25:10
       Mapping speed, Million of reads per hour |	125.23

                          Number of input reads |	35064986
                      Average input read length |	150
                                    UNIQUE READS:
                   Uniquely mapped reads number |	30168852
                        Uniquely mapped reads % |	86.04%
                          Average mapped length |	149.99
                       Number of splices: Total |	15529191
            Number of splices: Annotated (sjdb) |	15400278
                       Number of splices: GT/AG |	15393311
                       Number of splices: GC/AG |	104318
                       Number of splices: AT/AC |	13143
               Number of splices: Non-canonical |	18419
                      Mismatch rate per base, % |	0.24%
                         Deletion rate per base |	0.01%
                        Deletion average length |	1.63
                        Insertion rate per base |	0.01%
                       Insertion average length |	1.39
                             MULTI-MAPPING READS:
        Number of reads mapped to multiple loci |	1778721
             % of reads mapped to multiple loci |	5.07%
        Number of reads mapped to too many loci |	4661
             % of reads mapped to too many loci |	0.01%
                                  UNMAPPED READS:
       % of reads unmapped: too many mismatches |	5.89%
                 % of reads unmapped: too short |	2.63%
                     % of reads unmapped: other |	0.36%
                                  CHIMERIC READS:
                       Number of chimeric reads |	105055
                            % of chimeric reads |	0.30%
