                                 Started job on |	Dec 22 17:28:32
                             Started mapping on |	Dec 22 17:32:33
                                    Finished on |	Dec 22 17:40:18
       Mapping speed, Million of reads per hour |	135.12

                          Number of input reads |	17452870
                      Average input read length |	150
                                    UNIQUE READS:
                   Uniquely mapped reads number |	15247184
                        Uniquely mapped reads % |	87.36%
                          Average mapped length |	149.99
                       Number of splices: Total |	8281961
            Number of splices: Annotated (sjdb) |	8215599
                       Number of splices: GT/AG |	8204190
                       Number of splices: GC/AG |	59123
                       Number of splices: AT/AC |	7306
               Number of splices: Non-canonical |	11342
                      Mismatch rate per base, % |	0.30%
                         Deletion rate per base |	0.01%
                        Deletion average length |	1.70
                        Insertion rate per base |	0.00%
                       Insertion average length |	1.50
                             MULTI-MAPPING READS:
        Number of reads mapped to multiple loci |	815281
             % of reads mapped to multiple loci |	4.67%
        Number of reads mapped to too many loci |	2120
             % of reads mapped to too many loci |	0.01%
                                  UNMAPPED READS:
       % of reads unmapped: too many mismatches |	5.89%
                 % of reads unmapped: too short |	1.84%
                     % of reads unmapped: other |	0.22%
                                  CHIMERIC READS:
                       Number of chimeric reads |	39576
                            % of chimeric reads |	0.23%
