                                 Started job on |	Dec 22 17:28:27
                             Started mapping on |	Dec 22 17:32:11
                                    Finished on |	Dec 22 17:52:43
       Mapping speed, Million of reads per hour |	120.90

                          Number of input reads |	41373326
                      Average input read length |	150
                                    UNIQUE READS:
                   Uniquely mapped reads number |	34728945
                        Uniquely mapped reads % |	83.94%
                          Average mapped length |	149.99
                       Number of splices: Total |	19178096
            Number of splices: Annotated (sjdb) |	19046499
                       Number of splices: GT/AG |	19002807
                       Number of splices: GC/AG |	130053
                       Number of splices: AT/AC |	16783
               Number of splices: Non-canonical |	28453
                      Mismatch rate per base, % |	0.30%
                         Deletion rate per base |	0.01%
                        Deletion average length |	1.53
                        Insertion rate per base |	0.01%
                       Insertion average length |	1.44
                             MULTI-MAPPING READS:
        Number of reads mapped to multiple loci |	2072691
             % of reads mapped to multiple loci |	5.01%
        Number of reads mapped to too many loci |	4346
             % of reads mapped to too many loci |	0.01%
                                  UNMAPPED READS:
       % of reads unmapped: too many mismatches |	7.25%
                 % of reads unmapped: too short |	3.06%
                     % of reads unmapped: other |	0.73%
                                  CHIMERIC READS:
                       Number of chimeric reads |	121117
                            % of chimeric reads |	0.29%
