                                 Started job on |	Dec 22 17:16:32
                             Started mapping on |	Dec 22 17:20:14
                                    Finished on |	Dec 22 17:30:12
       Mapping speed, Million of reads per hour |	135.10

                          Number of input reads |	22442265
                      Average input read length |	150
                                    UNIQUE READS:
                   Uniquely mapped reads number |	19502537
                        Uniquely mapped reads % |	86.90%
                          Average mapped length |	149.99
                       Number of splices: Total |	10437425
            Number of splices: Annotated (sjdb) |	10339555
                       Number of splices: GT/AG |	10342223
                       Number of splices: GC/AG |	70795
                       Number of splices: AT/AC |	9696
               Number of splices: Non-canonical |	14711
                      Mismatch rate per base, % |	0.29%
                         Deletion rate per base |	0.01%
                        Deletion average length |	1.88
                        Insertion rate per base |	0.01%
                       Insertion average length |	1.51
                             MULTI-MAPPING READS:
        Number of reads mapped to multiple loci |	952668
             % of reads mapped to multiple loci |	4.24%
        Number of reads mapped to too many loci |	3616
             % of reads mapped to too many loci |	0.02%
                                  UNMAPPED READS:
       % of reads unmapped: too many mismatches |	6.22%
                 % of reads unmapped: too short |	2.32%
                     % of reads unmapped: other |	0.29%
                                  CHIMERIC READS:
                       Number of chimeric reads |	63483
                            % of chimeric reads |	0.28%
