                                 Started job on |	Dec 22 16:25:27
                             Started mapping on |	Dec 22 16:28:29
                                    Finished on |	Dec 22 16:42:37
       Mapping speed, Million of reads per hour |	123.02

                          Number of input reads |	28978046
                      Average input read length |	150
                                    UNIQUE READS:
                   Uniquely mapped reads number |	24084138
                        Uniquely mapped reads % |	83.11%
                          Average mapped length |	149.99
                       Number of splices: Total |	13113594
            Number of splices: Annotated (sjdb) |	13001039
                       Number of splices: GT/AG |	12988606
                       Number of splices: GC/AG |	91216
                       Number of splices: AT/AC |	11543
               Number of splices: Non-canonical |	22229
                      Mismatch rate per base, % |	0.29%
                         Deletion rate per base |	0.01%
                        Deletion average length |	1.79
                        Insertion rate per base |	0.01%
                       Insertion average length |	1.33
                             MULTI-MAPPING READS:
        Number of reads mapped to multiple loci |	2082569
             % of reads mapped to multiple loci |	7.19%
        Number of reads mapped to too many loci |	3448
             % of reads mapped to too many loci |	0.01%
                                  UNMAPPED READS:
       % of reads unmapped: too many mismatches |	6.56%
                 % of reads unmapped: too short |	2.76%
                     % of reads unmapped: other |	0.37%
                                  CHIMERIC READS:
                       Number of chimeric reads |	74632
                            % of chimeric reads |	0.26%
