                                 Started job on |	Dec 22 16:19:16
                             Started mapping on |	Dec 22 16:22:44
                                    Finished on |	Dec 22 16:36:20
       Mapping speed, Million of reads per hour |	132.73

                          Number of input reads |	30084814
                      Average input read length |	150
                                    UNIQUE READS:
                   Uniquely mapped reads number |	26352233
                        Uniquely mapped reads % |	87.59%
                          Average mapped length |	149.99
                       Number of splices: Total |	13426667
            Number of splices: Annotated (sjdb) |	13312889
                       Number of splices: GT/AG |	13299148
                       Number of splices: GC/AG |	99307
                       Number of splices: AT/AC |	12517
               Number of splices: Non-canonical |	15695
                      Mismatch rate per base, % |	0.30%
                         Deletion rate per base |	0.01%
                        Deletion average length |	1.56
                        Insertion rate per base |	0.01%
                       Insertion average length |	1.32
                             MULTI-MAPPING READS:
        Number of reads mapped to multiple loci |	1258542
             % of reads mapped to multiple loci |	4.18%
        Number of reads mapped to too many loci |	5451
             % of reads mapped to too many loci |	0.02%
                                  UNMAPPED READS:
       % of reads unmapped: too many mismatches |	5.70%
                 % of reads unmapped: too short |	2.28%
                     % of reads unmapped: other |	0.23%
                                  CHIMERIC READS:
                       Number of chimeric reads |	86359
                            % of chimeric reads |	0.29%
