                                 Started job on |	Dec 22 16:16:30
                             Started mapping on |	Dec 22 16:19:07
                                    Finished on |	Dec 22 16:28:30
       Mapping speed, Million of reads per hour |	119.21

                          Number of input reads |	18642355
                      Average input read length |	150
                                    UNIQUE READS:
                   Uniquely mapped reads number |	15264599
                        Uniquely mapped reads % |	81.88%
                          Average mapped length |	149.98
                       Number of splices: Total |	7012262
            Number of splices: Annotated (sjdb) |	6943758
                       Number of splices: GT/AG |	6945038
                       Number of splices: GC/AG |	49609
                       Number of splices: AT/AC |	5292
               Number of splices: Non-canonical |	12323
                      Mismatch rate per base, % |	0.36%
                         Deletion rate per base |	0.01%
                        Deletion average length |	1.67
                        Insertion rate per base |	0.01%
                       Insertion average length |	1.36
                             MULTI-MAPPING READS:
        Number of reads mapped to multiple loci |	1161712
             % of reads mapped to multiple loci |	6.23%
        Number of reads mapped to too many loci |	4978
             % of reads mapped to too many loci |	0.03%
                                  UNMAPPED READS:
       % of reads unmapped: too many mismatches |	8.19%
                 % of reads unmapped: too short |	3.36%
                     % of reads unmapped: other |	0.31%
                                  CHIMERIC READS:
                       Number of chimeric reads |	62023
                            % of chimeric reads |	0.33%
