                                 Started job on |	Dec 22 16:45:19
                             Started mapping on |	Dec 22 16:48:47
                                    Finished on |	Dec 22 17:03:09
       Mapping speed, Million of reads per hour |	138.03

                          Number of input reads |	33049561
                      Average input read length |	150
                                    UNIQUE READS:
                   Uniquely mapped reads number |	28305985
                        Uniquely mapped reads % |	85.65%
                          Average mapped length |	149.99
                       Number of splices: Total |	15117440
            Number of splices: Annotated (sjdb) |	15013820
                       Number of splices: GT/AG |	14973655
                       Number of splices: GC/AG |	105695
                       Number of splices: AT/AC |	11772
               Number of splices: Non-canonical |	26318
                      Mismatch rate per base, % |	0.26%
                         Deletion rate per base |	0.01%
                        Deletion average length |	1.52
                        Insertion rate per base |	0.01%
                       Insertion average length |	1.40
                             MULTI-MAPPING READS:
        Number of reads mapped to multiple loci |	1659846
             % of reads mapped to multiple loci |	5.02%
        Number of reads mapped to too many loci |	5066
             % of reads mapped to too many loci |	0.02%
                                  UNMAPPED READS:
       % of reads unmapped: too many mismatches |	6.32%
                 % of reads unmapped: too short |	2.68%
                     % of reads unmapped: other |	0.32%
                                  CHIMERIC READS:
                       Number of chimeric reads |	111426
                            % of chimeric reads |	0.34%
