                                 Started job on |	Dec 22 16:43:59
                             Started mapping on |	Dec 22 16:47:10
                                    Finished on |	Dec 22 17:05:51
       Mapping speed, Million of reads per hour |	108.55

                          Number of input reads |	33800613
                      Average input read length |	150
                                    UNIQUE READS:
                   Uniquely mapped reads number |	27970195
                        Uniquely mapped reads % |	82.75%
                          Average mapped length |	149.99
                       Number of splices: Total |	13737825
            Number of splices: Annotated (sjdb) |	13626299
                       Number of splices: GT/AG |	13612831
                       Number of splices: GC/AG |	94619
                       Number of splices: AT/AC |	13571
               Number of splices: Non-canonical |	16804
                      Mismatch rate per base, % |	0.32%
                         Deletion rate per base |	0.01%
                        Deletion average length |	1.58
                        Insertion rate per base |	0.01%
                       Insertion average length |	1.39
                             MULTI-MAPPING READS:
        Number of reads mapped to multiple loci |	2329265
             % of reads mapped to multiple loci |	6.89%
        Number of reads mapped to too many loci |	4248
             % of reads mapped to too many loci |	0.01%
                                  UNMAPPED READS:
       % of reads unmapped: too many mismatches |	7.15%
                 % of reads unmapped: too short |	3.06%
                     % of reads unmapped: other |	0.14%
                                  CHIMERIC READS:
                       Number of chimeric reads |	137637
                            % of chimeric reads |	0.41%
