                                 Started job on |	Dec 22 16:45:25
                             Started mapping on |	Dec 22 16:49:38
                                    Finished on |	Dec 22 17:01:30
       Mapping speed, Million of reads per hour |	123.16

                          Number of input reads |	24357956
                      Average input read length |	150
                                    UNIQUE READS:
                   Uniquely mapped reads number |	20792099
                        Uniquely mapped reads % |	85.36%
                          Average mapped length |	149.99
                       Number of splices: Total |	11143385
            Number of splices: Annotated (sjdb) |	11049525
                       Number of splices: GT/AG |	11039640
                       Number of splices: GC/AG |	79036
                       Number of splices: AT/AC |	8706
               Number of splices: Non-canonical |	16003
                      Mismatch rate per base, % |	0.32%
                         Deletion rate per base |	0.01%
                        Deletion average length |	1.58
                        Insertion rate per base |	0.01%
                       Insertion average length |	1.35
                             MULTI-MAPPING READS:
        Number of reads mapped to multiple loci |	1207425
             % of reads mapped to multiple loci |	4.96%
        Number of reads mapped to too many loci |	3199
             % of reads mapped to too many loci |	0.01%
                                  UNMAPPED READS:
       % of reads unmapped: too many mismatches |	6.76%
                 % of reads unmapped: too short |	2.46%
                     % of reads unmapped: other |	0.45%
                                  CHIMERIC READS:
                       Number of chimeric reads |	67387
                            % of chimeric reads |	0.28%
