                                 Started job on |	Dec 22 16:42:55
                             Started mapping on |	Dec 22 16:46:06
                                    Finished on |	Dec 22 17:00:22
       Mapping speed, Million of reads per hour |	124.62

                          Number of input reads |	29631869
                      Average input read length |	150
                                    UNIQUE READS:
                   Uniquely mapped reads number |	25726184
                        Uniquely mapped reads % |	86.82%
                          Average mapped length |	149.99
                       Number of splices: Total |	14021864
            Number of splices: Annotated (sjdb) |	13889712
                       Number of splices: GT/AG |	13895473
                       Number of splices: GC/AG |	93415
                       Number of splices: AT/AC |	11265
               Number of splices: Non-canonical |	21711
                      Mismatch rate per base, % |	0.38%
                         Deletion rate per base |	0.01%
                        Deletion average length |	1.60
                        Insertion rate per base |	0.00%
                       Insertion average length |	1.61
                             MULTI-MAPPING READS:
        Number of reads mapped to multiple loci |	1457687
             % of reads mapped to multiple loci |	4.92%
        Number of reads mapped to too many loci |	3176
             % of reads mapped to too many loci |	0.01%
                                  UNMAPPED READS:
       % of reads unmapped: too many mismatches |	6.52%
                 % of reads unmapped: too short |	1.56%
                     % of reads unmapped: other |	0.17%
                                  CHIMERIC READS:
                       Number of chimeric reads |	43520
                            % of chimeric reads |	0.15%
