                                 Started job on |	Dec 22 16:03:54
                             Started mapping on |	Dec 22 16:08:55
                                    Finished on |	Dec 22 16:21:55
       Mapping speed, Million of reads per hour |	118.55

                          Number of input reads |	25685970
                      Average input read length |	150
                                    UNIQUE READS:
                   Uniquely mapped reads number |	22027997
                        Uniquely mapped reads % |	85.76%
                          Average mapped length |	149.99
                       Number of splices: Total |	10569521
            Number of splices: Annotated (sjdb) |	10471677
                       Number of splices: GT/AG |	10473655
                       Number of splices: GC/AG |	70337
                       Number of splices: AT/AC |	8222
               Number of splices: Non-canonical |	17307
                      Mismatch rate per base, % |	0.41%
                         Deletion rate per base |	0.01%
                        Deletion average length |	1.65
                        Insertion rate per base |	0.00%
                       Insertion average length |	1.60
                             MULTI-MAPPING READS:
        Number of reads mapped to multiple loci |	1236163
             % of reads mapped to multiple loci |	4.81%
        Number of reads mapped to too many loci |	4226
             % of reads mapped to too many loci |	0.02%
                                  UNMAPPED READS:
       % of reads unmapped: too many mismatches |	7.46%
                 % of reads unmapped: too short |	1.68%
                     % of reads unmapped: other |	0.27%
                                  CHIMERIC READS:
                       Number of chimeric reads |	39588
                            % of chimeric reads |	0.15%
