                                 Started job on |	Dec 22 17:28:27
                             Started mapping on |	Dec 22 17:32:41
                                    Finished on |	Dec 22 17:48:44
       Mapping speed, Million of reads per hour |	131.80

                          Number of input reads |	35255435
                      Average input read length |	150
                                    UNIQUE READS:
                   Uniquely mapped reads number |	30658746
                        Uniquely mapped reads % |	86.96%
                          Average mapped length |	149.99
                       Number of splices: Total |	16822844
            Number of splices: Annotated (sjdb) |	16708500
                       Number of splices: GT/AG |	16664802
                       Number of splices: GC/AG |	122691
                       Number of splices: AT/AC |	14717
               Number of splices: Non-canonical |	20634
                      Mismatch rate per base, % |	0.32%
                         Deletion rate per base |	0.01%
                        Deletion average length |	1.53
                        Insertion rate per base |	0.01%
                       Insertion average length |	1.30
                             MULTI-MAPPING READS:
        Number of reads mapped to multiple loci |	1648898
             % of reads mapped to multiple loci |	4.68%
        Number of reads mapped to too many loci |	4235
             % of reads mapped to too many loci |	0.01%
                                  UNMAPPED READS:
       % of reads unmapped: too many mismatches |	5.90%
                 % of reads unmapped: too short |	2.27%
                     % of reads unmapped: other |	0.18%
                                  CHIMERIC READS:
                       Number of chimeric reads |	101096
                            % of chimeric reads |	0.29%
