                                 Started job on |	Dec 22 16:04:09
                             Started mapping on |	Dec 22 16:10:01
                                    Finished on |	Dec 22 16:22:25
       Mapping speed, Million of reads per hour |	139.18

                          Number of input reads |	28763193
                      Average input read length |	150
                                    UNIQUE READS:
                   Uniquely mapped reads number |	25408792
                        Uniquely mapped reads % |	88.34%
                          Average mapped length |	149.99
                       Number of splices: Total |	13404934
            Number of splices: Annotated (sjdb) |	13287402
                       Number of splices: GT/AG |	13278995
                       Number of splices: GC/AG |	94521
                       Number of splices: AT/AC |	11592
               Number of splices: Non-canonical |	19826
                      Mismatch rate per base, % |	0.28%
                         Deletion rate per base |	0.01%
                        Deletion average length |	1.88
                        Insertion rate per base |	0.00%
                       Insertion average length |	1.51
                             MULTI-MAPPING READS:
        Number of reads mapped to multiple loci |	1435065
             % of reads mapped to multiple loci |	4.99%
        Number of reads mapped to too many loci |	5152
             % of reads mapped to too many loci |	0.02%
                                  UNMAPPED READS:
       % of reads unmapped: too many mismatches |	4.95%
                 % of reads unmapped: too short |	1.50%
                     % of reads unmapped: other |	0.20%
                                  CHIMERIC READS:
                       Number of chimeric reads |	44461
                            % of chimeric reads |	0.15%
