                                 Started job on |	Dec 22 16:45:46
                             Started mapping on |	Dec 22 16:49:19
                                    Finished on |	Dec 22 16:59:45
       Mapping speed, Million of reads per hour |	128.38

                          Number of input reads |	22323866
                      Average input read length |	150
                                    UNIQUE READS:
                   Uniquely mapped reads number |	18479309
                        Uniquely mapped reads % |	82.78%
                          Average mapped length |	149.99
                       Number of splices: Total |	8368803
            Number of splices: Annotated (sjdb) |	8295239
                       Number of splices: GT/AG |	8294919
                       Number of splices: GC/AG |	57039
                       Number of splices: AT/AC |	7596
               Number of splices: Non-canonical |	9249
                      Mismatch rate per base, % |	0.38%
                         Deletion rate per base |	0.01%
                        Deletion average length |	1.73
                        Insertion rate per base |	0.01%
                       Insertion average length |	1.43
                             MULTI-MAPPING READS:
        Number of reads mapped to multiple loci |	1477271
             % of reads mapped to multiple loci |	6.62%
        Number of reads mapped to too many loci |	4011
             % of reads mapped to too many loci |	0.02%
                                  UNMAPPED READS:
       % of reads unmapped: too many mismatches |	7.72%
                 % of reads unmapped: too short |	2.63%
                     % of reads unmapped: other |	0.24%
                                  CHIMERIC READS:
                       Number of chimeric reads |	78931
                            % of chimeric reads |	0.35%
