                                 Started job on |	Dec 22 17:02:33
                             Started mapping on |	Dec 22 17:06:47
                                    Finished on |	Dec 22 17:31:33
       Mapping speed, Million of reads per hour |	118.89

                          Number of input reads |	49075551
                      Average input read length |	150
                                    UNIQUE READS:
                   Uniquely mapped reads number |	42630317
                        Uniquely mapped reads % |	86.87%
                          Average mapped length |	149.99
                       Number of splices: Total |	23076967
            Number of splices: Annotated (sjdb) |	22880176
                       Number of splices: GT/AG |	22848766
                       Number of splices: GC/AG |	169981
                       Number of splices: AT/AC |	21145
               Number of splices: Non-canonical |	37075
                      Mismatch rate per base, % |	0.32%
                         Deletion rate per base |	0.01%
                        Deletion average length |	1.63
                        Insertion rate per base |	0.01%
                       Insertion average length |	1.33
                             MULTI-MAPPING READS:
        Number of reads mapped to multiple loci |	2051892
             % of reads mapped to multiple loci |	4.18%
        Number of reads mapped to too many loci |	5943
             % of reads mapped to too many loci |	0.01%
                                  UNMAPPED READS:
       % of reads unmapped: too many mismatches |	5.93%
                 % of reads unmapped: too short |	2.61%
                     % of reads unmapped: other |	0.40%
                                  CHIMERIC READS:
                       Number of chimeric reads |	165804
                            % of chimeric reads |	0.34%
