                                 Started job on |	Dec 22 16:33:31
                             Started mapping on |	Dec 22 16:36:52
                                    Finished on |	Dec 22 16:53:53
       Mapping speed, Million of reads per hour |	105.31

                          Number of input reads |	29867328
                      Average input read length |	150
                                    UNIQUE READS:
                   Uniquely mapped reads number |	25375976
                        Uniquely mapped reads % |	84.96%
                          Average mapped length |	149.99
                       Number of splices: Total |	14168540
            Number of splices: Annotated (sjdb) |	14061650
                       Number of splices: GT/AG |	14031573
                       Number of splices: GC/AG |	103108
                       Number of splices: AT/AC |	12030
               Number of splices: Non-canonical |	21829
                      Mismatch rate per base, % |	0.37%
                         Deletion rate per base |	0.01%
                        Deletion average length |	1.63
                        Insertion rate per base |	0.01%
                       Insertion average length |	1.45
                             MULTI-MAPPING READS:
        Number of reads mapped to multiple loci |	1325956
             % of reads mapped to multiple loci |	4.44%
        Number of reads mapped to too many loci |	4079
             % of reads mapped to too many loci |	0.01%
                                  UNMAPPED READS:
       % of reads unmapped: too many mismatches |	7.71%
                 % of reads unmapped: too short |	2.42%
                     % of reads unmapped: other |	0.46%
                                  CHIMERIC READS:
                       Number of chimeric reads |	71066
                            % of chimeric reads |	0.24%
