                                 Started job on |	Dec 22 16:45:23
                             Started mapping on |	Dec 22 16:49:08
                                    Finished on |	Dec 22 17:06:34
       Mapping speed, Million of reads per hour |	116.33

                          Number of input reads |	33799405
                      Average input read length |	150
                                    UNIQUE READS:
                   Uniquely mapped reads number |	27564670
                        Uniquely mapped reads % |	81.55%
                          Average mapped length |	149.99
                       Number of splices: Total |	13820984
            Number of splices: Annotated (sjdb) |	13646556
                       Number of splices: GT/AG |	13677277
                       Number of splices: GC/AG |	98768
                       Number of splices: AT/AC |	13064
               Number of splices: Non-canonical |	31875
                      Mismatch rate per base, % |	0.36%
                         Deletion rate per base |	0.01%
                        Deletion average length |	1.62
                        Insertion rate per base |	0.01%
                       Insertion average length |	1.32
                             MULTI-MAPPING READS:
        Number of reads mapped to multiple loci |	2054474
             % of reads mapped to multiple loci |	6.08%
        Number of reads mapped to too many loci |	4681
             % of reads mapped to too many loci |	0.01%
                                  UNMAPPED READS:
       % of reads unmapped: too many mismatches |	8.71%
                 % of reads unmapped: too short |	3.24%
                     % of reads unmapped: other |	0.41%
                                  CHIMERIC READS:
                       Number of chimeric reads |	96799
                            % of chimeric reads |	0.29%
