                                 Started job on |	Dec 22 17:28:36
                             Started mapping on |	Dec 22 17:31:45
                                    Finished on |	Dec 22 17:48:04
       Mapping speed, Million of reads per hour |	111.29

                          Number of input reads |	30263338
                      Average input read length |	150
                                    UNIQUE READS:
                   Uniquely mapped reads number |	24327256
                        Uniquely mapped reads % |	80.39%
                          Average mapped length |	149.99
                       Number of splices: Total |	12967750
            Number of splices: Annotated (sjdb) |	12874372
                       Number of splices: GT/AG |	12845911
                       Number of splices: GC/AG |	89477
                       Number of splices: AT/AC |	11676
               Number of splices: Non-canonical |	20686
                      Mismatch rate per base, % |	0.43%
                         Deletion rate per base |	0.01%
                        Deletion average length |	1.58
                        Insertion rate per base |	0.01%
                       Insertion average length |	1.44
                             MULTI-MAPPING READS:
        Number of reads mapped to multiple loci |	2385727
             % of reads mapped to multiple loci |	7.88%
        Number of reads mapped to too many loci |	3938
             % of reads mapped to too many loci |	0.01%
                                  UNMAPPED READS:
       % of reads unmapped: too many mismatches |	8.78%
                 % of reads unmapped: too short |	2.70%
                     % of reads unmapped: other |	0.24%
                                  CHIMERIC READS:
                       Number of chimeric reads |	127002
                            % of chimeric reads |	0.42%
