                                 Started job on |	Dec 22 16:04:08
                             Started mapping on |	Dec 22 16:08:13
                                    Finished on |	Dec 22 16:20:27
       Mapping speed, Million of reads per hour |	126.74

                          Number of input reads |	25841778
                      Average input read length |	150
                                    UNIQUE READS:
                   Uniquely mapped reads number |	22370311
                        Uniquely mapped reads % |	86.57%
                          Average mapped length |	149.99
                       Number of splices: Total |	11942574
            Number of splices: Annotated (sjdb) |	11842220
                       Number of splices: GT/AG |	11836223
                       Number of splices: GC/AG |	81484
                       Number of splices: AT/AC |	10222
               Number of splices: Non-canonical |	14645
                      Mismatch rate per base, % |	0.29%
                         Deletion rate per base |	0.01%
                        Deletion average length |	1.68
                        Insertion rate per base |	0.01%
                       Insertion average length |	1.53
                             MULTI-MAPPING READS:
        Number of reads mapped to multiple loci |	1309834
             % of reads mapped to multiple loci |	5.07%
        Number of reads mapped to too many loci |	3660
             % of reads mapped to too many loci |	0.01%
                                  UNMAPPED READS:
       % of reads unmapped: too many mismatches |	5.74%
                 % of reads unmapped: too short |	2.26%
                     % of reads unmapped: other |	0.35%
                                  CHIMERIC READS:
                       Number of chimeric reads |	73026
                            % of chimeric reads |	0.28%
