                                 Started job on |	Dec 22 17:16:27
                             Started mapping on |	Dec 22 17:20:28
                                    Finished on |	Dec 22 17:33:32
       Mapping speed, Million of reads per hour |	99.01

                          Number of input reads |	21561246
                      Average input read length |	150
                                    UNIQUE READS:
                   Uniquely mapped reads number |	17149428
                        Uniquely mapped reads % |	79.54%
                          Average mapped length |	149.99
                       Number of splices: Total |	8364260
            Number of splices: Annotated (sjdb) |	8287764
                       Number of splices: GT/AG |	8291305
                       Number of splices: GC/AG |	56466
                       Number of splices: AT/AC |	6589
               Number of splices: Non-canonical |	9900
                      Mismatch rate per base, % |	0.42%
                         Deletion rate per base |	0.01%
                        Deletion average length |	1.68
                        Insertion rate per base |	0.01%
                       Insertion average length |	1.41
                             MULTI-MAPPING READS:
        Number of reads mapped to multiple loci |	1565724
             % of reads mapped to multiple loci |	7.26%
        Number of reads mapped to too many loci |	3970
             % of reads mapped to too many loci |	0.02%
                                  UNMAPPED READS:
       % of reads unmapped: too many mismatches |	9.92%
                 % of reads unmapped: too short |	3.03%
                     % of reads unmapped: other |	0.24%
                                  CHIMERIC READS:
                       Number of chimeric reads |	59249
                            % of chimeric reads |	0.27%
