                                 Started job on |	Dec 22 16:04:05
                             Started mapping on |	Dec 22 16:09:50
                                    Finished on |	Dec 22 16:24:36
       Mapping speed, Million of reads per hour |	116.67

                          Number of input reads |	28713348
                      Average input read length |	150
                                    UNIQUE READS:
                   Uniquely mapped reads number |	19453671
                        Uniquely mapped reads % |	67.75%
                          Average mapped length |	149.99
                       Number of splices: Total |	8867272
            Number of splices: Annotated (sjdb) |	8775581
                       Number of splices: GT/AG |	8786305
                       Number of splices: GC/AG |	62965
                       Number of splices: AT/AC |	8071
               Number of splices: Non-canonical |	9931
                      Mismatch rate per base, % |	0.33%
                         Deletion rate per base |	0.01%
                        Deletion average length |	1.55
                        Insertion rate per base |	0.01%
                       Insertion average length |	1.40
                             MULTI-MAPPING READS:
        Number of reads mapped to multiple loci |	6649449
             % of reads mapped to multiple loci |	23.16%
        Number of reads mapped to too many loci |	4465
             % of reads mapped to too many loci |	0.02%
                                  UNMAPPED READS:
       % of reads unmapped: too many mismatches |	6.64%
                 % of reads unmapped: too short |	2.26%
                     % of reads unmapped: other |	0.18%
                                  CHIMERIC READS:
                       Number of chimeric reads |	104581
                            % of chimeric reads |	0.36%
