                                 Started job on |	Dec 22 17:02:52
                             Started mapping on |	Dec 22 17:06:18
                                    Finished on |	Dec 22 17:19:39
       Mapping speed, Million of reads per hour |	118.88

                          Number of input reads |	26449911
                      Average input read length |	150
                                    UNIQUE READS:
                   Uniquely mapped reads number |	21215915
                        Uniquely mapped reads % |	80.21%
                          Average mapped length |	149.99
                       Number of splices: Total |	10777191
            Number of splices: Annotated (sjdb) |	10685600
                       Number of splices: GT/AG |	10675795
                       Number of splices: GC/AG |	76164
                       Number of splices: AT/AC |	9987
               Number of splices: Non-canonical |	15245
                      Mismatch rate per base, % |	0.42%
                         Deletion rate per base |	0.01%
                        Deletion average length |	1.71
                        Insertion rate per base |	0.01%
                       Insertion average length |	1.42
                             MULTI-MAPPING READS:
        Number of reads mapped to multiple loci |	1741194
             % of reads mapped to multiple loci |	6.58%
        Number of reads mapped to too many loci |	4205
             % of reads mapped to too many loci |	0.02%
                                  UNMAPPED READS:
       % of reads unmapped: too many mismatches |	9.82%
                 % of reads unmapped: too short |	3.23%
                     % of reads unmapped: other |	0.15%
                                  CHIMERIC READS:
                       Number of chimeric reads |	130955
                            % of chimeric reads |	0.50%
