                                 Started job on |	Dec 22 16:43:36
                             Started mapping on |	Dec 22 16:46:04
                                    Finished on |	Dec 22 16:56:24
       Mapping speed, Million of reads per hour |	121.29

                          Number of input reads |	20888737
                      Average input read length |	150
                                    UNIQUE READS:
                   Uniquely mapped reads number |	17835451
                        Uniquely mapped reads % |	85.38%
                          Average mapped length |	149.99
                       Number of splices: Total |	9208616
            Number of splices: Annotated (sjdb) |	9136050
                       Number of splices: GT/AG |	9120023
                       Number of splices: GC/AG |	66313
                       Number of splices: AT/AC |	7173
               Number of splices: Non-canonical |	15107
                      Mismatch rate per base, % |	0.32%
                         Deletion rate per base |	0.01%
                        Deletion average length |	1.52
                        Insertion rate per base |	0.01%
                       Insertion average length |	1.30
                             MULTI-MAPPING READS:
        Number of reads mapped to multiple loci |	1123232
             % of reads mapped to multiple loci |	5.38%
        Number of reads mapped to too many loci |	3121
             % of reads mapped to too many loci |	0.01%
                                  UNMAPPED READS:
       % of reads unmapped: too many mismatches |	6.26%
                 % of reads unmapped: too short |	2.34%
                     % of reads unmapped: other |	0.63%
                                  CHIMERIC READS:
                       Number of chimeric reads |	42200
                            % of chimeric reads |	0.20%
