                                 Started job on |	Dec 22 17:28:35
                             Started mapping on |	Dec 22 17:31:57
                                    Finished on |	Dec 22 17:50:20
       Mapping speed, Million of reads per hour |	129.07

                          Number of input reads |	39547108
                      Average input read length |	150
                                    UNIQUE READS:
                   Uniquely mapped reads number |	33686235
                        Uniquely mapped reads % |	85.18%
                          Average mapped length |	149.99
                       Number of splices: Total |	19708152
            Number of splices: Annotated (sjdb) |	19564276
                       Number of splices: GT/AG |	19529512
                       Number of splices: GC/AG |	136828
                       Number of splices: AT/AC |	16390
               Number of splices: Non-canonical |	25422
                      Mismatch rate per base, % |	0.27%
                         Deletion rate per base |	0.01%
                        Deletion average length |	1.64
                        Insertion rate per base |	0.01%
                       Insertion average length |	1.33
                             MULTI-MAPPING READS:
        Number of reads mapped to multiple loci |	2177771
             % of reads mapped to multiple loci |	5.51%
        Number of reads mapped to too many loci |	4683
             % of reads mapped to too many loci |	0.01%
                                  UNMAPPED READS:
       % of reads unmapped: too many mismatches |	6.46%
                 % of reads unmapped: too short |	2.55%
                     % of reads unmapped: other |	0.29%
                                  CHIMERIC READS:
                       Number of chimeric reads |	119240
                            % of chimeric reads |	0.30%
