                                 Started job on |	Dec 22 16:29:12
                             Started mapping on |	Dec 22 16:31:51
                                    Finished on |	Dec 22 16:46:47
       Mapping speed, Million of reads per hour |	131.65

                          Number of input reads |	32767218
                      Average input read length |	150
                                    UNIQUE READS:
                   Uniquely mapped reads number |	27217629
                        Uniquely mapped reads % |	83.06%
                          Average mapped length |	149.99
                       Number of splices: Total |	13576057
            Number of splices: Annotated (sjdb) |	13469116
                       Number of splices: GT/AG |	13450494
                       Number of splices: GC/AG |	94774
                       Number of splices: AT/AC |	11672
               Number of splices: Non-canonical |	19117
                      Mismatch rate per base, % |	0.31%
                         Deletion rate per base |	0.01%
                        Deletion average length |	1.64
                        Insertion rate per base |	0.01%
                       Insertion average length |	1.45
                             MULTI-MAPPING READS:
        Number of reads mapped to multiple loci |	2350794
             % of reads mapped to multiple loci |	7.17%
        Number of reads mapped to too many loci |	5077
             % of reads mapped to too many loci |	0.02%
                                  UNMAPPED READS:
       % of reads unmapped: too many mismatches |	7.23%
                 % of reads unmapped: too short |	2.35%
                     % of reads unmapped: other |	0.17%
                                  CHIMERIC READS:
                       Number of chimeric reads |	148311
                            % of chimeric reads |	0.45%
