                                 Started job on |	Dec 22 17:16:32
                             Started mapping on |	Dec 22 17:20:15
                                    Finished on |	Dec 22 17:36:22
       Mapping speed, Million of reads per hour |	120.40

                          Number of input reads |	32340052
                      Average input read length |	150
                                    UNIQUE READS:
                   Uniquely mapped reads number |	27711049
                        Uniquely mapped reads % |	85.69%
                          Average mapped length |	149.99
                       Number of splices: Total |	15331108
            Number of splices: Annotated (sjdb) |	15219875
                       Number of splices: GT/AG |	15185121
                       Number of splices: GC/AG |	112522
                       Number of splices: AT/AC |	13524
               Number of splices: Non-canonical |	19941
                      Mismatch rate per base, % |	0.29%
                         Deletion rate per base |	0.01%
                        Deletion average length |	1.55
                        Insertion rate per base |	0.01%
                       Insertion average length |	1.31
                             MULTI-MAPPING READS:
        Number of reads mapped to multiple loci |	1554951
             % of reads mapped to multiple loci |	4.81%
        Number of reads mapped to too many loci |	4129
             % of reads mapped to too many loci |	0.01%
                                  UNMAPPED READS:
       % of reads unmapped: too many mismatches |	6.29%
                 % of reads unmapped: too short |	2.58%
                     % of reads unmapped: other |	0.63%
                                  CHIMERIC READS:
                       Number of chimeric reads |	68683
                            % of chimeric reads |	0.21%
