                                 Started job on |	Dec 22 17:03:51
                             Started mapping on |	Dec 22 17:07:26
                                    Finished on |	Dec 22 17:52:56
       Mapping speed, Million of reads per hour |	109.87

                          Number of input reads |	83321601
                      Average input read length |	150
                                    UNIQUE READS:
                   Uniquely mapped reads number |	69039373
                        Uniquely mapped reads % |	82.86%
                          Average mapped length |	149.99
                       Number of splices: Total |	35781095
            Number of splices: Annotated (sjdb) |	35500716
                       Number of splices: GT/AG |	35452071
                       Number of splices: GC/AG |	242662
                       Number of splices: AT/AC |	31749
               Number of splices: Non-canonical |	54613
                      Mismatch rate per base, % |	0.44%
                         Deletion rate per base |	0.01%
                        Deletion average length |	1.69
                        Insertion rate per base |	0.01%
                       Insertion average length |	1.34
                             MULTI-MAPPING READS:
        Number of reads mapped to multiple loci |	3961990
             % of reads mapped to multiple loci |	4.76%
        Number of reads mapped to too many loci |	12672
             % of reads mapped to too many loci |	0.02%
                                  UNMAPPED READS:
       % of reads unmapped: too many mismatches |	9.07%
                 % of reads unmapped: too short |	2.94%
                     % of reads unmapped: other |	0.36%
                                  CHIMERIC READS:
                       Number of chimeric reads |	255936
                            % of chimeric reads |	0.31%
