                                 Started job on |	Dec 22 17:16:24
                             Started mapping on |	Dec 22 17:20:13
                                    Finished on |	Dec 22 17:35:00
       Mapping speed, Million of reads per hour |	114.83

                          Number of input reads |	28292551
                      Average input read length |	150
                                    UNIQUE READS:
                   Uniquely mapped reads number |	23752826
                        Uniquely mapped reads % |	83.95%
                          Average mapped length |	149.99
                       Number of splices: Total |	12777311
            Number of splices: Annotated (sjdb) |	12640106
                       Number of splices: GT/AG |	12662325
                       Number of splices: GC/AG |	86157
                       Number of splices: AT/AC |	11783
               Number of splices: Non-canonical |	17046
                      Mismatch rate per base, % |	0.37%
                         Deletion rate per base |	0.01%
                        Deletion average length |	1.62
                        Insertion rate per base |	0.01%
                       Insertion average length |	1.32
                             MULTI-MAPPING READS:
        Number of reads mapped to multiple loci |	1230013
             % of reads mapped to multiple loci |	4.35%
        Number of reads mapped to too many loci |	3833
             % of reads mapped to too many loci |	0.01%
                                  UNMAPPED READS:
       % of reads unmapped: too many mismatches |	8.87%
                 % of reads unmapped: too short |	2.64%
                     % of reads unmapped: other |	0.18%
                                  CHIMERIC READS:
                       Number of chimeric reads |	82460
                            % of chimeric reads |	0.29%
