                                 Started job on |	Dec 22 16:45:30
                             Started mapping on |	Dec 22 16:49:20
                                    Finished on |	Dec 22 17:00:30
       Mapping speed, Million of reads per hour |	126.77

                          Number of input reads |	23593321
                      Average input read length |	150
                                    UNIQUE READS:
                   Uniquely mapped reads number |	16347912
                        Uniquely mapped reads % |	69.29%
                          Average mapped length |	149.99
                       Number of splices: Total |	8321885
            Number of splices: Annotated (sjdb) |	8263397
                       Number of splices: GT/AG |	8250869
                       Number of splices: GC/AG |	55835
                       Number of splices: AT/AC |	7122
               Number of splices: Non-canonical |	8059
                      Mismatch rate per base, % |	0.27%
                         Deletion rate per base |	0.01%
                        Deletion average length |	1.52
                        Insertion rate per base |	0.00%
                       Insertion average length |	1.47
                             MULTI-MAPPING READS:
        Number of reads mapped to multiple loci |	5673882
             % of reads mapped to multiple loci |	24.05%
        Number of reads mapped to too many loci |	2728
             % of reads mapped to too many loci |	0.01%
                                  UNMAPPED READS:
       % of reads unmapped: too many mismatches |	4.91%
                 % of reads unmapped: too short |	1.55%
                     % of reads unmapped: other |	0.19%
                                  CHIMERIC READS:
                       Number of chimeric reads |	41049
                            % of chimeric reads |	0.17%
