                                 Started job on |	Dec 22 16:04:15
                             Started mapping on |	Dec 22 16:09:20
                                    Finished on |	Dec 22 16:17:23
       Mapping speed, Million of reads per hour |	110.02

                          Number of input reads |	14760621
                      Average input read length |	150
                                    UNIQUE READS:
                   Uniquely mapped reads number |	12230155
                        Uniquely mapped reads % |	82.86%
                          Average mapped length |	149.99
                       Number of splices: Total |	6330591
            Number of splices: Annotated (sjdb) |	6272818
                       Number of splices: GT/AG |	6267728
                       Number of splices: GC/AG |	45437
                       Number of splices: AT/AC |	4975
               Number of splices: Non-canonical |	12451
                      Mismatch rate per base, % |	0.37%
                         Deletion rate per base |	0.01%
                        Deletion average length |	1.52
                        Insertion rate per base |	0.01%
                       Insertion average length |	1.32
                             MULTI-MAPPING READS:
        Number of reads mapped to multiple loci |	783604
             % of reads mapped to multiple loci |	5.31%
        Number of reads mapped to too many loci |	1842
             % of reads mapped to too many loci |	0.01%
                                  UNMAPPED READS:
       % of reads unmapped: too many mismatches |	7.77%
                 % of reads unmapped: too short |	3.44%
                     % of reads unmapped: other |	0.61%
                                  CHIMERIC READS:
                       Number of chimeric reads |	29631
                            % of chimeric reads |	0.20%
