                                 Started job on |	Dec 22 17:16:23
                             Started mapping on |	Dec 22 17:19:57
                                    Finished on |	Dec 22 17:31:54
       Mapping speed, Million of reads per hour |	129.19

                          Number of input reads |	25730666
                      Average input read length |	150
                                    UNIQUE READS:
                   Uniquely mapped reads number |	21400628
                        Uniquely mapped reads % |	83.17%
                          Average mapped length |	149.99
                       Number of splices: Total |	12117515
            Number of splices: Annotated (sjdb) |	12031154
                       Number of splices: GT/AG |	12006471
                       Number of splices: GC/AG |	81248
                       Number of splices: AT/AC |	11492
               Number of splices: Non-canonical |	18304
                      Mismatch rate per base, % |	0.39%
                         Deletion rate per base |	0.01%
                        Deletion average length |	1.66
                        Insertion rate per base |	0.00%
                       Insertion average length |	1.53
                             MULTI-MAPPING READS:
        Number of reads mapped to multiple loci |	1473174
             % of reads mapped to multiple loci |	5.73%
        Number of reads mapped to too many loci |	3462
             % of reads mapped to too many loci |	0.01%
                                  UNMAPPED READS:
       % of reads unmapped: too many mismatches |	8.35%
                 % of reads unmapped: too short |	2.43%
                     % of reads unmapped: other |	0.31%
                                  CHIMERIC READS:
                       Number of chimeric reads |	72423
                            % of chimeric reads |	0.28%
