                                 Started job on |	Dec 22 17:28:24
                             Started mapping on |	Dec 22 17:32:26
                                    Finished on |	Dec 22 17:46:31
       Mapping speed, Million of reads per hour |	115.08

                          Number of input reads |	27011512
                      Average input read length |	150
                                    UNIQUE READS:
                   Uniquely mapped reads number |	23119676
                        Uniquely mapped reads % |	85.59%
                          Average mapped length |	149.99
                       Number of splices: Total |	12669609
            Number of splices: Annotated (sjdb) |	12571390
                       Number of splices: GT/AG |	12551320
                       Number of splices: GC/AG |	89224
                       Number of splices: AT/AC |	10507
               Number of splices: Non-canonical |	18558
                      Mismatch rate per base, % |	0.27%
                         Deletion rate per base |	0.01%
                        Deletion average length |	1.56
                        Insertion rate per base |	0.01%
                       Insertion average length |	1.31
                             MULTI-MAPPING READS:
        Number of reads mapped to multiple loci |	1188379
             % of reads mapped to multiple loci |	4.40%
        Number of reads mapped to too many loci |	4401
             % of reads mapped to too many loci |	0.02%
                                  UNMAPPED READS:
       % of reads unmapped: too many mismatches |	6.54%
                 % of reads unmapped: too short |	2.98%
                     % of reads unmapped: other |	0.47%
                                  CHIMERIC READS:
                       Number of chimeric reads |	101461
                            % of chimeric reads |	0.38%
