                                 Started job on |	Dec 22 16:45:33
                             Started mapping on |	Dec 22 16:56:02
                                    Finished on |	Dec 22 17:06:00
       Mapping speed, Million of reads per hour |	99.64

                          Number of input reads |	16551052
                      Average input read length |	150
                                    UNIQUE READS:
                   Uniquely mapped reads number |	14156921
                        Uniquely mapped reads % |	85.53%
                          Average mapped length |	149.98
                       Number of splices: Total |	7052763
            Number of splices: Annotated (sjdb) |	7005667
                       Number of splices: GT/AG |	6989057
                       Number of splices: GC/AG |	46080
                       Number of splices: AT/AC |	5258
               Number of splices: Non-canonical |	12368
                      Mismatch rate per base, % |	0.38%
                         Deletion rate per base |	0.01%
                        Deletion average length |	1.60
                        Insertion rate per base |	0.01%
                       Insertion average length |	1.32
                             MULTI-MAPPING READS:
        Number of reads mapped to multiple loci |	956084
             % of reads mapped to multiple loci |	5.78%
        Number of reads mapped to too many loci |	3042
             % of reads mapped to too many loci |	0.02%
                                  UNMAPPED READS:
       % of reads unmapped: too many mismatches |	6.28%
                 % of reads unmapped: too short |	2.14%
                     % of reads unmapped: other |	0.24%
                                  CHIMERIC READS:
                       Number of chimeric reads |	33429
                            % of chimeric reads |	0.20%
