                                 Started job on |	Dec 22 16:04:06
                             Started mapping on |	Dec 22 16:08:28
                                    Finished on |	Dec 22 16:17:50
       Mapping speed, Million of reads per hour |	128.47

                          Number of input reads |	20054899
                      Average input read length |	150
                                    UNIQUE READS:
                   Uniquely mapped reads number |	17508692
                        Uniquely mapped reads % |	87.30%
                          Average mapped length |	149.99
                       Number of splices: Total |	9523791
            Number of splices: Annotated (sjdb) |	9447258
                       Number of splices: GT/AG |	9435707
                       Number of splices: GC/AG |	65695
                       Number of splices: AT/AC |	8440
               Number of splices: Non-canonical |	13949
                      Mismatch rate per base, % |	0.27%
                         Deletion rate per base |	0.01%
                        Deletion average length |	1.76
                        Insertion rate per base |	0.00%
                       Insertion average length |	1.53
                             MULTI-MAPPING READS:
        Number of reads mapped to multiple loci |	964191
             % of reads mapped to multiple loci |	4.81%
        Number of reads mapped to too many loci |	3168
             % of reads mapped to too many loci |	0.02%
                                  UNMAPPED READS:
       % of reads unmapped: too many mismatches |	5.51%
                 % of reads unmapped: too short |	2.08%
                     % of reads unmapped: other |	0.28%
                                  CHIMERIC READS:
                       Number of chimeric reads |	49679
                            % of chimeric reads |	0.25%
