                                 Started job on |	Dec 22 16:36:07
                             Started mapping on |	Dec 22 16:39:29
                                    Finished on |	Dec 22 16:54:53
       Mapping speed, Million of reads per hour |	104.18

                          Number of input reads |	26739754
                      Average input read length |	150
                                    UNIQUE READS:
                   Uniquely mapped reads number |	22482639
                        Uniquely mapped reads % |	84.08%
                          Average mapped length |	149.99
                       Number of splices: Total |	11971471
            Number of splices: Annotated (sjdb) |	11864008
                       Number of splices: GT/AG |	11858312
                       Number of splices: GC/AG |	84880
                       Number of splices: AT/AC |	10596
               Number of splices: Non-canonical |	17683
                      Mismatch rate per base, % |	0.43%
                         Deletion rate per base |	0.01%
                        Deletion average length |	1.69
                        Insertion rate per base |	0.00%
                       Insertion average length |	1.42
                             MULTI-MAPPING READS:
        Number of reads mapped to multiple loci |	1191757
             % of reads mapped to multiple loci |	4.46%
        Number of reads mapped to too many loci |	3870
             % of reads mapped to too many loci |	0.01%
                                  UNMAPPED READS:
       % of reads unmapped: too many mismatches |	8.93%
                 % of reads unmapped: too short |	2.14%
                     % of reads unmapped: other |	0.38%
                                  CHIMERIC READS:
                       Number of chimeric reads |	43610
                            % of chimeric reads |	0.16%
