                                 Started job on |	Dec 22 16:45:35
                             Started mapping on |	Dec 22 17:07:27
                                    Finished on |	Dec 22 17:23:11
       Mapping speed, Million of reads per hour |	112.23

                          Number of input reads |	29429366
                      Average input read length |	150
                                    UNIQUE READS:
                   Uniquely mapped reads number |	25283767
                        Uniquely mapped reads % |	85.91%
                          Average mapped length |	149.99
                       Number of splices: Total |	14168800
            Number of splices: Annotated (sjdb) |	14081448
                       Number of splices: GT/AG |	14029239
                       Number of splices: GC/AG |	105006
                       Number of splices: AT/AC |	12749
               Number of splices: Non-canonical |	21806
                      Mismatch rate per base, % |	0.25%
                         Deletion rate per base |	0.01%
                        Deletion average length |	1.53
                        Insertion rate per base |	0.01%
                       Insertion average length |	1.35
                             MULTI-MAPPING READS:
        Number of reads mapped to multiple loci |	1390762
             % of reads mapped to multiple loci |	4.73%
        Number of reads mapped to too many loci |	2555
             % of reads mapped to too many loci |	0.01%
                                  UNMAPPED READS:
       % of reads unmapped: too many mismatches |	6.42%
                 % of reads unmapped: too short |	2.69%
                     % of reads unmapped: other |	0.24%
                                  CHIMERIC READS:
                       Number of chimeric reads |	96382
                            % of chimeric reads |	0.33%
