                                 Started job on |	Dec 22 16:04:00
                             Started mapping on |	Dec 22 16:08:23
                                    Finished on |	Dec 22 16:20:23
       Mapping speed, Million of reads per hour |	116.29

                          Number of input reads |	23258231
                      Average input read length |	150
                                    UNIQUE READS:
                   Uniquely mapped reads number |	19322106
                        Uniquely mapped reads % |	83.08%
                          Average mapped length |	149.99
                       Number of splices: Total |	9056602
            Number of splices: Annotated (sjdb) |	8968247
                       Number of splices: GT/AG |	8974163
                       Number of splices: GC/AG |	62579
                       Number of splices: AT/AC |	8578
               Number of splices: Non-canonical |	11282
                      Mismatch rate per base, % |	0.38%
                         Deletion rate per base |	0.01%
                        Deletion average length |	1.72
                        Insertion rate per base |	0.01%
                       Insertion average length |	1.40
                             MULTI-MAPPING READS:
        Number of reads mapped to multiple loci |	1461712
             % of reads mapped to multiple loci |	6.28%
        Number of reads mapped to too many loci |	5077
             % of reads mapped to too many loci |	0.02%
                                  UNMAPPED READS:
       % of reads unmapped: too many mismatches |	7.80%
                 % of reads unmapped: too short |	2.64%
                     % of reads unmapped: other |	0.18%
                                  CHIMERIC READS:
                       Number of chimeric reads |	103321
                            % of chimeric reads |	0.44%
