                                 Started job on |	Dec 22 17:16:21
                             Started mapping on |	Dec 22 17:19:51
                                    Finished on |	Dec 22 17:34:12
       Mapping speed, Million of reads per hour |	131.88

                          Number of input reads |	31540813
                      Average input read length |	150
                                    UNIQUE READS:
                   Uniquely mapped reads number |	26997151
                        Uniquely mapped reads % |	85.59%
                          Average mapped length |	149.99
                       Number of splices: Total |	16131285
            Number of splices: Annotated (sjdb) |	16010981
                       Number of splices: GT/AG |	15982571
                       Number of splices: GC/AG |	107204
                       Number of splices: AT/AC |	14160
               Number of splices: Non-canonical |	27350
                      Mismatch rate per base, % |	0.31%
                         Deletion rate per base |	0.01%
                        Deletion average length |	1.81
                        Insertion rate per base |	0.00%
                       Insertion average length |	1.51
                             MULTI-MAPPING READS:
        Number of reads mapped to multiple loci |	1637491
             % of reads mapped to multiple loci |	5.19%
        Number of reads mapped to too many loci |	3701
             % of reads mapped to too many loci |	0.01%
                                  UNMAPPED READS:
       % of reads unmapped: too many mismatches |	6.39%
                 % of reads unmapped: too short |	2.38%
                     % of reads unmapped: other |	0.42%
                                  CHIMERIC READS:
                       Number of chimeric reads |	76442
                            % of chimeric reads |	0.24%
