                                 Started job on |	Dec 22 17:02:28
                             Started mapping on |	Dec 22 17:07:33
                                    Finished on |	Dec 22 17:26:15
       Mapping speed, Million of reads per hour |	112.30

                          Number of input reads |	34999105
                      Average input read length |	150
                                    UNIQUE READS:
                   Uniquely mapped reads number |	26898746
                        Uniquely mapped reads % |	76.86%
                          Average mapped length |	149.99
                       Number of splices: Total |	13939647
            Number of splices: Annotated (sjdb) |	13849277
                       Number of splices: GT/AG |	13807684
                       Number of splices: GC/AG |	99506
                       Number of splices: AT/AC |	12392
               Number of splices: Non-canonical |	20065
                      Mismatch rate per base, % |	0.40%
                         Deletion rate per base |	0.01%
                        Deletion average length |	1.56
                        Insertion rate per base |	0.01%
                       Insertion average length |	1.32
                             MULTI-MAPPING READS:
        Number of reads mapped to multiple loci |	2749807
             % of reads mapped to multiple loci |	7.86%
        Number of reads mapped to too many loci |	4548
             % of reads mapped to too many loci |	0.01%
                                  UNMAPPED READS:
       % of reads unmapped: too many mismatches |	9.79%
                 % of reads unmapped: too short |	5.16%
                     % of reads unmapped: other |	0.32%
                                  CHIMERIC READS:
                       Number of chimeric reads |	116128
                            % of chimeric reads |	0.33%
