                                 Started job on |	Dec 22 16:25:57
                             Started mapping on |	Dec 22 16:28:48
                                    Finished on |	Dec 22 16:41:06
       Mapping speed, Million of reads per hour |	116.02

                          Number of input reads |	23784134
                      Average input read length |	150
                                    UNIQUE READS:
                   Uniquely mapped reads number |	19591632
                        Uniquely mapped reads % |	82.37%
                          Average mapped length |	149.99
                       Number of splices: Total |	10030287
            Number of splices: Annotated (sjdb) |	9935752
                       Number of splices: GT/AG |	9941015
                       Number of splices: GC/AG |	64391
                       Number of splices: AT/AC |	7345
               Number of splices: Non-canonical |	17536
                      Mismatch rate per base, % |	0.38%
                         Deletion rate per base |	0.01%
                        Deletion average length |	1.58
                        Insertion rate per base |	0.01%
                       Insertion average length |	1.46
                             MULTI-MAPPING READS:
        Number of reads mapped to multiple loci |	1608200
             % of reads mapped to multiple loci |	6.76%
        Number of reads mapped to too many loci |	2869
             % of reads mapped to too many loci |	0.01%
                                  UNMAPPED READS:
       % of reads unmapped: too many mismatches |	7.81%
                 % of reads unmapped: too short |	2.61%
                     % of reads unmapped: other |	0.43%
                                  CHIMERIC READS:
                       Number of chimeric reads |	56925
                            % of chimeric reads |	0.24%
