                                 Started job on |	Dec 22 16:26:14
                             Started mapping on |	Dec 22 16:29:17
                                    Finished on |	Dec 22 16:42:56
       Mapping speed, Million of reads per hour |	140.45

                          Number of input reads |	31951537
                      Average input read length |	150
                                    UNIQUE READS:
                   Uniquely mapped reads number |	26437305
                        Uniquely mapped reads % |	82.74%
                          Average mapped length |	149.99
                       Number of splices: Total |	13214295
            Number of splices: Annotated (sjdb) |	13111459
                       Number of splices: GT/AG |	13090894
                       Number of splices: GC/AG |	90567
                       Number of splices: AT/AC |	11823
               Number of splices: Non-canonical |	21011
                      Mismatch rate per base, % |	0.30%
                         Deletion rate per base |	0.01%
                        Deletion average length |	1.64
                        Insertion rate per base |	0.00%
                       Insertion average length |	1.45
                             MULTI-MAPPING READS:
        Number of reads mapped to multiple loci |	2465507
             % of reads mapped to multiple loci |	7.72%
        Number of reads mapped to too many loci |	3945
             % of reads mapped to too many loci |	0.01%
                                  UNMAPPED READS:
       % of reads unmapped: too many mismatches |	7.06%
                 % of reads unmapped: too short |	2.20%
                     % of reads unmapped: other |	0.28%
                                  CHIMERIC READS:
                       Number of chimeric reads |	59792
                            % of chimeric reads |	0.19%
