                                 Started job on |	Dec 22 17:28:28
                             Started mapping on |	Dec 22 17:31:55
                                    Finished on |	Dec 22 17:44:28
       Mapping speed, Million of reads per hour |	129.75

                          Number of input reads |	27138370
                      Average input read length |	150
                                    UNIQUE READS:
                   Uniquely mapped reads number |	22820081
                        Uniquely mapped reads % |	84.09%
                          Average mapped length |	149.99
                       Number of splices: Total |	12432358
            Number of splices: Annotated (sjdb) |	12339621
                       Number of splices: GT/AG |	12321432
                       Number of splices: GC/AG |	83810
                       Number of splices: AT/AC |	11110
               Number of splices: Non-canonical |	16006
                      Mismatch rate per base, % |	0.44%
                         Deletion rate per base |	0.01%
                        Deletion average length |	1.71
                        Insertion rate per base |	0.00%
                       Insertion average length |	1.56
                             MULTI-MAPPING READS:
        Number of reads mapped to multiple loci |	1332170
             % of reads mapped to multiple loci |	4.91%
        Number of reads mapped to too many loci |	2537
             % of reads mapped to too many loci |	0.01%
                                  UNMAPPED READS:
       % of reads unmapped: too many mismatches |	8.94%
                 % of reads unmapped: too short |	1.85%
                     % of reads unmapped: other |	0.20%
                                  CHIMERIC READS:
                       Number of chimeric reads |	38512
                            % of chimeric reads |	0.14%
