                                 Started job on |	Dec 22 16:45:22
                             Started mapping on |	Dec 22 16:48:47
                                    Finished on |	Dec 22 16:59:49
       Mapping speed, Million of reads per hour |	135.14

                          Number of input reads |	24851259
                      Average input read length |	150
                                    UNIQUE READS:
                   Uniquely mapped reads number |	21708799
                        Uniquely mapped reads % |	87.35%
                          Average mapped length |	149.99
                       Number of splices: Total |	11418130
            Number of splices: Annotated (sjdb) |	11343442
                       Number of splices: GT/AG |	11314107
                       Number of splices: GC/AG |	78798
                       Number of splices: AT/AC |	8942
               Number of splices: Non-canonical |	16283
                      Mismatch rate per base, % |	0.27%
                         Deletion rate per base |	0.01%
                        Deletion average length |	1.55
                        Insertion rate per base |	0.00%
                       Insertion average length |	1.52
                             MULTI-MAPPING READS:
        Number of reads mapped to multiple loci |	1253033
             % of reads mapped to multiple loci |	5.04%
        Number of reads mapped to too many loci |	2282
             % of reads mapped to too many loci |	0.01%
                                  UNMAPPED READS:
       % of reads unmapped: too many mismatches |	5.22%
                 % of reads unmapped: too short |	2.03%
                     % of reads unmapped: other |	0.34%
                                  CHIMERIC READS:
                       Number of chimeric reads |	58994
                            % of chimeric reads |	0.24%
