                                 Started job on |	Dec 22 16:42:54
                             Started mapping on |	Dec 22 16:45:34
                                    Finished on |	Dec 22 16:59:08
       Mapping speed, Million of reads per hour |	120.02

                          Number of input reads |	27137024
                      Average input read length |	150
                                    UNIQUE READS:
                   Uniquely mapped reads number |	23673619
                        Uniquely mapped reads % |	87.24%
                          Average mapped length |	149.99
                       Number of splices: Total |	12433550
            Number of splices: Annotated (sjdb) |	12345423
                       Number of splices: GT/AG |	12318228
                       Number of splices: GC/AG |	87895
                       Number of splices: AT/AC |	11508
               Number of splices: Non-canonical |	15919
                      Mismatch rate per base, % |	0.39%
                         Deletion rate per base |	0.01%
                        Deletion average length |	1.57
                        Insertion rate per base |	0.00%
                       Insertion average length |	1.70
                             MULTI-MAPPING READS:
        Number of reads mapped to multiple loci |	1214274
             % of reads mapped to multiple loci |	4.47%
        Number of reads mapped to too many loci |	4064
             % of reads mapped to too many loci |	0.01%
                                  UNMAPPED READS:
       % of reads unmapped: too many mismatches |	6.77%
                 % of reads unmapped: too short |	1.31%
                     % of reads unmapped: other |	0.20%
                                  CHIMERIC READS:
                       Number of chimeric reads |	36235
                            % of chimeric reads |	0.13%
