                                 Started job on |	Dec 22 17:02:24
                             Started mapping on |	Dec 22 17:06:33
                                    Finished on |	Dec 22 17:15:30
       Mapping speed, Million of reads per hour |	138.05

                          Number of input reads |	20592064
                      Average input read length |	150
                                    UNIQUE READS:
                   Uniquely mapped reads number |	16904581
                        Uniquely mapped reads % |	82.09%
                          Average mapped length |	149.99
                       Number of splices: Total |	8676041
            Number of splices: Annotated (sjdb) |	8624412
                       Number of splices: GT/AG |	8598695
                       Number of splices: GC/AG |	58142
                       Number of splices: AT/AC |	8164
               Number of splices: Non-canonical |	11040
                      Mismatch rate per base, % |	0.33%
                         Deletion rate per base |	0.01%
                        Deletion average length |	1.80
                        Insertion rate per base |	0.01%
                       Insertion average length |	1.41
                             MULTI-MAPPING READS:
        Number of reads mapped to multiple loci |	1642834
             % of reads mapped to multiple loci |	7.98%
        Number of reads mapped to too many loci |	2858
             % of reads mapped to too many loci |	0.01%
                                  UNMAPPED READS:
       % of reads unmapped: too many mismatches |	7.30%
                 % of reads unmapped: too short |	2.40%
                     % of reads unmapped: other |	0.21%
                                  CHIMERIC READS:
                       Number of chimeric reads |	70454
                            % of chimeric reads |	0.34%
