                                 Started job on |	Dec 22 16:24:44
                             Started mapping on |	Dec 22 16:29:20
                                    Finished on |	Dec 22 16:42:58
       Mapping speed, Million of reads per hour |	128.34

                          Number of input reads |	29160997
                      Average input read length |	150
                                    UNIQUE READS:
                   Uniquely mapped reads number |	24962218
                        Uniquely mapped reads % |	85.60%
                          Average mapped length |	149.99
                       Number of splices: Total |	13121471
            Number of splices: Annotated (sjdb) |	13005225
                       Number of splices: GT/AG |	12999379
                       Number of splices: GC/AG |	87638
                       Number of splices: AT/AC |	9840
               Number of splices: Non-canonical |	24614
                      Mismatch rate per base, % |	0.27%
                         Deletion rate per base |	0.01%
                        Deletion average length |	1.72
                        Insertion rate per base |	0.01%
                       Insertion average length |	1.36
                             MULTI-MAPPING READS:
        Number of reads mapped to multiple loci |	1407849
             % of reads mapped to multiple loci |	4.83%
        Number of reads mapped to too many loci |	4403
             % of reads mapped to too many loci |	0.02%
                                  UNMAPPED READS:
       % of reads unmapped: too many mismatches |	6.28%
                 % of reads unmapped: too short |	2.94%
                     % of reads unmapped: other |	0.34%
                                  CHIMERIC READS:
                       Number of chimeric reads |	95189
                            % of chimeric reads |	0.33%
