                                 Started job on |	Dec 22 16:45:21
                             Started mapping on |	Dec 22 16:48:44
                                    Finished on |	Dec 22 16:59:54
       Mapping speed, Million of reads per hour |	125.99

                          Number of input reads |	23448062
                      Average input read length |	150
                                    UNIQUE READS:
                   Uniquely mapped reads number |	20268891
                        Uniquely mapped reads % |	86.44%
                          Average mapped length |	149.99
                       Number of splices: Total |	10916570
            Number of splices: Annotated (sjdb) |	10823863
                       Number of splices: GT/AG |	10814879
                       Number of splices: GC/AG |	77057
                       Number of splices: AT/AC |	9519
               Number of splices: Non-canonical |	15115
                      Mismatch rate per base, % |	0.32%
                         Deletion rate per base |	0.01%
                        Deletion average length |	1.64
                        Insertion rate per base |	0.00%
                       Insertion average length |	1.50
                             MULTI-MAPPING READS:
        Number of reads mapped to multiple loci |	1161135
             % of reads mapped to multiple loci |	4.95%
        Number of reads mapped to too many loci |	4415
             % of reads mapped to too many loci |	0.02%
                                  UNMAPPED READS:
       % of reads unmapped: too many mismatches |	5.81%
                 % of reads unmapped: too short |	2.33%
                     % of reads unmapped: other |	0.46%
                                  CHIMERIC READS:
                       Number of chimeric reads |	67404
                            % of chimeric reads |	0.29%
