                                 Started job on |	Dec 22 16:04:21
                             Started mapping on |	Dec 22 16:11:30
                                    Finished on |	Dec 22 16:38:54
       Mapping speed, Million of reads per hour |	67.60

                          Number of input reads |	30871023
                      Average input read length |	150
                                    UNIQUE READS:
                   Uniquely mapped reads number |	24911002
                        Uniquely mapped reads % |	80.69%
                          Average mapped length |	149.99
                       Number of splices: Total |	11831898
            Number of splices: Annotated (sjdb) |	11724876
                       Number of splices: GT/AG |	11723241
                       Number of splices: GC/AG |	83112
                       Number of splices: AT/AC |	10878
               Number of splices: Non-canonical |	14667
                      Mismatch rate per base, % |	0.35%
                         Deletion rate per base |	0.01%
                        Deletion average length |	1.67
                        Insertion rate per base |	0.01%
                       Insertion average length |	1.32
                             MULTI-MAPPING READS:
        Number of reads mapped to multiple loci |	2456414
             % of reads mapped to multiple loci |	7.96%
        Number of reads mapped to too many loci |	5265
             % of reads mapped to too many loci |	0.02%
                                  UNMAPPED READS:
       % of reads unmapped: too many mismatches |	7.95%
                 % of reads unmapped: too short |	3.00%
                     % of reads unmapped: other |	0.38%
                                  CHIMERIC READS:
                       Number of chimeric reads |	127251
                            % of chimeric reads |	0.41%
