                                 Started job on |	Dec 22 17:02:42
                             Started mapping on |	Dec 22 17:07:00
                                    Finished on |	Dec 22 17:26:49
       Mapping speed, Million of reads per hour |	110.06

                          Number of input reads |	36349964
                      Average input read length |	150
                                    UNIQUE READS:
                   Uniquely mapped reads number |	30486895
                        Uniquely mapped reads % |	83.87%
                          Average mapped length |	149.99
                       Number of splices: Total |	16976764
            Number of splices: Annotated (sjdb) |	16842265
                       Number of splices: GT/AG |	16817513
                       Number of splices: GC/AG |	119238
                       Number of splices: AT/AC |	15139
               Number of splices: Non-canonical |	24874
                      Mismatch rate per base, % |	0.33%
                         Deletion rate per base |	0.01%
                        Deletion average length |	1.66
                        Insertion rate per base |	0.01%
                       Insertion average length |	1.39
                             MULTI-MAPPING READS:
        Number of reads mapped to multiple loci |	1527890
             % of reads mapped to multiple loci |	4.20%
        Number of reads mapped to too many loci |	5698
             % of reads mapped to too many loci |	0.02%
                                  UNMAPPED READS:
       % of reads unmapped: too many mismatches |	8.15%
                 % of reads unmapped: too short |	2.99%
                     % of reads unmapped: other |	0.77%
                                  CHIMERIC READS:
                       Number of chimeric reads |	111837
                            % of chimeric reads |	0.31%
