                                 Started job on |	Dec 22 17:02:33
                             Started mapping on |	Dec 22 17:06:43
                                    Finished on |	Dec 22 17:14:55
       Mapping speed, Million of reads per hour |	133.47

                          Number of input reads |	18240329
                      Average input read length |	150
                                    UNIQUE READS:
                   Uniquely mapped reads number |	15713519
                        Uniquely mapped reads % |	86.15%
                          Average mapped length |	149.99
                       Number of splices: Total |	8146422
            Number of splices: Annotated (sjdb) |	8087157
                       Number of splices: GT/AG |	8068902
                       Number of splices: GC/AG |	57975
                       Number of splices: AT/AC |	7137
               Number of splices: Non-canonical |	12408
                      Mismatch rate per base, % |	0.29%
                         Deletion rate per base |	0.01%
                        Deletion average length |	1.81
                        Insertion rate per base |	0.00%
                       Insertion average length |	1.60
                             MULTI-MAPPING READS:
        Number of reads mapped to multiple loci |	899039
             % of reads mapped to multiple loci |	4.93%
        Number of reads mapped to too many loci |	2439
             % of reads mapped to too many loci |	0.01%
                                  UNMAPPED READS:
       % of reads unmapped: too many mismatches |	5.73%
                 % of reads unmapped: too short |	2.77%
                     % of reads unmapped: other |	0.41%
                                  CHIMERIC READS:
                       Number of chimeric reads |	75842
                            % of chimeric reads |	0.42%
