                                 Started job on |	Dec 22 17:16:24
                             Started mapping on |	Dec 22 17:20:06
                                    Finished on |	Dec 22 17:39:55
       Mapping speed, Million of reads per hour |	114.87

                          Number of input reads |	37938491
                      Average input read length |	150
                                    UNIQUE READS:
                   Uniquely mapped reads number |	30998600
                        Uniquely mapped reads % |	81.71%
                          Average mapped length |	149.99
                       Number of splices: Total |	16108087
            Number of splices: Annotated (sjdb) |	15997673
                       Number of splices: GT/AG |	15967200
                       Number of splices: GC/AG |	111147
                       Number of splices: AT/AC |	15129
               Number of splices: Non-canonical |	14611
                      Mismatch rate per base, % |	0.34%
                         Deletion rate per base |	0.01%
                        Deletion average length |	1.69
                        Insertion rate per base |	0.01%
                       Insertion average length |	1.40
                             MULTI-MAPPING READS:
        Number of reads mapped to multiple loci |	3132186
             % of reads mapped to multiple loci |	8.26%
        Number of reads mapped to too many loci |	3760
             % of reads mapped to too many loci |	0.01%
                                  UNMAPPED READS:
       % of reads unmapped: too many mismatches |	7.59%
                 % of reads unmapped: too short |	2.24%
                     % of reads unmapped: other |	0.20%
                                  CHIMERIC READS:
                       Number of chimeric reads |	105844
                            % of chimeric reads |	0.28%
