                                 Started job on |	Dec 22 17:16:33
                             Started mapping on |	Dec 22 17:20:20
                                    Finished on |	Dec 22 17:36:20
       Mapping speed, Million of reads per hour |	96.19

                          Number of input reads |	25650535
                      Average input read length |	150
                                    UNIQUE READS:
                   Uniquely mapped reads number |	20466885
                        Uniquely mapped reads % |	79.79%
                          Average mapped length |	149.99
                       Number of splices: Total |	9933581
            Number of splices: Annotated (sjdb) |	9850704
                       Number of splices: GT/AG |	9843417
                       Number of splices: GC/AG |	68315
                       Number of splices: AT/AC |	8623
               Number of splices: Non-canonical |	13226
                      Mismatch rate per base, % |	0.37%
                         Deletion rate per base |	0.01%
                        Deletion average length |	1.83
                        Insertion rate per base |	0.01%
                       Insertion average length |	1.34
                             MULTI-MAPPING READS:
        Number of reads mapped to multiple loci |	2208696
             % of reads mapped to multiple loci |	8.61%
        Number of reads mapped to too many loci |	4463
             % of reads mapped to too many loci |	0.02%
                                  UNMAPPED READS:
       % of reads unmapped: too many mismatches |	8.24%
                 % of reads unmapped: too short |	3.09%
                     % of reads unmapped: other |	0.25%
                                  CHIMERIC READS:
                       Number of chimeric reads |	125712
                            % of chimeric reads |	0.49%
