                                 Started job on |	Dec 22 17:16:33
                             Started mapping on |	Dec 22 17:20:38
                                    Finished on |	Dec 22 17:34:49
       Mapping speed, Million of reads per hour |	106.98

                          Number of input reads |	25288232
                      Average input read length |	150
                                    UNIQUE READS:
                   Uniquely mapped reads number |	20688334
                        Uniquely mapped reads % |	81.81%
                          Average mapped length |	149.99
                       Number of splices: Total |	10794299
            Number of splices: Annotated (sjdb) |	10717384
                       Number of splices: GT/AG |	10696069
                       Number of splices: GC/AG |	73323
                       Number of splices: AT/AC |	9892
               Number of splices: Non-canonical |	15015
                      Mismatch rate per base, % |	0.42%
                         Deletion rate per base |	0.01%
                        Deletion average length |	1.68
                        Insertion rate per base |	0.01%
                       Insertion average length |	1.41
                             MULTI-MAPPING READS:
        Number of reads mapped to multiple loci |	2005138
             % of reads mapped to multiple loci |	7.93%
        Number of reads mapped to too many loci |	2763
             % of reads mapped to too many loci |	0.01%
                                  UNMAPPED READS:
       % of reads unmapped: too many mismatches |	7.91%
                 % of reads unmapped: too short |	2.14%
                     % of reads unmapped: other |	0.20%
                                  CHIMERIC READS:
                       Number of chimeric reads |	69602
                            % of chimeric reads |	0.28%
