                                 Started job on |	Dec 22 16:04:06
                             Started mapping on |	Dec 22 16:10:01
                                    Finished on |	Dec 22 16:30:50
       Mapping speed, Million of reads per hour |	116.87

                          Number of input reads |	40548322
                      Average input read length |	150
                                    UNIQUE READS:
                   Uniquely mapped reads number |	32289625
                        Uniquely mapped reads % |	79.63%
                          Average mapped length |	149.99
                       Number of splices: Total |	16430753
            Number of splices: Annotated (sjdb) |	16296373
                       Number of splices: GT/AG |	16279458
                       Number of splices: GC/AG |	113483
                       Number of splices: AT/AC |	13666
               Number of splices: Non-canonical |	24146
                      Mismatch rate per base, % |	0.37%
                         Deletion rate per base |	0.01%
                        Deletion average length |	1.69
                        Insertion rate per base |	0.01%
                       Insertion average length |	1.31
                             MULTI-MAPPING READS:
        Number of reads mapped to multiple loci |	2907182
             % of reads mapped to multiple loci |	7.17%
        Number of reads mapped to too many loci |	4984
             % of reads mapped to too many loci |	0.01%
                                  UNMAPPED READS:
       % of reads unmapped: too many mismatches |	8.96%
                 % of reads unmapped: too short |	4.04%
                     % of reads unmapped: other |	0.18%
                                  CHIMERIC READS:
                       Number of chimeric reads |	111565
                            % of chimeric reads |	0.28%
