                                 Started job on |	Dec 22 16:42:31
                             Started mapping on |	Dec 22 16:45:14
                                    Finished on |	Dec 22 17:00:32
       Mapping speed, Million of reads per hour |	130.10

                          Number of input reads |	33176188
                      Average input read length |	150
                                    UNIQUE READS:
                   Uniquely mapped reads number |	28604357
                        Uniquely mapped reads % |	86.22%
                          Average mapped length |	149.98
                       Number of splices: Total |	14959011
            Number of splices: Annotated (sjdb) |	14828059
                       Number of splices: GT/AG |	14813597
                       Number of splices: GC/AG |	109295
                       Number of splices: AT/AC |	13118
               Number of splices: Non-canonical |	23001
                      Mismatch rate per base, % |	0.31%
                         Deletion rate per base |	0.01%
                        Deletion average length |	1.57
                        Insertion rate per base |	0.01%
                       Insertion average length |	1.34
                             MULTI-MAPPING READS:
        Number of reads mapped to multiple loci |	1503554
             % of reads mapped to multiple loci |	4.53%
        Number of reads mapped to too many loci |	5143
             % of reads mapped to too many loci |	0.02%
                                  UNMAPPED READS:
       % of reads unmapped: too many mismatches |	6.29%
                 % of reads unmapped: too short |	2.68%
                     % of reads unmapped: other |	0.26%
                                  CHIMERIC READS:
                       Number of chimeric reads |	106156
                            % of chimeric reads |	0.32%
