                                 Started job on |	Dec 22 16:30:20
                             Started mapping on |	Dec 22 16:33:25
                                    Finished on |	Dec 22 16:48:12
       Mapping speed, Million of reads per hour |	120.25

                          Number of input reads |	29628125
                      Average input read length |	150
                                    UNIQUE READS:
                   Uniquely mapped reads number |	23808242
                        Uniquely mapped reads % |	80.36%
                          Average mapped length |	149.99
                       Number of splices: Total |	12653962
            Number of splices: Annotated (sjdb) |	12562911
                       Number of splices: GT/AG |	12534752
                       Number of splices: GC/AG |	88999
                       Number of splices: AT/AC |	11530
               Number of splices: Non-canonical |	18681
                      Mismatch rate per base, % |	0.31%
                         Deletion rate per base |	0.01%
                        Deletion average length |	1.54
                        Insertion rate per base |	0.01%
                       Insertion average length |	1.31
                             MULTI-MAPPING READS:
        Number of reads mapped to multiple loci |	2683224
             % of reads mapped to multiple loci |	9.06%
        Number of reads mapped to too many loci |	3250
             % of reads mapped to too many loci |	0.01%
                                  UNMAPPED READS:
       % of reads unmapped: too many mismatches |	7.73%
                 % of reads unmapped: too short |	2.63%
                     % of reads unmapped: other |	0.22%
                                  CHIMERIC READS:
                       Number of chimeric reads |	100136
                            % of chimeric reads |	0.34%
