                                 Started job on |	Dec 22 16:04:00
                             Started mapping on |	Dec 22 16:09:06
                                    Finished on |	Dec 22 16:28:17
       Mapping speed, Million of reads per hour |	124.13

                          Number of input reads |	39687917
                      Average input read length |	150
                                    UNIQUE READS:
                   Uniquely mapped reads number |	21733333
                        Uniquely mapped reads % |	54.76%
                          Average mapped length |	149.99
                       Number of splices: Total |	10040325
            Number of splices: Annotated (sjdb) |	9958667
                       Number of splices: GT/AG |	9943310
                       Number of splices: GC/AG |	76625
                       Number of splices: AT/AC |	9333
               Number of splices: Non-canonical |	11057
                      Mismatch rate per base, % |	0.30%
                         Deletion rate per base |	0.01%
                        Deletion average length |	1.37
                        Insertion rate per base |	0.01%
                       Insertion average length |	1.32
                             MULTI-MAPPING READS:
        Number of reads mapped to multiple loci |	15145599
             % of reads mapped to multiple loci |	38.16%
        Number of reads mapped to too many loci |	4027
             % of reads mapped to too many loci |	0.01%
                                  UNMAPPED READS:
       % of reads unmapped: too many mismatches |	4.91%
                 % of reads unmapped: too short |	2.06%
                     % of reads unmapped: other |	0.09%
                                  CHIMERIC READS:
                       Number of chimeric reads |	114658
                            % of chimeric reads |	0.29%
