                                 Started job on |	Dec 22 16:45:31
                             Started mapping on |	Dec 22 16:49:39
                                    Finished on |	Dec 22 17:07:28
       Mapping speed, Million of reads per hour |	118.00

                          Number of input reads |	35038308
                      Average input read length |	150
                                    UNIQUE READS:
                   Uniquely mapped reads number |	29307141
                        Uniquely mapped reads % |	83.64%
                          Average mapped length |	149.99
                       Number of splices: Total |	16433431
            Number of splices: Annotated (sjdb) |	16291738
                       Number of splices: GT/AG |	16272352
                       Number of splices: GC/AG |	119576
                       Number of splices: AT/AC |	14211
               Number of splices: Non-canonical |	27292
                      Mismatch rate per base, % |	0.31%
                         Deletion rate per base |	0.01%
                        Deletion average length |	1.58
                        Insertion rate per base |	0.01%
                       Insertion average length |	1.28
                             MULTI-MAPPING READS:
        Number of reads mapped to multiple loci |	1588488
             % of reads mapped to multiple loci |	4.53%
        Number of reads mapped to too many loci |	4045
             % of reads mapped to too many loci |	0.01%
                                  UNMAPPED READS:
       % of reads unmapped: too many mismatches |	8.19%
                 % of reads unmapped: too short |	2.93%
                     % of reads unmapped: other |	0.69%
                                  CHIMERIC READS:
                       Number of chimeric reads |	86832
                            % of chimeric reads |	0.25%
