                                 Started job on |	Dec 22 16:45:42
                             Started mapping on |	Dec 22 17:10:16
                                    Finished on |	Dec 22 17:38:31
       Mapping speed, Million of reads per hour |	62.90

                          Number of input reads |	29613662
                      Average input read length |	150
                                    UNIQUE READS:
                   Uniquely mapped reads number |	22767627
                        Uniquely mapped reads % |	76.88%
                          Average mapped length |	149.99
                       Number of splices: Total |	11453140
            Number of splices: Annotated (sjdb) |	11368996
                       Number of splices: GT/AG |	11350018
                       Number of splices: GC/AG |	77856
                       Number of splices: AT/AC |	9595
               Number of splices: Non-canonical |	15671
                      Mismatch rate per base, % |	0.36%
                         Deletion rate per base |	0.01%
                        Deletion average length |	1.72
                        Insertion rate per base |	0.01%
                       Insertion average length |	1.41
                             MULTI-MAPPING READS:
        Number of reads mapped to multiple loci |	2069943
             % of reads mapped to multiple loci |	6.99%
        Number of reads mapped to too many loci |	4092
             % of reads mapped to too many loci |	0.01%
                                  UNMAPPED READS:
       % of reads unmapped: too many mismatches |	7.79%
                 % of reads unmapped: too short |	4.97%
                     % of reads unmapped: other |	3.36%
                                  CHIMERIC READS:
                       Number of chimeric reads |	84911
                            % of chimeric reads |	0.29%
