                                 Started job on |	Dec 22 16:04:30
                             Started mapping on |	Dec 22 16:10:22
                                    Finished on |	Dec 22 16:24:23
       Mapping speed, Million of reads per hour |	117.97

                          Number of input reads |	27558185
                      Average input read length |	150
                                    UNIQUE READS:
                   Uniquely mapped reads number |	23664376
                        Uniquely mapped reads % |	85.87%
                          Average mapped length |	149.99
                       Number of splices: Total |	12434979
            Number of splices: Annotated (sjdb) |	12327279
                       Number of splices: GT/AG |	12319767
                       Number of splices: GC/AG |	84255
                       Number of splices: AT/AC |	10769
               Number of splices: Non-canonical |	20188
                      Mismatch rate per base, % |	0.29%
                         Deletion rate per base |	0.01%
                        Deletion average length |	1.62
                        Insertion rate per base |	0.00%
                       Insertion average length |	1.52
                             MULTI-MAPPING READS:
        Number of reads mapped to multiple loci |	1369626
             % of reads mapped to multiple loci |	4.97%
        Number of reads mapped to too many loci |	4636
             % of reads mapped to too many loci |	0.02%
                                  UNMAPPED READS:
       % of reads unmapped: too many mismatches |	6.02%
                 % of reads unmapped: too short |	2.52%
                     % of reads unmapped: other |	0.61%
                                  CHIMERIC READS:
                       Number of chimeric reads |	65336
                            % of chimeric reads |	0.24%
