                                 Started job on |	Dec 22 17:28:33
                             Started mapping on |	Dec 22 17:31:59
                                    Finished on |	Dec 22 17:46:56
       Mapping speed, Million of reads per hour |	124.36

                          Number of input reads |	30986214
                      Average input read length |	150
                                    UNIQUE READS:
                   Uniquely mapped reads number |	26580428
                        Uniquely mapped reads % |	85.78%
                          Average mapped length |	149.98
                       Number of splices: Total |	12911152
            Number of splices: Annotated (sjdb) |	12792128
                       Number of splices: GT/AG |	12787308
                       Number of splices: GC/AG |	90207
                       Number of splices: AT/AC |	9860
               Number of splices: Non-canonical |	23777
                      Mismatch rate per base, % |	0.30%
                         Deletion rate per base |	0.01%
                        Deletion average length |	1.61
                        Insertion rate per base |	0.01%
                       Insertion average length |	1.32
                             MULTI-MAPPING READS:
        Number of reads mapped to multiple loci |	1426975
             % of reads mapped to multiple loci |	4.61%
        Number of reads mapped to too many loci |	7009
             % of reads mapped to too many loci |	0.02%
                                  UNMAPPED READS:
       % of reads unmapped: too many mismatches |	6.52%
                 % of reads unmapped: too short |	2.77%
                     % of reads unmapped: other |	0.30%
                                  CHIMERIC READS:
                       Number of chimeric reads |	105402
                            % of chimeric reads |	0.34%
