                                 Started job on |	Dec 22 17:02:26
                             Started mapping on |	Dec 22 17:06:30
                                    Finished on |	Dec 22 17:26:40
       Mapping speed, Million of reads per hour |	125.17

                          Number of input reads |	42069527
                      Average input read length |	150
                                    UNIQUE READS:
                   Uniquely mapped reads number |	35148841
                        Uniquely mapped reads % |	83.55%
                          Average mapped length |	149.99
                       Number of splices: Total |	19421869
            Number of splices: Annotated (sjdb) |	19297241
                       Number of splices: GT/AG |	19230112
                       Number of splices: GC/AG |	146105
                       Number of splices: AT/AC |	18553
               Number of splices: Non-canonical |	27099
                      Mismatch rate per base, % |	0.33%
                         Deletion rate per base |	0.01%
                        Deletion average length |	1.66
                        Insertion rate per base |	0.01%
                       Insertion average length |	1.34
                             MULTI-MAPPING READS:
        Number of reads mapped to multiple loci |	1743426
             % of reads mapped to multiple loci |	4.14%
        Number of reads mapped to too many loci |	4887
             % of reads mapped to too many loci |	0.01%
                                  UNMAPPED READS:
       % of reads unmapped: too many mismatches |	8.37%
                 % of reads unmapped: too short |	3.17%
                     % of reads unmapped: other |	0.75%
                                  CHIMERIC READS:
                       Number of chimeric reads |	125921
                            % of chimeric reads |	0.30%
