                                 Started job on |	Dec 22 17:28:29
                             Started mapping on |	Dec 22 17:32:15
                                    Finished on |	Dec 22 17:49:41
       Mapping speed, Million of reads per hour |	111.49

                          Number of input reads |	32393880
                      Average input read length |	150
                                    UNIQUE READS:
                   Uniquely mapped reads number |	25813565
                        Uniquely mapped reads % |	79.69%
                          Average mapped length |	149.99
                       Number of splices: Total |	13339503
            Number of splices: Annotated (sjdb) |	13241835
                       Number of splices: GT/AG |	13220304
                       Number of splices: GC/AG |	90167
                       Number of splices: AT/AC |	10982
               Number of splices: Non-canonical |	18050
                      Mismatch rate per base, % |	0.43%
                         Deletion rate per base |	0.01%
                        Deletion average length |	1.60
                        Insertion rate per base |	0.01%
                       Insertion average length |	1.42
                             MULTI-MAPPING READS:
        Number of reads mapped to multiple loci |	2838600
             % of reads mapped to multiple loci |	8.76%
        Number of reads mapped to too many loci |	5676
             % of reads mapped to too many loci |	0.02%
                                  UNMAPPED READS:
       % of reads unmapped: too many mismatches |	8.60%
                 % of reads unmapped: too short |	2.71%
                     % of reads unmapped: other |	0.22%
                                  CHIMERIC READS:
                       Number of chimeric reads |	141339
                            % of chimeric reads |	0.44%
