                                 Started job on |	Dec 22 16:04:08
                             Started mapping on |	Dec 22 16:08:28
                                    Finished on |	Dec 22 16:21:23
       Mapping speed, Million of reads per hour |	126.86

                          Number of input reads |	27309858
                      Average input read length |	150
                                    UNIQUE READS:
                   Uniquely mapped reads number |	23808323
                        Uniquely mapped reads % |	87.18%
                          Average mapped length |	149.99
                       Number of splices: Total |	12826874
            Number of splices: Annotated (sjdb) |	12724606
                       Number of splices: GT/AG |	12711439
                       Number of splices: GC/AG |	90118
                       Number of splices: AT/AC |	11515
               Number of splices: Non-canonical |	13802
                      Mismatch rate per base, % |	0.30%
                         Deletion rate per base |	0.01%
                        Deletion average length |	1.58
                        Insertion rate per base |	0.00%
                       Insertion average length |	1.52
                             MULTI-MAPPING READS:
        Number of reads mapped to multiple loci |	1446732
             % of reads mapped to multiple loci |	5.30%
        Number of reads mapped to too many loci |	3025
             % of reads mapped to too many loci |	0.01%
                                  UNMAPPED READS:
       % of reads unmapped: too many mismatches |	5.45%
                 % of reads unmapped: too short |	1.82%
                     % of reads unmapped: other |	0.24%
                                  CHIMERIC READS:
                       Number of chimeric reads |	66245
                            % of chimeric reads |	0.24%
