                                 Started job on |	Dec 22 16:27:21
                             Started mapping on |	Dec 22 16:30:46
                                    Finished on |	Dec 22 16:47:10
       Mapping speed, Million of reads per hour |	112.39

                          Number of input reads |	30719031
                      Average input read length |	150
                                    UNIQUE READS:
                   Uniquely mapped reads number |	26412173
                        Uniquely mapped reads % |	85.98%
                          Average mapped length |	149.99
                       Number of splices: Total |	14868320
            Number of splices: Annotated (sjdb) |	14754282
                       Number of splices: GT/AG |	14733207
                       Number of splices: GC/AG |	102950
                       Number of splices: AT/AC |	13420
               Number of splices: Non-canonical |	18743
                      Mismatch rate per base, % |	0.41%
                         Deletion rate per base |	0.01%
                        Deletion average length |	1.60
                        Insertion rate per base |	0.00%
                       Insertion average length |	1.63
                             MULTI-MAPPING READS:
        Number of reads mapped to multiple loci |	1464583
             % of reads mapped to multiple loci |	4.77%
        Number of reads mapped to too many loci |	3189
             % of reads mapped to too many loci |	0.01%
                                  UNMAPPED READS:
       % of reads unmapped: too many mismatches |	7.32%
                 % of reads unmapped: too short |	1.61%
                     % of reads unmapped: other |	0.31%
                                  CHIMERIC READS:
                       Number of chimeric reads |	44733
                            % of chimeric reads |	0.15%
