                                 Started job on |	Dec 22 17:28:31
                             Started mapping on |	Dec 22 17:32:02
                                    Finished on |	Dec 22 17:46:02
       Mapping speed, Million of reads per hour |	125.96

                          Number of input reads |	29390317
                      Average input read length |	150
                                    UNIQUE READS:
                   Uniquely mapped reads number |	24722797
                        Uniquely mapped reads % |	84.12%
                          Average mapped length |	149.99
                       Number of splices: Total |	13796898
            Number of splices: Annotated (sjdb) |	13692286
                       Number of splices: GT/AG |	13667566
                       Number of splices: GC/AG |	95752
                       Number of splices: AT/AC |	11828
               Number of splices: Non-canonical |	21752
                      Mismatch rate per base, % |	0.28%
                         Deletion rate per base |	0.01%
                        Deletion average length |	1.65
                        Insertion rate per base |	0.01%
                       Insertion average length |	1.38
                             MULTI-MAPPING READS:
        Number of reads mapped to multiple loci |	1338621
             % of reads mapped to multiple loci |	4.55%
        Number of reads mapped to too many loci |	4294
             % of reads mapped to too many loci |	0.01%
                                  UNMAPPED READS:
       % of reads unmapped: too many mismatches |	6.95%
                 % of reads unmapped: too short |	3.53%
                     % of reads unmapped: other |	0.82%
                                  CHIMERIC READS:
                       Number of chimeric reads |	122450
                            % of chimeric reads |	0.42%
