                                 Started job on |	Dec 22 16:04:14
                             Started mapping on |	Dec 22 16:08:35
                                    Finished on |	Dec 22 16:19:22
       Mapping speed, Million of reads per hour |	133.97

                          Number of input reads |	24077025
                      Average input read length |	150
                                    UNIQUE READS:
                   Uniquely mapped reads number |	20825802
                        Uniquely mapped reads % |	86.50%
                          Average mapped length |	149.99
                       Number of splices: Total |	11514822
            Number of splices: Annotated (sjdb) |	11422578
                       Number of splices: GT/AG |	11407549
                       Number of splices: GC/AG |	83705
                       Number of splices: AT/AC |	9680
               Number of splices: Non-canonical |	13888
                      Mismatch rate per base, % |	0.30%
                         Deletion rate per base |	0.01%
                        Deletion average length |	1.84
                        Insertion rate per base |	0.00%
                       Insertion average length |	1.66
                             MULTI-MAPPING READS:
        Number of reads mapped to multiple loci |	1195536
             % of reads mapped to multiple loci |	4.97%
        Number of reads mapped to too many loci |	3220
             % of reads mapped to too many loci |	0.01%
                                  UNMAPPED READS:
       % of reads unmapped: too many mismatches |	6.07%
                 % of reads unmapped: too short |	2.14%
                     % of reads unmapped: other |	0.32%
                                  CHIMERIC READS:
                       Number of chimeric reads |	64692
                            % of chimeric reads |	0.27%
